-- The C compiler identification is GNU 11.4.0
-- The CXX compiler identification is GNU 11.4.0
-- Detecting C compiler ABI info
-- Detecting C compiler ABI info - done
-- Check for working C compiler: /usr/bin/cc - skipped
-- Detecting C compile features
-- Detecting C compile features - done
-- Detecting CXX compiler ABI info
-- Detecting CXX compiler ABI info - done
-- Check for working CXX compiler: /usr/bin/c++ - skipped
-- Detecting CXX compile features
-- Detecting CXX compile features - done
-- Found ament_cmake: 1.3.10 (/opt/ros/humble/share/ament_cmake/cmake)
-- Found Python3: /usr/bin/python3 (found version "3.10.12") found components: Interpreter 
-- Found rclcpp: 16.0.10 (/opt/ros/humble/share/rclcpp/cmake)
-- Found rosidl_generator_c: 3.1.5 (/opt/ros/humble/share/rosidl_generator_c/cmake)
-- Found rosidl_adapter: 3.1.5 (/opt/ros/humble/share/rosidl_adapter/cmake)
-- Found rosidl_generator_cpp: 3.1.5 (/opt/ros/humble/share/rosidl_generator_cpp/cmake)
-- Using all available rosidl_typesupport_c: rosidl_typesupport_fastrtps_c;rosidl_typesupport_introspection_c
-- Using all available rosidl_typesupport_cpp: rosidl_typesupport_fastrtps_cpp;rosidl_typesupport_introspection_cpp
-- Found rmw_implementation_cmake: 6.1.2 (/opt/ros/humble/share/rmw_implementation_cmake/cmake)
-- Found rmw_fastrtps_cpp: 6.2.7 (/opt/ros/humble/share/rmw_fastrtps_cpp/cmake)
-- Found OpenSSL: /usr/lib/aarch64-linux-gnu/libcrypto.so (found version "3.0.2")  
-- Found FastRTPS: /opt/ros/humble/include  
-- Using RMW implementation 'rmw_fastrtps_cpp' as default
-- Looking for pthread.h
-- Looking for pthread.h - found
-- Performing Test CMAKE_HAVE_LIBC_PTHREAD
-- Performing Test CMAKE_HAVE_LIBC_PTHREAD - Success
-- Found Threads: TRUE  
-- Found rclcpp_action: 16.0.10 (/opt/ros/humble/share/rclcpp_action/cmake)
-- Found action_interface_ws: 0.0.0 (/home/byd/src/ros2/action_interface_ws/install/action_interface_ws/share/action_interface_ws/cmake)
-- Found ament_lint_auto: 0.12.11 (/opt/ros/humble/share/ament_lint_auto/cmake)
-- Added test 'cppcheck' to perform static code analysis on C / C++ code
-- Configured cppcheck include dirs: $<BUILD_INTERFACE:/home/byd/src/ros2/action_ws/include>
-- Configured cppcheck exclude dirs and/or files: 
-- Added test 'lint_cmake' to check CMake code style
-- Added test 'uncrustify' to check C / C++ code style
-- Configured uncrustify additional arguments: 
-- Added test 'xmllint' to check XML markup files
-- Configuring done
-- Generating done
-- Build files have been written to: /home/byd/src/ros2/action_ws/build/action_ws
[ 50%] [32mBuilding CXX object CMakeFiles/action_ser.dir/src/action_ser.cpp.o[0m
[01m[K/home/byd/src/ros2/action_ws/src/action_ser.cpp:[m[K In constructor ‘[01m[KSanTzuChingServer::SanTzuChingServer(const string&)[m[K’:
[01m[K/home/byd/src/ros2/action_ws/src/action_ser.cpp:20:90:[m[K [01;31m[Kerror: [m[Kno matching function for call to ‘[01m[Kcreate_server<action_interface_ws::action::Book>(SanTzuChingServer*, const char [12], std::_Bind_helper<false, rclcpp_action::GoalResponse (SanTzuChingServer::*)(const std::array<unsigned char, 16>&, std::shared_ptr<action_interface_ws::action::Book_Goal_<std::allocator<void> > >), SanTzuChingServer*, const std::_Placeholder<1>&, const std::_Placeholder<2>&>::type, std::_Bind_helper<false, rclcpp_action::CancelResponse (SanTzuChingServer::*)(std::shared_ptr<rclcpp_action::ServerGoalHandle<action_interface_ws::action::Book> >), SanTzuChingServer*, const std::_Placeholder<1>&>::type, std::_Bind_helper<false, void (SanTzuChingServer::*)(std::shared_ptr<rclcpp_action::ServerGoalHandle<action_interface_ws::action::Book> >), SanTzuChingServer*, const std::_Placeholder<1>&>::type, rcl_action_server_options_t)[m[K’
   20 |       this->action_ser_ = [01;31m[Krclcpp_action::create_server<action_interface_ws::action::Book>([m[K
      |                           [01;31m[K~~~~~~~~~~~~~~~~~~~~~~~~~~~~~~~~~~~~~~~~~~~~~~~~~~~~~~~~~~~~~~~^[m[K
   21 | [01;31m[K        this, "santzuching",[m[K
      |         [01;31m[K~~~~~~~~~~~~~~~~~~~~[m[K                                                              
   22 | [01;31m[K      std::bind(&SanTzuChingServer::goal_cb,this,std::placeholders::_1, std::placeholders::_2),[m[K
      |       [01;31m[K~~~~~~~~~~~~~~~~~~~~~~~~~~~~~~~~~~~~~~~~~~~~~~~~~~~~~~~~~~~~~~~~~~~~~~~~~~~~~~~~~~~~~~~~~[m[K
   23 | [01;31m[K      std::bind(&SanTzuChingServer::cancel_cb,this,std::placeholders::_1),[m[K
      |       [01;31m[K~~~~~~~~~~~~~~~~~~~~~~~~~~~~~~~~~~~~~~~~~~~~~~~~~~~~~~~~~~~~~~~~~~~~[m[K                
   24 | [01;31m[K      std::bind(&SanTzuChingServer::execute_cb,this,std::placeholders::_1),[m[K
      |       [01;31m[K~~~~~~~~~~~~~~~~~~~~~~~~~~~~~~~~~~~~~~~~~~~~~~~~~~~~~~~~~~~~~~~~~~~~~[m[K               
   25 | [01;31m[K      rcl_action_server_get_default_options())[m[K;
      |       [01;31m[K~~~~~~~~~~~~~~~~~~~~~~~~~~~~~~~~~~~~~~~~[m[K                                            
In file included from [01m[K/opt/ros/humble/include/rclcpp_action/rclcpp_action/rclcpp_action.hpp:39[m[K,
                 from [01m[K/home/byd/src/ros2/action_ws/src/action_ser.cpp:13[m[K:
[01m[K/opt/ros/humble/include/rclcpp_action/rclcpp_action/create_server.hpp:58:1:[m[K [01;36m[Knote: [m[Kcandidate: ‘[01m[Ktypename rclcpp_action::Server<ActionT>::SharedPtr rclcpp_action::create_server(rclcpp::node_interfaces::NodeBaseInterface::SharedPtr, rclcpp::node_interfaces::NodeClockInterface::SharedPtr, rclcpp::node_interfaces::NodeLoggingInterface::SharedPtr, rclcpp::node_interfaces::NodeWaitablesInterface::SharedPtr, const string&, typename rclcpp_action::Server<ActionT>::GoalCallback, typename rclcpp_action::Server<ActionT>::CancelCallback, typename rclcpp_action::Server<ActionT>::AcceptedCallback, const rcl_action_server_options_t&, rclcpp::CallbackGroup::SharedPtr) [with ActionT = action_interface_ws::action::Book; typename rclcpp_action::Server<ActionT>::SharedPtr = std::shared_ptr<rclcpp_action::Server<action_interface_ws::action::Book> >; rclcpp::node_interfaces::NodeBaseInterface::SharedPtr = std::shared_ptr<rclcpp::node_interfaces::NodeBaseInterface>; rclcpp::node_interfaces::NodeClockInterface::SharedPtr = std::shared_ptr<rclcpp::node_interfaces::NodeClockInterface>; rclcpp::node_interfaces::NodeLoggingInterface::SharedPtr = std::shared_ptr<rclcpp::node_interfaces::NodeLoggingInterface>; rclcpp::node_interfaces::NodeWaitablesInterface::SharedPtr = std::shared_ptr<rclcpp::node_interfaces::NodeWaitablesInterface>; std::string = std::__cxx11::basic_string<char>; typename rclcpp_action::Server<ActionT>::GoalCallback = std::function<rclcpp_action::GoalResponse(const std::array<unsigned char, 16>&, std::shared_ptr<const action_interface_ws::action::Book_Goal_<std::allocator<void> > >)>; typename rclcpp_action::Server<ActionT>::CancelCallback = std::function<rclcpp_action::CancelResponse(std::shared_ptr<rclcpp_action::ServerGoalHandle<action_interface_ws::action::Book> >)>; typename rclcpp_action::Server<ActionT>::AcceptedCallback = std::function<void(std::shared_ptr<rclcpp_action::ServerGoalHandle<action_interface_ws::action::Book> >)>; rcl_action_server_options_t = rcl_action_server_options_s; rclcpp::CallbackGroup::SharedPtr = std::shared_ptr<rclcpp::CallbackGroup>][m[K’
   58 | [01;36m[Kcreate_server[m[K(
      | [01;36m[K^~~~~~~~~~~~~[m[K
[01m[K/opt/ros/humble/include/rclcpp_action/rclcpp_action/create_server.hpp:58:1:[m[K [01;36m[Knote: [m[K  candidate expects 10 arguments, 6 provided
[01m[K/opt/ros/humble/include/rclcpp_action/rclcpp_action/create_server.hpp:132:1:[m[K [01;36m[Knote: [m[Kcandidate: ‘[01m[Ktemplate<class ActionT, class NodeT> typename rclcpp_action::Server<ActionT>::SharedPtr rclcpp_action::create_server(NodeT, const string&, typename rclcpp_action::Server<ActionT>::GoalCallback, typename rclcpp_action::Server<ActionT>::CancelCallback, typename rclcpp_action::Server<ActionT>::AcceptedCallback, const rcl_action_server_options_t&, rclcpp::CallbackGroup::SharedPtr)[m[K’
  132 | [01;36m[Kcreate_server[m[K(
      | [01;36m[K^~~~~~~~~~~~~[m[K
[01m[K/opt/ros/humble/include/rclcpp_action/rclcpp_action/create_server.hpp:132:1:[m[K [01;36m[Knote: [m[K  template argument deduction/substitution failed:
[01m[K/home/byd/src/ros2/action_ws/src/action_ser.cpp:22:16:[m[K [01;36m[Knote: [m[K  cannot convert ‘[01m[Kstd::bind(_Func&&, _BoundArgs&& ...) [with _Func = rclcpp_action::GoalResponse (SanTzuChingServer::*)(const std::array<unsigned char, 16>&, std::shared_ptr<action_interface_ws::action::Book_Goal_<std::allocator<void> > >); _BoundArgs = {SanTzuChingServer*, const std::_Placeholder<1>&, const std::_Placeholder<2>&}; typename std::_Bind_helper<std::__is_socketlike<_Func>::value, _Func, _BoundArgs ...>::type = std::_Bind_helper<false, rclcpp_action::GoalResponse (SanTzuChingServer::*)(const std::array<unsigned char, 16>&, std::shared_ptr<action_interface_ws::action::Book_Goal_<std::allocator<void> > >), SanTzuChingServer*, const std::_Placeholder<1>&, const std::_Placeholder<2>&>::type; std::__is_socketlike<_Func> = std::__is_socketlike<rclcpp_action::GoalResponse (SanTzuChingServer::*)(const std::array<unsigned char, 16>&, std::shared_ptr<action_interface_ws::action::Book_Goal_<std::allocator<void> > >), rclcpp_action::GoalResponse (SanTzuChingServer::*)(const std::array<unsigned char, 16>&, std::shared_ptr<action_interface_ws::action::Book_Goal_<std::allocator<void> > >)>; typename std::decay<_Tp>::type = rclcpp_action::GoalResponse (SanTzuChingServer::*)(const std::array<unsigned char, 16>&, std::shared_ptr<action_interface_ws::action::Book_Goal_<std::allocator<void> > >)](((SanTzuChingServer*)this), std::placeholders::_1, std::placeholders::_2)[m[K’ (type ‘[01m[Kstd::_Bind_helper<false, rclcpp_action::GoalResponse (SanTzuChingServer::*)(const std::array<unsigned char, 16>&, std::shared_ptr<action_interface_ws::action::Book_Goal_<std::allocator<void> > >), SanTzuChingServer*, const std::_Placeholder<1>&, const std::_Placeholder<2>&>::type[m[K’) to type ‘[01m[Krclcpp_action::Server<action_interface_ws::action::Book>::GoalCallback[m[K’ {aka ‘[01m[Kstd::function<rclcpp_action::GoalResponse(const std::array<unsigned char, 16>&, std::shared_ptr<const action_interface_ws::action::Book_Goal_<std::allocator<void> > >)>[m[K’}
   22 |       [01;36m[Kstd::bind(&SanTzuChingServer::goal_cb,this,std::placeholders::_1, std::placeholders::_2)[m[K,
      |       [01;36m[K~~~~~~~~~^~~~~~~~~~~~~~~~~~~~~~~~~~~~~~~~~~~~~~~~~~~~~~~~~~~~~~~~~~~~~~~~~~~~~~~~~~~~~~~[m[K
[01m[K/home/byd/src/ros2/action_ws/src/action_ser.cpp:[m[K In member function ‘[01m[Kvoid SanTzuChingServer::execute_cb(std::shared_ptr<rclcpp_action::ServerGoalHandle<action_interface_ws::action::Book> >)[m[K’:
[01m[K/home/byd/src/ros2/action_ws/src/action_ser.cpp:53:111:[m[K [01;35m[Kwarning: [m[Kunused parameter ‘[01m[Kexe_handle[m[K’ [[01;35m[K]8;;https://gcc.gnu.org/onlinedocs/gcc/Warning-Options.html#index-Wunused-parameter-Wunused-parameter]8;;[m[K]
   53 |     void execute_cb([01;35m[Kconst std::shared_ptr<rclcpp_action::ServerGoalHandle<action_interface_ws::action::Book>> exe_handle[m[K) {
      |                     [01;35m[K~~~~~~~~~~~~~~~~~~~~~~~~~~~~~~~~~~~~~~~~~~~~~~~~~~~~~~~~~~~~~~~~~~~~~~~~~~~~~~~~~~~~~~~~~~^~~~~~~~~~[m[K
gmake[2]: *** [CMakeFiles/action_ser.dir/build.make:76：CMakeFiles/action_ser.dir/src/action_ser.cpp.o] 错误 1
gmake[1]: *** [CMakeFiles/Makefile2:137：CMakeFiles/action_ser.dir/all] 错误 2
gmake: *** [Makefile:146：all] 错误 2
