[0.020s] Invoking command in '/home/byd/src/ros2/action_ws/build/action_ws': CMAKE_PREFIX_PATH=${CMAKE_PREFIX_PATH}:/opt/ros/humble /usr/bin/cmake /home/byd/src/ros2/action_ws -DCMAKE_INSTALL_PREFIX=/home/byd/src/ros2/action_ws/install/action_ws
[0.137s] -- The C compiler identification is GNU 11.4.0
[0.252s] -- The CXX compiler identification is GNU 11.4.0
[0.268s] -- Detecting C compiler ABI info
[0.415s] -- Detecting C compiler ABI info - done
[0.434s] -- Check for working C compiler: /usr/bin/cc - skipped
[0.435s] -- Detecting C compile features
[0.435s] -- Detecting C compile features - done
[0.442s] -- Detecting CXX compiler ABI info
[0.607s] -- Detecting CXX compiler ABI info - done
[0.632s] -- Check for working CXX compiler: /usr/bin/c++ - skipped
[0.632s] -- Detecting CXX compile features
[0.633s] -- Detecting CXX compile features - done
[0.640s] -- Found ament_cmake: 1.3.10 (/opt/ros/humble/share/ament_cmake/cmake)
[0.980s] -- Found Python3: /usr/bin/python3 (found version "3.10.12") found components: Interpreter 
[1.147s] -- Found rclcpp: 16.0.10 (/opt/ros/humble/share/rclcpp/cmake)
[1.218s] -- Found rosidl_generator_c: 3.1.5 (/opt/ros/humble/share/rosidl_generator_c/cmake)
[1.227s] -- Found rosidl_adapter: 3.1.5 (/opt/ros/humble/share/rosidl_adapter/cmake)
[1.241s] -- Found rosidl_generator_cpp: 3.1.5 (/opt/ros/humble/share/rosidl_generator_cpp/cmake)
[1.261s] -- Using all available rosidl_typesupport_c: rosidl_typesupport_fastrtps_c;rosidl_typesupport_introspection_c
[1.289s] -- Using all available rosidl_typesupport_cpp: rosidl_typesupport_fastrtps_cpp;rosidl_typesupport_introspection_cpp
[1.362s] -- Found rmw_implementation_cmake: 6.1.2 (/opt/ros/humble/share/rmw_implementation_cmake/cmake)
[1.365s] -- Found rmw_fastrtps_cpp: 6.2.7 (/opt/ros/humble/share/rmw_fastrtps_cpp/cmake)
[1.493s] -- Found OpenSSL: /usr/lib/aarch64-linux-gnu/libcrypto.so (found version "3.0.2")  
[1.546s] -- Found FastRTPS: /opt/ros/humble/include  
[1.624s] -- Using RMW implementation 'rmw_fastrtps_cpp' as default
[1.641s] -- Looking for pthread.h
[1.764s] -- Looking for pthread.h - found
[1.765s] -- Performing Test CMAKE_HAVE_LIBC_PTHREAD
[1.883s] -- Performing Test CMAKE_HAVE_LIBC_PTHREAD - Success
[1.885s] -- Found Threads: TRUE  
[1.981s] -- Found rclcpp_action: 16.0.10 (/opt/ros/humble/share/rclcpp_action/cmake)
[2.037s] -- Found action_interface_ws: 0.0.0 (/home/byd/src/ros2/action_interface_ws/install/action_interface_ws/share/action_interface_ws/cmake)
[2.063s] -- Found ament_lint_auto: 0.12.11 (/opt/ros/humble/share/ament_lint_auto/cmake)
[2.216s] -- Added test 'cppcheck' to perform static code analysis on C / C++ code
[2.216s] -- Configured cppcheck include dirs: $<BUILD_INTERFACE:/home/byd/src/ros2/action_ws/include>
[2.216s] -- Configured cppcheck exclude dirs and/or files: 
[2.222s] -- Added test 'lint_cmake' to check CMake code style
[2.240s] -- Added test 'uncrustify' to check C / C++ code style
[2.240s] -- Configured uncrustify additional arguments: 
[2.243s] -- Added test 'xmllint' to check XML markup files
[2.245s] -- Configuring done
[2.265s] -- Generating done
[2.268s] -- Build files have been written to: /home/byd/src/ros2/action_ws/build/action_ws
[2.293s] Invoked command in '/home/byd/src/ros2/action_ws/build/action_ws' returned '0': CMAKE_PREFIX_PATH=${CMAKE_PREFIX_PATH}:/opt/ros/humble /usr/bin/cmake /home/byd/src/ros2/action_ws -DCMAKE_INSTALL_PREFIX=/home/byd/src/ros2/action_ws/install/action_ws
[2.297s] Invoking command in '/home/byd/src/ros2/action_ws/build/action_ws': CMAKE_PREFIX_PATH=${CMAKE_PREFIX_PATH}:/opt/ros/humble /usr/bin/cmake --build /home/byd/src/ros2/action_ws/build/action_ws -- -j8 -l8
[2.378s] [ 50%] [32mBuilding CXX object CMakeFiles/action_ser.dir/src/action_ser.cpp.o[0m
[7.485s] [01m[K/home/byd/src/ros2/action_ws/src/action_ser.cpp:[m[K In constructor ‘[01m[KSanTzuChingServer::SanTzuChingServer(const string&)[m[K’:
[7.486s] [01m[K/home/byd/src/ros2/action_ws/src/action_ser.cpp:20:90:[m[K [01;31m[Kerror: [m[Kno matching function for call to ‘[01m[Kcreate_server<action_interface_ws::action::Book>(SanTzuChingServer*, const char [12], std::_Bind_helper<false, rclcpp_action::GoalResponse (SanTzuChingServer::*)(const std::array<unsigned char, 16>&, std::shared_ptr<action_interface_ws::action::Book_Goal_<std::allocator<void> > >), SanTzuChingServer*, const std::_Placeholder<1>&, const std::_Placeholder<2>&>::type, std::_Bind_helper<false, rclcpp_action::CancelResponse (SanTzuChingServer::*)(std::shared_ptr<rclcpp_action::ServerGoalHandle<action_interface_ws::action::Book> >), SanTzuChingServer*, const std::_Placeholder<1>&>::type, std::_Bind_helper<false, void (SanTzuChingServer::*)(std::shared_ptr<rclcpp_action::ServerGoalHandle<action_interface_ws::action::Book> >), SanTzuChingServer*, const std::_Placeholder<1>&>::type, rcl_action_server_options_t)[m[K’
[7.486s]    20 |       this->action_ser_ = [01;31m[Krclcpp_action::create_server<action_interface_ws::action::Book>([m[K
[7.486s]       |                           [01;31m[K~~~~~~~~~~~~~~~~~~~~~~~~~~~~~~~~~~~~~~~~~~~~~~~~~~~~~~~~~~~~~~~^[m[K
[7.486s]    21 | [01;31m[K        this, "santzuching",[m[K
[7.486s]       |         [01;31m[K~~~~~~~~~~~~~~~~~~~~[m[K                                                              
[7.486s]    22 | [01;31m[K      std::bind(&SanTzuChingServer::goal_cb,this,std::placeholders::_1, std::placeholders::_2),[m[K
[7.486s]       |       [01;31m[K~~~~~~~~~~~~~~~~~~~~~~~~~~~~~~~~~~~~~~~~~~~~~~~~~~~~~~~~~~~~~~~~~~~~~~~~~~~~~~~~~~~~~~~~~[m[K
[7.486s]    23 | [01;31m[K      std::bind(&SanTzuChingServer::cancel_cb,this,std::placeholders::_1),[m[K
[7.487s]       |       [01;31m[K~~~~~~~~~~~~~~~~~~~~~~~~~~~~~~~~~~~~~~~~~~~~~~~~~~~~~~~~~~~~~~~~~~~~[m[K                
[7.487s]    24 | [01;31m[K      std::bind(&SanTzuChingServer::execute_cb,this,std::placeholders::_1),[m[K
[7.487s]       |       [01;31m[K~~~~~~~~~~~~~~~~~~~~~~~~~~~~~~~~~~~~~~~~~~~~~~~~~~~~~~~~~~~~~~~~~~~~~[m[K               
[7.487s]    25 | [01;31m[K      rcl_action_server_get_default_options())[m[K;
[7.487s]       |       [01;31m[K~~~~~~~~~~~~~~~~~~~~~~~~~~~~~~~~~~~~~~~~[m[K                                            
[7.487s] In file included from [01m[K/opt/ros/humble/include/rclcpp_action/rclcpp_action/rclcpp_action.hpp:39[m[K,
[7.487s]                  from [01m[K/home/byd/src/ros2/action_ws/src/action_ser.cpp:13[m[K:
[7.487s] [01m[K/opt/ros/humble/include/rclcpp_action/rclcpp_action/create_server.hpp:58:1:[m[K [01;36m[Knote: [m[Kcandidate: ‘[01m[Ktypename rclcpp_action::Server<ActionT>::SharedPtr rclcpp_action::create_server(rclcpp::node_interfaces::NodeBaseInterface::SharedPtr, rclcpp::node_interfaces::NodeClockInterface::SharedPtr, rclcpp::node_interfaces::NodeLoggingInterface::SharedPtr, rclcpp::node_interfaces::NodeWaitablesInterface::SharedPtr, const string&, typename rclcpp_action::Server<ActionT>::GoalCallback, typename rclcpp_action::Server<ActionT>::CancelCallback, typename rclcpp_action::Server<ActionT>::AcceptedCallback, const rcl_action_server_options_t&, rclcpp::CallbackGroup::SharedPtr) [with ActionT = action_interface_ws::action::Book; typename rclcpp_action::Server<ActionT>::SharedPtr = std::shared_ptr<rclcpp_action::Server<action_interface_ws::action::Book> >; rclcpp::node_interfaces::NodeBaseInterface::SharedPtr = std::shared_ptr<rclcpp::node_interfaces::NodeBaseInterface>; rclcpp::node_interfaces::NodeClockInterface::SharedPtr = std::shared_ptr<rclcpp::node_interfaces::NodeClockInterface>; rclcpp::node_interfaces::NodeLoggingInterface::SharedPtr = std::shared_ptr<rclcpp::node_interfaces::NodeLoggingInterface>; rclcpp::node_interfaces::NodeWaitablesInterface::SharedPtr = std::shared_ptr<rclcpp::node_interfaces::NodeWaitablesInterface>; std::string = std::__cxx11::basic_string<char>; typename rclcpp_action::Server<ActionT>::GoalCallback = std::function<rclcpp_action::GoalResponse(const std::array<unsigned char, 16>&, std::shared_ptr<const action_interface_ws::action::Book_Goal_<std::allocator<void> > >)>; typename rclcpp_action::Server<ActionT>::CancelCallback = std::function<rclcpp_action::CancelResponse(std::shared_ptr<rclcpp_action::ServerGoalHandle<action_interface_ws::action::Book> >)>; typename rclcpp_action::Server<ActionT>::AcceptedCallback = std::function<void(std::shared_ptr<rclcpp_action::ServerGoalHandle<action_interface_ws::action::Book> >)>; rcl_action_server_options_t = rcl_action_server_options_s; rclcpp::CallbackGroup::SharedPtr = std::shared_ptr<rclcpp::CallbackGroup>][m[K’
[7.487s]    58 | [01;36m[Kcreate_server[m[K(
[7.487s]       | [01;36m[K^~~~~~~~~~~~~[m[K
[7.488s] [01m[K/opt/ros/humble/include/rclcpp_action/rclcpp_action/create_server.hpp:58:1:[m[K [01;36m[Knote: [m[K  candidate expects 10 arguments, 6 provided
[7.488s] [01m[K/opt/ros/humble/include/rclcpp_action/rclcpp_action/create_server.hpp:132:1:[m[K [01;36m[Knote: [m[Kcandidate: ‘[01m[Ktemplate<class ActionT, class NodeT> typename rclcpp_action::Server<ActionT>::SharedPtr rclcpp_action::create_server(NodeT, const string&, typename rclcpp_action::Server<ActionT>::GoalCallback, typename rclcpp_action::Server<ActionT>::CancelCallback, typename rclcpp_action::Server<ActionT>::AcceptedCallback, const rcl_action_server_options_t&, rclcpp::CallbackGroup::SharedPtr)[m[K’
[7.488s]   132 | [01;36m[Kcreate_server[m[K(
[7.488s]       | [01;36m[K^~~~~~~~~~~~~[m[K
[7.488s] [01m[K/opt/ros/humble/include/rclcpp_action/rclcpp_action/create_server.hpp:132:1:[m[K [01;36m[Knote: [m[K  template argument deduction/substitution failed:
[7.488s] [01m[K/home/byd/src/ros2/action_ws/src/action_ser.cpp:22:16:[m[K [01;36m[Knote: [m[K  cannot convert ‘[01m[Kstd::bind(_Func&&, _BoundArgs&& ...) [with _Func = rclcpp_action::GoalResponse (SanTzuChingServer::*)(const std::array<unsigned char, 16>&, std::shared_ptr<action_interface_ws::action::Book_Goal_<std::allocator<void> > >); _BoundArgs = {SanTzuChingServer*, const std::_Placeholder<1>&, const std::_Placeholder<2>&}; typename std::_Bind_helper<std::__is_socketlike<_Func>::value, _Func, _BoundArgs ...>::type = std::_Bind_helper<false, rclcpp_action::GoalResponse (SanTzuChingServer::*)(const std::array<unsigned char, 16>&, std::shared_ptr<action_interface_ws::action::Book_Goal_<std::allocator<void> > >), SanTzuChingServer*, const std::_Placeholder<1>&, const std::_Placeholder<2>&>::type; std::__is_socketlike<_Func> = std::__is_socketlike<rclcpp_action::GoalResponse (SanTzuChingServer::*)(const std::array<unsigned char, 16>&, std::shared_ptr<action_interface_ws::action::Book_Goal_<std::allocator<void> > >), rclcpp_action::GoalResponse (SanTzuChingServer::*)(const std::array<unsigned char, 16>&, std::shared_ptr<action_interface_ws::action::Book_Goal_<std::allocator<void> > >)>; typename std::decay<_Tp>::type = rclcpp_action::GoalResponse (SanTzuChingServer::*)(const std::array<unsigned char, 16>&, std::shared_ptr<action_interface_ws::action::Book_Goal_<std::allocator<void> > >)](((SanTzuChingServer*)this), std::placeholders::_1, std::placeholders::_2)[m[K’ (type ‘[01m[Kstd::_Bind_helper<false, rclcpp_action::GoalResponse (SanTzuChingServer::*)(const std::array<unsigned char, 16>&, std::shared_ptr<action_interface_ws::action::Book_Goal_<std::allocator<void> > >), SanTzuChingServer*, const std::_Placeholder<1>&, const std::_Placeholder<2>&>::type[m[K’) to type ‘[01m[Krclcpp_action::Server<action_interface_ws::action::Book>::GoalCallback[m[K’ {aka ‘[01m[Kstd::function<rclcpp_action::GoalResponse(const std::array<unsigned char, 16>&, std::shared_ptr<const action_interface_ws::action::Book_Goal_<std::allocator<void> > >)>[m[K’}
[7.488s]    22 |       [01;36m[Kstd::bind(&SanTzuChingServer::goal_cb,this,std::placeholders::_1, std::placeholders::_2)[m[K,
[7.488s]       |       [01;36m[K~~~~~~~~~^~~~~~~~~~~~~~~~~~~~~~~~~~~~~~~~~~~~~~~~~~~~~~~~~~~~~~~~~~~~~~~~~~~~~~~~~~~~~~~[m[K
[7.493s] [01m[K/home/byd/src/ros2/action_ws/src/action_ser.cpp:[m[K In member function ‘[01m[Kvoid SanTzuChingServer::execute_cb(std::shared_ptr<rclcpp_action::ServerGoalHandle<action_interface_ws::action::Book> >)[m[K’:
[7.493s] [01m[K/home/byd/src/ros2/action_ws/src/action_ser.cpp:53:111:[m[K [01;35m[Kwarning: [m[Kunused parameter ‘[01m[Kexe_handle[m[K’ [[01;35m[K]8;;https://gcc.gnu.org/onlinedocs/gcc/Warning-Options.html#index-Wunused-parameter-Wunused-parameter]8;;[m[K]
[7.493s]    53 |     void execute_cb([01;35m[Kconst std::shared_ptr<rclcpp_action::ServerGoalHandle<action_interface_ws::action::Book>> exe_handle[m[K) {
[7.493s]       |                     [01;35m[K~~~~~~~~~~~~~~~~~~~~~~~~~~~~~~~~~~~~~~~~~~~~~~~~~~~~~~~~~~~~~~~~~~~~~~~~~~~~~~~~~~~~~~~~~~^~~~~~~~~~[m[K
[8.500s] gmake[2]: *** [CMakeFiles/action_ser.dir/build.make:76：CMakeFiles/action_ser.dir/src/action_ser.cpp.o] 错误 1
[8.500s] gmake[1]: *** [CMakeFiles/Makefile2:137：CMakeFiles/action_ser.dir/all] 错误 2
[8.500s] gmake: *** [Makefile:146：all] 错误 2
[8.505s] Invoked command in '/home/byd/src/ros2/action_ws/build/action_ws' returned '2': CMAKE_PREFIX_PATH=${CMAKE_PREFIX_PATH}:/opt/ros/humble /usr/bin/cmake --build /home/byd/src/ros2/action_ws/build/action_ws -- -j8 -l8
