-- The C compiler identification is GNU 11.4.0
-- The CXX compiler identification is GNU 11.4.0
-- Detecting C compiler ABI info
-- Detecting C compiler ABI info - done
-- Check for working C compiler: /usr/bin/cc - skipped
-- Detecting C compile features
-- Detecting C compile features - done
-- Detecting CXX compiler ABI info
-- Detecting CXX compiler ABI info - done
-- Check for working CXX compiler: /usr/bin/c++ - skipped
-- Detecting CXX compile features
-- Detecting CXX compile features - done
-- Found ament_cmake: 1.3.11 (/opt/ros/humble/share/ament_cmake/cmake)
-- Found Python3: /usr/bin/python3 (found version "3.10.12") found components: Interpreter 
-- Found rosidl_default_generators: 1.2.0 (/opt/ros/humble/share/rosidl_default_generators/cmake)
-- Using all available rosidl_typesupport_c: rosidl_typesupport_fastrtps_c;rosidl_typesupport_introspection_c
-- Found rosidl_adapter: 3.1.6 (/opt/ros/humble/share/rosidl_adapter/cmake)
-- Using all available rosidl_typesupport_cpp: rosidl_typesupport_fastrtps_cpp;rosidl_typesupport_introspection_cpp
-- Found builtin_interfaces: 1.2.1 (/opt/ros/humble/share/builtin_interfaces/cmake)
-- Found std_msgs: 4.8.0 (/opt/ros/humble/share/std_msgs/cmake)
-- Found sensor_msgs: 4.8.0 (/opt/ros/humble/share/sensor_msgs/cmake)
-- Found nav_msgs: 4.8.0 (/opt/ros/humble/share/nav_msgs/cmake)
[33mCMake Warning at CMakeLists.txt:18 (find_package):
  By not providing "Findgeographic_msgs.cmake" in CMAKE_MODULE_PATH this
  project has asked CMake to find a package configuration file provided by
  "geographic_msgs", but CMake did not find one.

  Could not find a package configuration file provided by "geographic_msgs"
  with any of the following names:

    geographic_msgsConfig.cmake
    geographic_msgs-config.cmake

  Add the installation prefix of "geographic_msgs" to CMAKE_PREFIX_PATH or
  set "geographic_msgs_DIR" to a directory containing one of the above files.
  If "geographic_msgs" provides a separate development package or SDK, be
  sure it has been installed.

[0m
-- Found action_msgs: 1.2.1 (/opt/ros/humble/share/action_msgs/cmake)
[31mCMake Error at /opt/ros/humble/share/rosidl_cmake/cmake/rosidl_generate_interfaces.cmake:162 (message):
  rosidl_generate_interfaces() the passed dependency 'geographic_msgs' has
  not been found before using find_package()
Call Stack (most recent call first):
  CMakeLists.txt:39 (rosidl_generate_interfaces)

[0m
-- Configuring incomplete, errors occurred!
See also "/home/byd/hawrk/ros2/dros_common_interfaces/build/dros_common_interfaces/CMakeFiles/CMakeOutput.log".
