[0.019s] Invoking command in '/home/byd/hawrk/ros2/dros_common_interfaces/build/dros_common_interfaces': CMAKE_PREFIX_PATH=/opt/ros/humble /usr/bin/cmake /home/byd/hawrk/ros2/dros_common_interfaces -DCMAKE_INSTALL_PREFIX=/home/byd/hawrk/ros2/dros_common_interfaces/install/dros_common_interfaces
[0.103s] -- The C compiler identification is GNU 11.4.0
[0.197s] -- The CXX compiler identification is GNU 11.4.0
[0.217s] -- Detecting C compiler ABI info
[0.341s] -- Detecting C compiler ABI info - done
[0.359s] -- Check for working C compiler: /usr/bin/cc - skipped
[0.359s] -- Detecting C compile features
[0.360s] -- Detecting C compile features - done
[0.366s] -- Detecting CXX compiler ABI info
[0.498s] -- Detecting CXX compiler ABI info - done
[0.524s] -- Check for working CXX compiler: /usr/bin/c++ - skipped
[0.525s] -- Detecting CXX compile features
[0.526s] -- Detecting CXX compile features - done
[0.532s] -- Found ament_cmake: 1.3.11 (/opt/ros/humble/share/ament_cmake/cmake)
[0.794s] -- Found Python3: /usr/bin/python3 (found version "3.10.12") found components: Interpreter 
[0.953s] -- Found rosidl_default_generators: 1.2.0 (/opt/ros/humble/share/rosidl_default_generators/cmake)
[0.962s] -- Using all available rosidl_typesupport_c: rosidl_typesupport_fastrtps_c;rosidl_typesupport_introspection_c
[0.977s] -- Found rosidl_adapter: 3.1.6 (/opt/ros/humble/share/rosidl_adapter/cmake)
[1.068s] -- Using all available rosidl_typesupport_cpp: rosidl_typesupport_fastrtps_cpp;rosidl_typesupport_introspection_cpp
[1.144s] -- Found builtin_interfaces: 1.2.1 (/opt/ros/humble/share/builtin_interfaces/cmake)
[1.171s] -- Found std_msgs: 4.8.0 (/opt/ros/humble/share/std_msgs/cmake)
[1.198s] -- Found sensor_msgs: 4.8.0 (/opt/ros/humble/share/sensor_msgs/cmake)
[1.258s] -- Found nav_msgs: 4.8.0 (/opt/ros/humble/share/nav_msgs/cmake)
[1.302s] [33mCMake Warning at CMakeLists.txt:18 (find_package):
[1.302s]   By not providing "Findgeographic_msgs.cmake" in CMAKE_MODULE_PATH this
[1.302s]   project has asked CMake to find a package configuration file provided by
[1.303s]   "geographic_msgs", but CMake did not find one.
[1.303s] 
[1.303s]   Could not find a package configuration file provided by "geographic_msgs"
[1.303s]   with any of the following names:
[1.303s] 
[1.304s]     geographic_msgsConfig.cmake
[1.304s]     geographic_msgs-config.cmake
[1.304s] 
[1.304s]   Add the installation prefix of "geographic_msgs" to CMAKE_PREFIX_PATH or
[1.305s]   set "geographic_msgs_DIR" to a directory containing one of the above files.
[1.305s]   If "geographic_msgs" provides a separate development package or SDK, be
[1.305s]   sure it has been installed.
[1.305s] 
[1.305s] [0m
[1.306s] -- Found action_msgs: 1.2.1 (/opt/ros/humble/share/action_msgs/cmake)
[1.692s] [31mCMake Error at /opt/ros/humble/share/rosidl_cmake/cmake/rosidl_generate_interfaces.cmake:162 (message):
[1.692s]   rosidl_generate_interfaces() the passed dependency 'geographic_msgs' has
[1.692s]   not been found before using find_package()
[1.693s] Call Stack (most recent call first):
[1.693s]   CMakeLists.txt:39 (rosidl_generate_interfaces)
[1.693s] 
[1.693s] [0m
[1.694s] -- Configuring incomplete, errors occurred!
[1.694s] See also "/home/byd/hawrk/ros2/dros_common_interfaces/build/dros_common_interfaces/CMakeFiles/CMakeOutput.log".
[1.708s] Invoked command in '/home/byd/hawrk/ros2/dros_common_interfaces/build/dros_common_interfaces' returned '1': CMAKE_PREFIX_PATH=/opt/ros/humble /usr/bin/cmake /home/byd/hawrk/ros2/dros_common_interfaces -DCMAKE_INSTALL_PREFIX=/home/byd/hawrk/ros2/dros_common_interfaces/install/dros_common_interfaces
