running egg_info
writing build/point_cloud_pub/point_cloud_pub.egg-info/PKG-INFO
writing dependency_links to build/point_cloud_pub/point_cloud_pub.egg-info/dependency_links.txt
writing entry points to build/point_cloud_pub/point_cloud_pub.egg-info/entry_points.txt
writing requirements to build/point_cloud_pub/point_cloud_pub.egg-info/requires.txt
writing top-level names to build/point_cloud_pub/point_cloud_pub.egg-info/top_level.txt
reading manifest file 'build/point_cloud_pub/point_cloud_pub.egg-info/SOURCES.txt'
writing manifest file 'build/point_cloud_pub/point_cloud_pub.egg-info/SOURCES.txt'
running build
running build_py
copying point_cloud_pub/pc_pub.py -> /home/byd/src/ros2/point_cloud_ws/point_cloud_pub/build/point_cloud_pub/build/lib/point_cloud_pub
running install
running install_lib
copying /home/byd/src/ros2/point_cloud_ws/point_cloud_pub/build/point_cloud_pub/build/lib/point_cloud_pub/pc_pub.py -> /home/byd/src/ros2/point_cloud_ws/point_cloud_pub/install/point_cloud_pub/lib/python3.10/site-packages/point_cloud_pub
byte-compiling /home/byd/src/ros2/point_cloud_ws/point_cloud_pub/install/point_cloud_pub/lib/python3.10/site-packages/point_cloud_pub/pc_pub.py to pc_pub.cpython-310.pyc
running install_data
running install_egg_info
removing '/home/byd/src/ros2/point_cloud_ws/point_cloud_pub/install/point_cloud_pub/lib/python3.10/site-packages/point_cloud_pub-0.0.0-py3.10.egg-info' (and everything under it)
Copying build/point_cloud_pub/point_cloud_pub.egg-info to /home/byd/src/ros2/point_cloud_ws/point_cloud_pub/install/point_cloud_pub/lib/python3.10/site-packages/point_cloud_pub-0.0.0-py3.10.egg-info
running install_scripts
Installing pc_pub script to /home/byd/src/ros2/point_cloud_ws/point_cloud_pub/install/point_cloud_pub/lib/point_cloud_pub
writing list of installed files to '/home/byd/src/ros2/point_cloud_ws/point_cloud_pub/build/point_cloud_pub/install.log'
