[0.187s] DEBUG:colcon:Command line arguments: ['/usr/bin/colcon', 'build']
[0.187s] DEBUG:colcon:Parsed command line arguments: Namespace(log_base=None, log_level=None, verb_name='build', build_base='build', install_base='install', merge_install=False, symlink_install=False, test_result_base=None, continue_on_error=False, executor='parallel', parallel_workers=8, event_handlers=None, ignore_user_meta=False, metas=['./colcon.meta'], base_paths=['.'], packages_ignore=None, packages_ignore_regex=None, paths=None, packages_up_to=None, packages_up_to_regex=None, packages_above=None, packages_above_and_dependencies=None, packages_above_depth=None, packages_select_by_dep=None, packages_skip_by_dep=None, packages_skip_up_to=None, packages_select_build_failed=False, packages_skip_build_finished=False, packages_select_test_failures=False, packages_skip_test_passed=False, packages_select=None, packages_skip=None, packages_select_regex=None, packages_skip_regex=None, packages_start=None, packages_end=None, allow_overriding=[], cmake_args=None, cmake_target=None, cmake_target_skip_unavailable=False, cmake_clean_cache=False, cmake_clean_first=False, cmake_force_configure=False, ament_cmake_args=None, catkin_cmake_args=None, catkin_skip_building_tests=False, verb_parser=<colcon_defaults.argument_parser.defaults.DefaultArgumentsDecorator object at 0xffffbaf94250>, verb_extension=<colcon_core.verb.build.BuildVerb object at 0xffffbb144790>, main=<bound method BuildVerb.main of <colcon_core.verb.build.BuildVerb object at 0xffffbb144790>>)
[0.473s] Level 1:colcon.colcon_core.package_discovery:discover_packages(colcon_meta) check parameters
[0.474s] Level 1:colcon.colcon_core.package_discovery:discover_packages(recursive) check parameters
[0.474s] Level 1:colcon.colcon_core.package_discovery:discover_packages(ignore) check parameters
[0.474s] Level 1:colcon.colcon_core.package_discovery:discover_packages(path) check parameters
[0.474s] Level 1:colcon.colcon_core.package_discovery:discover_packages(colcon_meta) discover
[0.474s] Level 1:colcon.colcon_core.package_discovery:discover_packages(recursive) discover
[0.474s] INFO:colcon.colcon_core.package_discovery:Crawling recursively for packages in '/home/byd/src/ros2/service_ws'
[0.474s] Level 1:colcon.colcon_core.package_identification:_identify(.) by extensions ['ignore', 'ignore_ament_install']
[0.475s] Level 1:colcon.colcon_core.package_identification:_identify(.) by extension 'ignore'
[0.475s] Level 1:colcon.colcon_core.package_identification:_identify(.) by extension 'ignore_ament_install'
[0.475s] Level 1:colcon.colcon_core.package_identification:_identify(.) by extensions ['colcon_pkg']
[0.475s] Level 1:colcon.colcon_core.package_identification:_identify(.) by extension 'colcon_pkg'
[0.475s] Level 1:colcon.colcon_core.package_identification:_identify(.) by extensions ['colcon_meta']
[0.475s] Level 1:colcon.colcon_core.package_identification:_identify(.) by extension 'colcon_meta'
[0.475s] Level 1:colcon.colcon_core.package_identification:_identify(.) by extensions ['ros']
[0.475s] Level 1:colcon.colcon_core.package_identification:_identify(.) by extension 'ros'
[0.502s] DEBUG:colcon.colcon_core.package_identification:Package '.' with type 'ros.ament_cmake' and name 'service_ws'
[0.502s] Level 1:colcon.colcon_core.package_discovery:discover_packages(recursive) using defaults
[0.503s] Level 1:colcon.colcon_core.package_discovery:discover_packages(ignore) discover
[0.503s] Level 1:colcon.colcon_core.package_discovery:discover_packages(ignore) using defaults
[0.503s] Level 1:colcon.colcon_core.package_discovery:discover_packages(path) discover
[0.503s] Level 1:colcon.colcon_core.package_discovery:discover_packages(path) using defaults
[0.537s] Level 1:colcon.colcon_core.package_discovery:discover_packages(prefix_path) check parameters
[0.537s] Level 1:colcon.colcon_core.package_discovery:discover_packages(prefix_path) discover
[0.541s] DEBUG:colcon.colcon_installed_package_information.package_discovery:Found 1 installed packages in /home/byd/src/ros2/service_ws/install
[0.541s] DEBUG:colcon.colcon_installed_package_information.package_discovery:Found 1 installed packages in /home/byd/src/ros2/service_interface_ws/install
[0.542s] DEBUG:colcon.colcon_installed_package_information.package_discovery:Found 1 installed packages in /home/byd/src/ros2/topic_ws/install
[0.544s] DEBUG:colcon.colcon_installed_package_information.package_discovery:Found 270 installed packages in /opt/ros/humble
[0.547s] Level 1:colcon.colcon_core.package_discovery:discover_packages(prefix_path) using defaults
[0.642s] Level 5:colcon.colcon_core.verb:set package 'service_ws' build argument 'cmake_args' from command line to 'None'
[0.643s] Level 5:colcon.colcon_core.verb:set package 'service_ws' build argument 'cmake_target' from command line to 'None'
[0.643s] Level 5:colcon.colcon_core.verb:set package 'service_ws' build argument 'cmake_target_skip_unavailable' from command line to 'False'
[0.643s] Level 5:colcon.colcon_core.verb:set package 'service_ws' build argument 'cmake_clean_cache' from command line to 'False'
[0.643s] Level 5:colcon.colcon_core.verb:set package 'service_ws' build argument 'cmake_clean_first' from command line to 'False'
[0.643s] Level 5:colcon.colcon_core.verb:set package 'service_ws' build argument 'cmake_force_configure' from command line to 'False'
[0.643s] Level 5:colcon.colcon_core.verb:set package 'service_ws' build argument 'ament_cmake_args' from command line to 'None'
[0.643s] Level 5:colcon.colcon_core.verb:set package 'service_ws' build argument 'catkin_cmake_args' from command line to 'None'
[0.643s] Level 5:colcon.colcon_core.verb:set package 'service_ws' build argument 'catkin_skip_building_tests' from command line to 'False'
[0.643s] DEBUG:colcon.colcon_core.verb:Building package 'service_ws' with the following arguments: {'ament_cmake_args': None, 'build_base': '/home/byd/src/ros2/service_ws/build/service_ws', 'catkin_cmake_args': None, 'catkin_skip_building_tests': False, 'cmake_args': None, 'cmake_clean_cache': False, 'cmake_clean_first': False, 'cmake_force_configure': False, 'cmake_target': None, 'cmake_target_skip_unavailable': False, 'install_base': '/home/byd/src/ros2/service_ws/install/service_ws', 'merge_install': False, 'path': '/home/byd/src/ros2/service_ws', 'symlink_install': False, 'test_result_base': None}
[0.643s] INFO:colcon.colcon_core.executor:Executing jobs using 'parallel' executor
[0.646s] DEBUG:colcon.colcon_parallel_executor.executor.parallel:run_until_complete
[0.646s] INFO:colcon.colcon_ros.task.ament_cmake.build:Building ROS package in '/home/byd/src/ros2/service_ws' with build type 'ament_cmake'
[0.647s] INFO:colcon.colcon_cmake.task.cmake.build:Building CMake package in '/home/byd/src/ros2/service_ws'
[0.650s] INFO:colcon.colcon_core.plugin_system:Skipping extension 'colcon_core.shell.bat': Not used on non-Windows systems
[0.651s] INFO:colcon.colcon_core.shell:Skip shell extension 'powershell' for command environment: Not usable outside of PowerShell
[0.651s] DEBUG:colcon.colcon_core.shell:Skip shell extension 'dsv' for command environment
[0.666s] DEBUG:colcon.colcon_core.event_handler.log_command:Invoking command in '/home/byd/src/ros2/service_ws/build/service_ws': CMAKE_PREFIX_PATH=${CMAKE_PREFIX_PATH}:/opt/ros/humble /usr/bin/cmake --build /home/byd/src/ros2/service_ws/build/service_ws -- -j8 -l8
[8.253s] DEBUG:colcon.colcon_core.event_handler.log_command:Invoked command in '/home/byd/src/ros2/service_ws/build/service_ws' returned '0': CMAKE_PREFIX_PATH=${CMAKE_PREFIX_PATH}:/opt/ros/humble /usr/bin/cmake --build /home/byd/src/ros2/service_ws/build/service_ws -- -j8 -l8
[8.309s] DEBUG:colcon.colcon_core.event_handler.log_command:Invoking command in '/home/byd/src/ros2/service_ws/build/service_ws': CMAKE_PREFIX_PATH=${CMAKE_PREFIX_PATH}:/opt/ros/humble /usr/bin/cmake --install /home/byd/src/ros2/service_ws/build/service_ws
[8.335s] Level 1:colcon.colcon_core.environment:create_environment_scripts_only(service_ws)
[8.336s] DEBUG:colcon.colcon_core.event_handler.log_command:Invoked command in '/home/byd/src/ros2/service_ws/build/service_ws' returned '0': CMAKE_PREFIX_PATH=${CMAKE_PREFIX_PATH}:/opt/ros/humble /usr/bin/cmake --install /home/byd/src/ros2/service_ws/build/service_ws
[8.340s] Level 1:colcon.colcon_core.environment:checking '/home/byd/src/ros2/service_ws/install/service_ws' for CMake module files
[8.341s] Level 1:colcon.colcon_core.environment:checking '/home/byd/src/ros2/service_ws/install/service_ws' for CMake config files
[8.342s] Level 1:colcon.colcon_core.shell:create_environment_hook('service_ws', 'cmake_prefix_path')
[8.342s] INFO:colcon.colcon_core.shell:Creating environment hook '/home/byd/src/ros2/service_ws/install/service_ws/share/service_ws/hook/cmake_prefix_path.ps1'
[8.344s] INFO:colcon.colcon_core.shell:Creating environment descriptor '/home/byd/src/ros2/service_ws/install/service_ws/share/service_ws/hook/cmake_prefix_path.dsv'
[8.344s] INFO:colcon.colcon_core.shell:Creating environment hook '/home/byd/src/ros2/service_ws/install/service_ws/share/service_ws/hook/cmake_prefix_path.sh'
[8.346s] Level 1:colcon.colcon_core.environment:checking '/home/byd/src/ros2/service_ws/install/service_ws/lib'
[8.346s] Level 1:colcon.colcon_core.environment:checking '/home/byd/src/ros2/service_ws/install/service_ws/bin'
[8.347s] Level 1:colcon.colcon_core.environment:checking '/home/byd/src/ros2/service_ws/install/service_ws/lib/pkgconfig/service_ws.pc'
[8.347s] Level 1:colcon.colcon_core.environment:checking '/home/byd/src/ros2/service_ws/install/service_ws/lib/python3.10/site-packages'
[8.347s] Level 1:colcon.colcon_core.environment:checking '/home/byd/src/ros2/service_ws/install/service_ws/bin'
[8.348s] INFO:colcon.colcon_core.shell:Creating package script '/home/byd/src/ros2/service_ws/install/service_ws/share/service_ws/package.ps1'
[8.349s] INFO:colcon.colcon_core.shell:Creating package descriptor '/home/byd/src/ros2/service_ws/install/service_ws/share/service_ws/package.dsv'
[8.350s] INFO:colcon.colcon_core.shell:Creating package script '/home/byd/src/ros2/service_ws/install/service_ws/share/service_ws/package.sh'
[8.352s] INFO:colcon.colcon_core.shell:Creating package script '/home/byd/src/ros2/service_ws/install/service_ws/share/service_ws/package.bash'
[8.353s] INFO:colcon.colcon_core.shell:Creating package script '/home/byd/src/ros2/service_ws/install/service_ws/share/service_ws/package.zsh'
[8.354s] Level 1:colcon.colcon_core.environment:create_file_with_runtime_dependencies(/home/byd/src/ros2/service_ws/install/service_ws/share/colcon-core/packages/service_ws)
[8.392s] Level 1:colcon.colcon_core.environment:create_environment_scripts_only(service_ws)
[8.393s] Level 1:colcon.colcon_core.environment:checking '/home/byd/src/ros2/service_ws/install/service_ws' for CMake module files
[8.393s] Level 1:colcon.colcon_core.environment:checking '/home/byd/src/ros2/service_ws/install/service_ws' for CMake config files
[8.394s] Level 1:colcon.colcon_core.shell:create_environment_hook('service_ws', 'cmake_prefix_path')
[8.394s] INFO:colcon.colcon_core.shell:Creating environment hook '/home/byd/src/ros2/service_ws/install/service_ws/share/service_ws/hook/cmake_prefix_path.ps1'
[8.395s] INFO:colcon.colcon_core.shell:Creating environment descriptor '/home/byd/src/ros2/service_ws/install/service_ws/share/service_ws/hook/cmake_prefix_path.dsv'
[8.396s] INFO:colcon.colcon_core.shell:Creating environment hook '/home/byd/src/ros2/service_ws/install/service_ws/share/service_ws/hook/cmake_prefix_path.sh'
[8.397s] Level 1:colcon.colcon_core.environment:checking '/home/byd/src/ros2/service_ws/install/service_ws/lib'
[8.398s] Level 1:colcon.colcon_core.environment:checking '/home/byd/src/ros2/service_ws/install/service_ws/bin'
[8.398s] Level 1:colcon.colcon_core.environment:checking '/home/byd/src/ros2/service_ws/install/service_ws/lib/pkgconfig/service_ws.pc'
[8.398s] Level 1:colcon.colcon_core.environment:checking '/home/byd/src/ros2/service_ws/install/service_ws/lib/python3.10/site-packages'
[8.399s] Level 1:colcon.colcon_core.environment:checking '/home/byd/src/ros2/service_ws/install/service_ws/bin'
[8.399s] INFO:colcon.colcon_core.shell:Creating package script '/home/byd/src/ros2/service_ws/install/service_ws/share/service_ws/package.ps1'
[8.401s] INFO:colcon.colcon_core.shell:Creating package descriptor '/home/byd/src/ros2/service_ws/install/service_ws/share/service_ws/package.dsv'
[8.401s] INFO:colcon.colcon_core.shell:Creating package script '/home/byd/src/ros2/service_ws/install/service_ws/share/service_ws/package.sh'
[8.402s] INFO:colcon.colcon_core.shell:Creating package script '/home/byd/src/ros2/service_ws/install/service_ws/share/service_ws/package.bash'
[8.403s] INFO:colcon.colcon_core.shell:Creating package script '/home/byd/src/ros2/service_ws/install/service_ws/share/service_ws/package.zsh'
[8.404s] Level 1:colcon.colcon_core.environment:create_file_with_runtime_dependencies(/home/byd/src/ros2/service_ws/install/service_ws/share/colcon-core/packages/service_ws)
[8.404s] DEBUG:colcon.colcon_parallel_executor.executor.parallel:closing loop
[8.405s] DEBUG:colcon.colcon_parallel_executor.executor.parallel:loop closed
[8.405s] DEBUG:colcon.colcon_parallel_executor.executor.parallel:run_until_complete finished with '0'
[8.405s] DEBUG:colcon.colcon_core.event_reactor:joining thread
[8.415s] INFO:colcon.colcon_core.plugin_system:Skipping extension 'colcon_notification.desktop_notification.terminal_notifier': Not used on non-Darwin systems
[8.415s] INFO:colcon.colcon_core.plugin_system:Skipping extension 'colcon_notification.desktop_notification.win32': Not used on non-Windows systems
[8.415s] INFO:colcon.colcon_notification.desktop_notification:Sending desktop notification using 'notify2'
[8.450s] DEBUG:colcon.colcon_core.event_reactor:joined thread
[8.451s] INFO:colcon.colcon_core.shell:Creating prefix script '/home/byd/src/ros2/service_ws/install/local_setup.ps1'
[8.453s] INFO:colcon.colcon_core.shell:Creating prefix util module '/home/byd/src/ros2/service_ws/install/_local_setup_util_ps1.py'
[8.457s] INFO:colcon.colcon_core.shell:Creating prefix chain script '/home/byd/src/ros2/service_ws/install/setup.ps1'
[8.460s] INFO:colcon.colcon_core.shell:Creating prefix script '/home/byd/src/ros2/service_ws/install/local_setup.sh'
[8.461s] INFO:colcon.colcon_core.shell:Creating prefix util module '/home/byd/src/ros2/service_ws/install/_local_setup_util_sh.py'
[8.462s] INFO:colcon.colcon_core.shell:Creating prefix chain script '/home/byd/src/ros2/service_ws/install/setup.sh'
[8.464s] INFO:colcon.colcon_core.shell:Creating prefix script '/home/byd/src/ros2/service_ws/install/local_setup.bash'
[8.465s] INFO:colcon.colcon_core.shell:Creating prefix chain script '/home/byd/src/ros2/service_ws/install/setup.bash'
[8.467s] INFO:colcon.colcon_core.shell:Creating prefix script '/home/byd/src/ros2/service_ws/install/local_setup.zsh'
[8.468s] INFO:colcon.colcon_core.shell:Creating prefix chain script '/home/byd/src/ros2/service_ws/install/setup.zsh'
