[0.018s] Invoking command in '/home/byd/dros/data_collection_service/build/data_collection_service': CMAKE_PREFIX_PATH=${CMAKE_PREFIX_PATH}:/opt/ros/humble /usr/bin/cmake /home/byd/dros/data_collection_service -DCMAKE_INSTALL_PREFIX=/home/byd/dros/data_collection_service/install/data_collection_service
[0.118s] -- The C compiler identification is GNU 11.4.0
[0.220s] -- The CXX compiler identification is GNU 11.4.0
[0.242s] -- Detecting C compiler ABI info
[0.376s] -- Detecting C compiler ABI info - done
[0.390s] -- Check for working C compiler: /usr/bin/cc - skipped
[0.390s] -- Detecting C compile features
[0.391s] -- Detecting C compile features - done
[0.398s] -- Detecting CXX compiler ABI info
[0.539s] -- Detecting CXX compiler ABI info - done
[0.550s] -- Check for working CXX compiler: /usr/bin/c++ - skipped
[0.550s] -- Detecting CXX compile features
[0.551s] -- Detecting CXX compile features - done
[0.555s] -- Found ament_cmake: 1.3.11 (/opt/ros/humble/share/ament_cmake/cmake)
[1.302s] -- Found Python3: /usr/bin/python3 (found version "3.10.12") found components: Interpreter 
[1.461s] -- Found rclcpp: 16.0.11 (/opt/ros/humble/share/rclcpp/cmake)
[1.528s] -- Found rosidl_generator_c: 3.1.6 (/opt/ros/humble/share/rosidl_generator_c/cmake)
[1.534s] -- Found rosidl_adapter: 3.1.6 (/opt/ros/humble/share/rosidl_adapter/cmake)
[1.548s] -- Found rosidl_generator_cpp: 3.1.6 (/opt/ros/humble/share/rosidl_generator_cpp/cmake)
[1.569s] -- Using all available rosidl_typesupport_c: rosidl_typesupport_fastrtps_c;rosidl_typesupport_introspection_c
[1.597s] -- Using all available rosidl_typesupport_cpp: rosidl_typesupport_fastrtps_cpp;rosidl_typesupport_introspection_cpp
[1.669s] -- Found rmw_implementation_cmake: 6.1.2 (/opt/ros/humble/share/rmw_implementation_cmake/cmake)
[1.673s] -- Found rmw_fastrtps_cpp: 6.2.7 (/opt/ros/humble/share/rmw_fastrtps_cpp/cmake)
[1.820s] -- Found OpenSSL: /usr/lib/aarch64-linux-gnu/libcrypto.so (found version "3.0.2")  
[1.869s] -- Found FastRTPS: /opt/ros/humble/include  
[1.940s] -- Using RMW implementation 'rmw_fastrtps_cpp' as default
[1.952s] -- Looking for pthread.h
[2.085s] -- Looking for pthread.h - found
[2.086s] -- Performing Test CMAKE_HAVE_LIBC_PTHREAD
[2.227s] -- Performing Test CMAKE_HAVE_LIBC_PTHREAD - Success
[2.229s] -- Found Threads: TRUE  
[2.317s] -- Found ament_lint_auto: 0.12.11 (/opt/ros/humble/share/ament_lint_auto/cmake)
[2.465s] -- Added test 'cppcheck' to perform static code analysis on C / C++ code
[2.465s] -- Configured cppcheck include dirs: $<BUILD_INTERFACE:/home/byd/dros/data_collection_service/include>
[2.466s] -- Configured cppcheck exclude dirs and/or files: 
[2.469s] -- Added test 'lint_cmake' to check CMake code style
[2.477s] -- Added test 'uncrustify' to check C / C++ code style
[2.478s] -- Configured uncrustify additional arguments: 
[2.479s] -- Added test 'xmllint' to check XML markup files
[2.481s] -- Configuring done
[2.499s] -- Generating done
[2.506s] -- Build files have been written to: /home/byd/dros/data_collection_service/build/data_collection_service
[2.529s] Invoked command in '/home/byd/dros/data_collection_service/build/data_collection_service' returned '0': CMAKE_PREFIX_PATH=${CMAKE_PREFIX_PATH}:/opt/ros/humble /usr/bin/cmake /home/byd/dros/data_collection_service -DCMAKE_INSTALL_PREFIX=/home/byd/dros/data_collection_service/install/data_collection_service
[2.533s] Invoking command in '/home/byd/dros/data_collection_service/build/data_collection_service': CMAKE_PREFIX_PATH=${CMAKE_PREFIX_PATH}:/opt/ros/humble /usr/bin/cmake --build /home/byd/dros/data_collection_service/build/data_collection_service -- -j8 -l8
[2.631s] [ 66%] [32mBuilding CXX object CMakeFiles/manager.dir/src/data_collection_manager.cpp.o[0m
[2.632s] [ 66%] [32mBuilding CXX object CMakeFiles/manager.dir/src/main.cpp.o[0m
[8.733s] [100%] [32m[1mLinking CXX executable manager[0m
[8.967s] [100%] Built target manager
[8.991s] Invoked command in '/home/byd/dros/data_collection_service/build/data_collection_service' returned '0': CMAKE_PREFIX_PATH=${CMAKE_PREFIX_PATH}:/opt/ros/humble /usr/bin/cmake --build /home/byd/dros/data_collection_service/build/data_collection_service -- -j8 -l8
[9.013s] Invoking command in '/home/byd/dros/data_collection_service/build/data_collection_service': CMAKE_PREFIX_PATH=${CMAKE_PREFIX_PATH}:/opt/ros/humble /usr/bin/cmake --install /home/byd/dros/data_collection_service/build/data_collection_service
[9.028s] -- Install configuration: ""
[9.028s] -- Installing: /home/byd/dros/data_collection_service/install/data_collection_service/lib/data_collection_service/manager
[9.029s] -- Set runtime path of "/home/byd/dros/data_collection_service/install/data_collection_service/lib/data_collection_service/manager" to ""
[9.029s] -- Installing: /home/byd/dros/data_collection_service/install/data_collection_service/share/ament_index/resource_index/package_run_dependencies/data_collection_service
[9.029s] -- Installing: /home/byd/dros/data_collection_service/install/data_collection_service/share/ament_index/resource_index/parent_prefix_path/data_collection_service
[9.030s] -- Installing: /home/byd/dros/data_collection_service/install/data_collection_service/share/data_collection_service/environment/ament_prefix_path.sh
[9.030s] -- Installing: /home/byd/dros/data_collection_service/install/data_collection_service/share/data_collection_service/environment/ament_prefix_path.dsv
[9.030s] -- Installing: /home/byd/dros/data_collection_service/install/data_collection_service/share/data_collection_service/environment/path.sh
[9.030s] -- Installing: /home/byd/dros/data_collection_service/install/data_collection_service/share/data_collection_service/environment/path.dsv
[9.031s] -- Installing: /home/byd/dros/data_collection_service/install/data_collection_service/share/data_collection_service/local_setup.bash
[9.031s] -- Installing: /home/byd/dros/data_collection_service/install/data_collection_service/share/data_collection_service/local_setup.sh
[9.031s] -- Installing: /home/byd/dros/data_collection_service/install/data_collection_service/share/data_collection_service/local_setup.zsh
[9.032s] -- Installing: /home/byd/dros/data_collection_service/install/data_collection_service/share/data_collection_service/local_setup.dsv
[9.032s] -- Installing: /home/byd/dros/data_collection_service/install/data_collection_service/share/data_collection_service/package.dsv
[9.032s] -- Installing: /home/byd/dros/data_collection_service/install/data_collection_service/share/ament_index/resource_index/packages/data_collection_service
[9.032s] -- Installing: /home/byd/dros/data_collection_service/install/data_collection_service/share/data_collection_service/cmake/data_collection_serviceConfig.cmake
[9.032s] -- Installing: /home/byd/dros/data_collection_service/install/data_collection_service/share/data_collection_service/cmake/data_collection_serviceConfig-version.cmake
[9.033s] -- Installing: /home/byd/dros/data_collection_service/install/data_collection_service/share/data_collection_service/package.xml
[9.038s] Invoked command in '/home/byd/dros/data_collection_service/build/data_collection_service' returned '0': CMAKE_PREFIX_PATH=${CMAKE_PREFIX_PATH}:/opt/ros/humble /usr/bin/cmake --install /home/byd/dros/data_collection_service/build/data_collection_service
