[0.021s] Invoking command in '/home/byd/src/ros2/action_ws/build/action_ws': CMAKE_PREFIX_PATH=${CMAKE_PREFIX_PATH}:/opt/ros/humble /usr/bin/cmake --build /home/byd/src/ros2/action_ws/build/action_ws -- -j8 -l8
[0.094s] [35m[1mConsolidate compiler generated dependencies of target action_cli[0m
[0.118s] [ 50%] Built target action_ser
[0.128s] [ 75%] [32mBuilding CXX object CMakeFiles/action_cli.dir/src/action_cli.cpp.o[0m
[9.367s] [100%] [32m[1mLinking CXX executable action_cli[0m
[9.797s] [100%] Built target action_cli
[9.833s] Invoked command in '/home/byd/src/ros2/action_ws/build/action_ws' returned '0': CMAKE_PREFIX_PATH=${CMAKE_PREFIX_PATH}:/opt/ros/humble /usr/bin/cmake --build /home/byd/src/ros2/action_ws/build/action_ws -- -j8 -l8
[9.907s] Invoking command in '/home/byd/src/ros2/action_ws/build/action_ws': CMAKE_PREFIX_PATH=${CMAKE_PREFIX_PATH}:/opt/ros/humble /usr/bin/cmake --install /home/byd/src/ros2/action_ws/build/action_ws
[9.926s] -- Install configuration: ""
[9.927s] -- Up-to-date: /home/byd/src/ros2/action_ws/install/action_ws/lib/action_ws/action_ser
[9.927s] -- Installing: /home/byd/src/ros2/action_ws/install/action_ws/lib/action_ws/action_cli
[9.929s] -- Set runtime path of "/home/byd/src/ros2/action_ws/install/action_ws/lib/action_ws/action_cli" to ""
[9.930s] -- Up-to-date: /home/byd/src/ros2/action_ws/install/action_ws/share/ament_index/resource_index/package_run_dependencies/action_ws
[9.930s] -- Up-to-date: /home/byd/src/ros2/action_ws/install/action_ws/share/ament_index/resource_index/parent_prefix_path/action_ws
[9.930s] -- Up-to-date: /home/byd/src/ros2/action_ws/install/action_ws/share/action_ws/environment/ament_prefix_path.sh
[9.930s] -- Up-to-date: /home/byd/src/ros2/action_ws/install/action_ws/share/action_ws/environment/ament_prefix_path.dsv
[9.930s] -- Up-to-date: /home/byd/src/ros2/action_ws/install/action_ws/share/action_ws/environment/path.sh
[9.931s] -- Up-to-date: /home/byd/src/ros2/action_ws/install/action_ws/share/action_ws/environment/path.dsv
[9.931s] -- Up-to-date: /home/byd/src/ros2/action_ws/install/action_ws/share/action_ws/local_setup.bash
[9.931s] -- Up-to-date: /home/byd/src/ros2/action_ws/install/action_ws/share/action_ws/local_setup.sh
[9.931s] -- Up-to-date: /home/byd/src/ros2/action_ws/install/action_ws/share/action_ws/local_setup.zsh
[9.931s] -- Up-to-date: /home/byd/src/ros2/action_ws/install/action_ws/share/action_ws/local_setup.dsv
[9.931s] -- Installing: /home/byd/src/ros2/action_ws/install/action_ws/share/action_ws/package.dsv
[9.931s] -- Up-to-date: /home/byd/src/ros2/action_ws/install/action_ws/share/ament_index/resource_index/packages/action_ws
[9.931s] -- Up-to-date: /home/byd/src/ros2/action_ws/install/action_ws/share/action_ws/cmake/action_wsConfig.cmake
[9.932s] -- Up-to-date: /home/byd/src/ros2/action_ws/install/action_ws/share/action_ws/cmake/action_wsConfig-version.cmake
[9.932s] -- Up-to-date: /home/byd/src/ros2/action_ws/install/action_ws/share/action_ws/package.xml
[9.942s] Invoked command in '/home/byd/src/ros2/action_ws/build/action_ws' returned '0': CMAKE_PREFIX_PATH=${CMAKE_PREFIX_PATH}:/opt/ros/humble /usr/bin/cmake --install /home/byd/src/ros2/action_ws/build/action_ws
