Performing C SOURCE FILE Test CMAKE_HAVE_LIBC_PTHREAD failed with the following output:
Change Dir: /home/hawrk/github/hawrk/ros2/action_ws/build/CMakeFiles/CMakeTmp

Run Build Command(s):/usr/bin/make cmTC_6aebb/fast && /usr/bin/make -f CMakeFiles/cmTC_6aebb.dir/build.make CMakeFiles/cmTC_6aebb.dir/build
make[1]: 进入目录“/home/hawrk/github/hawrk/ros2/action_ws/build/CMakeFiles/CMakeTmp”
Building C object CMakeFiles/cmTC_6aebb.dir/src.c.o
/usr/bin/cc   -DCMAKE_HAVE_LIBC_PTHREAD   -o CMakeFiles/cmTC_6aebb.dir/src.c.o   -c /home/hawrk/github/hawrk/ros2/action_ws/build/CMakeFiles/CMakeTmp/src.c
Linking C executable cmTC_6aebb
/usr/bin/cmake -E cmake_link_script CMakeFiles/cmTC_6aebb.dir/link.txt --verbose=1
/usr/bin/cc  -DCMAKE_HAVE_LIBC_PTHREAD    CMakeFiles/cmTC_6aebb.dir/src.c.o  -o cmTC_6aebb 
/usr/bin/ld: CMakeFiles/cmTC_6aebb.dir/src.c.o: in function `main':
src.c:(.text+0x46): undefined reference to `pthread_create'
/usr/bin/ld: src.c:(.text+0x52): undefined reference to `pthread_detach'
/usr/bin/ld: src.c:(.text+0x63): undefined reference to `pthread_join'
collect2: error: ld returned 1 exit status
make[1]: *** [CMakeFiles/cmTC_6aebb.dir/build.make:87：cmTC_6aebb] 错误 1
make[1]: 离开目录“/home/hawrk/github/hawrk/ros2/action_ws/build/CMakeFiles/CMakeTmp”
make: *** [Makefile:121：cmTC_6aebb/fast] 错误 2


Source file was:
#include <pthread.h>

void* test_func(void* data)
{
  return data;
}

int main(void)
{
  pthread_t thread;
  pthread_create(&thread, NULL, test_func, NULL);
  pthread_detach(thread);
  pthread_join(thread, NULL);
  pthread_atfork(NULL, NULL, NULL);
  pthread_exit(NULL);

  return 0;
}

Determining if the function pthread_create exists in the pthreads failed with the following output:
Change Dir: /home/hawrk/github/hawrk/ros2/action_ws/build/CMakeFiles/CMakeTmp

Run Build Command(s):/usr/bin/make cmTC_dbdc2/fast && /usr/bin/make -f CMakeFiles/cmTC_dbdc2.dir/build.make CMakeFiles/cmTC_dbdc2.dir/build
make[1]: 进入目录“/home/hawrk/github/hawrk/ros2/action_ws/build/CMakeFiles/CMakeTmp”
Building C object CMakeFiles/cmTC_dbdc2.dir/CheckFunctionExists.c.o
/usr/bin/cc   -DCHECK_FUNCTION_EXISTS=pthread_create   -o CMakeFiles/cmTC_dbdc2.dir/CheckFunctionExists.c.o   -c /usr/share/cmake-3.16/Modules/CheckFunctionExists.c
Linking C executable cmTC_dbdc2
/usr/bin/cmake -E cmake_link_script CMakeFiles/cmTC_dbdc2.dir/link.txt --verbose=1
/usr/bin/cc  -DCHECK_FUNCTION_EXISTS=pthread_create    CMakeFiles/cmTC_dbdc2.dir/CheckFunctionExists.c.o  -o cmTC_dbdc2  -lpthreads 
/usr/bin/ld: 找不到 -lpthreads
collect2: error: ld returned 1 exit status
make[1]: *** [CMakeFiles/cmTC_dbdc2.dir/build.make:87：cmTC_dbdc2] 错误 1
make[1]: 离开目录“/home/hawrk/github/hawrk/ros2/action_ws/build/CMakeFiles/CMakeTmp”
make: *** [Makefile:121：cmTC_dbdc2/fast] 错误 2



Performing C SOURCE FILE Test CMAKE_HAVE_LIBC_PTHREAD failed with the following output:
Change Dir: /home/hawrk/github/hawrk/ros2/action_ws/build/CMakeFiles/CMakeTmp

Run Build Command(s):/usr/bin/make cmTC_57146/fast && /usr/bin/make -f CMakeFiles/cmTC_57146.dir/build.make CMakeFiles/cmTC_57146.dir/build
make[1]: 进入目录“/home/hawrk/github/hawrk/ros2/action_ws/build/CMakeFiles/CMakeTmp”
Building C object CMakeFiles/cmTC_57146.dir/src.c.o
/usr/bin/cc   -DCMAKE_HAVE_LIBC_PTHREAD   -o CMakeFiles/cmTC_57146.dir/src.c.o   -c /home/hawrk/github/hawrk/ros2/action_ws/build/CMakeFiles/CMakeTmp/src.c
Linking C executable cmTC_57146
/usr/bin/cmake -E cmake_link_script CMakeFiles/cmTC_57146.dir/link.txt --verbose=1
/usr/bin/cc  -DCMAKE_HAVE_LIBC_PTHREAD    CMakeFiles/cmTC_57146.dir/src.c.o  -o cmTC_57146 
/usr/bin/ld: CMakeFiles/cmTC_57146.dir/src.c.o: in function `main':
src.c:(.text+0x46): undefined reference to `pthread_create'
/usr/bin/ld: src.c:(.text+0x52): undefined reference to `pthread_detach'
/usr/bin/ld: src.c:(.text+0x63): undefined reference to `pthread_join'
collect2: error: ld returned 1 exit status
make[1]: *** [CMakeFiles/cmTC_57146.dir/build.make:87：cmTC_57146] 错误 1
make[1]: 离开目录“/home/hawrk/github/hawrk/ros2/action_ws/build/CMakeFiles/CMakeTmp”
make: *** [Makefile:121：cmTC_57146/fast] 错误 2


Source file was:
#include <pthread.h>

void* test_func(void* data)
{
  return data;
}

int main(void)
{
  pthread_t thread;
  pthread_create(&thread, NULL, test_func, NULL);
  pthread_detach(thread);
  pthread_join(thread, NULL);
  pthread_atfork(NULL, NULL, NULL);
  pthread_exit(NULL);

  return 0;
}

Determining if the function pthread_create exists in the pthreads failed with the following output:
Change Dir: /home/hawrk/github/hawrk/ros2/action_ws/build/CMakeFiles/CMakeTmp

Run Build Command(s):/usr/bin/make cmTC_2d7dc/fast && /usr/bin/make -f CMakeFiles/cmTC_2d7dc.dir/build.make CMakeFiles/cmTC_2d7dc.dir/build
make[1]: 进入目录“/home/hawrk/github/hawrk/ros2/action_ws/build/CMakeFiles/CMakeTmp”
Building C object CMakeFiles/cmTC_2d7dc.dir/CheckFunctionExists.c.o
/usr/bin/cc   -DCHECK_FUNCTION_EXISTS=pthread_create   -o CMakeFiles/cmTC_2d7dc.dir/CheckFunctionExists.c.o   -c /usr/share/cmake-3.16/Modules/CheckFunctionExists.c
Linking C executable cmTC_2d7dc
/usr/bin/cmake -E cmake_link_script CMakeFiles/cmTC_2d7dc.dir/link.txt --verbose=1
/usr/bin/cc  -DCHECK_FUNCTION_EXISTS=pthread_create    CMakeFiles/cmTC_2d7dc.dir/CheckFunctionExists.c.o  -o cmTC_2d7dc  -lpthreads 
/usr/bin/ld: 找不到 -lpthreads
collect2: error: ld returned 1 exit status
make[1]: *** [CMakeFiles/cmTC_2d7dc.dir/build.make:87：cmTC_2d7dc] 错误 1
make[1]: 离开目录“/home/hawrk/github/hawrk/ros2/action_ws/build/CMakeFiles/CMakeTmp”
make: *** [Makefile:121：cmTC_2d7dc/fast] 错误 2



