[0.015s] Invoking command in '/home/byd/hawrk/ros2/dros_common_interfaces/build/dros_common_interfaces': CMAKE_PREFIX_PATH=/opt/ros/humble /usr/bin/cmake /home/byd/hawrk/ros2/dros_common_interfaces -DCMAKE_INSTALL_PREFIX=/home/byd/hawrk/ros2/dros_common_interfaces/install/dros_common_interfaces
[0.039s] -- Found ament_cmake: 1.3.11 (/opt/ros/humble/share/ament_cmake/cmake)
[0.253s] -- Found rosidl_default_generators: 1.2.0 (/opt/ros/humble/share/rosidl_default_generators/cmake)
[0.257s] -- Using all available rosidl_typesupport_c: rosidl_typesupport_fastrtps_c;rosidl_typesupport_introspection_c
[0.266s] -- Found rosidl_adapter: 3.1.6 (/opt/ros/humble/share/rosidl_adapter/cmake)
[0.330s] -- Using all available rosidl_typesupport_cpp: rosidl_typesupport_fastrtps_cpp;rosidl_typesupport_introspection_cpp
[0.363s] -- Found builtin_interfaces: 1.2.1 (/opt/ros/humble/share/builtin_interfaces/cmake)
[0.376s] -- Found std_msgs: 4.8.0 (/opt/ros/humble/share/std_msgs/cmake)
[0.390s] -- Found sensor_msgs: 4.8.0 (/opt/ros/humble/share/sensor_msgs/cmake)
[0.426s] -- Found nav_msgs: 4.8.0 (/opt/ros/humble/share/nav_msgs/cmake)
[0.446s] -- Found geographic_msgs: 1.0.6 (/opt/ros/humble/share/geographic_msgs/cmake)
[0.481s] -- Found action_msgs: 1.2.1 (/opt/ros/humble/share/action_msgs/cmake)
[1.147s] -- Found ament_cmake_cppcheck: 0.12.12 (/opt/ros/humble/share/ament_cmake_cppcheck/cmake)
[1.154s] -- Found ament_cmake_cpplint: 0.12.12 (/opt/ros/humble/share/ament_cmake_cpplint/cmake)
[1.162s] -- Found ament_cmake_uncrustify: 0.12.12 (/opt/ros/humble/share/ament_cmake_uncrustify/cmake)
[1.169s] -- Found ament_cmake_ros: 0.10.0 (/opt/ros/humble/share/ament_cmake_ros/cmake)
[1.729s] -- Using all available rosidl_typesupport_c: rosidl_typesupport_fastrtps_c;rosidl_typesupport_introspection_c
[2.474s] -- Using all available rosidl_typesupport_cpp: rosidl_typesupport_fastrtps_cpp;rosidl_typesupport_introspection_cpp
[2.519s] -- Found PythonInterp: /usr/bin/python3 (found suitable version "3.10.12", minimum required is "3.6") 
[2.524s] -- Found python_cmake_module: 0.10.0 (/opt/ros/humble/share/python_cmake_module/cmake)
[2.578s] -- Found PythonLibs: /usr/lib/aarch64-linux-gnu/libpython3.10.so (found suitable version "3.10.12", minimum required is "3.5") 
[2.579s] -- Using PYTHON_EXECUTABLE: /usr/bin/python3
[2.579s] -- Using PYTHON_INCLUDE_DIRS: /usr/include/python3.10
[2.579s] -- Using PYTHON_LIBRARIES: /usr/lib/aarch64-linux-gnu/libpython3.10.so
[2.614s] -- Found PythonExtra: .so  
[2.799s] -- Found ament_cmake_flake8: 0.12.12 (/opt/ros/humble/share/ament_cmake_flake8/cmake)
[2.803s] -- Found ament_cmake_pep257: 0.12.12 (/opt/ros/humble/share/ament_cmake_pep257/cmake)
[2.811s] -- Found ament_lint_auto: 0.12.12 (/opt/ros/humble/share/ament_lint_auto/cmake)
[2.850s] -- Added test 'cppcheck' to perform static code analysis on C / C++ code
[2.852s] -- Configured cppcheck include dirs: $<BUILD_INTERFACE:/home/byd/hawrk/ros2/dros_common_interfaces/build/dros_common_interfaces/rosidl_generator_c>;$<BUILD_INTERFACE:/home/byd/hawrk/ros2/dros_common_interfaces/build/dros_common_interfaces/rosidl_typesupport_fastrtps_c>;$<BUILD_INTERFACE:/home/byd/hawrk/ros2/dros_common_interfaces/build/dros_common_interfaces/rosidl_typesupport_introspection_c>;$<BUILD_INTERFACE:/home/byd/hawrk/ros2/dros_common_interfaces/build/dros_common_interfaces/rosidl_generator_cpp>;$<BUILD_INTERFACE:/home/byd/hawrk/ros2/dros_common_interfaces/build/dros_common_interfaces/rosidl_typesupport_fastrtps_cpp>;$<BUILD_INTERFACE:/home/byd/hawrk/ros2/dros_common_interfaces/build/dros_common_interfaces/rosidl_typesupport_introspection_cpp>;/home/byd/hawrk/ros2/dros_common_interfaces/build/dros_common_interfaces/rosidl_generator_c;/home/byd/hawrk/ros2/dros_common_interfaces/build/dros_common_interfaces/rosidl_generator_py
[2.852s] -- Configured cppcheck exclude dirs and/or files: 
[2.869s] -- Added test 'cpplint' to check C / C++ code against the Google style
[2.869s] -- Configured cpplint exclude dirs and/or files: 
[2.886s] -- Added test 'uncrustify' to check C / C++ code style
[2.886s] -- Configured uncrustify additional arguments: 
[2.888s] -- Added test 'flake8' to check Python code syntax and style conventions
[2.891s] -- Added test 'pep257' to check Python code against some of the docstring style conventions in PEP 257
[2.896s] -- Added test 'lint_cmake' to check CMake code style
[2.898s] -- Added test 'xmllint' to check XML markup files
[2.902s] -- Configuring done
[2.979s] -- Generating done
[3.000s] -- Build files have been written to: /home/byd/hawrk/ros2/dros_common_interfaces/build/dros_common_interfaces
[3.017s] Invoked command in '/home/byd/hawrk/ros2/dros_common_interfaces/build/dros_common_interfaces' returned '0': CMAKE_PREFIX_PATH=/opt/ros/humble /usr/bin/cmake /home/byd/hawrk/ros2/dros_common_interfaces -DCMAKE_INSTALL_PREFIX=/home/byd/hawrk/ros2/dros_common_interfaces/install/dros_common_interfaces
[3.022s] Invoking command in '/home/byd/hawrk/ros2/dros_common_interfaces/build/dros_common_interfaces': CMAKE_PREFIX_PATH=/opt/ros/humble /usr/bin/cmake --build /home/byd/hawrk/ros2/dros_common_interfaces/build/dros_common_interfaces -- -j12 -l12
[3.096s] [  1%] [34m[1mGenerating C code for ROS interfaces[0m
[3.113s] [  2%] [34m[1mGenerating C++ code for ROS interfaces[0m
[3.127s] [  2%] Built target ament_cmake_python_copy_dros_common_interfaces
[3.463s] running egg_info
[3.463s] creating dros_common_interfaces.egg-info
[3.464s] writing dros_common_interfaces.egg-info/PKG-INFO
[3.464s] writing dependency_links to dros_common_interfaces.egg-info/dependency_links.txt
[3.464s] writing top-level names to dros_common_interfaces.egg-info/top_level.txt
[3.465s] writing manifest file 'dros_common_interfaces.egg-info/SOURCES.txt'
[3.468s] reading manifest file 'dros_common_interfaces.egg-info/SOURCES.txt'
[3.469s] writing manifest file 'dros_common_interfaces.egg-info/SOURCES.txt'
[3.518s] [  2%] Built target ament_cmake_python_build_dros_common_interfaces_egg
[4.400s] [  2%] Built target dros_common_interfaces__cpp
[4.417s] [  5%] [34m[1mGenerating C++ type support dispatch for ROS interfaces[0m
[4.418s] [  5%] [34m[1mGenerating C++ type support for eProsima Fast-RTPS[0m
[4.418s] [  6%] [34m[1mGenerating C++ introspection for ROS interfaces[0m
[4.435s] [ 13%] [32mBuilding C object CMakeFiles/dros_common_interfaces__rosidl_generator_c.dir/rosidl_generator_c/dros_common_interfaces/msg/detail/imu_info__functions.c.o[0m
[4.435s] [ 13%] [32mBuilding C object CMakeFiles/dros_common_interfaces__rosidl_generator_c.dir/rosidl_generator_c/dros_common_interfaces/msg/detail/metadata__functions.c.o[0m
[4.435s] [ 13%] [32mBuilding C object CMakeFiles/dros_common_interfaces__rosidl_generator_c.dir/rosidl_generator_c/dros_common_interfaces/action/detail/navigate_to_pose__functions.c.o[0m
[4.435s] [ 13%] [32mBuilding C object CMakeFiles/dros_common_interfaces__rosidl_generator_c.dir/rosidl_generator_c/dros_common_interfaces/msg/detail/rgbd__functions.c.o[0m
[4.435s] [ 13%] [32mBuilding C object CMakeFiles/dros_common_interfaces__rosidl_generator_c.dir/rosidl_generator_c/dros_common_interfaces/srv/detail/device_info__functions.c.o[0m
[4.435s] [ 13%] [32mBuilding C object CMakeFiles/dros_common_interfaces__rosidl_generator_c.dir/rosidl_generator_c/dros_common_interfaces/msg/detail/extrinsics__functions.c.o[0m
[4.435s] [ 15%] [32mBuilding C object CMakeFiles/dros_common_interfaces__rosidl_generator_c.dir/rosidl_generator_c/dros_common_interfaces/srv/detail/grasp__functions.c.o[0m
[4.664s] [ 16%] [32m[1mLinking C shared library libdros_common_interfaces__rosidl_generator_c.so[0m
[4.724s] [ 16%] Built target dros_common_interfaces__rosidl_generator_c
[4.740s] [ 20%] [34m[1mGenerating C introspection for ROS interfaces[0m
[4.740s] [ 20%] [34m[1mGenerating C type support for eProsima Fast-RTPS[0m
[4.740s] [ 20%] [34m[1mGenerating C type support dispatch for ROS interfaces[0m
[5.226s] [ 25%] [32mBuilding CXX object CMakeFiles/dros_common_interfaces__rosidl_typesupport_cpp.dir/rosidl_typesupport_cpp/dros_common_interfaces/msg/extrinsics__type_support.cpp.o[0m
[5.226s] [ 26%] [32mBuilding CXX object CMakeFiles/dros_common_interfaces__rosidl_typesupport_cpp.dir/rosidl_typesupport_cpp/dros_common_interfaces/srv/grasp__type_support.cpp.o[0m
[5.226s] [ 25%] [32mBuilding CXX object CMakeFiles/dros_common_interfaces__rosidl_typesupport_cpp.dir/rosidl_typesupport_cpp/dros_common_interfaces/msg/metadata__type_support.cpp.o[0m
[5.226s] [ 25%] [32mBuilding CXX object CMakeFiles/dros_common_interfaces__rosidl_typesupport_cpp.dir/rosidl_typesupport_cpp/dros_common_interfaces/msg/imu_info__type_support.cpp.o[0m
[5.226s] [ 25%] [32mBuilding CXX object CMakeFiles/dros_common_interfaces__rosidl_typesupport_cpp.dir/rosidl_typesupport_cpp/dros_common_interfaces/msg/rgbd__type_support.cpp.o[0m
[5.228s] [ 27%] [32mBuilding CXX object CMakeFiles/dros_common_interfaces__rosidl_typesupport_cpp.dir/rosidl_typesupport_cpp/dros_common_interfaces/srv/device_info__type_support.cpp.o[0m
[5.235s] [ 29%] [32mBuilding CXX object CMakeFiles/dros_common_interfaces__rosidl_typesupport_cpp.dir/rosidl_typesupport_cpp/dros_common_interfaces/action/navigate_to_pose__type_support.cpp.o[0m
[5.702s] [ 32%] [32mBuilding CXX object CMakeFiles/dros_common_interfaces__rosidl_typesupport_introspection_cpp.dir/rosidl_typesupport_introspection_cpp/dros_common_interfaces/msg/detail/metadata__type_support.cpp.o[0m
[5.703s] [ 32%] [32mBuilding CXX object CMakeFiles/dros_common_interfaces__rosidl_typesupport_introspection_cpp.dir/rosidl_typesupport_introspection_cpp/dros_common_interfaces/msg/detail/imu_info__type_support.cpp.o[0m
[5.703s] [ 32%] [32mBuilding CXX object CMakeFiles/dros_common_interfaces__rosidl_typesupport_introspection_cpp.dir/rosidl_typesupport_introspection_cpp/dros_common_interfaces/msg/detail/rgbd__type_support.cpp.o[0m
[5.706s] [ 34%] [32mBuilding CXX object CMakeFiles/dros_common_interfaces__rosidl_typesupport_introspection_cpp.dir/rosidl_typesupport_introspection_cpp/dros_common_interfaces/srv/detail/device_info__type_support.cpp.o[0m
[5.713s] [ 35%] [32mBuilding CXX object CMakeFiles/dros_common_interfaces__rosidl_typesupport_introspection_cpp.dir/rosidl_typesupport_introspection_cpp/dros_common_interfaces/msg/detail/extrinsics__type_support.cpp.o[0m
[5.718s] [ 36%] [32mBuilding CXX object CMakeFiles/dros_common_interfaces__rosidl_typesupport_c.dir/rosidl_typesupport_c/dros_common_interfaces/msg/imu_info__type_support.cpp.o[0m
[5.724s] [ 37%] [32mBuilding CXX object CMakeFiles/dros_common_interfaces__rosidl_typesupport_fastrtps_cpp.dir/rosidl_typesupport_fastrtps_cpp/dros_common_interfaces/msg/detail/dds_fastrtps/imu_info__type_support.cpp.o[0m
[5.731s] [ 39%] [32mBuilding CXX object CMakeFiles/dros_common_interfaces__rosidl_typesupport_introspection_cpp.dir/rosidl_typesupport_introspection_cpp/dros_common_interfaces/srv/detail/grasp__type_support.cpp.o[0m
[5.731s] [ 40%] [32mBuilding CXX object CMakeFiles/dros_common_interfaces__rosidl_typesupport_fastrtps_cpp.dir/rosidl_typesupport_fastrtps_cpp/dros_common_interfaces/msg/detail/dds_fastrtps/extrinsics__type_support.cpp.o[0m
[5.790s] [ 41%] [32mBuilding CXX object CMakeFiles/dros_common_interfaces__rosidl_typesupport_c.dir/rosidl_typesupport_c/dros_common_interfaces/msg/extrinsics__type_support.cpp.o[0m
[5.857s] [ 43%] [32mBuilding CXX object CMakeFiles/dros_common_interfaces__rosidl_typesupport_c.dir/rosidl_typesupport_c/dros_common_interfaces/msg/metadata__type_support.cpp.o[0m
[5.911s] [ 44%] [32mBuilding CXX object CMakeFiles/dros_common_interfaces__rosidl_typesupport_c.dir/rosidl_typesupport_c/dros_common_interfaces/msg/rgbd__type_support.cpp.o[0m
[5.983s] [ 45%] [32mBuilding CXX object CMakeFiles/dros_common_interfaces__rosidl_typesupport_c.dir/rosidl_typesupport_c/dros_common_interfaces/srv/device_info__type_support.cpp.o[0m
[6.005s] [ 46%] [32mBuilding C object CMakeFiles/dros_common_interfaces__rosidl_typesupport_introspection_c.dir/rosidl_typesupport_introspection_c/dros_common_interfaces/msg/detail/imu_info__type_support.c.o[0m
[6.039s] [ 49%] [32m[1mLinking CXX shared library libdros_common_interfaces__rosidl_typesupport_cpp.so[0m
[6.039s] [ 49%] [32mBuilding CXX object CMakeFiles/dros_common_interfaces__rosidl_typesupport_fastrtps_c.dir/rosidl_typesupport_fastrtps_c/dros_common_interfaces/msg/detail/imu_info__type_support_c.cpp.o[0m
[6.042s] [ 50%] [32mBuilding CXX object CMakeFiles/dros_common_interfaces__rosidl_typesupport_c.dir/rosidl_typesupport_c/dros_common_interfaces/srv/grasp__type_support.cpp.o[0m
[6.080s] [ 51%] [32mBuilding C object CMakeFiles/dros_common_interfaces__rosidl_typesupport_introspection_c.dir/rosidl_typesupport_introspection_c/dros_common_interfaces/msg/detail/extrinsics__type_support.c.o[0m
[6.104s] [ 53%] [32mBuilding CXX object CMakeFiles/dros_common_interfaces__rosidl_typesupport_c.dir/rosidl_typesupport_c/dros_common_interfaces/action/navigate_to_pose__type_support.cpp.o[0m
[6.118s] [ 53%] Built target dros_common_interfaces__rosidl_typesupport_cpp
[6.132s] [ 54%] [32mBuilding CXX object CMakeFiles/dros_common_interfaces__rosidl_typesupport_fastrtps_c.dir/rosidl_typesupport_fastrtps_c/dros_common_interfaces/msg/detail/extrinsics__type_support_c.cpp.o[0m
[6.142s] [ 55%] [32mBuilding C object CMakeFiles/dros_common_interfaces__rosidl_typesupport_introspection_c.dir/rosidl_typesupport_introspection_c/dros_common_interfaces/msg/detail/metadata__type_support.c.o[0m
[6.213s] [ 56%] [32m[1mLinking CXX shared library libdros_common_interfaces__rosidl_typesupport_c.so[0m
[6.216s] [ 58%] [32mBuilding C object CMakeFiles/dros_common_interfaces__rosidl_typesupport_introspection_c.dir/rosidl_typesupport_introspection_c/dros_common_interfaces/msg/detail/rgbd__type_support.c.o[0m
[6.287s] [ 58%] Built target dros_common_interfaces__rosidl_typesupport_c
[6.302s] [ 59%] [32mBuilding C object CMakeFiles/dros_common_interfaces__rosidl_typesupport_introspection_c.dir/rosidl_typesupport_introspection_c/dros_common_interfaces/srv/detail/device_info__type_support.c.o[0m
[6.309s] [ 60%] [32mBuilding C object CMakeFiles/dros_common_interfaces__rosidl_typesupport_introspection_c.dir/rosidl_typesupport_introspection_c/dros_common_interfaces/srv/detail/grasp__type_support.c.o[0m
[6.345s] [ 62%] [32mBuilding CXX object CMakeFiles/dros_common_interfaces__rosidl_typesupport_introspection_cpp.dir/rosidl_typesupport_introspection_cpp/dros_common_interfaces/action/detail/navigate_to_pose__type_support.cpp.o[0m
[6.355s] [ 63%] [32mBuilding CXX object CMakeFiles/dros_common_interfaces__rosidl_typesupport_fastrtps_c.dir/rosidl_typesupport_fastrtps_c/dros_common_interfaces/msg/detail/metadata__type_support_c.cpp.o[0m
[6.368s] [ 64%] [32mBuilding CXX object CMakeFiles/dros_common_interfaces__rosidl_typesupport_fastrtps_c.dir/rosidl_typesupport_fastrtps_c/dros_common_interfaces/msg/detail/rgbd__type_support_c.cpp.o[0m
[6.372s] [ 65%] [32mBuilding C object CMakeFiles/dros_common_interfaces__rosidl_typesupport_introspection_c.dir/rosidl_typesupport_introspection_c/dros_common_interfaces/action/detail/navigate_to_pose__type_support.c.o[0m
[6.376s] [ 67%] [32mBuilding CXX object CMakeFiles/dros_common_interfaces__rosidl_typesupport_fastrtps_cpp.dir/rosidl_typesupport_fastrtps_cpp/dros_common_interfaces/msg/detail/dds_fastrtps/metadata__type_support.cpp.o[0m
[6.380s] [ 68%] [32mBuilding CXX object CMakeFiles/dros_common_interfaces__rosidl_typesupport_fastrtps_c.dir/rosidl_typesupport_fastrtps_c/dros_common_interfaces/srv/detail/device_info__type_support_c.cpp.o[0m
[6.392s] [ 69%] [32mBuilding CXX object CMakeFiles/dros_common_interfaces__rosidl_typesupport_fastrtps_cpp.dir/rosidl_typesupport_fastrtps_cpp/dros_common_interfaces/msg/detail/dds_fastrtps/rgbd__type_support.cpp.o[0m
[6.395s] [ 70%] [32mBuilding CXX object CMakeFiles/dros_common_interfaces__rosidl_typesupport_fastrtps_c.dir/rosidl_typesupport_fastrtps_c/dros_common_interfaces/srv/detail/grasp__type_support_c.cpp.o[0m
[6.441s] [ 72%] [32mBuilding CXX object CMakeFiles/dros_common_interfaces__rosidl_typesupport_fastrtps_cpp.dir/rosidl_typesupport_fastrtps_cpp/dros_common_interfaces/srv/detail/dds_fastrtps/device_info__type_support.cpp.o[0m
[6.449s] [ 73%] [32mBuilding CXX object CMakeFiles/dros_common_interfaces__rosidl_typesupport_fastrtps_cpp.dir/rosidl_typesupport_fastrtps_cpp/dros_common_interfaces/srv/detail/dds_fastrtps/grasp__type_support.cpp.o[0m
[6.467s] [ 74%] [32m[1mLinking C shared library libdros_common_interfaces__rosidl_typesupport_introspection_c.so[0m
[6.529s] [ 74%] Built target dros_common_interfaces__rosidl_typesupport_introspection_c
[6.543s] [ 75%] [32mBuilding CXX object CMakeFiles/dros_common_interfaces__rosidl_typesupport_fastrtps_cpp.dir/rosidl_typesupport_fastrtps_cpp/dros_common_interfaces/action/detail/dds_fastrtps/navigate_to_pose__type_support.cpp.o[0m
[6.635s] [ 77%] [32mBuilding CXX object CMakeFiles/dros_common_interfaces__rosidl_typesupport_fastrtps_c.dir/rosidl_typesupport_fastrtps_c/dros_common_interfaces/action/detail/navigate_to_pose__type_support_c.cpp.o[0m
[7.287s] [ 78%] [32m[1mLinking CXX shared library libdros_common_interfaces__rosidl_typesupport_fastrtps_c.so[0m
[7.318s] [ 79%] [32m[1mLinking CXX shared library libdros_common_interfaces__rosidl_typesupport_introspection_cpp.so[0m
[7.422s] [ 79%] Built target dros_common_interfaces__rosidl_typesupport_fastrtps_c
[7.455s] [ 79%] Built target dros_common_interfaces__rosidl_typesupport_introspection_cpp
[7.525s] [ 81%] [32m[1mLinking CXX shared library libdros_common_interfaces__rosidl_typesupport_fastrtps_cpp.so[0m
[7.654s] [ 81%] Built target dros_common_interfaces__rosidl_typesupport_fastrtps_cpp
[7.691s] [ 81%] Built target dros_common_interfaces
[7.729s] [ 82%] [34m[1mGenerating Python code for ROS interfaces[0m
[9.939s] [ 82%] Built target dros_common_interfaces__py
[9.970s] [ 88%] [32mBuilding C object CMakeFiles/dros_common_interfaces__rosidl_generator_py.dir/rosidl_generator_py/dros_common_interfaces/msg/_metadata_s.c.o[0m
[9.971s] [ 88%] [32mBuilding C object CMakeFiles/dros_common_interfaces__rosidl_generator_py.dir/rosidl_generator_py/dros_common_interfaces/msg/_rgbd_s.c.o[0m
[9.971s] [ 88%] [32mBuilding C object CMakeFiles/dros_common_interfaces__rosidl_generator_py.dir/rosidl_generator_py/dros_common_interfaces/msg/_imu_info_s.c.o[0m
[9.971s] [ 88%] [32mBuilding C object CMakeFiles/dros_common_interfaces__rosidl_generator_py.dir/rosidl_generator_py/dros_common_interfaces/msg/_extrinsics_s.c.o[0m
[9.971s] [ 88%] [32mBuilding C object CMakeFiles/dros_common_interfaces__rosidl_generator_py.dir/rosidl_generator_py/dros_common_interfaces/srv/_grasp_s.c.o[0m
[9.971s] [ 89%] [32mBuilding C object CMakeFiles/dros_common_interfaces__rosidl_generator_py.dir/rosidl_generator_py/dros_common_interfaces/action/_navigate_to_pose_s.c.o[0m
[9.974s] [ 91%] [32mBuilding C object CMakeFiles/dros_common_interfaces__rosidl_generator_py.dir/rosidl_generator_py/dros_common_interfaces/srv/_device_info_s.c.o[0m
[10.249s] [ 92%] [32m[1mLinking C shared library rosidl_generator_py/dros_common_interfaces/libdros_common_interfaces__rosidl_generator_py.so[0m
[10.343s] [ 92%] Built target dros_common_interfaces__rosidl_generator_py
[10.379s] [ 94%] [32mBuilding C object CMakeFiles/dros_common_interfaces__rosidl_typesupport_c__pyext.dir/rosidl_generator_py/dros_common_interfaces/_dros_common_interfaces_s.ep.rosidl_typesupport_c.c.o[0m
[10.379s] [ 96%] [32mBuilding C object CMakeFiles/dros_common_interfaces__rosidl_typesupport_introspection_c__pyext.dir/rosidl_generator_py/dros_common_interfaces/_dros_common_interfaces_s.ep.rosidl_typesupport_introspection_c.c.o[0m
[10.379s] [ 96%] [32mBuilding C object CMakeFiles/dros_common_interfaces__rosidl_typesupport_fastrtps_c__pyext.dir/rosidl_generator_py/dros_common_interfaces/_dros_common_interfaces_s.ep.rosidl_typesupport_fastrtps_c.c.o[0m
[10.610s] [ 98%] [32m[1mLinking C shared library rosidl_generator_py/dros_common_interfaces/dros_common_interfaces_s__rosidl_typesupport_introspection_c.cpython-310-aarch64-linux-gnu.so[0m
[10.611s] [ 98%] [32m[1mLinking C shared library rosidl_generator_py/dros_common_interfaces/dros_common_interfaces_s__rosidl_typesupport_fastrtps_c.cpython-310-aarch64-linux-gnu.so[0m
[10.611s] [100%] [32m[1mLinking C shared library rosidl_generator_py/dros_common_interfaces/dros_common_interfaces_s__rosidl_typesupport_c.cpython-310-aarch64-linux-gnu.so[0m
[10.689s] [100%] Built target dros_common_interfaces__rosidl_typesupport_fastrtps_c__pyext
[10.692s] [100%] Built target dros_common_interfaces__rosidl_typesupport_c__pyext
[10.699s] [100%] Built target dros_common_interfaces__rosidl_typesupport_introspection_c__pyext
[10.722s] Invoked command in '/home/byd/hawrk/ros2/dros_common_interfaces/build/dros_common_interfaces' returned '0': CMAKE_PREFIX_PATH=/opt/ros/humble /usr/bin/cmake --build /home/byd/hawrk/ros2/dros_common_interfaces/build/dros_common_interfaces -- -j12 -l12
[10.741s] Invoking command in '/home/byd/hawrk/ros2/dros_common_interfaces/build/dros_common_interfaces': CMAKE_PREFIX_PATH=/opt/ros/humble /usr/bin/cmake --install /home/byd/hawrk/ros2/dros_common_interfaces/build/dros_common_interfaces
[10.756s] -- Install configuration: ""
[10.756s] -- Installing: /home/byd/hawrk/ros2/dros_common_interfaces/install/dros_common_interfaces/share/ament_index/resource_index/rosidl_interfaces/dros_common_interfaces
[10.756s] -- Installing: /home/byd/hawrk/ros2/dros_common_interfaces/install/dros_common_interfaces/include/dros_common_interfaces/dros_common_interfaces
[10.757s] -- Installing: /home/byd/hawrk/ros2/dros_common_interfaces/install/dros_common_interfaces/include/dros_common_interfaces/dros_common_interfaces/msg
[10.757s] -- Installing: /home/byd/hawrk/ros2/dros_common_interfaces/install/dros_common_interfaces/include/dros_common_interfaces/dros_common_interfaces/msg/rgbd.h
[10.757s] -- Installing: /home/byd/hawrk/ros2/dros_common_interfaces/install/dros_common_interfaces/include/dros_common_interfaces/dros_common_interfaces/msg/imu_info.h
[10.758s] -- Installing: /home/byd/hawrk/ros2/dros_common_interfaces/install/dros_common_interfaces/include/dros_common_interfaces/dros_common_interfaces/msg/detail
[10.758s] -- Installing: /home/byd/hawrk/ros2/dros_common_interfaces/install/dros_common_interfaces/include/dros_common_interfaces/dros_common_interfaces/msg/detail/extrinsics__type_support.h
[10.758s] -- Installing: /home/byd/hawrk/ros2/dros_common_interfaces/install/dros_common_interfaces/include/dros_common_interfaces/dros_common_interfaces/msg/detail/extrinsics__functions.c
[10.759s] -- Installing: /home/byd/hawrk/ros2/dros_common_interfaces/install/dros_common_interfaces/include/dros_common_interfaces/dros_common_interfaces/msg/detail/extrinsics__functions.h
[10.759s] -- Installing: /home/byd/hawrk/ros2/dros_common_interfaces/install/dros_common_interfaces/include/dros_common_interfaces/dros_common_interfaces/msg/detail/imu_info__type_support.h
[10.759s] -- Installing: /home/byd/hawrk/ros2/dros_common_interfaces/install/dros_common_interfaces/include/dros_common_interfaces/dros_common_interfaces/msg/detail/metadata__type_support.h
[10.759s] -- Installing: /home/byd/hawrk/ros2/dros_common_interfaces/install/dros_common_interfaces/include/dros_common_interfaces/dros_common_interfaces/msg/detail/extrinsics__struct.h
[10.759s] -- Installing: /home/byd/hawrk/ros2/dros_common_interfaces/install/dros_common_interfaces/include/dros_common_interfaces/dros_common_interfaces/msg/detail/rgbd__type_support.h
[10.759s] -- Installing: /home/byd/hawrk/ros2/dros_common_interfaces/install/dros_common_interfaces/include/dros_common_interfaces/dros_common_interfaces/msg/detail/rgbd__struct.h
[10.760s] -- Installing: /home/byd/hawrk/ros2/dros_common_interfaces/install/dros_common_interfaces/include/dros_common_interfaces/dros_common_interfaces/msg/detail/imu_info__functions.c
[10.760s] -- Installing: /home/byd/hawrk/ros2/dros_common_interfaces/install/dros_common_interfaces/include/dros_common_interfaces/dros_common_interfaces/msg/detail/metadata__functions.c
[10.760s] -- Installing: /home/byd/hawrk/ros2/dros_common_interfaces/install/dros_common_interfaces/include/dros_common_interfaces/dros_common_interfaces/msg/detail/imu_info__struct.h
[10.760s] -- Installing: /home/byd/hawrk/ros2/dros_common_interfaces/install/dros_common_interfaces/include/dros_common_interfaces/dros_common_interfaces/msg/detail/rgbd__functions.c
[10.760s] -- Installing: /home/byd/hawrk/ros2/dros_common_interfaces/install/dros_common_interfaces/include/dros_common_interfaces/dros_common_interfaces/msg/detail/metadata__struct.h
[10.761s] -- Installing: /home/byd/hawrk/ros2/dros_common_interfaces/install/dros_common_interfaces/include/dros_common_interfaces/dros_common_interfaces/msg/detail/metadata__functions.h
[10.761s] -- Installing: /home/byd/hawrk/ros2/dros_common_interfaces/install/dros_common_interfaces/include/dros_common_interfaces/dros_common_interfaces/msg/detail/rgbd__functions.h
[10.761s] -- Installing: /home/byd/hawrk/ros2/dros_common_interfaces/install/dros_common_interfaces/include/dros_common_interfaces/dros_common_interfaces/msg/detail/imu_info__functions.h
[10.761s] -- Installing: /home/byd/hawrk/ros2/dros_common_interfaces/install/dros_common_interfaces/include/dros_common_interfaces/dros_common_interfaces/msg/extrinsics.h
[10.762s] -- Installing: /home/byd/hawrk/ros2/dros_common_interfaces/install/dros_common_interfaces/include/dros_common_interfaces/dros_common_interfaces/msg/rosidl_generator_c__visibility_control.h
[10.762s] -- Installing: /home/byd/hawrk/ros2/dros_common_interfaces/install/dros_common_interfaces/include/dros_common_interfaces/dros_common_interfaces/msg/metadata.h
[10.762s] -- Installing: /home/byd/hawrk/ros2/dros_common_interfaces/install/dros_common_interfaces/include/dros_common_interfaces/dros_common_interfaces/action
[10.762s] -- Installing: /home/byd/hawrk/ros2/dros_common_interfaces/install/dros_common_interfaces/include/dros_common_interfaces/dros_common_interfaces/action/navigate_to_pose.h
[10.762s] -- Installing: /home/byd/hawrk/ros2/dros_common_interfaces/install/dros_common_interfaces/include/dros_common_interfaces/dros_common_interfaces/action/detail
[10.763s] -- Installing: /home/byd/hawrk/ros2/dros_common_interfaces/install/dros_common_interfaces/include/dros_common_interfaces/dros_common_interfaces/action/detail/navigate_to_pose__struct.h
[10.763s] -- Installing: /home/byd/hawrk/ros2/dros_common_interfaces/install/dros_common_interfaces/include/dros_common_interfaces/dros_common_interfaces/action/detail/navigate_to_pose__functions.c
[10.763s] -- Installing: /home/byd/hawrk/ros2/dros_common_interfaces/install/dros_common_interfaces/include/dros_common_interfaces/dros_common_interfaces/action/detail/navigate_to_pose__functions.h
[10.763s] -- Installing: /home/byd/hawrk/ros2/dros_common_interfaces/install/dros_common_interfaces/include/dros_common_interfaces/dros_common_interfaces/action/detail/navigate_to_pose__type_support.h
[10.763s] -- Installing: /home/byd/hawrk/ros2/dros_common_interfaces/install/dros_common_interfaces/include/dros_common_interfaces/dros_common_interfaces/srv
[10.764s] -- Installing: /home/byd/hawrk/ros2/dros_common_interfaces/install/dros_common_interfaces/include/dros_common_interfaces/dros_common_interfaces/srv/device_info.h
[10.764s] -- Installing: /home/byd/hawrk/ros2/dros_common_interfaces/install/dros_common_interfaces/include/dros_common_interfaces/dros_common_interfaces/srv/grasp.h
[10.764s] -- Installing: /home/byd/hawrk/ros2/dros_common_interfaces/install/dros_common_interfaces/include/dros_common_interfaces/dros_common_interfaces/srv/detail
[10.764s] -- Installing: /home/byd/hawrk/ros2/dros_common_interfaces/install/dros_common_interfaces/include/dros_common_interfaces/dros_common_interfaces/srv/detail/device_info__struct.h
[10.764s] -- Installing: /home/byd/hawrk/ros2/dros_common_interfaces/install/dros_common_interfaces/include/dros_common_interfaces/dros_common_interfaces/srv/detail/grasp__struct.h
[10.764s] -- Installing: /home/byd/hawrk/ros2/dros_common_interfaces/install/dros_common_interfaces/include/dros_common_interfaces/dros_common_interfaces/srv/detail/grasp__functions.h
[10.765s] -- Installing: /home/byd/hawrk/ros2/dros_common_interfaces/install/dros_common_interfaces/include/dros_common_interfaces/dros_common_interfaces/srv/detail/grasp__functions.c
[10.765s] -- Installing: /home/byd/hawrk/ros2/dros_common_interfaces/install/dros_common_interfaces/include/dros_common_interfaces/dros_common_interfaces/srv/detail/device_info__functions.h
[10.765s] -- Installing: /home/byd/hawrk/ros2/dros_common_interfaces/install/dros_common_interfaces/include/dros_common_interfaces/dros_common_interfaces/srv/detail/grasp__type_support.h
[10.766s] -- Installing: /home/byd/hawrk/ros2/dros_common_interfaces/install/dros_common_interfaces/include/dros_common_interfaces/dros_common_interfaces/srv/detail/device_info__type_support.h
[10.766s] -- Installing: /home/byd/hawrk/ros2/dros_common_interfaces/install/dros_common_interfaces/include/dros_common_interfaces/dros_common_interfaces/srv/detail/device_info__functions.c
[10.766s] -- Installing: /home/byd/hawrk/ros2/dros_common_interfaces/install/dros_common_interfaces/share/dros_common_interfaces/environment/library_path.sh
[10.767s] -- Installing: /home/byd/hawrk/ros2/dros_common_interfaces/install/dros_common_interfaces/share/dros_common_interfaces/environment/library_path.dsv
[10.768s] -- Installing: /home/byd/hawrk/ros2/dros_common_interfaces/install/dros_common_interfaces/lib/libdros_common_interfaces__rosidl_generator_c.so
[10.768s] -- Set runtime path of "/home/byd/hawrk/ros2/dros_common_interfaces/install/dros_common_interfaces/lib/libdros_common_interfaces__rosidl_generator_c.so" to ""
[10.769s] -- Up-to-date: /home/byd/hawrk/ros2/dros_common_interfaces/install/dros_common_interfaces/include/dros_common_interfaces/dros_common_interfaces
[10.769s] -- Up-to-date: /home/byd/hawrk/ros2/dros_common_interfaces/install/dros_common_interfaces/include/dros_common_interfaces/dros_common_interfaces/msg
[10.769s] -- Up-to-date: /home/byd/hawrk/ros2/dros_common_interfaces/install/dros_common_interfaces/include/dros_common_interfaces/dros_common_interfaces/msg/detail
[10.769s] -- Installing: /home/byd/hawrk/ros2/dros_common_interfaces/install/dros_common_interfaces/include/dros_common_interfaces/dros_common_interfaces/msg/detail/extrinsics__rosidl_typesupport_fastrtps_c.h
[10.769s] -- Installing: /home/byd/hawrk/ros2/dros_common_interfaces/install/dros_common_interfaces/include/dros_common_interfaces/dros_common_interfaces/msg/detail/metadata__rosidl_typesupport_fastrtps_c.h
[10.770s] -- Installing: /home/byd/hawrk/ros2/dros_common_interfaces/install/dros_common_interfaces/include/dros_common_interfaces/dros_common_interfaces/msg/detail/imu_info__rosidl_typesupport_fastrtps_c.h
[10.770s] -- Installing: /home/byd/hawrk/ros2/dros_common_interfaces/install/dros_common_interfaces/include/dros_common_interfaces/dros_common_interfaces/msg/detail/rgbd__rosidl_typesupport_fastrtps_c.h
[10.770s] -- Installing: /home/byd/hawrk/ros2/dros_common_interfaces/install/dros_common_interfaces/include/dros_common_interfaces/dros_common_interfaces/msg/rosidl_typesupport_fastrtps_c__visibility_control.h
[10.770s] -- Up-to-date: /home/byd/hawrk/ros2/dros_common_interfaces/install/dros_common_interfaces/include/dros_common_interfaces/dros_common_interfaces/action
[10.770s] -- Up-to-date: /home/byd/hawrk/ros2/dros_common_interfaces/install/dros_common_interfaces/include/dros_common_interfaces/dros_common_interfaces/action/detail
[10.770s] -- Installing: /home/byd/hawrk/ros2/dros_common_interfaces/install/dros_common_interfaces/include/dros_common_interfaces/dros_common_interfaces/action/detail/navigate_to_pose__rosidl_typesupport_fastrtps_c.h
[10.771s] -- Up-to-date: /home/byd/hawrk/ros2/dros_common_interfaces/install/dros_common_interfaces/include/dros_common_interfaces/dros_common_interfaces/srv
[10.771s] -- Up-to-date: /home/byd/hawrk/ros2/dros_common_interfaces/install/dros_common_interfaces/include/dros_common_interfaces/dros_common_interfaces/srv/detail
[10.771s] -- Installing: /home/byd/hawrk/ros2/dros_common_interfaces/install/dros_common_interfaces/include/dros_common_interfaces/dros_common_interfaces/srv/detail/device_info__rosidl_typesupport_fastrtps_c.h
[10.771s] -- Installing: /home/byd/hawrk/ros2/dros_common_interfaces/install/dros_common_interfaces/include/dros_common_interfaces/dros_common_interfaces/srv/detail/grasp__rosidl_typesupport_fastrtps_c.h
[10.772s] -- Installing: /home/byd/hawrk/ros2/dros_common_interfaces/install/dros_common_interfaces/lib/libdros_common_interfaces__rosidl_typesupport_fastrtps_c.so
[10.773s] -- Set runtime path of "/home/byd/hawrk/ros2/dros_common_interfaces/install/dros_common_interfaces/lib/libdros_common_interfaces__rosidl_typesupport_fastrtps_c.so" to ""
[10.773s] -- Up-to-date: /home/byd/hawrk/ros2/dros_common_interfaces/install/dros_common_interfaces/include/dros_common_interfaces/dros_common_interfaces
[10.773s] -- Up-to-date: /home/byd/hawrk/ros2/dros_common_interfaces/install/dros_common_interfaces/include/dros_common_interfaces/dros_common_interfaces/msg
[10.773s] -- Installing: /home/byd/hawrk/ros2/dros_common_interfaces/install/dros_common_interfaces/include/dros_common_interfaces/dros_common_interfaces/msg/rosidl_typesupport_introspection_c__visibility_control.h
[10.773s] -- Up-to-date: /home/byd/hawrk/ros2/dros_common_interfaces/install/dros_common_interfaces/include/dros_common_interfaces/dros_common_interfaces/msg/detail
[10.774s] -- Installing: /home/byd/hawrk/ros2/dros_common_interfaces/install/dros_common_interfaces/include/dros_common_interfaces/dros_common_interfaces/msg/detail/rgbd__rosidl_typesupport_introspection_c.h
[10.774s] -- Installing: /home/byd/hawrk/ros2/dros_common_interfaces/install/dros_common_interfaces/include/dros_common_interfaces/dros_common_interfaces/msg/detail/imu_info__rosidl_typesupport_introspection_c.h
[10.774s] -- Installing: /home/byd/hawrk/ros2/dros_common_interfaces/install/dros_common_interfaces/include/dros_common_interfaces/dros_common_interfaces/msg/detail/extrinsics__type_support.c
[10.774s] -- Installing: /home/byd/hawrk/ros2/dros_common_interfaces/install/dros_common_interfaces/include/dros_common_interfaces/dros_common_interfaces/msg/detail/rgbd__type_support.c
[10.774s] -- Installing: /home/byd/hawrk/ros2/dros_common_interfaces/install/dros_common_interfaces/include/dros_common_interfaces/dros_common_interfaces/msg/detail/metadata__rosidl_typesupport_introspection_c.h
[10.774s] -- Installing: /home/byd/hawrk/ros2/dros_common_interfaces/install/dros_common_interfaces/include/dros_common_interfaces/dros_common_interfaces/msg/detail/metadata__type_support.c
[10.775s] -- Installing: /home/byd/hawrk/ros2/dros_common_interfaces/install/dros_common_interfaces/include/dros_common_interfaces/dros_common_interfaces/msg/detail/extrinsics__rosidl_typesupport_introspection_c.h
[10.775s] -- Installing: /home/byd/hawrk/ros2/dros_common_interfaces/install/dros_common_interfaces/include/dros_common_interfaces/dros_common_interfaces/msg/detail/imu_info__type_support.c
[10.775s] -- Up-to-date: /home/byd/hawrk/ros2/dros_common_interfaces/install/dros_common_interfaces/include/dros_common_interfaces/dros_common_interfaces/action
[10.776s] -- Up-to-date: /home/byd/hawrk/ros2/dros_common_interfaces/install/dros_common_interfaces/include/dros_common_interfaces/dros_common_interfaces/action/detail
[10.776s] -- Installing: /home/byd/hawrk/ros2/dros_common_interfaces/install/dros_common_interfaces/include/dros_common_interfaces/dros_common_interfaces/action/detail/navigate_to_pose__rosidl_typesupport_introspection_c.h
[10.776s] -- Installing: /home/byd/hawrk/ros2/dros_common_interfaces/install/dros_common_interfaces/include/dros_common_interfaces/dros_common_interfaces/action/detail/navigate_to_pose__type_support.c
[10.776s] -- Up-to-date: /home/byd/hawrk/ros2/dros_common_interfaces/install/dros_common_interfaces/include/dros_common_interfaces/dros_common_interfaces/srv
[10.776s] -- Up-to-date: /home/byd/hawrk/ros2/dros_common_interfaces/install/dros_common_interfaces/include/dros_common_interfaces/dros_common_interfaces/srv/detail
[10.776s] -- Installing: /home/byd/hawrk/ros2/dros_common_interfaces/install/dros_common_interfaces/include/dros_common_interfaces/dros_common_interfaces/srv/detail/grasp__rosidl_typesupport_introspection_c.h
[10.776s] -- Installing: /home/byd/hawrk/ros2/dros_common_interfaces/install/dros_common_interfaces/include/dros_common_interfaces/dros_common_interfaces/srv/detail/device_info__type_support.c
[10.776s] -- Installing: /home/byd/hawrk/ros2/dros_common_interfaces/install/dros_common_interfaces/include/dros_common_interfaces/dros_common_interfaces/srv/detail/grasp__type_support.c
[10.777s] -- Installing: /home/byd/hawrk/ros2/dros_common_interfaces/install/dros_common_interfaces/include/dros_common_interfaces/dros_common_interfaces/srv/detail/device_info__rosidl_typesupport_introspection_c.h
[10.777s] -- Installing: /home/byd/hawrk/ros2/dros_common_interfaces/install/dros_common_interfaces/lib/libdros_common_interfaces__rosidl_typesupport_introspection_c.so
[10.778s] -- Set runtime path of "/home/byd/hawrk/ros2/dros_common_interfaces/install/dros_common_interfaces/lib/libdros_common_interfaces__rosidl_typesupport_introspection_c.so" to ""
[10.778s] -- Installing: /home/byd/hawrk/ros2/dros_common_interfaces/install/dros_common_interfaces/lib/libdros_common_interfaces__rosidl_typesupport_c.so
[10.778s] -- Set runtime path of "/home/byd/hawrk/ros2/dros_common_interfaces/install/dros_common_interfaces/lib/libdros_common_interfaces__rosidl_typesupport_c.so" to ""
[10.778s] -- Up-to-date: /home/byd/hawrk/ros2/dros_common_interfaces/install/dros_common_interfaces/include/dros_common_interfaces/dros_common_interfaces
[10.778s] -- Up-to-date: /home/byd/hawrk/ros2/dros_common_interfaces/install/dros_common_interfaces/include/dros_common_interfaces/dros_common_interfaces/msg
[10.778s] -- Installing: /home/byd/hawrk/ros2/dros_common_interfaces/install/dros_common_interfaces/include/dros_common_interfaces/dros_common_interfaces/msg/imu_info.hpp
[10.779s] -- Installing: /home/byd/hawrk/ros2/dros_common_interfaces/install/dros_common_interfaces/include/dros_common_interfaces/dros_common_interfaces/msg/metadata.hpp
[10.779s] -- Up-to-date: /home/byd/hawrk/ros2/dros_common_interfaces/install/dros_common_interfaces/include/dros_common_interfaces/dros_common_interfaces/msg/detail
[10.779s] -- Installing: /home/byd/hawrk/ros2/dros_common_interfaces/install/dros_common_interfaces/include/dros_common_interfaces/dros_common_interfaces/msg/detail/extrinsics__struct.hpp
[10.779s] -- Installing: /home/byd/hawrk/ros2/dros_common_interfaces/install/dros_common_interfaces/include/dros_common_interfaces/dros_common_interfaces/msg/detail/extrinsics__type_support.hpp
[10.779s] -- Installing: /home/byd/hawrk/ros2/dros_common_interfaces/install/dros_common_interfaces/include/dros_common_interfaces/dros_common_interfaces/msg/detail/extrinsics__builder.hpp
[10.779s] -- Installing: /home/byd/hawrk/ros2/dros_common_interfaces/install/dros_common_interfaces/include/dros_common_interfaces/dros_common_interfaces/msg/detail/rgbd__traits.hpp
[10.779s] -- Installing: /home/byd/hawrk/ros2/dros_common_interfaces/install/dros_common_interfaces/include/dros_common_interfaces/dros_common_interfaces/msg/detail/metadata__traits.hpp
[10.780s] -- Installing: /home/byd/hawrk/ros2/dros_common_interfaces/install/dros_common_interfaces/include/dros_common_interfaces/dros_common_interfaces/msg/detail/extrinsics__traits.hpp
[10.780s] -- Installing: /home/byd/hawrk/ros2/dros_common_interfaces/install/dros_common_interfaces/include/dros_common_interfaces/dros_common_interfaces/msg/detail/metadata__type_support.hpp
[10.780s] -- Installing: /home/byd/hawrk/ros2/dros_common_interfaces/install/dros_common_interfaces/include/dros_common_interfaces/dros_common_interfaces/msg/detail/imu_info__type_support.hpp
[10.780s] -- Installing: /home/byd/hawrk/ros2/dros_common_interfaces/install/dros_common_interfaces/include/dros_common_interfaces/dros_common_interfaces/msg/detail/imu_info__builder.hpp
[10.780s] -- Installing: /home/byd/hawrk/ros2/dros_common_interfaces/install/dros_common_interfaces/include/dros_common_interfaces/dros_common_interfaces/msg/detail/rgbd__builder.hpp
[10.780s] -- Installing: /home/byd/hawrk/ros2/dros_common_interfaces/install/dros_common_interfaces/include/dros_common_interfaces/dros_common_interfaces/msg/detail/metadata__builder.hpp
[10.781s] -- Installing: /home/byd/hawrk/ros2/dros_common_interfaces/install/dros_common_interfaces/include/dros_common_interfaces/dros_common_interfaces/msg/detail/metadata__struct.hpp
[10.781s] -- Installing: /home/byd/hawrk/ros2/dros_common_interfaces/install/dros_common_interfaces/include/dros_common_interfaces/dros_common_interfaces/msg/detail/rgbd__struct.hpp
[10.781s] -- Installing: /home/byd/hawrk/ros2/dros_common_interfaces/install/dros_common_interfaces/include/dros_common_interfaces/dros_common_interfaces/msg/detail/imu_info__traits.hpp
[10.782s] -- Installing: /home/byd/hawrk/ros2/dros_common_interfaces/install/dros_common_interfaces/include/dros_common_interfaces/dros_common_interfaces/msg/detail/rgbd__type_support.hpp
[10.782s] -- Installing: /home/byd/hawrk/ros2/dros_common_interfaces/install/dros_common_interfaces/include/dros_common_interfaces/dros_common_interfaces/msg/detail/imu_info__struct.hpp
[10.782s] -- Installing: /home/byd/hawrk/ros2/dros_common_interfaces/install/dros_common_interfaces/include/dros_common_interfaces/dros_common_interfaces/msg/rosidl_generator_cpp__visibility_control.hpp
[10.782s] -- Installing: /home/byd/hawrk/ros2/dros_common_interfaces/install/dros_common_interfaces/include/dros_common_interfaces/dros_common_interfaces/msg/extrinsics.hpp
[10.782s] -- Installing: /home/byd/hawrk/ros2/dros_common_interfaces/install/dros_common_interfaces/include/dros_common_interfaces/dros_common_interfaces/msg/rgbd.hpp
[10.783s] -- Up-to-date: /home/byd/hawrk/ros2/dros_common_interfaces/install/dros_common_interfaces/include/dros_common_interfaces/dros_common_interfaces/action
[10.783s] -- Up-to-date: /home/byd/hawrk/ros2/dros_common_interfaces/install/dros_common_interfaces/include/dros_common_interfaces/dros_common_interfaces/action/detail
[10.783s] -- Installing: /home/byd/hawrk/ros2/dros_common_interfaces/install/dros_common_interfaces/include/dros_common_interfaces/dros_common_interfaces/action/detail/navigate_to_pose__traits.hpp
[10.783s] -- Installing: /home/byd/hawrk/ros2/dros_common_interfaces/install/dros_common_interfaces/include/dros_common_interfaces/dros_common_interfaces/action/detail/navigate_to_pose__type_support.hpp
[10.783s] -- Installing: /home/byd/hawrk/ros2/dros_common_interfaces/install/dros_common_interfaces/include/dros_common_interfaces/dros_common_interfaces/action/detail/navigate_to_pose__struct.hpp
[10.783s] -- Installing: /home/byd/hawrk/ros2/dros_common_interfaces/install/dros_common_interfaces/include/dros_common_interfaces/dros_common_interfaces/action/detail/navigate_to_pose__builder.hpp
[10.783s] -- Installing: /home/byd/hawrk/ros2/dros_common_interfaces/install/dros_common_interfaces/include/dros_common_interfaces/dros_common_interfaces/action/navigate_to_pose.hpp
[10.784s] -- Up-to-date: /home/byd/hawrk/ros2/dros_common_interfaces/install/dros_common_interfaces/include/dros_common_interfaces/dros_common_interfaces/srv
[10.784s] -- Installing: /home/byd/hawrk/ros2/dros_common_interfaces/install/dros_common_interfaces/include/dros_common_interfaces/dros_common_interfaces/srv/device_info.hpp
[10.784s] -- Up-to-date: /home/byd/hawrk/ros2/dros_common_interfaces/install/dros_common_interfaces/include/dros_common_interfaces/dros_common_interfaces/srv/detail
[10.784s] -- Installing: /home/byd/hawrk/ros2/dros_common_interfaces/install/dros_common_interfaces/include/dros_common_interfaces/dros_common_interfaces/srv/detail/grasp__type_support.hpp
[10.784s] -- Installing: /home/byd/hawrk/ros2/dros_common_interfaces/install/dros_common_interfaces/include/dros_common_interfaces/dros_common_interfaces/srv/detail/device_info__type_support.hpp
[10.784s] -- Installing: /home/byd/hawrk/ros2/dros_common_interfaces/install/dros_common_interfaces/include/dros_common_interfaces/dros_common_interfaces/srv/detail/device_info__builder.hpp
[10.784s] -- Installing: /home/byd/hawrk/ros2/dros_common_interfaces/install/dros_common_interfaces/include/dros_common_interfaces/dros_common_interfaces/srv/detail/grasp__traits.hpp
[10.784s] -- Installing: /home/byd/hawrk/ros2/dros_common_interfaces/install/dros_common_interfaces/include/dros_common_interfaces/dros_common_interfaces/srv/detail/grasp__struct.hpp
[10.785s] -- Installing: /home/byd/hawrk/ros2/dros_common_interfaces/install/dros_common_interfaces/include/dros_common_interfaces/dros_common_interfaces/srv/detail/device_info__struct.hpp
[10.785s] -- Installing: /home/byd/hawrk/ros2/dros_common_interfaces/install/dros_common_interfaces/include/dros_common_interfaces/dros_common_interfaces/srv/detail/grasp__builder.hpp
[10.785s] -- Installing: /home/byd/hawrk/ros2/dros_common_interfaces/install/dros_common_interfaces/include/dros_common_interfaces/dros_common_interfaces/srv/detail/device_info__traits.hpp
[10.785s] -- Installing: /home/byd/hawrk/ros2/dros_common_interfaces/install/dros_common_interfaces/include/dros_common_interfaces/dros_common_interfaces/srv/grasp.hpp
[10.785s] -- Up-to-date: /home/byd/hawrk/ros2/dros_common_interfaces/install/dros_common_interfaces/include/dros_common_interfaces/dros_common_interfaces
[10.785s] -- Up-to-date: /home/byd/hawrk/ros2/dros_common_interfaces/install/dros_common_interfaces/include/dros_common_interfaces/dros_common_interfaces/msg
[10.786s] -- Up-to-date: /home/byd/hawrk/ros2/dros_common_interfaces/install/dros_common_interfaces/include/dros_common_interfaces/dros_common_interfaces/msg/detail
[10.786s] -- Installing: /home/byd/hawrk/ros2/dros_common_interfaces/install/dros_common_interfaces/include/dros_common_interfaces/dros_common_interfaces/msg/detail/dds_fastrtps
[10.786s] -- Installing: /home/byd/hawrk/ros2/dros_common_interfaces/install/dros_common_interfaces/include/dros_common_interfaces/dros_common_interfaces/msg/detail/imu_info__rosidl_typesupport_fastrtps_cpp.hpp
[10.786s] -- Installing: /home/byd/hawrk/ros2/dros_common_interfaces/install/dros_common_interfaces/include/dros_common_interfaces/dros_common_interfaces/msg/detail/metadata__rosidl_typesupport_fastrtps_cpp.hpp
[10.786s] -- Installing: /home/byd/hawrk/ros2/dros_common_interfaces/install/dros_common_interfaces/include/dros_common_interfaces/dros_common_interfaces/msg/detail/extrinsics__rosidl_typesupport_fastrtps_cpp.hpp
[10.786s] -- Installing: /home/byd/hawrk/ros2/dros_common_interfaces/install/dros_common_interfaces/include/dros_common_interfaces/dros_common_interfaces/msg/detail/rgbd__rosidl_typesupport_fastrtps_cpp.hpp
[10.786s] -- Installing: /home/byd/hawrk/ros2/dros_common_interfaces/install/dros_common_interfaces/include/dros_common_interfaces/dros_common_interfaces/msg/rosidl_typesupport_fastrtps_cpp__visibility_control.h
[10.786s] -- Up-to-date: /home/byd/hawrk/ros2/dros_common_interfaces/install/dros_common_interfaces/include/dros_common_interfaces/dros_common_interfaces/action
[10.787s] -- Up-to-date: /home/byd/hawrk/ros2/dros_common_interfaces/install/dros_common_interfaces/include/dros_common_interfaces/dros_common_interfaces/action/detail
[10.787s] -- Installing: /home/byd/hawrk/ros2/dros_common_interfaces/install/dros_common_interfaces/include/dros_common_interfaces/dros_common_interfaces/action/detail/dds_fastrtps
[10.787s] -- Installing: /home/byd/hawrk/ros2/dros_common_interfaces/install/dros_common_interfaces/include/dros_common_interfaces/dros_common_interfaces/action/detail/navigate_to_pose__rosidl_typesupport_fastrtps_cpp.hpp
[10.787s] -- Up-to-date: /home/byd/hawrk/ros2/dros_common_interfaces/install/dros_common_interfaces/include/dros_common_interfaces/dros_common_interfaces/srv
[10.787s] -- Up-to-date: /home/byd/hawrk/ros2/dros_common_interfaces/install/dros_common_interfaces/include/dros_common_interfaces/dros_common_interfaces/srv/detail
[10.787s] -- Installing: /home/byd/hawrk/ros2/dros_common_interfaces/install/dros_common_interfaces/include/dros_common_interfaces/dros_common_interfaces/srv/detail/dds_fastrtps
[10.787s] -- Installing: /home/byd/hawrk/ros2/dros_common_interfaces/install/dros_common_interfaces/include/dros_common_interfaces/dros_common_interfaces/srv/detail/grasp__rosidl_typesupport_fastrtps_cpp.hpp
[10.787s] -- Installing: /home/byd/hawrk/ros2/dros_common_interfaces/install/dros_common_interfaces/include/dros_common_interfaces/dros_common_interfaces/srv/detail/device_info__rosidl_typesupport_fastrtps_cpp.hpp
[10.787s] -- Installing: /home/byd/hawrk/ros2/dros_common_interfaces/install/dros_common_interfaces/lib/libdros_common_interfaces__rosidl_typesupport_fastrtps_cpp.so
[10.788s] -- Set runtime path of "/home/byd/hawrk/ros2/dros_common_interfaces/install/dros_common_interfaces/lib/libdros_common_interfaces__rosidl_typesupport_fastrtps_cpp.so" to ""
[10.788s] -- Up-to-date: /home/byd/hawrk/ros2/dros_common_interfaces/install/dros_common_interfaces/include/dros_common_interfaces/dros_common_interfaces
[10.788s] -- Up-to-date: /home/byd/hawrk/ros2/dros_common_interfaces/install/dros_common_interfaces/include/dros_common_interfaces/dros_common_interfaces/msg
[10.788s] -- Up-to-date: /home/byd/hawrk/ros2/dros_common_interfaces/install/dros_common_interfaces/include/dros_common_interfaces/dros_common_interfaces/msg/detail
[10.789s] -- Installing: /home/byd/hawrk/ros2/dros_common_interfaces/install/dros_common_interfaces/include/dros_common_interfaces/dros_common_interfaces/msg/detail/imu_info__type_support.cpp
[10.789s] -- Installing: /home/byd/hawrk/ros2/dros_common_interfaces/install/dros_common_interfaces/include/dros_common_interfaces/dros_common_interfaces/msg/detail/extrinsics__rosidl_typesupport_introspection_cpp.hpp
[10.789s] -- Installing: /home/byd/hawrk/ros2/dros_common_interfaces/install/dros_common_interfaces/include/dros_common_interfaces/dros_common_interfaces/msg/detail/rgbd__type_support.cpp
[10.789s] -- Installing: /home/byd/hawrk/ros2/dros_common_interfaces/install/dros_common_interfaces/include/dros_common_interfaces/dros_common_interfaces/msg/detail/extrinsics__type_support.cpp
[10.789s] -- Installing: /home/byd/hawrk/ros2/dros_common_interfaces/install/dros_common_interfaces/include/dros_common_interfaces/dros_common_interfaces/msg/detail/metadata__rosidl_typesupport_introspection_cpp.hpp
[10.790s] -- Installing: /home/byd/hawrk/ros2/dros_common_interfaces/install/dros_common_interfaces/include/dros_common_interfaces/dros_common_interfaces/msg/detail/imu_info__rosidl_typesupport_introspection_cpp.hpp
[10.790s] -- Installing: /home/byd/hawrk/ros2/dros_common_interfaces/install/dros_common_interfaces/include/dros_common_interfaces/dros_common_interfaces/msg/detail/rgbd__rosidl_typesupport_introspection_cpp.hpp
[10.790s] -- Installing: /home/byd/hawrk/ros2/dros_common_interfaces/install/dros_common_interfaces/include/dros_common_interfaces/dros_common_interfaces/msg/detail/metadata__type_support.cpp
[10.790s] -- Up-to-date: /home/byd/hawrk/ros2/dros_common_interfaces/install/dros_common_interfaces/include/dros_common_interfaces/dros_common_interfaces/action
[10.790s] -- Up-to-date: /home/byd/hawrk/ros2/dros_common_interfaces/install/dros_common_interfaces/include/dros_common_interfaces/dros_common_interfaces/action/detail
[10.790s] -- Installing: /home/byd/hawrk/ros2/dros_common_interfaces/install/dros_common_interfaces/include/dros_common_interfaces/dros_common_interfaces/action/detail/navigate_to_pose__type_support.cpp
[10.791s] -- Installing: /home/byd/hawrk/ros2/dros_common_interfaces/install/dros_common_interfaces/include/dros_common_interfaces/dros_common_interfaces/action/detail/navigate_to_pose__rosidl_typesupport_introspection_cpp.hpp
[10.791s] -- Up-to-date: /home/byd/hawrk/ros2/dros_common_interfaces/install/dros_common_interfaces/include/dros_common_interfaces/dros_common_interfaces/srv
[10.791s] -- Up-to-date: /home/byd/hawrk/ros2/dros_common_interfaces/install/dros_common_interfaces/include/dros_common_interfaces/dros_common_interfaces/srv/detail
[10.791s] -- Installing: /home/byd/hawrk/ros2/dros_common_interfaces/install/dros_common_interfaces/include/dros_common_interfaces/dros_common_interfaces/srv/detail/grasp__rosidl_typesupport_introspection_cpp.hpp
[10.791s] -- Installing: /home/byd/hawrk/ros2/dros_common_interfaces/install/dros_common_interfaces/include/dros_common_interfaces/dros_common_interfaces/srv/detail/device_info__type_support.cpp
[10.791s] -- Installing: /home/byd/hawrk/ros2/dros_common_interfaces/install/dros_common_interfaces/include/dros_common_interfaces/dros_common_interfaces/srv/detail/grasp__type_support.cpp
[10.792s] -- Installing: /home/byd/hawrk/ros2/dros_common_interfaces/install/dros_common_interfaces/include/dros_common_interfaces/dros_common_interfaces/srv/detail/device_info__rosidl_typesupport_introspection_cpp.hpp
[10.792s] -- Installing: /home/byd/hawrk/ros2/dros_common_interfaces/install/dros_common_interfaces/lib/libdros_common_interfaces__rosidl_typesupport_introspection_cpp.so
[10.792s] -- Set runtime path of "/home/byd/hawrk/ros2/dros_common_interfaces/install/dros_common_interfaces/lib/libdros_common_interfaces__rosidl_typesupport_introspection_cpp.so" to ""
[10.793s] -- Installing: /home/byd/hawrk/ros2/dros_common_interfaces/install/dros_common_interfaces/lib/libdros_common_interfaces__rosidl_typesupport_cpp.so
[10.793s] -- Set runtime path of "/home/byd/hawrk/ros2/dros_common_interfaces/install/dros_common_interfaces/lib/libdros_common_interfaces__rosidl_typesupport_cpp.so" to ""
[10.793s] -- Installing: /home/byd/hawrk/ros2/dros_common_interfaces/install/dros_common_interfaces/share/dros_common_interfaces/environment/pythonpath.sh
[10.793s] -- Installing: /home/byd/hawrk/ros2/dros_common_interfaces/install/dros_common_interfaces/share/dros_common_interfaces/environment/pythonpath.dsv
[10.793s] -- Installing: /home/byd/hawrk/ros2/dros_common_interfaces/install/dros_common_interfaces/local/lib/python3.10/dist-packages/dros_common_interfaces-0.0.0-py3.10.egg-info
[10.794s] -- Installing: /home/byd/hawrk/ros2/dros_common_interfaces/install/dros_common_interfaces/local/lib/python3.10/dist-packages/dros_common_interfaces-0.0.0-py3.10.egg-info/PKG-INFO
[10.794s] -- Installing: /home/byd/hawrk/ros2/dros_common_interfaces/install/dros_common_interfaces/local/lib/python3.10/dist-packages/dros_common_interfaces-0.0.0-py3.10.egg-info/top_level.txt
[10.794s] -- Installing: /home/byd/hawrk/ros2/dros_common_interfaces/install/dros_common_interfaces/local/lib/python3.10/dist-packages/dros_common_interfaces-0.0.0-py3.10.egg-info/SOURCES.txt
[10.794s] -- Installing: /home/byd/hawrk/ros2/dros_common_interfaces/install/dros_common_interfaces/local/lib/python3.10/dist-packages/dros_common_interfaces-0.0.0-py3.10.egg-info/dependency_links.txt
[10.794s] -- Installing: /home/byd/hawrk/ros2/dros_common_interfaces/install/dros_common_interfaces/local/lib/python3.10/dist-packages/dros_common_interfaces
[10.794s] -- Installing: /home/byd/hawrk/ros2/dros_common_interfaces/install/dros_common_interfaces/local/lib/python3.10/dist-packages/dros_common_interfaces/__init__.py
[10.795s] -- Installing: /home/byd/hawrk/ros2/dros_common_interfaces/install/dros_common_interfaces/local/lib/python3.10/dist-packages/dros_common_interfaces/libdros_common_interfaces__rosidl_generator_py.so
[10.795s] -- Installing: /home/byd/hawrk/ros2/dros_common_interfaces/install/dros_common_interfaces/local/lib/python3.10/dist-packages/dros_common_interfaces/dros_common_interfaces_s__rosidl_typesupport_introspection_c.cpython-310-aarch64-linux-gnu.so
[10.795s] -- Installing: /home/byd/hawrk/ros2/dros_common_interfaces/install/dros_common_interfaces/local/lib/python3.10/dist-packages/dros_common_interfaces/dros_common_interfaces_s__rosidl_typesupport_fastrtps_c.cpython-310-aarch64-linux-gnu.so
[10.795s] -- Installing: /home/byd/hawrk/ros2/dros_common_interfaces/install/dros_common_interfaces/local/lib/python3.10/dist-packages/dros_common_interfaces/msg
[10.795s] -- Installing: /home/byd/hawrk/ros2/dros_common_interfaces/install/dros_common_interfaces/local/lib/python3.10/dist-packages/dros_common_interfaces/msg/__init__.py
[10.796s] -- Installing: /home/byd/hawrk/ros2/dros_common_interfaces/install/dros_common_interfaces/local/lib/python3.10/dist-packages/dros_common_interfaces/msg/_extrinsics.py
[10.796s] -- Installing: /home/byd/hawrk/ros2/dros_common_interfaces/install/dros_common_interfaces/local/lib/python3.10/dist-packages/dros_common_interfaces/msg/_imu_info_s.c
[10.796s] -- Installing: /home/byd/hawrk/ros2/dros_common_interfaces/install/dros_common_interfaces/local/lib/python3.10/dist-packages/dros_common_interfaces/msg/_imu_info.py
[10.796s] -- Installing: /home/byd/hawrk/ros2/dros_common_interfaces/install/dros_common_interfaces/local/lib/python3.10/dist-packages/dros_common_interfaces/msg/_extrinsics_s.c
[10.796s] -- Installing: /home/byd/hawrk/ros2/dros_common_interfaces/install/dros_common_interfaces/local/lib/python3.10/dist-packages/dros_common_interfaces/msg/_metadata.py
[10.796s] -- Installing: /home/byd/hawrk/ros2/dros_common_interfaces/install/dros_common_interfaces/local/lib/python3.10/dist-packages/dros_common_interfaces/msg/_rgbd.py
[10.797s] -- Installing: /home/byd/hawrk/ros2/dros_common_interfaces/install/dros_common_interfaces/local/lib/python3.10/dist-packages/dros_common_interfaces/msg/_rgbd_s.c
[10.797s] -- Installing: /home/byd/hawrk/ros2/dros_common_interfaces/install/dros_common_interfaces/local/lib/python3.10/dist-packages/dros_common_interfaces/msg/_metadata_s.c
[10.797s] -- Installing: /home/byd/hawrk/ros2/dros_common_interfaces/install/dros_common_interfaces/local/lib/python3.10/dist-packages/dros_common_interfaces/dros_common_interfaces_s__rosidl_typesupport_c.cpython-310-aarch64-linux-gnu.so
[10.797s] -- Installing: /home/byd/hawrk/ros2/dros_common_interfaces/install/dros_common_interfaces/local/lib/python3.10/dist-packages/dros_common_interfaces/_dros_common_interfaces_s.ep.rosidl_typesupport_introspection_c.c
[10.798s] -- Installing: /home/byd/hawrk/ros2/dros_common_interfaces/install/dros_common_interfaces/local/lib/python3.10/dist-packages/dros_common_interfaces/action
[10.798s] -- Installing: /home/byd/hawrk/ros2/dros_common_interfaces/install/dros_common_interfaces/local/lib/python3.10/dist-packages/dros_common_interfaces/action/__init__.py
[10.798s] -- Installing: /home/byd/hawrk/ros2/dros_common_interfaces/install/dros_common_interfaces/local/lib/python3.10/dist-packages/dros_common_interfaces/action/_navigate_to_pose_s.c
[10.798s] -- Installing: /home/byd/hawrk/ros2/dros_common_interfaces/install/dros_common_interfaces/local/lib/python3.10/dist-packages/dros_common_interfaces/action/_navigate_to_pose.py
[10.798s] -- Installing: /home/byd/hawrk/ros2/dros_common_interfaces/install/dros_common_interfaces/local/lib/python3.10/dist-packages/dros_common_interfaces/srv
[10.799s] -- Installing: /home/byd/hawrk/ros2/dros_common_interfaces/install/dros_common_interfaces/local/lib/python3.10/dist-packages/dros_common_interfaces/srv/__init__.py
[10.799s] -- Installing: /home/byd/hawrk/ros2/dros_common_interfaces/install/dros_common_interfaces/local/lib/python3.10/dist-packages/dros_common_interfaces/srv/_device_info_s.c
[10.799s] -- Installing: /home/byd/hawrk/ros2/dros_common_interfaces/install/dros_common_interfaces/local/lib/python3.10/dist-packages/dros_common_interfaces/srv/_grasp.py
[10.799s] -- Installing: /home/byd/hawrk/ros2/dros_common_interfaces/install/dros_common_interfaces/local/lib/python3.10/dist-packages/dros_common_interfaces/srv/_device_info.py
[10.799s] -- Installing: /home/byd/hawrk/ros2/dros_common_interfaces/install/dros_common_interfaces/local/lib/python3.10/dist-packages/dros_common_interfaces/srv/_grasp_s.c
[10.799s] -- Installing: /home/byd/hawrk/ros2/dros_common_interfaces/install/dros_common_interfaces/local/lib/python3.10/dist-packages/dros_common_interfaces/_dros_common_interfaces_s.ep.rosidl_typesupport_fastrtps_c.c
[10.800s] -- Installing: /home/byd/hawrk/ros2/dros_common_interfaces/install/dros_common_interfaces/local/lib/python3.10/dist-packages/dros_common_interfaces/_dros_common_interfaces_s.ep.rosidl_typesupport_c.c
[10.881s] Listing '/home/byd/hawrk/ros2/dros_common_interfaces/install/dros_common_interfaces/local/lib/python3.10/dist-packages/dros_common_interfaces'...
[10.881s] Compiling '/home/byd/hawrk/ros2/dros_common_interfaces/install/dros_common_interfaces/local/lib/python3.10/dist-packages/dros_common_interfaces/__init__.py'...
[10.881s] Listing '/home/byd/hawrk/ros2/dros_common_interfaces/install/dros_common_interfaces/local/lib/python3.10/dist-packages/dros_common_interfaces/action'...
[10.881s] Compiling '/home/byd/hawrk/ros2/dros_common_interfaces/install/dros_common_interfaces/local/lib/python3.10/dist-packages/dros_common_interfaces/action/__init__.py'...
[10.882s] Compiling '/home/byd/hawrk/ros2/dros_common_interfaces/install/dros_common_interfaces/local/lib/python3.10/dist-packages/dros_common_interfaces/action/_navigate_to_pose.py'...
[10.882s] Listing '/home/byd/hawrk/ros2/dros_common_interfaces/install/dros_common_interfaces/local/lib/python3.10/dist-packages/dros_common_interfaces/msg'...
[10.882s] Compiling '/home/byd/hawrk/ros2/dros_common_interfaces/install/dros_common_interfaces/local/lib/python3.10/dist-packages/dros_common_interfaces/msg/__init__.py'...
[10.882s] Compiling '/home/byd/hawrk/ros2/dros_common_interfaces/install/dros_common_interfaces/local/lib/python3.10/dist-packages/dros_common_interfaces/msg/_extrinsics.py'...
[10.883s] Compiling '/home/byd/hawrk/ros2/dros_common_interfaces/install/dros_common_interfaces/local/lib/python3.10/dist-packages/dros_common_interfaces/msg/_imu_info.py'...
[10.883s] Compiling '/home/byd/hawrk/ros2/dros_common_interfaces/install/dros_common_interfaces/local/lib/python3.10/dist-packages/dros_common_interfaces/msg/_metadata.py'...
[10.883s] Compiling '/home/byd/hawrk/ros2/dros_common_interfaces/install/dros_common_interfaces/local/lib/python3.10/dist-packages/dros_common_interfaces/msg/_rgbd.py'...
[10.883s] Listing '/home/byd/hawrk/ros2/dros_common_interfaces/install/dros_common_interfaces/local/lib/python3.10/dist-packages/dros_common_interfaces/srv'...
[10.883s] Compiling '/home/byd/hawrk/ros2/dros_common_interfaces/install/dros_common_interfaces/local/lib/python3.10/dist-packages/dros_common_interfaces/srv/__init__.py'...
[10.884s] Compiling '/home/byd/hawrk/ros2/dros_common_interfaces/install/dros_common_interfaces/local/lib/python3.10/dist-packages/dros_common_interfaces/srv/_device_info.py'...
[10.884s] Compiling '/home/byd/hawrk/ros2/dros_common_interfaces/install/dros_common_interfaces/local/lib/python3.10/dist-packages/dros_common_interfaces/srv/_grasp.py'...
[10.889s] -- Installing: /home/byd/hawrk/ros2/dros_common_interfaces/install/dros_common_interfaces/local/lib/python3.10/dist-packages/dros_common_interfaces/dros_common_interfaces_s__rosidl_typesupport_fastrtps_c.cpython-310-aarch64-linux-gnu.so
[10.889s] -- Set runtime path of "/home/byd/hawrk/ros2/dros_common_interfaces/install/dros_common_interfaces/local/lib/python3.10/dist-packages/dros_common_interfaces/dros_common_interfaces_s__rosidl_typesupport_fastrtps_c.cpython-310-aarch64-linux-gnu.so" to ""
[10.890s] -- Installing: /home/byd/hawrk/ros2/dros_common_interfaces/install/dros_common_interfaces/local/lib/python3.10/dist-packages/dros_common_interfaces/dros_common_interfaces_s__rosidl_typesupport_introspection_c.cpython-310-aarch64-linux-gnu.so
[10.890s] -- Set runtime path of "/home/byd/hawrk/ros2/dros_common_interfaces/install/dros_common_interfaces/local/lib/python3.10/dist-packages/dros_common_interfaces/dros_common_interfaces_s__rosidl_typesupport_introspection_c.cpython-310-aarch64-linux-gnu.so" to ""
[10.891s] -- Installing: /home/byd/hawrk/ros2/dros_common_interfaces/install/dros_common_interfaces/local/lib/python3.10/dist-packages/dros_common_interfaces/dros_common_interfaces_s__rosidl_typesupport_c.cpython-310-aarch64-linux-gnu.so
[10.891s] -- Set runtime path of "/home/byd/hawrk/ros2/dros_common_interfaces/install/dros_common_interfaces/local/lib/python3.10/dist-packages/dros_common_interfaces/dros_common_interfaces_s__rosidl_typesupport_c.cpython-310-aarch64-linux-gnu.so" to ""
[10.891s] -- Installing: /home/byd/hawrk/ros2/dros_common_interfaces/install/dros_common_interfaces/lib/libdros_common_interfaces__rosidl_generator_py.so
[10.892s] -- Set runtime path of "/home/byd/hawrk/ros2/dros_common_interfaces/install/dros_common_interfaces/lib/libdros_common_interfaces__rosidl_generator_py.so" to ""
[10.892s] -- Installing: /home/byd/hawrk/ros2/dros_common_interfaces/install/dros_common_interfaces/share/dros_common_interfaces/msg/IMUInfo.idl
[10.893s] -- Installing: /home/byd/hawrk/ros2/dros_common_interfaces/install/dros_common_interfaces/share/dros_common_interfaces/msg/Extrinsics.idl
[10.893s] -- Installing: /home/byd/hawrk/ros2/dros_common_interfaces/install/dros_common_interfaces/share/dros_common_interfaces/msg/Metadata.idl
[10.893s] -- Installing: /home/byd/hawrk/ros2/dros_common_interfaces/install/dros_common_interfaces/share/dros_common_interfaces/msg/RGBD.idl
[10.894s] -- Installing: /home/byd/hawrk/ros2/dros_common_interfaces/install/dros_common_interfaces/share/dros_common_interfaces/srv/DeviceInfo.idl
[10.894s] -- Installing: /home/byd/hawrk/ros2/dros_common_interfaces/install/dros_common_interfaces/share/dros_common_interfaces/srv/Grasp.idl
[10.894s] -- Installing: /home/byd/hawrk/ros2/dros_common_interfaces/install/dros_common_interfaces/share/dros_common_interfaces/action/NavigateToPose.idl
[10.895s] -- Installing: /home/byd/hawrk/ros2/dros_common_interfaces/install/dros_common_interfaces/share/dros_common_interfaces/realsense/IMUInfo.msg
[10.895s] -- Installing: /home/byd/hawrk/ros2/dros_common_interfaces/install/dros_common_interfaces/share/dros_common_interfaces/realsense/Extrinsics.msg
[10.895s] -- Installing: /home/byd/hawrk/ros2/dros_common_interfaces/install/dros_common_interfaces/share/dros_common_interfaces/realsense/Metadata.msg
[10.895s] -- Installing: /home/byd/hawrk/ros2/dros_common_interfaces/install/dros_common_interfaces/share/dros_common_interfaces/realsense/RGBD.msg
[10.896s] -- Installing: /home/byd/hawrk/ros2/dros_common_interfaces/install/dros_common_interfaces/share/dros_common_interfaces/realsense/DeviceInfo.srv
[10.896s] -- Installing: /home/byd/hawrk/ros2/dros_common_interfaces/install/dros_common_interfaces/share/dros_common_interfaces/realsense/DeviceInfo_Request.msg
[10.896s] -- Installing: /home/byd/hawrk/ros2/dros_common_interfaces/install/dros_common_interfaces/share/dros_common_interfaces/realsense/DeviceInfo_Response.msg
[10.897s] -- Installing: /home/byd/hawrk/ros2/dros_common_interfaces/install/dros_common_interfaces/share/dros_common_interfaces/srv/Grasp.srv
[10.897s] -- Installing: /home/byd/hawrk/ros2/dros_common_interfaces/install/dros_common_interfaces/share/dros_common_interfaces/srv/Grasp_Request.msg
[10.897s] -- Installing: /home/byd/hawrk/ros2/dros_common_interfaces/install/dros_common_interfaces/share/dros_common_interfaces/srv/Grasp_Response.msg
[10.898s] -- Installing: /home/byd/hawrk/ros2/dros_common_interfaces/install/dros_common_interfaces/share/dros_common_interfaces/nav2/NavigateToPose.action
[10.898s] -- Installing: /home/byd/hawrk/ros2/dros_common_interfaces/install/dros_common_interfaces/share/ament_index/resource_index/package_run_dependencies/dros_common_interfaces
[10.898s] -- Installing: /home/byd/hawrk/ros2/dros_common_interfaces/install/dros_common_interfaces/share/ament_index/resource_index/parent_prefix_path/dros_common_interfaces
[10.898s] -- Installing: /home/byd/hawrk/ros2/dros_common_interfaces/install/dros_common_interfaces/share/dros_common_interfaces/environment/ament_prefix_path.sh
[10.899s] -- Installing: /home/byd/hawrk/ros2/dros_common_interfaces/install/dros_common_interfaces/share/dros_common_interfaces/environment/ament_prefix_path.dsv
[10.899s] -- Installing: /home/byd/hawrk/ros2/dros_common_interfaces/install/dros_common_interfaces/share/dros_common_interfaces/environment/path.sh
[10.899s] -- Installing: /home/byd/hawrk/ros2/dros_common_interfaces/install/dros_common_interfaces/share/dros_common_interfaces/environment/path.dsv
[10.900s] -- Installing: /home/byd/hawrk/ros2/dros_common_interfaces/install/dros_common_interfaces/share/dros_common_interfaces/local_setup.bash
[10.900s] -- Installing: /home/byd/hawrk/ros2/dros_common_interfaces/install/dros_common_interfaces/share/dros_common_interfaces/local_setup.sh
[10.900s] -- Installing: /home/byd/hawrk/ros2/dros_common_interfaces/install/dros_common_interfaces/share/dros_common_interfaces/local_setup.zsh
[10.900s] -- Installing: /home/byd/hawrk/ros2/dros_common_interfaces/install/dros_common_interfaces/share/dros_common_interfaces/local_setup.dsv
[10.901s] -- Installing: /home/byd/hawrk/ros2/dros_common_interfaces/install/dros_common_interfaces/share/dros_common_interfaces/package.dsv
[10.901s] -- Installing: /home/byd/hawrk/ros2/dros_common_interfaces/install/dros_common_interfaces/share/ament_index/resource_index/packages/dros_common_interfaces
[10.902s] -- Installing: /home/byd/hawrk/ros2/dros_common_interfaces/install/dros_common_interfaces/share/dros_common_interfaces/cmake/export_dros_common_interfaces__rosidl_generator_cExport.cmake
[10.902s] -- Installing: /home/byd/hawrk/ros2/dros_common_interfaces/install/dros_common_interfaces/share/dros_common_interfaces/cmake/export_dros_common_interfaces__rosidl_generator_cExport-noconfig.cmake
[10.902s] -- Installing: /home/byd/hawrk/ros2/dros_common_interfaces/install/dros_common_interfaces/share/dros_common_interfaces/cmake/export_dros_common_interfaces__rosidl_typesupport_fastrtps_cExport.cmake
[10.903s] -- Installing: /home/byd/hawrk/ros2/dros_common_interfaces/install/dros_common_interfaces/share/dros_common_interfaces/cmake/export_dros_common_interfaces__rosidl_typesupport_fastrtps_cExport-noconfig.cmake
[10.903s] -- Installing: /home/byd/hawrk/ros2/dros_common_interfaces/install/dros_common_interfaces/share/dros_common_interfaces/cmake/dros_common_interfaces__rosidl_typesupport_introspection_cExport.cmake
[10.903s] -- Installing: /home/byd/hawrk/ros2/dros_common_interfaces/install/dros_common_interfaces/share/dros_common_interfaces/cmake/dros_common_interfaces__rosidl_typesupport_introspection_cExport-noconfig.cmake
[10.903s] -- Installing: /home/byd/hawrk/ros2/dros_common_interfaces/install/dros_common_interfaces/share/dros_common_interfaces/cmake/dros_common_interfaces__rosidl_typesupport_cExport.cmake
[10.904s] -- Installing: /home/byd/hawrk/ros2/dros_common_interfaces/install/dros_common_interfaces/share/dros_common_interfaces/cmake/dros_common_interfaces__rosidl_typesupport_cExport-noconfig.cmake
[10.904s] -- Installing: /home/byd/hawrk/ros2/dros_common_interfaces/install/dros_common_interfaces/share/dros_common_interfaces/cmake/export_dros_common_interfaces__rosidl_generator_cppExport.cmake
[10.904s] -- Installing: /home/byd/hawrk/ros2/dros_common_interfaces/install/dros_common_interfaces/share/dros_common_interfaces/cmake/export_dros_common_interfaces__rosidl_typesupport_fastrtps_cppExport.cmake
[10.904s] -- Installing: /home/byd/hawrk/ros2/dros_common_interfaces/install/dros_common_interfaces/share/dros_common_interfaces/cmake/export_dros_common_interfaces__rosidl_typesupport_fastrtps_cppExport-noconfig.cmake
[10.905s] -- Installing: /home/byd/hawrk/ros2/dros_common_interfaces/install/dros_common_interfaces/share/dros_common_interfaces/cmake/dros_common_interfaces__rosidl_typesupport_introspection_cppExport.cmake
[10.905s] -- Installing: /home/byd/hawrk/ros2/dros_common_interfaces/install/dros_common_interfaces/share/dros_common_interfaces/cmake/dros_common_interfaces__rosidl_typesupport_introspection_cppExport-noconfig.cmake
[10.905s] -- Installing: /home/byd/hawrk/ros2/dros_common_interfaces/install/dros_common_interfaces/share/dros_common_interfaces/cmake/dros_common_interfaces__rosidl_typesupport_cppExport.cmake
[10.905s] -- Installing: /home/byd/hawrk/ros2/dros_common_interfaces/install/dros_common_interfaces/share/dros_common_interfaces/cmake/dros_common_interfaces__rosidl_typesupport_cppExport-noconfig.cmake
[10.906s] -- Installing: /home/byd/hawrk/ros2/dros_common_interfaces/install/dros_common_interfaces/share/dros_common_interfaces/cmake/export_dros_common_interfaces__rosidl_generator_pyExport.cmake
[10.906s] -- Installing: /home/byd/hawrk/ros2/dros_common_interfaces/install/dros_common_interfaces/share/dros_common_interfaces/cmake/export_dros_common_interfaces__rosidl_generator_pyExport-noconfig.cmake
[10.906s] -- Installing: /home/byd/hawrk/ros2/dros_common_interfaces/install/dros_common_interfaces/share/dros_common_interfaces/cmake/rosidl_cmake-extras.cmake
[10.906s] -- Installing: /home/byd/hawrk/ros2/dros_common_interfaces/install/dros_common_interfaces/share/dros_common_interfaces/cmake/ament_cmake_export_dependencies-extras.cmake
[10.906s] -- Installing: /home/byd/hawrk/ros2/dros_common_interfaces/install/dros_common_interfaces/share/dros_common_interfaces/cmake/ament_cmake_export_include_directories-extras.cmake
[10.907s] -- Installing: /home/byd/hawrk/ros2/dros_common_interfaces/install/dros_common_interfaces/share/dros_common_interfaces/cmake/ament_cmake_export_libraries-extras.cmake
[10.907s] -- Installing: /home/byd/hawrk/ros2/dros_common_interfaces/install/dros_common_interfaces/share/dros_common_interfaces/cmake/ament_cmake_export_targets-extras.cmake
[10.907s] -- Installing: /home/byd/hawrk/ros2/dros_common_interfaces/install/dros_common_interfaces/share/dros_common_interfaces/cmake/rosidl_cmake_export_typesupport_targets-extras.cmake
[10.908s] -- Installing: /home/byd/hawrk/ros2/dros_common_interfaces/install/dros_common_interfaces/share/dros_common_interfaces/cmake/rosidl_cmake_export_typesupport_libraries-extras.cmake
[10.909s] -- Installing: /home/byd/hawrk/ros2/dros_common_interfaces/install/dros_common_interfaces/share/dros_common_interfaces/cmake/dros_common_interfacesConfig.cmake
[10.910s] -- Installing: /home/byd/hawrk/ros2/dros_common_interfaces/install/dros_common_interfaces/share/dros_common_interfaces/cmake/dros_common_interfacesConfig-version.cmake
[10.911s] -- Installing: /home/byd/hawrk/ros2/dros_common_interfaces/install/dros_common_interfaces/share/dros_common_interfaces/package.xml
[10.912s] Invoked command in '/home/byd/hawrk/ros2/dros_common_interfaces/build/dros_common_interfaces' returned '0': CMAKE_PREFIX_PATH=/opt/ros/humble /usr/bin/cmake --install /home/byd/hawrk/ros2/dros_common_interfaces/build/dros_common_interfaces
