[35m[1mConsolidate compiler generated dependencies of target client[0m
[35m[1mConsolidate compiler generated dependencies of target service[0m
[ 50%] [32mBuilding CXX object CMakeFiles/client.dir/src/client.cpp.o[0m
[ 75%] Built target service
[100%] [32m[1mLinking CXX executable client[0m
[100%] Built target client
-- Install configuration: ""
-- Up-to-date: /home/byd/src/ros2/service_ws/install/service_ws/lib/service_ws/service
-- Installing: /home/byd/src/ros2/service_ws/install/service_ws/lib/service_ws/client
-- Set runtime path of "/home/byd/src/ros2/service_ws/install/service_ws/lib/service_ws/client" to ""
-- Up-to-date: /home/byd/src/ros2/service_ws/install/service_ws/share/ament_index/resource_index/package_run_dependencies/service_ws
-- Up-to-date: /home/byd/src/ros2/service_ws/install/service_ws/share/ament_index/resource_index/parent_prefix_path/service_ws
-- Up-to-date: /home/byd/src/ros2/service_ws/install/service_ws/share/service_ws/environment/ament_prefix_path.sh
-- Up-to-date: /home/byd/src/ros2/service_ws/install/service_ws/share/service_ws/environment/ament_prefix_path.dsv
-- Up-to-date: /home/byd/src/ros2/service_ws/install/service_ws/share/service_ws/environment/path.sh
-- Up-to-date: /home/byd/src/ros2/service_ws/install/service_ws/share/service_ws/environment/path.dsv
-- Up-to-date: /home/byd/src/ros2/service_ws/install/service_ws/share/service_ws/local_setup.bash
-- Up-to-date: /home/byd/src/ros2/service_ws/install/service_ws/share/service_ws/local_setup.sh
-- Up-to-date: /home/byd/src/ros2/service_ws/install/service_ws/share/service_ws/local_setup.zsh
-- Up-to-date: /home/byd/src/ros2/service_ws/install/service_ws/share/service_ws/local_setup.dsv
-- Installing: /home/byd/src/ros2/service_ws/install/service_ws/share/service_ws/package.dsv
-- Up-to-date: /home/byd/src/ros2/service_ws/install/service_ws/share/ament_index/resource_index/packages/service_ws
-- Up-to-date: /home/byd/src/ros2/service_ws/install/service_ws/share/service_ws/cmake/service_wsConfig.cmake
-- Up-to-date: /home/byd/src/ros2/service_ws/install/service_ws/share/service_ws/cmake/service_wsConfig-version.cmake
-- Up-to-date: /home/byd/src/ros2/service_ws/install/service_ws/share/service_ws/package.xml
