[0.014s] Invoking command in '/home/byd/hawrk/ros2/dros_dispatch_service/build/dros_dispatch_service': CMAKE_PREFIX_PATH=${CMAKE_PREFIX_PATH}:/opt/ros/humble /usr/bin/cmake /home/byd/hawrk/ros2/dros_dispatch_service -DCMAKE_INSTALL_PREFIX=/home/byd/hawrk/ros2/dros_dispatch_service/install/dros_dispatch_service
[0.097s] -- The C compiler identification is GNU 11.4.0
[0.185s] -- The CXX compiler identification is GNU 11.4.0
[0.204s] -- Detecting C compiler ABI info
[0.324s] -- Detecting C compiler ABI info - done
[0.339s] -- Check for working C compiler: /usr/bin/cc - skipped
[0.340s] -- Detecting C compile features
[0.340s] -- Detecting C compile features - done
[0.345s] -- Detecting CXX compiler ABI info
[0.473s] -- Detecting CXX compiler ABI info - done
[0.499s] -- Check for working CXX compiler: /usr/bin/c++ - skipped
[0.500s] -- Detecting CXX compile features
[0.501s] -- Detecting CXX compile features - done
[0.510s] -- Found ament_cmake: 1.3.11 (/opt/ros/humble/share/ament_cmake/cmake)
[0.788s] -- Found Python3: /usr/bin/python3 (found version "3.10.12") found components: Interpreter 
[0.954s] -- Found rclcpp: 16.0.12 (/opt/ros/humble/share/rclcpp/cmake)
[1.023s] -- Found rosidl_generator_c: 3.1.6 (/opt/ros/humble/share/rosidl_generator_c/cmake)
[1.029s] -- Found rosidl_adapter: 3.1.6 (/opt/ros/humble/share/rosidl_adapter/cmake)
[1.039s] -- Found rosidl_generator_cpp: 3.1.6 (/opt/ros/humble/share/rosidl_generator_cpp/cmake)
[1.054s] -- Using all available rosidl_typesupport_c: rosidl_typesupport_fastrtps_c;rosidl_typesupport_introspection_c
[1.073s] -- Using all available rosidl_typesupport_cpp: rosidl_typesupport_fastrtps_cpp;rosidl_typesupport_introspection_cpp
[1.157s] -- Found rmw_implementation_cmake: 6.1.2 (/opt/ros/humble/share/rmw_implementation_cmake/cmake)
[1.163s] -- Found rmw_fastrtps_cpp: 6.2.7 (/opt/ros/humble/share/rmw_fastrtps_cpp/cmake)
[1.338s] -- Found OpenSSL: /usr/lib/aarch64-linux-gnu/libcrypto.so (found version "3.0.2")  
[1.385s] -- Found FastRTPS: /opt/ros/humble/include  
[1.449s] -- Using RMW implementation 'rmw_fastrtps_cpp' as default
[1.469s] -- Looking for pthread.h
[1.590s] -- Looking for pthread.h - found
[1.590s] -- Performing Test CMAKE_HAVE_LIBC_PTHREAD
[1.720s] -- Performing Test CMAKE_HAVE_LIBC_PTHREAD - Success
[1.722s] -- Found Threads: TRUE  
[1.825s] -- Found rclcpp_action: 16.0.12 (/opt/ros/humble/share/rclcpp_action/cmake)
[1.877s] -- Found turtlesim: 1.4.2 (/opt/ros/humble/share/turtlesim/cmake)
[1.904s] -- Found dros_common_interfaces: 0.0.0 (/home/byd/hawrk/ros2/dros_common_interfaces/install/dros_common_interfaces/share/dros_common_interfaces/cmake)
[2.029s] -- Found ament_lint_auto: 0.12.12 (/opt/ros/humble/share/ament_lint_auto/cmake)
[2.148s] -- Added test 'cppcheck' to perform static code analysis on C / C++ code
[2.148s] -- Configured cppcheck include dirs: $<BUILD_INTERFACE:/home/byd/hawrk/ros2/dros_dispatch_service/include>
[2.148s] -- Configured cppcheck exclude dirs and/or files: 
[2.152s] -- Added test 'lint_cmake' to check CMake code style
[2.160s] -- Added test 'uncrustify' to check C / C++ code style
[2.160s] -- Configured uncrustify additional arguments: 
[2.161s] -- Added test 'xmllint' to check XML markup files
[2.163s] -- Configuring done
[2.193s] -- Generating done
[2.205s] -- Build files have been written to: /home/byd/hawrk/ros2/dros_dispatch_service/build/dros_dispatch_service
[2.226s] Invoked command in '/home/byd/hawrk/ros2/dros_dispatch_service/build/dros_dispatch_service' returned '0': CMAKE_PREFIX_PATH=${CMAKE_PREFIX_PATH}:/opt/ros/humble /usr/bin/cmake /home/byd/hawrk/ros2/dros_dispatch_service -DCMAKE_INSTALL_PREFIX=/home/byd/hawrk/ros2/dros_dispatch_service/install/dros_dispatch_service
[2.229s] Invoking command in '/home/byd/hawrk/ros2/dros_dispatch_service/build/dros_dispatch_service': CMAKE_PREFIX_PATH=${CMAKE_PREFIX_PATH}:/opt/ros/humble /usr/bin/cmake --build /home/byd/hawrk/ros2/dros_dispatch_service/build/dros_dispatch_service -- -j12 -l12
[2.313s] [ 16%] [32mBuilding CXX object CMakeFiles/main.dir/src/main.cpp.o[0m
[2.314s] [ 50%] [32mBuilding CXX object CMakeFiles/action_main.dir/src/action_main.cpp.o[0m
[2.314s] [ 50%] [32mBuilding CXX object CMakeFiles/pub_main.dir/src/pub_main.cpp.o[0m
[11.462s] [ 66%] [32m[1mLinking CXX executable action_main[0m
[11.885s] [ 66%] Built target action_main
[12.606s] [ 83%] [32m[1mLinking CXX executable pub_main[0m
[12.940s] [ 83%] Built target pub_main
[25.635s] [100%] [32m[1mLinking CXX executable main[0m
[26.833s] [100%] Built target main
[26.855s] Invoked command in '/home/byd/hawrk/ros2/dros_dispatch_service/build/dros_dispatch_service' returned '0': CMAKE_PREFIX_PATH=${CMAKE_PREFIX_PATH}:/opt/ros/humble /usr/bin/cmake --build /home/byd/hawrk/ros2/dros_dispatch_service/build/dros_dispatch_service -- -j12 -l12
[26.878s] Invoking command in '/home/byd/hawrk/ros2/dros_dispatch_service/build/dros_dispatch_service': CMAKE_PREFIX_PATH=${CMAKE_PREFIX_PATH}:/opt/ros/humble /usr/bin/cmake --install /home/byd/hawrk/ros2/dros_dispatch_service/build/dros_dispatch_service
[26.891s] -- Install configuration: ""
[26.892s] -- Installing: /home/byd/hawrk/ros2/dros_dispatch_service/install/dros_dispatch_service/lib/dros_dispatch_service/main
[26.902s] -- Set runtime path of "/home/byd/hawrk/ros2/dros_dispatch_service/install/dros_dispatch_service/lib/dros_dispatch_service/main" to ""
[26.902s] -- Installing: /home/byd/hawrk/ros2/dros_dispatch_service/install/dros_dispatch_service/lib/dros_dispatch_service/pub_main
[26.905s] -- Set runtime path of "/home/byd/hawrk/ros2/dros_dispatch_service/install/dros_dispatch_service/lib/dros_dispatch_service/pub_main" to ""
[26.905s] -- Installing: /home/byd/hawrk/ros2/dros_dispatch_service/install/dros_dispatch_service/lib/dros_dispatch_service/action_main
[26.907s] -- Set runtime path of "/home/byd/hawrk/ros2/dros_dispatch_service/install/dros_dispatch_service/lib/dros_dispatch_service/action_main" to ""
[26.908s] -- Installing: /home/byd/hawrk/ros2/dros_dispatch_service/install/dros_dispatch_service/share/ament_index/resource_index/package_run_dependencies/dros_dispatch_service
[26.908s] -- Installing: /home/byd/hawrk/ros2/dros_dispatch_service/install/dros_dispatch_service/share/ament_index/resource_index/parent_prefix_path/dros_dispatch_service
[26.908s] -- Installing: /home/byd/hawrk/ros2/dros_dispatch_service/install/dros_dispatch_service/share/dros_dispatch_service/environment/ament_prefix_path.sh
[26.909s] -- Installing: /home/byd/hawrk/ros2/dros_dispatch_service/install/dros_dispatch_service/share/dros_dispatch_service/environment/ament_prefix_path.dsv
[26.909s] -- Installing: /home/byd/hawrk/ros2/dros_dispatch_service/install/dros_dispatch_service/share/dros_dispatch_service/environment/path.sh
[26.909s] -- Installing: /home/byd/hawrk/ros2/dros_dispatch_service/install/dros_dispatch_service/share/dros_dispatch_service/environment/path.dsv
[26.909s] -- Installing: /home/byd/hawrk/ros2/dros_dispatch_service/install/dros_dispatch_service/share/dros_dispatch_service/local_setup.bash
[26.910s] -- Installing: /home/byd/hawrk/ros2/dros_dispatch_service/install/dros_dispatch_service/share/dros_dispatch_service/local_setup.sh
[26.910s] -- Installing: /home/byd/hawrk/ros2/dros_dispatch_service/install/dros_dispatch_service/share/dros_dispatch_service/local_setup.zsh
[26.910s] -- Installing: /home/byd/hawrk/ros2/dros_dispatch_service/install/dros_dispatch_service/share/dros_dispatch_service/local_setup.dsv
[26.911s] -- Installing: /home/byd/hawrk/ros2/dros_dispatch_service/install/dros_dispatch_service/share/dros_dispatch_service/package.dsv
[26.911s] -- Installing: /home/byd/hawrk/ros2/dros_dispatch_service/install/dros_dispatch_service/share/ament_index/resource_index/packages/dros_dispatch_service
[26.911s] -- Installing: /home/byd/hawrk/ros2/dros_dispatch_service/install/dros_dispatch_service/share/dros_dispatch_service/cmake/dros_dispatch_serviceConfig.cmake
[26.911s] -- Installing: /home/byd/hawrk/ros2/dros_dispatch_service/install/dros_dispatch_service/share/dros_dispatch_service/cmake/dros_dispatch_serviceConfig-version.cmake
[26.911s] -- Installing: /home/byd/hawrk/ros2/dros_dispatch_service/install/dros_dispatch_service/share/dros_dispatch_service/package.xml
[26.915s] Invoked command in '/home/byd/hawrk/ros2/dros_dispatch_service/build/dros_dispatch_service' returned '0': CMAKE_PREFIX_PATH=${CMAKE_PREFIX_PATH}:/opt/ros/humble /usr/bin/cmake --install /home/byd/hawrk/ros2/dros_dispatch_service/build/dros_dispatch_service
