[0.017s] Invoking command in '/home/byd/hawrk/ros2/dros_dispatch_service/build/dros_dispatch_service': CMAKE_PREFIX_PATH=${CMAKE_PREFIX_PATH}:/opt/ros/humble /usr/bin/cmake --build /home/byd/hawrk/ros2/dros_dispatch_service/build/dros_dispatch_service -- -j12 -l12
[0.093s] [35m[1mConsolidate compiler generated dependencies of target main[0m
[0.117s] [ 50%] [32mBuilding CXX object CMakeFiles/pub_main.dir/src/pub_main.cpp.o[0m
[0.117s] [ 50%] Built target action_main
[0.127s] [ 66%] [32mBuilding CXX object CMakeFiles/main.dir/src/main.cpp.o[0m
[10.216s] [ 83%] [32m[1mLinking CXX executable pub_main[0m
[10.559s] [ 83%] Built target pub_main
[23.304s] [100%] [32m[1mLinking CXX executable main[0m
[24.553s] [100%] Built target main
[24.574s] Invoked command in '/home/byd/hawrk/ros2/dros_dispatch_service/build/dros_dispatch_service' returned '0': CMAKE_PREFIX_PATH=${CMAKE_PREFIX_PATH}:/opt/ros/humble /usr/bin/cmake --build /home/byd/hawrk/ros2/dros_dispatch_service/build/dros_dispatch_service -- -j12 -l12
[24.593s] Invoking command in '/home/byd/hawrk/ros2/dros_dispatch_service/build/dros_dispatch_service': CMAKE_PREFIX_PATH=${CMAKE_PREFIX_PATH}:/opt/ros/humble /usr/bin/cmake --install /home/byd/hawrk/ros2/dros_dispatch_service/build/dros_dispatch_service
[24.605s] -- Install configuration: ""
[24.605s] -- Installing: /home/byd/hawrk/ros2/dros_dispatch_service/install/dros_dispatch_service/lib/dros_dispatch_service/main
[24.621s] -- Set runtime path of "/home/byd/hawrk/ros2/dros_dispatch_service/install/dros_dispatch_service/lib/dros_dispatch_service/main" to ""
[24.621s] -- Installing: /home/byd/hawrk/ros2/dros_dispatch_service/install/dros_dispatch_service/lib/dros_dispatch_service/pub_main
[24.625s] -- Set runtime path of "/home/byd/hawrk/ros2/dros_dispatch_service/install/dros_dispatch_service/lib/dros_dispatch_service/pub_main" to ""
[24.626s] -- Up-to-date: /home/byd/hawrk/ros2/dros_dispatch_service/install/dros_dispatch_service/lib/dros_dispatch_service/action_main
[24.626s] -- Up-to-date: /home/byd/hawrk/ros2/dros_dispatch_service/install/dros_dispatch_service/share/ament_index/resource_index/package_run_dependencies/dros_dispatch_service
[24.627s] -- Up-to-date: /home/byd/hawrk/ros2/dros_dispatch_service/install/dros_dispatch_service/share/ament_index/resource_index/parent_prefix_path/dros_dispatch_service
[24.627s] -- Up-to-date: /home/byd/hawrk/ros2/dros_dispatch_service/install/dros_dispatch_service/share/dros_dispatch_service/environment/ament_prefix_path.sh
[24.627s] -- Up-to-date: /home/byd/hawrk/ros2/dros_dispatch_service/install/dros_dispatch_service/share/dros_dispatch_service/environment/ament_prefix_path.dsv
[24.627s] -- Up-to-date: /home/byd/hawrk/ros2/dros_dispatch_service/install/dros_dispatch_service/share/dros_dispatch_service/environment/path.sh
[24.628s] -- Up-to-date: /home/byd/hawrk/ros2/dros_dispatch_service/install/dros_dispatch_service/share/dros_dispatch_service/environment/path.dsv
[24.628s] -- Up-to-date: /home/byd/hawrk/ros2/dros_dispatch_service/install/dros_dispatch_service/share/dros_dispatch_service/local_setup.bash
[24.628s] -- Up-to-date: /home/byd/hawrk/ros2/dros_dispatch_service/install/dros_dispatch_service/share/dros_dispatch_service/local_setup.sh
[24.628s] -- Up-to-date: /home/byd/hawrk/ros2/dros_dispatch_service/install/dros_dispatch_service/share/dros_dispatch_service/local_setup.zsh
[24.629s] -- Up-to-date: /home/byd/hawrk/ros2/dros_dispatch_service/install/dros_dispatch_service/share/dros_dispatch_service/local_setup.dsv
[24.631s] -- Installing: /home/byd/hawrk/ros2/dros_dispatch_service/install/dros_dispatch_service/share/dros_dispatch_service/package.dsv
[24.632s] -- Up-to-date: /home/byd/hawrk/ros2/dros_dispatch_service/install/dros_dispatch_service/share/ament_index/resource_index/packages/dros_dispatch_service
[24.632s] -- Up-to-date: /home/byd/hawrk/ros2/dros_dispatch_service/install/dros_dispatch_service/share/dros_dispatch_service/cmake/dros_dispatch_serviceConfig.cmake
[24.633s] -- Up-to-date: /home/byd/hawrk/ros2/dros_dispatch_service/install/dros_dispatch_service/share/dros_dispatch_service/cmake/dros_dispatch_serviceConfig-version.cmake
[24.633s] -- Up-to-date: /home/byd/hawrk/ros2/dros_dispatch_service/install/dros_dispatch_service/share/dros_dispatch_service/package.xml
[24.634s] Invoked command in '/home/byd/hawrk/ros2/dros_dispatch_service/build/dros_dispatch_service' returned '0': CMAKE_PREFIX_PATH=${CMAKE_PREFIX_PATH}:/opt/ros/humble /usr/bin/cmake --install /home/byd/hawrk/ros2/dros_dispatch_service/build/dros_dispatch_service
