[0.516s] DEBUG:colcon:Command line arguments: ['/usr/bin/colcon', 'build']
[0.516s] DEBUG:colcon:Parsed command line arguments: Namespace(log_base=None, log_level=None, verb_name='build', build_base='build', install_base='install', merge_install=False, symlink_install=False, test_result_base=None, continue_on_error=False, executor='parallel', parallel_workers=8, event_handlers=None, ignore_user_meta=False, metas=['./colcon.meta'], base_paths=['.'], packages_ignore=None, packages_ignore_regex=None, paths=None, packages_up_to=None, packages_up_to_regex=None, packages_above=None, packages_above_and_dependencies=None, packages_above_depth=None, packages_select_by_dep=None, packages_skip_by_dep=None, packages_skip_up_to=None, packages_select_build_failed=False, packages_skip_build_finished=False, packages_select_test_failures=False, packages_skip_test_passed=False, packages_select=None, packages_skip=None, packages_select_regex=None, packages_skip_regex=None, packages_start=None, packages_end=None, allow_overriding=[], cmake_args=None, cmake_target=None, cmake_target_skip_unavailable=False, cmake_clean_cache=False, cmake_clean_first=False, cmake_force_configure=False, ament_cmake_args=None, catkin_cmake_args=None, catkin_skip_building_tests=False, verb_parser=<colcon_defaults.argument_parser.defaults.DefaultArgumentsDecorator object at 0xffffa52f3d30>, verb_extension=<colcon_core.verb.build.BuildVerb object at 0xffffa52f38b0>, main=<bound method BuildVerb.main of <colcon_core.verb.build.BuildVerb object at 0xffffa52f38b0>>)
[0.985s] Level 1:colcon.colcon_core.package_discovery:discover_packages(colcon_meta) check parameters
[0.985s] Level 1:colcon.colcon_core.package_discovery:discover_packages(recursive) check parameters
[0.986s] Level 1:colcon.colcon_core.package_discovery:discover_packages(ignore) check parameters
[0.986s] Level 1:colcon.colcon_core.package_discovery:discover_packages(path) check parameters
[0.986s] Level 1:colcon.colcon_core.package_discovery:discover_packages(colcon_meta) discover
[0.986s] Level 1:colcon.colcon_core.package_discovery:discover_packages(recursive) discover
[0.986s] INFO:colcon.colcon_core.package_discovery:Crawling recursively for packages in '/home/byd/src/ros2/hk_camera_ws'
[0.986s] Level 1:colcon.colcon_core.package_identification:_identify(.) by extensions ['ignore', 'ignore_ament_install']
[0.987s] Level 1:colcon.colcon_core.package_identification:_identify(.) by extension 'ignore'
[0.987s] Level 1:colcon.colcon_core.package_identification:_identify(.) by extension 'ignore_ament_install'
[0.987s] Level 1:colcon.colcon_core.package_identification:_identify(.) by extensions ['colcon_pkg']
[0.987s] Level 1:colcon.colcon_core.package_identification:_identify(.) by extension 'colcon_pkg'
[0.987s] Level 1:colcon.colcon_core.package_identification:_identify(.) by extensions ['colcon_meta']
[0.987s] Level 1:colcon.colcon_core.package_identification:_identify(.) by extension 'colcon_meta'
[0.987s] Level 1:colcon.colcon_core.package_identification:_identify(.) by extensions ['ros']
[0.987s] Level 1:colcon.colcon_core.package_identification:_identify(.) by extension 'ros'
[1.025s] DEBUG:colcon.colcon_core.package_identification:Package '.' with type 'ros.ament_cmake' and name 'hk_camera_ws'
[1.026s] Level 1:colcon.colcon_core.package_discovery:discover_packages(recursive) using defaults
[1.026s] Level 1:colcon.colcon_core.package_discovery:discover_packages(ignore) discover
[1.026s] Level 1:colcon.colcon_core.package_discovery:discover_packages(ignore) using defaults
[1.026s] Level 1:colcon.colcon_core.package_discovery:discover_packages(path) discover
[1.026s] Level 1:colcon.colcon_core.package_discovery:discover_packages(path) using defaults
[1.084s] Level 1:colcon.colcon_core.package_discovery:discover_packages(prefix_path) check parameters
[1.084s] Level 1:colcon.colcon_core.package_discovery:discover_packages(prefix_path) discover
[1.092s] DEBUG:colcon.colcon_installed_package_information.package_discovery:Found 270 installed packages in /opt/ros/humble
[1.095s] Level 1:colcon.colcon_core.package_discovery:discover_packages(prefix_path) using defaults
[1.193s] Level 5:colcon.colcon_core.verb:set package 'hk_camera_ws' build argument 'cmake_args' from command line to 'None'
[1.193s] Level 5:colcon.colcon_core.verb:set package 'hk_camera_ws' build argument 'cmake_target' from command line to 'None'
[1.193s] Level 5:colcon.colcon_core.verb:set package 'hk_camera_ws' build argument 'cmake_target_skip_unavailable' from command line to 'False'
[1.193s] Level 5:colcon.colcon_core.verb:set package 'hk_camera_ws' build argument 'cmake_clean_cache' from command line to 'False'
[1.193s] Level 5:colcon.colcon_core.verb:set package 'hk_camera_ws' build argument 'cmake_clean_first' from command line to 'False'
[1.193s] Level 5:colcon.colcon_core.verb:set package 'hk_camera_ws' build argument 'cmake_force_configure' from command line to 'False'
[1.194s] Level 5:colcon.colcon_core.verb:set package 'hk_camera_ws' build argument 'ament_cmake_args' from command line to 'None'
[1.194s] Level 5:colcon.colcon_core.verb:set package 'hk_camera_ws' build argument 'catkin_cmake_args' from command line to 'None'
[1.194s] Level 5:colcon.colcon_core.verb:set package 'hk_camera_ws' build argument 'catkin_skip_building_tests' from command line to 'False'
[1.194s] DEBUG:colcon.colcon_core.verb:Building package 'hk_camera_ws' with the following arguments: {'ament_cmake_args': None, 'build_base': '/home/byd/src/ros2/hk_camera_ws/build/hk_camera_ws', 'catkin_cmake_args': None, 'catkin_skip_building_tests': False, 'cmake_args': None, 'cmake_clean_cache': False, 'cmake_clean_first': False, 'cmake_force_configure': False, 'cmake_target': None, 'cmake_target_skip_unavailable': False, 'install_base': '/home/byd/src/ros2/hk_camera_ws/install/hk_camera_ws', 'merge_install': False, 'path': '/home/byd/src/ros2/hk_camera_ws', 'symlink_install': False, 'test_result_base': None}
[1.194s] INFO:colcon.colcon_core.executor:Executing jobs using 'parallel' executor
[1.196s] DEBUG:colcon.colcon_parallel_executor.executor.parallel:run_until_complete
[1.197s] INFO:colcon.colcon_ros.task.ament_cmake.build:Building ROS package in '/home/byd/src/ros2/hk_camera_ws' with build type 'ament_cmake'
[1.197s] INFO:colcon.colcon_cmake.task.cmake.build:Building CMake package in '/home/byd/src/ros2/hk_camera_ws'
[1.206s] INFO:colcon.colcon_core.plugin_system:Skipping extension 'colcon_core.shell.bat': Not used on non-Windows systems
[1.207s] INFO:colcon.colcon_core.shell:Skip shell extension 'powershell' for command environment: Not usable outside of PowerShell
[1.207s] DEBUG:colcon.colcon_core.shell:Skip shell extension 'dsv' for command environment
[1.223s] DEBUG:colcon.colcon_core.event_handler.log_command:Invoking command in '/home/byd/src/ros2/hk_camera_ws/build/hk_camera_ws': CMAKE_PREFIX_PATH=/opt/ros/humble /usr/bin/cmake --build /home/byd/src/ros2/hk_camera_ws/build/hk_camera_ws -- -j8 -l8
[21.353s] DEBUG:colcon.colcon_core.event_handler.log_command:Invoked command in '/home/byd/src/ros2/hk_camera_ws/build/hk_camera_ws' returned '0': CMAKE_PREFIX_PATH=/opt/ros/humble /usr/bin/cmake --build /home/byd/src/ros2/hk_camera_ws/build/hk_camera_ws -- -j8 -l8
[21.425s] DEBUG:colcon.colcon_core.event_handler.log_command:Invoking command in '/home/byd/src/ros2/hk_camera_ws/build/hk_camera_ws': CMAKE_PREFIX_PATH=/opt/ros/humble /usr/bin/cmake --install /home/byd/src/ros2/hk_camera_ws/build/hk_camera_ws
[21.467s] Level 1:colcon.colcon_core.environment:create_environment_scripts_only(hk_camera_ws)
[21.468s] DEBUG:colcon.colcon_core.event_handler.log_command:Invoked command in '/home/byd/src/ros2/hk_camera_ws/build/hk_camera_ws' returned '0': CMAKE_PREFIX_PATH=/opt/ros/humble /usr/bin/cmake --install /home/byd/src/ros2/hk_camera_ws/build/hk_camera_ws
[21.480s] Level 1:colcon.colcon_core.environment:checking '/home/byd/src/ros2/hk_camera_ws/install/hk_camera_ws' for CMake module files
[21.481s] Level 1:colcon.colcon_core.environment:checking '/home/byd/src/ros2/hk_camera_ws/install/hk_camera_ws' for CMake config files
[21.482s] Level 1:colcon.colcon_core.shell:create_environment_hook('hk_camera_ws', 'cmake_prefix_path')
[21.483s] INFO:colcon.colcon_core.shell:Creating environment hook '/home/byd/src/ros2/hk_camera_ws/install/hk_camera_ws/share/hk_camera_ws/hook/cmake_prefix_path.ps1'
[21.485s] INFO:colcon.colcon_core.shell:Creating environment descriptor '/home/byd/src/ros2/hk_camera_ws/install/hk_camera_ws/share/hk_camera_ws/hook/cmake_prefix_path.dsv'
[21.486s] INFO:colcon.colcon_core.shell:Creating environment hook '/home/byd/src/ros2/hk_camera_ws/install/hk_camera_ws/share/hk_camera_ws/hook/cmake_prefix_path.sh'
[21.488s] Level 1:colcon.colcon_core.environment:checking '/home/byd/src/ros2/hk_camera_ws/install/hk_camera_ws/lib'
[21.489s] Level 1:colcon.colcon_core.environment:checking '/home/byd/src/ros2/hk_camera_ws/install/hk_camera_ws/bin'
[21.489s] Level 1:colcon.colcon_core.environment:checking '/home/byd/src/ros2/hk_camera_ws/install/hk_camera_ws/lib/pkgconfig/hk_camera_ws.pc'
[21.489s] Level 1:colcon.colcon_core.environment:checking '/home/byd/src/ros2/hk_camera_ws/install/hk_camera_ws/lib/python3.10/site-packages'
[21.490s] Level 1:colcon.colcon_core.environment:checking '/home/byd/src/ros2/hk_camera_ws/install/hk_camera_ws/bin'
[21.490s] INFO:colcon.colcon_core.shell:Creating package script '/home/byd/src/ros2/hk_camera_ws/install/hk_camera_ws/share/hk_camera_ws/package.ps1'
[21.492s] INFO:colcon.colcon_core.shell:Creating package descriptor '/home/byd/src/ros2/hk_camera_ws/install/hk_camera_ws/share/hk_camera_ws/package.dsv'
[21.493s] INFO:colcon.colcon_core.shell:Creating package script '/home/byd/src/ros2/hk_camera_ws/install/hk_camera_ws/share/hk_camera_ws/package.sh'
[21.495s] INFO:colcon.colcon_core.shell:Creating package script '/home/byd/src/ros2/hk_camera_ws/install/hk_camera_ws/share/hk_camera_ws/package.bash'
[21.497s] INFO:colcon.colcon_core.shell:Creating package script '/home/byd/src/ros2/hk_camera_ws/install/hk_camera_ws/share/hk_camera_ws/package.zsh'
[21.499s] Level 1:colcon.colcon_core.environment:create_file_with_runtime_dependencies(/home/byd/src/ros2/hk_camera_ws/install/hk_camera_ws/share/colcon-core/packages/hk_camera_ws)
[21.552s] Level 1:colcon.colcon_core.environment:create_environment_scripts_only(hk_camera_ws)
[21.552s] Level 1:colcon.colcon_core.environment:checking '/home/byd/src/ros2/hk_camera_ws/install/hk_camera_ws' for CMake module files
[21.554s] Level 1:colcon.colcon_core.environment:checking '/home/byd/src/ros2/hk_camera_ws/install/hk_camera_ws' for CMake config files
[21.555s] Level 1:colcon.colcon_core.shell:create_environment_hook('hk_camera_ws', 'cmake_prefix_path')
[21.556s] INFO:colcon.colcon_core.shell:Creating environment hook '/home/byd/src/ros2/hk_camera_ws/install/hk_camera_ws/share/hk_camera_ws/hook/cmake_prefix_path.ps1'
[21.558s] INFO:colcon.colcon_core.shell:Creating environment descriptor '/home/byd/src/ros2/hk_camera_ws/install/hk_camera_ws/share/hk_camera_ws/hook/cmake_prefix_path.dsv'
[21.560s] INFO:colcon.colcon_core.shell:Creating environment hook '/home/byd/src/ros2/hk_camera_ws/install/hk_camera_ws/share/hk_camera_ws/hook/cmake_prefix_path.sh'
[21.562s] Level 1:colcon.colcon_core.environment:checking '/home/byd/src/ros2/hk_camera_ws/install/hk_camera_ws/lib'
[21.562s] Level 1:colcon.colcon_core.environment:checking '/home/byd/src/ros2/hk_camera_ws/install/hk_camera_ws/bin'
[21.563s] Level 1:colcon.colcon_core.environment:checking '/home/byd/src/ros2/hk_camera_ws/install/hk_camera_ws/lib/pkgconfig/hk_camera_ws.pc'
[21.563s] Level 1:colcon.colcon_core.environment:checking '/home/byd/src/ros2/hk_camera_ws/install/hk_camera_ws/lib/python3.10/site-packages'
[21.564s] Level 1:colcon.colcon_core.environment:checking '/home/byd/src/ros2/hk_camera_ws/install/hk_camera_ws/bin'
[21.565s] INFO:colcon.colcon_core.shell:Creating package script '/home/byd/src/ros2/hk_camera_ws/install/hk_camera_ws/share/hk_camera_ws/package.ps1'
[21.568s] INFO:colcon.colcon_core.shell:Creating package descriptor '/home/byd/src/ros2/hk_camera_ws/install/hk_camera_ws/share/hk_camera_ws/package.dsv'
[21.570s] INFO:colcon.colcon_core.shell:Creating package script '/home/byd/src/ros2/hk_camera_ws/install/hk_camera_ws/share/hk_camera_ws/package.sh'
[21.571s] INFO:colcon.colcon_core.shell:Creating package script '/home/byd/src/ros2/hk_camera_ws/install/hk_camera_ws/share/hk_camera_ws/package.bash'
[21.573s] INFO:colcon.colcon_core.shell:Creating package script '/home/byd/src/ros2/hk_camera_ws/install/hk_camera_ws/share/hk_camera_ws/package.zsh'
[21.574s] Level 1:colcon.colcon_core.environment:create_file_with_runtime_dependencies(/home/byd/src/ros2/hk_camera_ws/install/hk_camera_ws/share/colcon-core/packages/hk_camera_ws)
[21.575s] DEBUG:colcon.colcon_parallel_executor.executor.parallel:closing loop
[21.577s] DEBUG:colcon.colcon_parallel_executor.executor.parallel:loop closed
[21.577s] DEBUG:colcon.colcon_parallel_executor.executor.parallel:run_until_complete finished with '0'
[21.577s] DEBUG:colcon.colcon_core.event_reactor:joining thread
[21.598s] INFO:colcon.colcon_core.plugin_system:Skipping extension 'colcon_notification.desktop_notification.terminal_notifier': Not used on non-Darwin systems
[21.599s] INFO:colcon.colcon_core.plugin_system:Skipping extension 'colcon_notification.desktop_notification.win32': Not used on non-Windows systems
[21.599s] INFO:colcon.colcon_notification.desktop_notification:Sending desktop notification using 'notify2'
[21.683s] DEBUG:colcon.colcon_core.event_reactor:joined thread
[21.685s] INFO:colcon.colcon_core.shell:Creating prefix script '/home/byd/src/ros2/hk_camera_ws/install/local_setup.ps1'
[21.689s] INFO:colcon.colcon_core.shell:Creating prefix util module '/home/byd/src/ros2/hk_camera_ws/install/_local_setup_util_ps1.py'
[21.692s] INFO:colcon.colcon_core.shell:Creating prefix chain script '/home/byd/src/ros2/hk_camera_ws/install/setup.ps1'
[21.695s] INFO:colcon.colcon_core.shell:Creating prefix script '/home/byd/src/ros2/hk_camera_ws/install/local_setup.sh'
[21.697s] INFO:colcon.colcon_core.shell:Creating prefix util module '/home/byd/src/ros2/hk_camera_ws/install/_local_setup_util_sh.py'
[21.699s] INFO:colcon.colcon_core.shell:Creating prefix chain script '/home/byd/src/ros2/hk_camera_ws/install/setup.sh'
[21.703s] INFO:colcon.colcon_core.shell:Creating prefix script '/home/byd/src/ros2/hk_camera_ws/install/local_setup.bash'
[21.705s] INFO:colcon.colcon_core.shell:Creating prefix chain script '/home/byd/src/ros2/hk_camera_ws/install/setup.bash'
[21.708s] INFO:colcon.colcon_core.shell:Creating prefix script '/home/byd/src/ros2/hk_camera_ws/install/local_setup.zsh'
[21.710s] INFO:colcon.colcon_core.shell:Creating prefix chain script '/home/byd/src/ros2/hk_camera_ws/install/setup.zsh'
