[0.191s] DEBUG:colcon:Command line arguments: ['/usr/bin/colcon', 'build']
[0.191s] DEBUG:colcon:Parsed command line arguments: Namespace(log_base=None, log_level=None, verb_name='build', build_base='build', install_base='install', merge_install=False, symlink_install=False, test_result_base=None, continue_on_error=False, executor='parallel', parallel_workers=8, event_handlers=None, ignore_user_meta=False, metas=['./colcon.meta'], base_paths=['.'], packages_ignore=None, packages_ignore_regex=None, paths=None, packages_up_to=None, packages_up_to_regex=None, packages_above=None, packages_above_and_dependencies=None, packages_above_depth=None, packages_select_by_dep=None, packages_skip_by_dep=None, packages_skip_up_to=None, packages_select_build_failed=False, packages_skip_build_finished=False, packages_select_test_failures=False, packages_skip_test_passed=False, packages_select=None, packages_skip=None, packages_select_regex=None, packages_skip_regex=None, packages_start=None, packages_end=None, allow_overriding=[], cmake_args=None, cmake_target=None, cmake_target_skip_unavailable=False, cmake_clean_cache=False, cmake_clean_first=False, cmake_force_configure=False, ament_cmake_args=None, catkin_cmake_args=None, catkin_skip_building_tests=False, verb_parser=<colcon_defaults.argument_parser.defaults.DefaultArgumentsDecorator object at 0xffffb0114250>, verb_extension=<colcon_core.verb.build.BuildVerb object at 0xffffb02a4790>, main=<bound method BuildVerb.main of <colcon_core.verb.build.BuildVerb object at 0xffffb02a4790>>)
[0.476s] Level 1:colcon.colcon_core.package_discovery:discover_packages(colcon_meta) check parameters
[0.476s] Level 1:colcon.colcon_core.package_discovery:discover_packages(recursive) check parameters
[0.476s] Level 1:colcon.colcon_core.package_discovery:discover_packages(ignore) check parameters
[0.476s] Level 1:colcon.colcon_core.package_discovery:discover_packages(path) check parameters
[0.476s] Level 1:colcon.colcon_core.package_discovery:discover_packages(colcon_meta) discover
[0.476s] Level 1:colcon.colcon_core.package_discovery:discover_packages(recursive) discover
[0.476s] INFO:colcon.colcon_core.package_discovery:Crawling recursively for packages in '/home/byd/src/ros2/service_ws'
[0.477s] Level 1:colcon.colcon_core.package_identification:_identify(.) by extensions ['ignore', 'ignore_ament_install']
[0.477s] Level 1:colcon.colcon_core.package_identification:_identify(.) by extension 'ignore'
[0.477s] Level 1:colcon.colcon_core.package_identification:_identify(.) by extension 'ignore_ament_install'
[0.477s] Level 1:colcon.colcon_core.package_identification:_identify(.) by extensions ['colcon_pkg']
[0.477s] Level 1:colcon.colcon_core.package_identification:_identify(.) by extension 'colcon_pkg'
[0.477s] Level 1:colcon.colcon_core.package_identification:_identify(.) by extensions ['colcon_meta']
[0.477s] Level 1:colcon.colcon_core.package_identification:_identify(.) by extension 'colcon_meta'
[0.477s] Level 1:colcon.colcon_core.package_identification:_identify(.) by extensions ['ros']
[0.478s] Level 1:colcon.colcon_core.package_identification:_identify(.) by extension 'ros'
[0.504s] DEBUG:colcon.colcon_core.package_identification:Package '.' with type 'ros.ament_cmake' and name 'service_ws'
[0.504s] Level 1:colcon.colcon_core.package_discovery:discover_packages(recursive) using defaults
[0.504s] Level 1:colcon.colcon_core.package_discovery:discover_packages(ignore) discover
[0.504s] Level 1:colcon.colcon_core.package_discovery:discover_packages(ignore) using defaults
[0.504s] Level 1:colcon.colcon_core.package_discovery:discover_packages(path) discover
[0.504s] Level 1:colcon.colcon_core.package_discovery:discover_packages(path) using defaults
[0.539s] Level 1:colcon.colcon_core.package_discovery:discover_packages(prefix_path) check parameters
[0.540s] Level 1:colcon.colcon_core.package_discovery:discover_packages(prefix_path) discover
[0.543s] DEBUG:colcon.colcon_installed_package_information.package_discovery:Found 1 installed packages in /home/byd/src/ros2/service_ws/install
[0.544s] DEBUG:colcon.colcon_installed_package_information.package_discovery:Found 1 installed packages in /home/byd/src/ros2/service_interface_ws/install
[0.545s] DEBUG:colcon.colcon_installed_package_information.package_discovery:Found 1 installed packages in /home/byd/src/ros2/topic_ws/install
[0.547s] DEBUG:colcon.colcon_installed_package_information.package_discovery:Found 270 installed packages in /opt/ros/humble
[0.549s] Level 1:colcon.colcon_core.package_discovery:discover_packages(prefix_path) using defaults
[0.644s] Level 5:colcon.colcon_core.verb:set package 'service_ws' build argument 'cmake_args' from command line to 'None'
[0.644s] Level 5:colcon.colcon_core.verb:set package 'service_ws' build argument 'cmake_target' from command line to 'None'
[0.645s] Level 5:colcon.colcon_core.verb:set package 'service_ws' build argument 'cmake_target_skip_unavailable' from command line to 'False'
[0.645s] Level 5:colcon.colcon_core.verb:set package 'service_ws' build argument 'cmake_clean_cache' from command line to 'False'
[0.645s] Level 5:colcon.colcon_core.verb:set package 'service_ws' build argument 'cmake_clean_first' from command line to 'False'
[0.645s] Level 5:colcon.colcon_core.verb:set package 'service_ws' build argument 'cmake_force_configure' from command line to 'False'
[0.645s] Level 5:colcon.colcon_core.verb:set package 'service_ws' build argument 'ament_cmake_args' from command line to 'None'
[0.645s] Level 5:colcon.colcon_core.verb:set package 'service_ws' build argument 'catkin_cmake_args' from command line to 'None'
[0.645s] Level 5:colcon.colcon_core.verb:set package 'service_ws' build argument 'catkin_skip_building_tests' from command line to 'False'
[0.645s] DEBUG:colcon.colcon_core.verb:Building package 'service_ws' with the following arguments: {'ament_cmake_args': None, 'build_base': '/home/byd/src/ros2/service_ws/build/service_ws', 'catkin_cmake_args': None, 'catkin_skip_building_tests': False, 'cmake_args': None, 'cmake_clean_cache': False, 'cmake_clean_first': False, 'cmake_force_configure': False, 'cmake_target': None, 'cmake_target_skip_unavailable': False, 'install_base': '/home/byd/src/ros2/service_ws/install/service_ws', 'merge_install': False, 'path': '/home/byd/src/ros2/service_ws', 'symlink_install': False, 'test_result_base': None}
[0.645s] INFO:colcon.colcon_core.executor:Executing jobs using 'parallel' executor
[0.647s] DEBUG:colcon.colcon_parallel_executor.executor.parallel:run_until_complete
[0.648s] INFO:colcon.colcon_ros.task.ament_cmake.build:Building ROS package in '/home/byd/src/ros2/service_ws' with build type 'ament_cmake'
[0.648s] INFO:colcon.colcon_cmake.task.cmake.build:Building CMake package in '/home/byd/src/ros2/service_ws'
[0.652s] INFO:colcon.colcon_core.plugin_system:Skipping extension 'colcon_core.shell.bat': Not used on non-Windows systems
[0.652s] INFO:colcon.colcon_core.shell:Skip shell extension 'powershell' for command environment: Not usable outside of PowerShell
[0.652s] DEBUG:colcon.colcon_core.shell:Skip shell extension 'dsv' for command environment
[0.668s] DEBUG:colcon.colcon_core.event_handler.log_command:Invoking command in '/home/byd/src/ros2/service_ws/build/service_ws': CMAKE_PREFIX_PATH=${CMAKE_PREFIX_PATH}:/opt/ros/humble /usr/bin/cmake --build /home/byd/src/ros2/service_ws/build/service_ws -- -j8 -l8
[8.043s] DEBUG:colcon.colcon_core.event_handler.log_command:Invoked command in '/home/byd/src/ros2/service_ws/build/service_ws' returned '0': CMAKE_PREFIX_PATH=${CMAKE_PREFIX_PATH}:/opt/ros/humble /usr/bin/cmake --build /home/byd/src/ros2/service_ws/build/service_ws -- -j8 -l8
[8.106s] DEBUG:colcon.colcon_core.event_handler.log_command:Invoking command in '/home/byd/src/ros2/service_ws/build/service_ws': CMAKE_PREFIX_PATH=${CMAKE_PREFIX_PATH}:/opt/ros/humble /usr/bin/cmake --install /home/byd/src/ros2/service_ws/build/service_ws
[8.127s] Level 1:colcon.colcon_core.environment:create_environment_scripts_only(service_ws)
[8.130s] DEBUG:colcon.colcon_core.event_handler.log_command:Invoked command in '/home/byd/src/ros2/service_ws/build/service_ws' returned '0': CMAKE_PREFIX_PATH=${CMAKE_PREFIX_PATH}:/opt/ros/humble /usr/bin/cmake --install /home/byd/src/ros2/service_ws/build/service_ws
[8.137s] Level 1:colcon.colcon_core.environment:checking '/home/byd/src/ros2/service_ws/install/service_ws' for CMake module files
[8.139s] Level 1:colcon.colcon_core.environment:checking '/home/byd/src/ros2/service_ws/install/service_ws' for CMake config files
[8.139s] Level 1:colcon.colcon_core.shell:create_environment_hook('service_ws', 'cmake_prefix_path')
[8.140s] INFO:colcon.colcon_core.shell:Creating environment hook '/home/byd/src/ros2/service_ws/install/service_ws/share/service_ws/hook/cmake_prefix_path.ps1'
[8.142s] INFO:colcon.colcon_core.shell:Creating environment descriptor '/home/byd/src/ros2/service_ws/install/service_ws/share/service_ws/hook/cmake_prefix_path.dsv'
[8.147s] INFO:colcon.colcon_core.shell:Creating environment hook '/home/byd/src/ros2/service_ws/install/service_ws/share/service_ws/hook/cmake_prefix_path.sh'
[8.149s] Level 1:colcon.colcon_core.environment:checking '/home/byd/src/ros2/service_ws/install/service_ws/lib'
[8.150s] Level 1:colcon.colcon_core.environment:checking '/home/byd/src/ros2/service_ws/install/service_ws/bin'
[8.150s] Level 1:colcon.colcon_core.environment:checking '/home/byd/src/ros2/service_ws/install/service_ws/lib/pkgconfig/service_ws.pc'
[8.151s] Level 1:colcon.colcon_core.environment:checking '/home/byd/src/ros2/service_ws/install/service_ws/lib/python3.10/site-packages'
[8.151s] Level 1:colcon.colcon_core.environment:checking '/home/byd/src/ros2/service_ws/install/service_ws/bin'
[8.152s] INFO:colcon.colcon_core.shell:Creating package script '/home/byd/src/ros2/service_ws/install/service_ws/share/service_ws/package.ps1'
[8.153s] INFO:colcon.colcon_core.shell:Creating package descriptor '/home/byd/src/ros2/service_ws/install/service_ws/share/service_ws/package.dsv'
[8.154s] INFO:colcon.colcon_core.shell:Creating package script '/home/byd/src/ros2/service_ws/install/service_ws/share/service_ws/package.sh'
[8.156s] INFO:colcon.colcon_core.shell:Creating package script '/home/byd/src/ros2/service_ws/install/service_ws/share/service_ws/package.bash'
[8.157s] INFO:colcon.colcon_core.shell:Creating package script '/home/byd/src/ros2/service_ws/install/service_ws/share/service_ws/package.zsh'
[8.159s] Level 1:colcon.colcon_core.environment:create_file_with_runtime_dependencies(/home/byd/src/ros2/service_ws/install/service_ws/share/colcon-core/packages/service_ws)
[8.197s] Level 1:colcon.colcon_core.environment:create_environment_scripts_only(service_ws)
[8.197s] Level 1:colcon.colcon_core.environment:checking '/home/byd/src/ros2/service_ws/install/service_ws' for CMake module files
[8.199s] Level 1:colcon.colcon_core.environment:checking '/home/byd/src/ros2/service_ws/install/service_ws' for CMake config files
[8.199s] Level 1:colcon.colcon_core.shell:create_environment_hook('service_ws', 'cmake_prefix_path')
[8.200s] INFO:colcon.colcon_core.shell:Creating environment hook '/home/byd/src/ros2/service_ws/install/service_ws/share/service_ws/hook/cmake_prefix_path.ps1'
[8.201s] INFO:colcon.colcon_core.shell:Creating environment descriptor '/home/byd/src/ros2/service_ws/install/service_ws/share/service_ws/hook/cmake_prefix_path.dsv'
[8.202s] INFO:colcon.colcon_core.shell:Creating environment hook '/home/byd/src/ros2/service_ws/install/service_ws/share/service_ws/hook/cmake_prefix_path.sh'
[8.205s] Level 1:colcon.colcon_core.environment:checking '/home/byd/src/ros2/service_ws/install/service_ws/lib'
[8.205s] Level 1:colcon.colcon_core.environment:checking '/home/byd/src/ros2/service_ws/install/service_ws/bin'
[8.205s] Level 1:colcon.colcon_core.environment:checking '/home/byd/src/ros2/service_ws/install/service_ws/lib/pkgconfig/service_ws.pc'
[8.206s] Level 1:colcon.colcon_core.environment:checking '/home/byd/src/ros2/service_ws/install/service_ws/lib/python3.10/site-packages'
[8.206s] Level 1:colcon.colcon_core.environment:checking '/home/byd/src/ros2/service_ws/install/service_ws/bin'
[8.207s] INFO:colcon.colcon_core.shell:Creating package script '/home/byd/src/ros2/service_ws/install/service_ws/share/service_ws/package.ps1'
[8.209s] INFO:colcon.colcon_core.shell:Creating package descriptor '/home/byd/src/ros2/service_ws/install/service_ws/share/service_ws/package.dsv'
[8.210s] INFO:colcon.colcon_core.shell:Creating package script '/home/byd/src/ros2/service_ws/install/service_ws/share/service_ws/package.sh'
[8.211s] INFO:colcon.colcon_core.shell:Creating package script '/home/byd/src/ros2/service_ws/install/service_ws/share/service_ws/package.bash'
[8.212s] INFO:colcon.colcon_core.shell:Creating package script '/home/byd/src/ros2/service_ws/install/service_ws/share/service_ws/package.zsh'
[8.212s] Level 1:colcon.colcon_core.environment:create_file_with_runtime_dependencies(/home/byd/src/ros2/service_ws/install/service_ws/share/colcon-core/packages/service_ws)
[8.213s] DEBUG:colcon.colcon_parallel_executor.executor.parallel:closing loop
[8.214s] DEBUG:colcon.colcon_parallel_executor.executor.parallel:loop closed
[8.214s] DEBUG:colcon.colcon_parallel_executor.executor.parallel:run_until_complete finished with '0'
[8.214s] DEBUG:colcon.colcon_core.event_reactor:joining thread
[8.224s] INFO:colcon.colcon_core.plugin_system:Skipping extension 'colcon_notification.desktop_notification.terminal_notifier': Not used on non-Darwin systems
[8.224s] INFO:colcon.colcon_core.plugin_system:Skipping extension 'colcon_notification.desktop_notification.win32': Not used on non-Windows systems
[8.224s] INFO:colcon.colcon_notification.desktop_notification:Sending desktop notification using 'notify2'
[8.256s] DEBUG:colcon.colcon_core.event_reactor:joined thread
[8.257s] INFO:colcon.colcon_core.shell:Creating prefix script '/home/byd/src/ros2/service_ws/install/local_setup.ps1'
[8.259s] INFO:colcon.colcon_core.shell:Creating prefix util module '/home/byd/src/ros2/service_ws/install/_local_setup_util_ps1.py'
[8.263s] INFO:colcon.colcon_core.shell:Creating prefix chain script '/home/byd/src/ros2/service_ws/install/setup.ps1'
[8.265s] INFO:colcon.colcon_core.shell:Creating prefix script '/home/byd/src/ros2/service_ws/install/local_setup.sh'
[8.266s] INFO:colcon.colcon_core.shell:Creating prefix util module '/home/byd/src/ros2/service_ws/install/_local_setup_util_sh.py'
[8.266s] INFO:colcon.colcon_core.shell:Creating prefix chain script '/home/byd/src/ros2/service_ws/install/setup.sh'
[8.269s] INFO:colcon.colcon_core.shell:Creating prefix script '/home/byd/src/ros2/service_ws/install/local_setup.bash'
[8.269s] INFO:colcon.colcon_core.shell:Creating prefix chain script '/home/byd/src/ros2/service_ws/install/setup.bash'
[8.271s] INFO:colcon.colcon_core.shell:Creating prefix script '/home/byd/src/ros2/service_ws/install/local_setup.zsh'
[8.272s] INFO:colcon.colcon_core.shell:Creating prefix chain script '/home/byd/src/ros2/service_ws/install/setup.zsh'
