[0.018s] Invoking command in '/home/byd/src/ros2/service_ws/build/service_ws': CMAKE_PREFIX_PATH=${CMAKE_PREFIX_PATH}:/opt/ros/humble /usr/bin/cmake --build /home/byd/src/ros2/service_ws/build/service_ws -- -j8 -l8
[0.060s] -- Found ament_cmake: 1.3.10 (/opt/ros/humble/share/ament_cmake/cmake)
[0.296s] -- Found rclcpp: 16.0.10 (/opt/ros/humble/share/rclcpp/cmake)
[0.350s] -- Found rosidl_generator_c: 3.1.5 (/opt/ros/humble/share/rosidl_generator_c/cmake)
[0.353s] -- Found rosidl_adapter: 3.1.5 (/opt/ros/humble/share/rosidl_adapter/cmake)
[0.363s] -- Found rosidl_generator_cpp: 3.1.5 (/opt/ros/humble/share/rosidl_generator_cpp/cmake)
[0.378s] -- Using all available rosidl_typesupport_c: rosidl_typesupport_fastrtps_c;rosidl_typesupport_introspection_c
[0.398s] -- Using all available rosidl_typesupport_cpp: rosidl_typesupport_fastrtps_cpp;rosidl_typesupport_introspection_cpp
[0.456s] -- Found rmw_implementation_cmake: 6.1.2 (/opt/ros/humble/share/rmw_implementation_cmake/cmake)
[0.458s] -- Found rmw_fastrtps_cpp: 6.2.7 (/opt/ros/humble/share/rmw_fastrtps_cpp/cmake)
[0.634s] -- Using RMW implementation 'rmw_fastrtps_cpp' as default
[0.714s] -- Found service_interface_ws: 0.0.0 (/home/byd/src/ros2/service_interface_ws/install/service_interface_ws/share/service_interface_ws/cmake)
[0.730s] -- Found ament_lint_auto: 0.12.11 (/opt/ros/humble/share/ament_lint_auto/cmake)
[0.888s] -- Added test 'cppcheck' to perform static code analysis on C / C++ code
[0.888s] -- Configured cppcheck include dirs: $<BUILD_INTERFACE:/home/byd/src/ros2/service_ws/include>
[0.888s] -- Configured cppcheck exclude dirs and/or files: 
[0.891s] -- Added test 'flake8' to check Python code syntax and style conventions
[0.898s] -- Added test 'lint_cmake' to check CMake code style
[0.901s] -- Added test 'pep257' to check Python code against some of the docstring style conventions in PEP 257
[0.924s] -- Added test 'uncrustify' to check C / C++ code style
[0.925s] -- Configured uncrustify additional arguments: 
[0.928s] -- Added test 'xmllint' to check XML markup files
[0.929s] -- Configuring done
[0.950s] -- Generating done
[0.953s] -- Build files have been written to: /home/byd/src/ros2/service_ws/build/service_ws
[1.003s] [35m[1mConsolidate compiler generated dependencies of target service[0m
[1.023s] [ 50%] [32mBuilding CXX object CMakeFiles/service.dir/src/service.cpp.o[0m
[7.940s] [100%] [32m[1mLinking CXX executable service[0m
[8.201s] [100%] Built target service
[8.221s] Invoked command in '/home/byd/src/ros2/service_ws/build/service_ws' returned '0': CMAKE_PREFIX_PATH=${CMAKE_PREFIX_PATH}:/opt/ros/humble /usr/bin/cmake --build /home/byd/src/ros2/service_ws/build/service_ws -- -j8 -l8
[8.274s] Invoking command in '/home/byd/src/ros2/service_ws/build/service_ws': CMAKE_PREFIX_PATH=${CMAKE_PREFIX_PATH}:/opt/ros/humble /usr/bin/cmake --install /home/byd/src/ros2/service_ws/build/service_ws
[8.287s] -- Install configuration: ""
[8.290s] -- Installing: /home/byd/src/ros2/service_ws/install/service_ws/lib/service_ws/service
[8.291s] -- Set runtime path of "/home/byd/src/ros2/service_ws/install/service_ws/lib/service_ws/service" to ""
[8.291s] -- Up-to-date: /home/byd/src/ros2/service_ws/install/service_ws/share/ament_index/resource_index/package_run_dependencies/service_ws
[8.291s] -- Installing: /home/byd/src/ros2/service_ws/install/service_ws/share/ament_index/resource_index/parent_prefix_path/service_ws
[8.291s] -- Up-to-date: /home/byd/src/ros2/service_ws/install/service_ws/share/service_ws/environment/ament_prefix_path.sh
[8.291s] -- Installing: /home/byd/src/ros2/service_ws/install/service_ws/share/service_ws/environment/ament_prefix_path.dsv
[8.292s] -- Up-to-date: /home/byd/src/ros2/service_ws/install/service_ws/share/service_ws/environment/path.sh
[8.292s] -- Installing: /home/byd/src/ros2/service_ws/install/service_ws/share/service_ws/environment/path.dsv
[8.292s] -- Up-to-date: /home/byd/src/ros2/service_ws/install/service_ws/share/service_ws/local_setup.bash
[8.292s] -- Up-to-date: /home/byd/src/ros2/service_ws/install/service_ws/share/service_ws/local_setup.sh
[8.292s] -- Up-to-date: /home/byd/src/ros2/service_ws/install/service_ws/share/service_ws/local_setup.zsh
[8.293s] -- Installing: /home/byd/src/ros2/service_ws/install/service_ws/share/service_ws/local_setup.dsv
[8.293s] -- Installing: /home/byd/src/ros2/service_ws/install/service_ws/share/service_ws/package.dsv
[8.293s] -- Up-to-date: /home/byd/src/ros2/service_ws/install/service_ws/share/ament_index/resource_index/packages/service_ws
[8.293s] -- Up-to-date: /home/byd/src/ros2/service_ws/install/service_ws/share/service_ws/cmake/service_wsConfig.cmake
[8.293s] -- Up-to-date: /home/byd/src/ros2/service_ws/install/service_ws/share/service_ws/cmake/service_wsConfig-version.cmake
[8.294s] -- Installing: /home/byd/src/ros2/service_ws/install/service_ws/share/service_ws/package.xml
[8.300s] Invoked command in '/home/byd/src/ros2/service_ws/build/service_ws' returned '0': CMAKE_PREFIX_PATH=${CMAKE_PREFIX_PATH}:/opt/ros/humble /usr/bin/cmake --install /home/byd/src/ros2/service_ws/build/service_ws
