[0.026s] Invoking command in '/home/byd/src/ros2/action_ws/build/action_ws': CMAKE_PREFIX_PATH=${CMAKE_PREFIX_PATH}:/opt/ros/humble /usr/bin/cmake --build /home/byd/src/ros2/action_ws/build/action_ws -- -j8 -l8
[0.087s] -- Found ament_cmake: 1.3.10 (/opt/ros/humble/share/ament_cmake/cmake)
[0.327s] -- Found rclcpp: 16.0.10 (/opt/ros/humble/share/rclcpp/cmake)
[0.375s] -- Found rosidl_generator_c: 3.1.5 (/opt/ros/humble/share/rosidl_generator_c/cmake)
[0.381s] -- Found rosidl_adapter: 3.1.5 (/opt/ros/humble/share/rosidl_adapter/cmake)
[0.390s] -- Found rosidl_generator_cpp: 3.1.5 (/opt/ros/humble/share/rosidl_generator_cpp/cmake)
[0.405s] -- Using all available rosidl_typesupport_c: rosidl_typesupport_fastrtps_c;rosidl_typesupport_introspection_c
[0.425s] -- Using all available rosidl_typesupport_cpp: rosidl_typesupport_fastrtps_cpp;rosidl_typesupport_introspection_cpp
[0.479s] -- Found rmw_implementation_cmake: 6.1.2 (/opt/ros/humble/share/rmw_implementation_cmake/cmake)
[0.482s] -- Found rmw_fastrtps_cpp: 6.2.7 (/opt/ros/humble/share/rmw_fastrtps_cpp/cmake)
[0.677s] -- Using RMW implementation 'rmw_fastrtps_cpp' as default
[0.759s] -- Found rclcpp_action: 16.0.10 (/opt/ros/humble/share/rclcpp_action/cmake)
[0.807s] -- Found action_interface_ws: 0.0.0 (/home/byd/src/ros2/action_interface_ws/install/action_interface_ws/share/action_interface_ws/cmake)
[0.833s] -- Found ament_lint_auto: 0.12.11 (/opt/ros/humble/share/ament_lint_auto/cmake)
[1.016s] -- Added test 'cppcheck' to perform static code analysis on C / C++ code
[1.016s] -- Configured cppcheck include dirs: $<BUILD_INTERFACE:/home/byd/src/ros2/action_ws/include>
[1.017s] -- Configured cppcheck exclude dirs and/or files: 
[1.020s] -- Added test 'flake8' to check Python code syntax and style conventions
[1.027s] -- Added test 'lint_cmake' to check CMake code style
[1.031s] -- Added test 'pep257' to check Python code against some of the docstring style conventions in PEP 257
[1.061s] -- Added test 'uncrustify' to check C / C++ code style
[1.061s] -- Configured uncrustify additional arguments: 
[1.064s] -- Added test 'xmllint' to check XML markup files
[1.066s] -- Configuring done
[1.102s] -- Generating done
[1.106s] -- Build files have been written to: /home/byd/src/ros2/action_ws/build/action_ws
[1.186s] [35m[1mConsolidate compiler generated dependencies of target action_ser[0m
[1.206s] [ 25%] [32mBuilding CXX object CMakeFiles/action_cli.dir/src/action_cli.cpp.o[0m
[1.231s] [ 50%] [32mBuilding CXX object CMakeFiles/action_ser.dir/src/action_ser.cpp.o[0m
[11.419s] [ 75%] [32m[1mLinking CXX executable action_ser[0m
[11.721s] [100%] [32m[1mLinking CXX executable action_cli[0m
[11.829s] [100%] Built target action_ser
[12.136s] [100%] Built target action_cli
[12.168s] Invoked command in '/home/byd/src/ros2/action_ws/build/action_ws' returned '0': CMAKE_PREFIX_PATH=${CMAKE_PREFIX_PATH}:/opt/ros/humble /usr/bin/cmake --build /home/byd/src/ros2/action_ws/build/action_ws -- -j8 -l8
[12.242s] Invoking command in '/home/byd/src/ros2/action_ws/build/action_ws': CMAKE_PREFIX_PATH=${CMAKE_PREFIX_PATH}:/opt/ros/humble /usr/bin/cmake --install /home/byd/src/ros2/action_ws/build/action_ws
[12.261s] -- Install configuration: ""
[12.261s] -- Installing: /home/byd/src/ros2/action_ws/install/action_ws/lib/action_ws/action_ser
[12.265s] -- Set runtime path of "/home/byd/src/ros2/action_ws/install/action_ws/lib/action_ws/action_ser" to ""
[12.265s] -- Installing: /home/byd/src/ros2/action_ws/install/action_ws/lib/action_ws/action_cli
[12.267s] -- Set runtime path of "/home/byd/src/ros2/action_ws/install/action_ws/lib/action_ws/action_cli" to ""
[12.268s] -- Up-to-date: /home/byd/src/ros2/action_ws/install/action_ws/share/ament_index/resource_index/package_run_dependencies/action_ws
[12.268s] -- Installing: /home/byd/src/ros2/action_ws/install/action_ws/share/ament_index/resource_index/parent_prefix_path/action_ws
[12.268s] -- Up-to-date: /home/byd/src/ros2/action_ws/install/action_ws/share/action_ws/environment/ament_prefix_path.sh
[12.268s] -- Installing: /home/byd/src/ros2/action_ws/install/action_ws/share/action_ws/environment/ament_prefix_path.dsv
[12.269s] -- Up-to-date: /home/byd/src/ros2/action_ws/install/action_ws/share/action_ws/environment/path.sh
[12.269s] -- Installing: /home/byd/src/ros2/action_ws/install/action_ws/share/action_ws/environment/path.dsv
[12.269s] -- Up-to-date: /home/byd/src/ros2/action_ws/install/action_ws/share/action_ws/local_setup.bash
[12.269s] -- Up-to-date: /home/byd/src/ros2/action_ws/install/action_ws/share/action_ws/local_setup.sh
[12.269s] -- Up-to-date: /home/byd/src/ros2/action_ws/install/action_ws/share/action_ws/local_setup.zsh
[12.269s] -- Installing: /home/byd/src/ros2/action_ws/install/action_ws/share/action_ws/local_setup.dsv
[12.269s] -- Installing: /home/byd/src/ros2/action_ws/install/action_ws/share/action_ws/package.dsv
[12.270s] -- Up-to-date: /home/byd/src/ros2/action_ws/install/action_ws/share/ament_index/resource_index/packages/action_ws
[12.270s] -- Up-to-date: /home/byd/src/ros2/action_ws/install/action_ws/share/action_ws/cmake/action_wsConfig.cmake
[12.270s] -- Up-to-date: /home/byd/src/ros2/action_ws/install/action_ws/share/action_ws/cmake/action_wsConfig-version.cmake
[12.270s] -- Up-to-date: /home/byd/src/ros2/action_ws/install/action_ws/share/action_ws/package.xml
[12.280s] Invoked command in '/home/byd/src/ros2/action_ws/build/action_ws' returned '0': CMAKE_PREFIX_PATH=${CMAKE_PREFIX_PATH}:/opt/ros/humble /usr/bin/cmake --install /home/byd/src/ros2/action_ws/build/action_ws
