[0.219s] DEBUG:colcon:Command line arguments: ['/usr/bin/colcon', 'build', '--packages-select', 'action_interface_ws']
[0.219s] DEBUG:colcon:Parsed command line arguments: Namespace(log_base=None, log_level=None, verb_name='build', build_base='build', install_base='install', merge_install=False, symlink_install=False, test_result_base=None, continue_on_error=False, executor='parallel', parallel_workers=8, event_handlers=None, ignore_user_meta=False, metas=['./colcon.meta'], base_paths=['.'], packages_ignore=None, packages_ignore_regex=None, paths=None, packages_up_to=None, packages_up_to_regex=None, packages_above=None, packages_above_and_dependencies=None, packages_above_depth=None, packages_select_by_dep=None, packages_skip_by_dep=None, packages_skip_up_to=None, packages_select_build_failed=False, packages_skip_build_finished=False, packages_select_test_failures=False, packages_skip_test_passed=False, packages_select=['action_interface_ws'], packages_skip=None, packages_select_regex=None, packages_skip_regex=None, packages_start=None, packages_end=None, allow_overriding=[], cmake_args=None, cmake_target=None, cmake_target_skip_unavailable=False, cmake_clean_cache=False, cmake_clean_first=False, cmake_force_configure=False, ament_cmake_args=None, catkin_cmake_args=None, catkin_skip_building_tests=False, mixin_files=None, mixin=None, verb_parser=<colcon_mixin.mixin.mixin_argument.MixinArgumentDecorator object at 0xffffaf2dea40>, verb_extension=<colcon_core.verb.build.BuildVerb object at 0xffffaf47bee0>, main=<bound method BuildVerb.main of <colcon_core.verb.build.BuildVerb object at 0xffffaf47bee0>>, mixin_verb=('build',))
[0.522s] Level 1:colcon.colcon_core.package_discovery:discover_packages(colcon_meta) check parameters
[0.523s] Level 1:colcon.colcon_core.package_discovery:discover_packages(recursive) check parameters
[0.523s] Level 1:colcon.colcon_core.package_discovery:discover_packages(ignore) check parameters
[0.523s] Level 1:colcon.colcon_core.package_discovery:discover_packages(path) check parameters
[0.523s] Level 1:colcon.colcon_core.package_discovery:discover_packages(colcon_meta) discover
[0.523s] Level 1:colcon.colcon_core.package_discovery:discover_packages(recursive) discover
[0.523s] INFO:colcon.colcon_core.package_discovery:Crawling recursively for packages in '/home/byd/src/ros2/action_interface_ws'
[0.523s] Level 1:colcon.colcon_core.package_identification:_identify(.) by extensions ['ignore', 'ignore_ament_install']
[0.523s] Level 1:colcon.colcon_core.package_identification:_identify(.) by extension 'ignore'
[0.524s] Level 1:colcon.colcon_core.package_identification:_identify(.) by extension 'ignore_ament_install'
[0.524s] Level 1:colcon.colcon_core.package_identification:_identify(.) by extensions ['colcon_pkg']
[0.524s] Level 1:colcon.colcon_core.package_identification:_identify(.) by extension 'colcon_pkg'
[0.524s] Level 1:colcon.colcon_core.package_identification:_identify(.) by extensions ['colcon_meta']
[0.524s] Level 1:colcon.colcon_core.package_identification:_identify(.) by extension 'colcon_meta'
[0.524s] Level 1:colcon.colcon_core.package_identification:_identify(.) by extensions ['ros']
[0.524s] Level 1:colcon.colcon_core.package_identification:_identify(.) by extension 'ros'
[0.550s] DEBUG:colcon.colcon_core.package_identification:Package '.' with type 'ros.ament_cmake' and name 'action_interface_ws'
[0.550s] Level 1:colcon.colcon_core.package_discovery:discover_packages(recursive) using defaults
[0.550s] Level 1:colcon.colcon_core.package_discovery:discover_packages(ignore) discover
[0.551s] Level 1:colcon.colcon_core.package_discovery:discover_packages(ignore) using defaults
[0.551s] Level 1:colcon.colcon_core.package_discovery:discover_packages(path) discover
[0.551s] Level 1:colcon.colcon_core.package_discovery:discover_packages(path) using defaults
[0.585s] Level 1:colcon.colcon_core.package_discovery:discover_packages(prefix_path) check parameters
[0.585s] Level 1:colcon.colcon_core.package_discovery:discover_packages(prefix_path) discover
[0.588s] DEBUG:colcon.colcon_installed_package_information.package_discovery:Found 1 installed packages in /home/byd/src/ros2/action_interface_ws/install
[0.591s] DEBUG:colcon.colcon_installed_package_information.package_discovery:Found 270 installed packages in /opt/ros/humble
[0.593s] Level 1:colcon.colcon_core.package_discovery:discover_packages(prefix_path) using defaults
[0.688s] Level 5:colcon.colcon_core.verb:set package 'action_interface_ws' build argument 'cmake_args' from command line to 'None'
[0.688s] Level 5:colcon.colcon_core.verb:set package 'action_interface_ws' build argument 'cmake_target' from command line to 'None'
[0.688s] Level 5:colcon.colcon_core.verb:set package 'action_interface_ws' build argument 'cmake_target_skip_unavailable' from command line to 'False'
[0.688s] Level 5:colcon.colcon_core.verb:set package 'action_interface_ws' build argument 'cmake_clean_cache' from command line to 'False'
[0.688s] Level 5:colcon.colcon_core.verb:set package 'action_interface_ws' build argument 'cmake_clean_first' from command line to 'False'
[0.688s] Level 5:colcon.colcon_core.verb:set package 'action_interface_ws' build argument 'cmake_force_configure' from command line to 'False'
[0.688s] Level 5:colcon.colcon_core.verb:set package 'action_interface_ws' build argument 'ament_cmake_args' from command line to 'None'
[0.688s] Level 5:colcon.colcon_core.verb:set package 'action_interface_ws' build argument 'catkin_cmake_args' from command line to 'None'
[0.688s] Level 5:colcon.colcon_core.verb:set package 'action_interface_ws' build argument 'catkin_skip_building_tests' from command line to 'False'
[0.688s] DEBUG:colcon.colcon_core.verb:Building package 'action_interface_ws' with the following arguments: {'ament_cmake_args': None, 'build_base': '/home/byd/src/ros2/action_interface_ws/build/action_interface_ws', 'catkin_cmake_args': None, 'catkin_skip_building_tests': False, 'cmake_args': None, 'cmake_clean_cache': False, 'cmake_clean_first': False, 'cmake_force_configure': False, 'cmake_target': None, 'cmake_target_skip_unavailable': False, 'install_base': '/home/byd/src/ros2/action_interface_ws/install/action_interface_ws', 'merge_install': False, 'path': '/home/byd/src/ros2/action_interface_ws', 'symlink_install': False, 'test_result_base': None}
[0.689s] INFO:colcon.colcon_core.executor:Executing jobs using 'parallel' executor
[0.691s] DEBUG:colcon.colcon_parallel_executor.executor.parallel:run_until_complete
[0.692s] INFO:colcon.colcon_ros.task.ament_cmake.build:Building ROS package in '/home/byd/src/ros2/action_interface_ws' with build type 'ament_cmake'
[0.692s] INFO:colcon.colcon_cmake.task.cmake.build:Building CMake package in '/home/byd/src/ros2/action_interface_ws'
[0.695s] INFO:colcon.colcon_core.plugin_system:Skipping extension 'colcon_core.shell.bat': Not used on non-Windows systems
[0.696s] INFO:colcon.colcon_core.shell:Skip shell extension 'powershell' for command environment: Not usable outside of PowerShell
[0.696s] DEBUG:colcon.colcon_core.shell:Skip shell extension 'dsv' for command environment
[0.712s] DEBUG:colcon.colcon_core.event_handler.log_command:Invoking command in '/home/byd/src/ros2/action_interface_ws/build/action_interface_ws': CMAKE_PREFIX_PATH=${CMAKE_PREFIX_PATH}:/opt/ros/humble /usr/bin/cmake --build /home/byd/src/ros2/action_interface_ws/build/action_interface_ws -- -j8 -l8
[7.755s] DEBUG:colcon.colcon_core.event_handler.log_command:Invoked command in '/home/byd/src/ros2/action_interface_ws/build/action_interface_ws' returned '0': CMAKE_PREFIX_PATH=${CMAKE_PREFIX_PATH}:/opt/ros/humble /usr/bin/cmake --build /home/byd/src/ros2/action_interface_ws/build/action_interface_ws -- -j8 -l8
[7.864s] DEBUG:colcon.colcon_core.event_handler.log_command:Invoking command in '/home/byd/src/ros2/action_interface_ws/build/action_interface_ws': CMAKE_PREFIX_PATH=${CMAKE_PREFIX_PATH}:/opt/ros/humble /usr/bin/cmake --install /home/byd/src/ros2/action_interface_ws/build/action_interface_ws
[7.986s] Level 1:colcon.colcon_core.environment:create_environment_scripts_only(action_interface_ws)
[7.987s] DEBUG:colcon.colcon_core.event_handler.log_command:Invoked command in '/home/byd/src/ros2/action_interface_ws/build/action_interface_ws' returned '0': CMAKE_PREFIX_PATH=${CMAKE_PREFIX_PATH}:/opt/ros/humble /usr/bin/cmake --install /home/byd/src/ros2/action_interface_ws/build/action_interface_ws
[7.993s] Level 1:colcon.colcon_core.environment:checking '/home/byd/src/ros2/action_interface_ws/install/action_interface_ws' for CMake module files
[7.994s] Level 1:colcon.colcon_core.environment:checking '/home/byd/src/ros2/action_interface_ws/install/action_interface_ws' for CMake config files
[7.996s] Level 1:colcon.colcon_core.shell:create_environment_hook('action_interface_ws', 'cmake_prefix_path')
[7.997s] INFO:colcon.colcon_core.shell:Creating environment hook '/home/byd/src/ros2/action_interface_ws/install/action_interface_ws/share/action_interface_ws/hook/cmake_prefix_path.ps1'
[7.998s] INFO:colcon.colcon_core.shell:Creating environment descriptor '/home/byd/src/ros2/action_interface_ws/install/action_interface_ws/share/action_interface_ws/hook/cmake_prefix_path.dsv'
[8.000s] INFO:colcon.colcon_core.shell:Creating environment hook '/home/byd/src/ros2/action_interface_ws/install/action_interface_ws/share/action_interface_ws/hook/cmake_prefix_path.sh'
[8.002s] Level 1:colcon.colcon_core.environment:checking '/home/byd/src/ros2/action_interface_ws/install/action_interface_ws/lib'
[8.002s] Level 1:colcon.colcon_core.shell:create_environment_hook('action_interface_ws', 'ld_library_path_lib')
[8.003s] INFO:colcon.colcon_core.shell:Creating environment hook '/home/byd/src/ros2/action_interface_ws/install/action_interface_ws/share/action_interface_ws/hook/ld_library_path_lib.ps1'
[8.004s] INFO:colcon.colcon_core.shell:Creating environment descriptor '/home/byd/src/ros2/action_interface_ws/install/action_interface_ws/share/action_interface_ws/hook/ld_library_path_lib.dsv'
[8.004s] INFO:colcon.colcon_core.shell:Creating environment hook '/home/byd/src/ros2/action_interface_ws/install/action_interface_ws/share/action_interface_ws/hook/ld_library_path_lib.sh'
[8.005s] Level 1:colcon.colcon_core.environment:checking '/home/byd/src/ros2/action_interface_ws/install/action_interface_ws/bin'
[8.005s] Level 1:colcon.colcon_core.environment:checking '/home/byd/src/ros2/action_interface_ws/install/action_interface_ws/lib/pkgconfig/action_interface_ws.pc'
[8.006s] Level 1:colcon.colcon_core.environment:checking '/home/byd/src/ros2/action_interface_ws/install/action_interface_ws/lib/python3.10/site-packages'
[8.006s] Level 1:colcon.colcon_core.environment:checking '/home/byd/src/ros2/action_interface_ws/install/action_interface_ws/bin'
[8.007s] INFO:colcon.colcon_core.shell:Creating package script '/home/byd/src/ros2/action_interface_ws/install/action_interface_ws/share/action_interface_ws/package.ps1'
[8.009s] INFO:colcon.colcon_core.shell:Creating package descriptor '/home/byd/src/ros2/action_interface_ws/install/action_interface_ws/share/action_interface_ws/package.dsv'
[8.011s] INFO:colcon.colcon_core.shell:Creating package script '/home/byd/src/ros2/action_interface_ws/install/action_interface_ws/share/action_interface_ws/package.sh'
[8.012s] INFO:colcon.colcon_core.shell:Creating package script '/home/byd/src/ros2/action_interface_ws/install/action_interface_ws/share/action_interface_ws/package.bash'
[8.014s] INFO:colcon.colcon_core.shell:Creating package script '/home/byd/src/ros2/action_interface_ws/install/action_interface_ws/share/action_interface_ws/package.zsh'
[8.015s] Level 1:colcon.colcon_core.environment:create_file_with_runtime_dependencies(/home/byd/src/ros2/action_interface_ws/install/action_interface_ws/share/colcon-core/packages/action_interface_ws)
[8.088s] Level 1:colcon.colcon_core.environment:create_environment_scripts_only(action_interface_ws)
[8.089s] Level 1:colcon.colcon_core.environment:checking '/home/byd/src/ros2/action_interface_ws/install/action_interface_ws' for CMake module files
[8.090s] Level 1:colcon.colcon_core.environment:checking '/home/byd/src/ros2/action_interface_ws/install/action_interface_ws' for CMake config files
[8.092s] Level 1:colcon.colcon_core.shell:create_environment_hook('action_interface_ws', 'cmake_prefix_path')
[8.092s] INFO:colcon.colcon_core.shell:Creating environment hook '/home/byd/src/ros2/action_interface_ws/install/action_interface_ws/share/action_interface_ws/hook/cmake_prefix_path.ps1'
[8.094s] INFO:colcon.colcon_core.shell:Creating environment descriptor '/home/byd/src/ros2/action_interface_ws/install/action_interface_ws/share/action_interface_ws/hook/cmake_prefix_path.dsv'
[8.095s] INFO:colcon.colcon_core.shell:Creating environment hook '/home/byd/src/ros2/action_interface_ws/install/action_interface_ws/share/action_interface_ws/hook/cmake_prefix_path.sh'
[8.097s] Level 1:colcon.colcon_core.environment:checking '/home/byd/src/ros2/action_interface_ws/install/action_interface_ws/lib'
[8.098s] Level 1:colcon.colcon_core.shell:create_environment_hook('action_interface_ws', 'ld_library_path_lib')
[8.098s] INFO:colcon.colcon_core.shell:Creating environment hook '/home/byd/src/ros2/action_interface_ws/install/action_interface_ws/share/action_interface_ws/hook/ld_library_path_lib.ps1'
[8.099s] INFO:colcon.colcon_core.shell:Creating environment descriptor '/home/byd/src/ros2/action_interface_ws/install/action_interface_ws/share/action_interface_ws/hook/ld_library_path_lib.dsv'
[8.100s] INFO:colcon.colcon_core.shell:Creating environment hook '/home/byd/src/ros2/action_interface_ws/install/action_interface_ws/share/action_interface_ws/hook/ld_library_path_lib.sh'
[8.101s] Level 1:colcon.colcon_core.environment:checking '/home/byd/src/ros2/action_interface_ws/install/action_interface_ws/bin'
[8.101s] Level 1:colcon.colcon_core.environment:checking '/home/byd/src/ros2/action_interface_ws/install/action_interface_ws/lib/pkgconfig/action_interface_ws.pc'
[8.102s] Level 1:colcon.colcon_core.environment:checking '/home/byd/src/ros2/action_interface_ws/install/action_interface_ws/lib/python3.10/site-packages'
[8.103s] Level 1:colcon.colcon_core.environment:checking '/home/byd/src/ros2/action_interface_ws/install/action_interface_ws/bin'
[8.104s] INFO:colcon.colcon_core.shell:Creating package script '/home/byd/src/ros2/action_interface_ws/install/action_interface_ws/share/action_interface_ws/package.ps1'
[8.105s] INFO:colcon.colcon_core.shell:Creating package descriptor '/home/byd/src/ros2/action_interface_ws/install/action_interface_ws/share/action_interface_ws/package.dsv'
[8.106s] INFO:colcon.colcon_core.shell:Creating package script '/home/byd/src/ros2/action_interface_ws/install/action_interface_ws/share/action_interface_ws/package.sh'
[8.107s] INFO:colcon.colcon_core.shell:Creating package script '/home/byd/src/ros2/action_interface_ws/install/action_interface_ws/share/action_interface_ws/package.bash'
[8.108s] INFO:colcon.colcon_core.shell:Creating package script '/home/byd/src/ros2/action_interface_ws/install/action_interface_ws/share/action_interface_ws/package.zsh'
[8.109s] Level 1:colcon.colcon_core.environment:create_file_with_runtime_dependencies(/home/byd/src/ros2/action_interface_ws/install/action_interface_ws/share/colcon-core/packages/action_interface_ws)
[8.110s] DEBUG:colcon.colcon_parallel_executor.executor.parallel:closing loop
[8.111s] DEBUG:colcon.colcon_parallel_executor.executor.parallel:loop closed
[8.111s] DEBUG:colcon.colcon_parallel_executor.executor.parallel:run_until_complete finished with '0'
[8.111s] DEBUG:colcon.colcon_core.event_reactor:joining thread
[8.127s] INFO:colcon.colcon_core.plugin_system:Skipping extension 'colcon_notification.desktop_notification.terminal_notifier': Not used on non-Darwin systems
[8.127s] INFO:colcon.colcon_core.plugin_system:Skipping extension 'colcon_notification.desktop_notification.win32': Not used on non-Windows systems
[8.128s] INFO:colcon.colcon_notification.desktop_notification:Sending desktop notification using 'notify2'
[8.160s] DEBUG:colcon.colcon_core.event_reactor:joined thread
[8.161s] INFO:colcon.colcon_core.shell:Creating prefix script '/home/byd/src/ros2/action_interface_ws/install/local_setup.ps1'
[8.164s] INFO:colcon.colcon_core.shell:Creating prefix util module '/home/byd/src/ros2/action_interface_ws/install/_local_setup_util_ps1.py'
[8.168s] INFO:colcon.colcon_core.shell:Creating prefix chain script '/home/byd/src/ros2/action_interface_ws/install/setup.ps1'
[8.170s] INFO:colcon.colcon_core.shell:Creating prefix script '/home/byd/src/ros2/action_interface_ws/install/local_setup.sh'
[8.172s] INFO:colcon.colcon_core.shell:Creating prefix util module '/home/byd/src/ros2/action_interface_ws/install/_local_setup_util_sh.py'
[8.173s] INFO:colcon.colcon_core.shell:Creating prefix chain script '/home/byd/src/ros2/action_interface_ws/install/setup.sh'
[8.175s] INFO:colcon.colcon_core.shell:Creating prefix script '/home/byd/src/ros2/action_interface_ws/install/local_setup.bash'
[8.176s] INFO:colcon.colcon_core.shell:Creating prefix chain script '/home/byd/src/ros2/action_interface_ws/install/setup.bash'
[8.178s] INFO:colcon.colcon_core.shell:Creating prefix script '/home/byd/src/ros2/action_interface_ws/install/local_setup.zsh'
[8.179s] INFO:colcon.colcon_core.shell:Creating prefix chain script '/home/byd/src/ros2/action_interface_ws/install/setup.zsh'
