[0.022s] Invoking command in '/home/byd/src/ros2/point_cloud_ws/point_cloud_sub_cpp/build/point_cloud_sub_cpp': CMAKE_PREFIX_PATH=/home/byd/src/ros2/point_cloud_ws/point_cloud_pub/install/point_cloud_pub:/opt/ros/humble /usr/bin/cmake /home/byd/src/ros2/point_cloud_ws/point_cloud_sub_cpp -DCMAKE_INSTALL_PREFIX=/home/byd/src/ros2/point_cloud_ws/point_cloud_sub_cpp/install/point_cloud_sub_cpp
[0.047s] -- Found ament_cmake: 1.3.10 (/opt/ros/humble/share/ament_cmake/cmake)
[0.296s] -- Found rclcpp: 16.0.10 (/opt/ros/humble/share/rclcpp/cmake)
[0.360s] -- Found rosidl_generator_c: 3.1.5 (/opt/ros/humble/share/rosidl_generator_c/cmake)
[0.364s] -- Found rosidl_adapter: 3.1.5 (/opt/ros/humble/share/rosidl_adapter/cmake)
[0.373s] -- Found rosidl_generator_cpp: 3.1.5 (/opt/ros/humble/share/rosidl_generator_cpp/cmake)
[0.388s] -- Using all available rosidl_typesupport_c: rosidl_typesupport_fastrtps_c;rosidl_typesupport_introspection_c
[0.408s] -- Using all available rosidl_typesupport_cpp: rosidl_typesupport_fastrtps_cpp;rosidl_typesupport_introspection_cpp
[0.460s] -- Found rmw_implementation_cmake: 6.1.2 (/opt/ros/humble/share/rmw_implementation_cmake/cmake)
[0.462s] -- Found rmw_fastrtps_cpp: 6.2.7 (/opt/ros/humble/share/rmw_fastrtps_cpp/cmake)
[0.636s] -- Using RMW implementation 'rmw_fastrtps_cpp' as default
[0.715s] -- Found sensor_msgs: 4.2.4 (/opt/ros/humble/share/sensor_msgs/cmake)
[0.781s] -- Eigen found (include: /usr/include/eigen3, version: 3.4.0)
[0.832s] -- FLANN found (include: /usr/include, lib: /usr/lib/aarch64-linux-gnu/libflann_cpp.so)
[1.373s] -- OpenNI found (version: 1.5.4.0, include: /usr/include/ni, lib: /usr/lib/libOpenNI.so;libusb::libusb)
[1.383s] -- OpenNI2 found (version: 2.2.0.33, include: /usr/include/openni2, lib: /usr/lib/aarch64-linux-gnu/libOpenNI2.so;libusb::libusb)
[1.383s] [0m** WARNING ** io features related to pcap will be disabled[0m
[1.636s] -- Eigen found (include: /usr/include/eigen3, version: 3.4.0)
[1.649s] -- OpenNI found (version: 1.5.4.0, include: /usr/include/ni, lib: /usr/lib/libOpenNI.so;libusb::libusb)
[1.660s] -- OpenNI2 found (version: 2.2.0.33, include: /usr/include/openni2, lib: /usr/lib/aarch64-linux-gnu/libOpenNI2.so;libusb::libusb)
[1.895s] -- Found Qhull version 8.0.2
[2.148s] -- OpenNI found (version: 1.5.4.0, include: /usr/include/ni, lib: /usr/lib/libOpenNI.so;libusb::libusb)
[2.387s] -- looking for PCL_COMMON
[2.387s] -- looking for PCL_KDTREE
[2.388s] -- looking for PCL_OCTREE
[2.388s] -- looking for PCL_SEARCH
[2.389s] -- looking for PCL_SAMPLE_CONSENSUS
[2.389s] -- looking for PCL_FILTERS
[2.390s] -- looking for PCL_2D
[2.390s] -- looking for PCL_GEOMETRY
[2.391s] -- looking for PCL_IO
[2.392s] -- looking for PCL_FEATURES
[2.392s] -- looking for PCL_ML
[2.393s] -- looking for PCL_SEGMENTATION
[2.393s] -- looking for PCL_VISUALIZATION
[2.394s] -- looking for PCL_SURFACE
[2.395s] -- looking for PCL_REGISTRATION
[2.395s] -- looking for PCL_KEYPOINTS
[2.396s] -- looking for PCL_TRACKING
[2.397s] -- looking for PCL_RECOGNITION
[2.397s] -- looking for PCL_STEREO
[2.398s] -- looking for PCL_APPS
[2.399s] -- looking for PCL_IN_HAND_SCANNER
[2.400s] -- looking for PCL_MODELER
[2.400s] -- looking for PCL_POINT_CLOUD_EDITOR
[2.401s] -- looking for PCL_OUTOFCORE
[2.401s] -- looking for PCL_PEOPLE
[2.408s] -- Found ament_lint_auto: 0.12.11 (/opt/ros/humble/share/ament_lint_auto/cmake)
[2.556s] -- Added test 'cppcheck' to perform static code analysis on C / C++ code
[2.556s] -- Configured cppcheck include dirs: $<BUILD_INTERFACE:/home/byd/src/ros2/point_cloud_ws/point_cloud_sub_cpp/include>
[2.556s] -- Configured cppcheck exclude dirs and/or files: 
[2.558s] -- Added test 'flake8' to check Python code syntax and style conventions
[2.561s] -- Added test 'lint_cmake' to check CMake code style
[2.562s] -- Added test 'pep257' to check Python code against some of the docstring style conventions in PEP 257
[2.572s] -- Added test 'uncrustify' to check C / C++ code style
[2.572s] -- Configured uncrustify additional arguments: 
[2.573s] -- Added test 'xmllint' to check XML markup files
[2.576s] -- Configuring done
[2.623s] -- Generating done
[2.628s] -- Build files have been written to: /home/byd/src/ros2/point_cloud_ws/point_cloud_sub_cpp/build/point_cloud_sub_cpp
[2.666s] Invoked command in '/home/byd/src/ros2/point_cloud_ws/point_cloud_sub_cpp/build/point_cloud_sub_cpp' returned '0': CMAKE_PREFIX_PATH=/home/byd/src/ros2/point_cloud_ws/point_cloud_pub/install/point_cloud_pub:/opt/ros/humble /usr/bin/cmake /home/byd/src/ros2/point_cloud_ws/point_cloud_sub_cpp -DCMAKE_INSTALL_PREFIX=/home/byd/src/ros2/point_cloud_ws/point_cloud_sub_cpp/install/point_cloud_sub_cpp
[2.673s] Invoking command in '/home/byd/src/ros2/point_cloud_ws/point_cloud_sub_cpp/build/point_cloud_sub_cpp': CMAKE_PREFIX_PATH=/home/byd/src/ros2/point_cloud_ws/point_cloud_pub/install/point_cloud_pub:/opt/ros/humble /usr/bin/cmake --build /home/byd/src/ros2/point_cloud_ws/point_cloud_sub_cpp/build/point_cloud_sub_cpp -- -j8 -l8
[2.772s] [ 50%] [32mBuilding CXX object CMakeFiles/pc_sub.dir/src/pc_sub.cpp.o[0m
[4.600s] [01m[K/home/byd/src/ros2/point_cloud_ws/point_cloud_sub_cpp/src/pc_sub.cpp:16:10:[m[K [01;31m[Kfatal error: [m[Kpcl_conversions/pcl_conversions.h: 没有那个文件或目录
[4.600s]    16 | #include [01;31m[K<pcl_conversions/pcl_conversions.h>[m[K
[4.601s]       |          [01;31m[K^~~~~~~~~~~~~~~~~~~~~~~~~~~~~~~~~~~[m[K
[4.601s] compilation terminated.
[4.628s] gmake[2]: *** [CMakeFiles/pc_sub.dir/build.make:76：CMakeFiles/pc_sub.dir/src/pc_sub.cpp.o] 错误 1
[4.629s] gmake[1]: *** [CMakeFiles/Makefile2:137：CMakeFiles/pc_sub.dir/all] 错误 2
[4.629s] gmake: *** [Makefile:146：all] 错误 2
[4.635s] Invoked command in '/home/byd/src/ros2/point_cloud_ws/point_cloud_sub_cpp/build/point_cloud_sub_cpp' returned '2': CMAKE_PREFIX_PATH=/home/byd/src/ros2/point_cloud_ws/point_cloud_pub/install/point_cloud_pub:/opt/ros/humble /usr/bin/cmake --build /home/byd/src/ros2/point_cloud_ws/point_cloud_sub_cpp/build/point_cloud_sub_cpp -- -j8 -l8
