[35m[1mConsolidate compiler generated dependencies of target camera[0m
[ 50%] [32mBuilding CXX object CMakeFiles/camera.dir/src/camera.cpp.o[0m
In file included from [01m[K/home/byd/src/ros2/hk_camera_ws/src/camera.cpp:15[m[K:
[01m[K/home/byd/src/ros2/hk_camera_ws/include/hk_camera_ws/hk_camera.hpp:[m[K In member function ‘[01m[Kint HKCamera::start_camera()[m[K’:
[01m[K/home/byd/src/ros2/hk_camera_ws/include/hk_camera_ws/hk_camera.hpp:119:9:[m[K [01;35m[Kwarning: [m[Kvariable ‘[01m[KnRet[m[K’ set but not used [[01;35m[K]8;;https://gcc.gnu.org/onlinedocs/gcc/Warning-Options.html#index-Wunused-but-set-variable-Wunused-but-set-variable]8;;[m[K]
  119 |     int [01;35m[KnRet[m[K = MV_OK;
      |         [01;35m[K^~~~[m[K
[01m[K/home/byd/src/ros2/hk_camera_ws/include/hk_camera_ws/hk_camera.hpp:[m[K At global scope:
[01m[K/home/byd/src/ros2/hk_camera_ws/include/hk_camera_ws/hk_camera.hpp:138:7:[m[K [01;31m[Kerror: [m[Kno declaration matches ‘[01m[Kvoid* HKCamera::work_thread(void*)[m[K’
  138 | void *[01;31m[KHKCamera[m[K::work_thread( void* handle) {
      |       [01;31m[K^~~~~~~~[m[K
In file included from [01m[K/home/byd/src/ros2/hk_camera_ws/src/camera.cpp:15[m[K:
[01m[K/home/byd/src/ros2/hk_camera_ws/include/hk_camera_ws/hk_camera.hpp:34:18:[m[K [01;36m[Knote: [m[Kcandidate is: ‘[01m[Kstatic void* HKCamera::work_thread(HKCamera::callback_func_, void*)[m[K’
   34 |     static void *[01;36m[Kwork_thread[m[K(callback_func_ cb, void* handle);
      |                  [01;36m[K^~~~~~~~~~~[m[K
[01m[K/home/byd/src/ros2/hk_camera_ws/include/hk_camera_ws/hk_camera.hpp:21:7:[m[K [01;36m[Knote: [m[K‘[01m[Kclass HKCamera[m[K’ defined here
   21 | class [01;36m[KHKCamera[m[K {
      |       [01;36m[K^~~~~~~~[m[K
In file included from [01m[K/usr/include/c++/11/future:48[m[K,
                 from [01m[K/opt/ros/humble/include/rclcpp/rclcpp/executors.hpp:18[m[K,
                 from [01m[K/opt/ros/humble/include/rclcpp/rclcpp/rclcpp.hpp:155[m[K,
                 from [01m[K/home/byd/src/ros2/hk_camera_ws/src/camera.cpp:11[m[K:
/usr/include/c++/11/bits/std_thread.h: In instantiation of ‘[01m[Kstd::thread::thread(_Callable&&, _Args&& ...) [with _Callable = void* (&)(std::function<void(unsigned char*, _MV_FRAME_OUT_INFO_EX_*)>, void*); _Args = {void*&}; <template-parameter-1-3> = void][m[K’:
[01m[K/home/byd/src/ros2/hk_camera_ws/include/hk_camera_ws/hk_camera.hpp:132:42:[m[K   required from here
[01m[K/usr/include/c++/11/bits/std_thread.h:130:72:[m[K [01;31m[Kerror: [m[Kstatic assertion failed: std::thread arguments must be invocable after conversion to rvalues
  130 |                                       typename decay<_Args>::type...>::[01;31m[Kvalue[m[K,
      |                                                                        [01;31m[K^~~~~[m[K
[01m[K/usr/include/c++/11/bits/std_thread.h:130:72:[m[K [01;36m[Knote: [m[K‘[01m[Kstd::integral_constant<bool, false>::value[m[K’ evaluates to false
/usr/include/c++/11/bits/std_thread.h: In instantiation of ‘[01m[Kstruct std::thread::_Invoker<std::tuple<void* (*)(std::function<void(unsigned char*, _MV_FRAME_OUT_INFO_EX_*)>, void*), void*> >[m[K’:
[01m[K/usr/include/c++/11/bits/std_thread.h:203:13:[m[K   required from ‘[01m[Kstruct std::thread::_State_impl<std::thread::_Invoker<std::tuple<void* (*)(std::function<void(unsigned char*, _MV_FRAME_OUT_INFO_EX_*)>, void*), void*> > >[m[K’
[01m[K/usr/include/c++/11/bits/std_thread.h:143:29:[m[K   required from ‘[01m[Kstd::thread::thread(_Callable&&, _Args&& ...) [with _Callable = void* (&)(std::function<void(unsigned char*, _MV_FRAME_OUT_INFO_EX_*)>, void*); _Args = {void*&}; <template-parameter-1-3> = void][m[K’
[01m[K/home/byd/src/ros2/hk_camera_ws/include/hk_camera_ws/hk_camera.hpp:132:42:[m[K   required from here
[01m[K/usr/include/c++/11/bits/std_thread.h:258:11:[m[K [01;31m[Kerror: [m[Kno type named ‘[01m[Ktype[m[K’ in ‘[01m[Kstruct std::thread::_Invoker<std::tuple<void* (*)(std::function<void(unsigned char*, _MV_FRAME_OUT_INFO_EX_*)>, void*), void*> >::__result<std::tuple<void* (*)(std::function<void(unsigned char*, _MV_FRAME_OUT_INFO_EX_*)>, void*), void*> >[m[K’
  258 |           [01;31m[K_M_invoke[m[K(_Index_tuple<_Ind...>)
      |           [01;31m[K^~~~~~~~~[m[K
[01m[K/usr/include/c++/11/bits/std_thread.h:262:9:[m[K [01;31m[Kerror: [m[Kno type named ‘[01m[Ktype[m[K’ in ‘[01m[Kstruct std::thread::_Invoker<std::tuple<void* (*)(std::function<void(unsigned char*, _MV_FRAME_OUT_INFO_EX_*)>, void*), void*> >::__result<std::tuple<void* (*)(std::function<void(unsigned char*, _MV_FRAME_OUT_INFO_EX_*)>, void*), void*> >[m[K’
  262 |         [01;31m[Koperator[m[K()()
      |         [01;31m[K^~~~~~~~[m[K
gmake[2]: *** [CMakeFiles/camera.dir/build.make:76：CMakeFiles/camera.dir/src/camera.cpp.o] 错误 1
gmake[1]: *** [CMakeFiles/Makefile2:137：CMakeFiles/camera.dir/all] 错误 2
gmake: *** [Makefile:146：all] 错误 2
