[0.020s] Invoking command in '/home/byd/src/ros2/service_ws/build/service_ws': CMAKE_PREFIX_PATH=${CMAKE_PREFIX_PATH}:/opt/ros/humble /usr/bin/cmake /home/byd/src/ros2/service_ws -DCMAKE_INSTALL_PREFIX=/home/byd/src/ros2/service_ws/install/service_ws
[0.145s] -- The C compiler identification is GNU 11.4.0
[0.256s] -- The CXX compiler identification is GNU 11.4.0
[0.272s] -- Detecting C compiler ABI info
[0.557s] -- Detecting C compiler ABI info - done
[0.575s] -- Check for working C compiler: /usr/bin/cc - skipped
[0.576s] -- Detecting C compile features
[0.577s] -- Detecting C compile features - done
[0.585s] -- Detecting CXX compiler ABI info
[0.717s] -- Detecting CXX compiler ABI info - done
[0.742s] -- Check for working CXX compiler: /usr/bin/c++ - skipped
[0.742s] -- Detecting CXX compile features
[0.743s] -- Detecting CXX compile features - done
[0.749s] -- Found ament_cmake: 1.3.10 (/opt/ros/humble/share/ament_cmake/cmake)
[1.021s] -- Found Python3: /usr/bin/python3 (found version "3.10.12") found components: Interpreter 
[1.201s] -- Found rclcpp: 16.0.10 (/opt/ros/humble/share/rclcpp/cmake)
[1.266s] -- Found rosidl_generator_c: 3.1.5 (/opt/ros/humble/share/rosidl_generator_c/cmake)
[1.274s] -- Found rosidl_adapter: 3.1.5 (/opt/ros/humble/share/rosidl_adapter/cmake)
[1.286s] -- Found rosidl_generator_cpp: 3.1.5 (/opt/ros/humble/share/rosidl_generator_cpp/cmake)
[1.305s] -- Using all available rosidl_typesupport_c: rosidl_typesupport_fastrtps_c;rosidl_typesupport_introspection_c
[1.331s] -- Using all available rosidl_typesupport_cpp: rosidl_typesupport_fastrtps_cpp;rosidl_typesupport_introspection_cpp
[1.400s] -- Found rmw_implementation_cmake: 6.1.2 (/opt/ros/humble/share/rmw_implementation_cmake/cmake)
[1.404s] -- Found rmw_fastrtps_cpp: 6.2.7 (/opt/ros/humble/share/rmw_fastrtps_cpp/cmake)
[1.542s] -- Found OpenSSL: /usr/lib/aarch64-linux-gnu/libcrypto.so (found version "3.0.2")  
[1.586s] -- Found FastRTPS: /opt/ros/humble/include  
[1.655s] -- Using RMW implementation 'rmw_fastrtps_cpp' as default
[1.668s] -- Looking for pthread.h
[1.786s] -- Looking for pthread.h - found
[1.787s] -- Performing Test CMAKE_HAVE_LIBC_PTHREAD
[1.906s] -- Performing Test CMAKE_HAVE_LIBC_PTHREAD - Success
[1.908s] -- Found Threads: TRUE  
[2.005s] -- Found service_interface_ws: 0.0.0 (/home/byd/src/ros2/service_interface_ws/install/service_interface_ws/share/service_interface_ws/cmake)
[2.023s] -- Found ament_lint_auto: 0.12.11 (/opt/ros/humble/share/ament_lint_auto/cmake)
[2.171s] -- Added test 'cppcheck' to perform static code analysis on C / C++ code
[2.172s] -- Configured cppcheck include dirs: $<BUILD_INTERFACE:/home/byd/src/ros2/service_ws/include>
[2.172s] -- Configured cppcheck exclude dirs and/or files: 
[2.175s] -- Added test 'lint_cmake' to check CMake code style
[2.187s] -- Added test 'uncrustify' to check C / C++ code style
[2.187s] -- Configured uncrustify additional arguments: 
[2.188s] -- Added test 'xmllint' to check XML markup files
[2.190s] -- Configuring done
[2.208s] -- Generating done
[2.211s] -- Build files have been written to: /home/byd/src/ros2/service_ws/build/service_ws
[2.237s] Invoked command in '/home/byd/src/ros2/service_ws/build/service_ws' returned '0': CMAKE_PREFIX_PATH=${CMAKE_PREFIX_PATH}:/opt/ros/humble /usr/bin/cmake /home/byd/src/ros2/service_ws -DCMAKE_INSTALL_PREFIX=/home/byd/src/ros2/service_ws/install/service_ws
[2.240s] Invoking command in '/home/byd/src/ros2/service_ws/build/service_ws': CMAKE_PREFIX_PATH=${CMAKE_PREFIX_PATH}:/opt/ros/humble /usr/bin/cmake --build /home/byd/src/ros2/service_ws/build/service_ws -- -j8 -l8
[2.322s] [ 50%] [32mBuilding CXX object CMakeFiles/service.dir/src/service.cpp.o[0m
[2.385s] [100%] [32m[1mLinking CXX executable service[0m
[2.500s] [100%] Built target service
[2.522s] Invoked command in '/home/byd/src/ros2/service_ws/build/service_ws' returned '0': CMAKE_PREFIX_PATH=${CMAKE_PREFIX_PATH}:/opt/ros/humble /usr/bin/cmake --build /home/byd/src/ros2/service_ws/build/service_ws -- -j8 -l8
[2.576s] Invoking command in '/home/byd/src/ros2/service_ws/build/service_ws': CMAKE_PREFIX_PATH=${CMAKE_PREFIX_PATH}:/opt/ros/humble /usr/bin/cmake --install /home/byd/src/ros2/service_ws/build/service_ws
[2.589s] -- Install configuration: ""
[2.589s] -- Installing: /home/byd/src/ros2/service_ws/install/service_ws/lib/service_ws/service
[2.590s] -- Set runtime path of "/home/byd/src/ros2/service_ws/install/service_ws/lib/service_ws/service" to ""
[2.590s] -- Installing: /home/byd/src/ros2/service_ws/install/service_ws/share/ament_index/resource_index/package_run_dependencies/service_ws
[2.590s] -- Installing: /home/byd/src/ros2/service_ws/install/service_ws/share/ament_index/resource_index/parent_prefix_path/service_ws
[2.591s] -- Installing: /home/byd/src/ros2/service_ws/install/service_ws/share/service_ws/environment/ament_prefix_path.sh
[2.591s] -- Installing: /home/byd/src/ros2/service_ws/install/service_ws/share/service_ws/environment/ament_prefix_path.dsv
[2.591s] -- Installing: /home/byd/src/ros2/service_ws/install/service_ws/share/service_ws/environment/path.sh
[2.591s] -- Installing: /home/byd/src/ros2/service_ws/install/service_ws/share/service_ws/environment/path.dsv
[2.592s] -- Installing: /home/byd/src/ros2/service_ws/install/service_ws/share/service_ws/local_setup.bash
[2.592s] -- Installing: /home/byd/src/ros2/service_ws/install/service_ws/share/service_ws/local_setup.sh
[2.592s] -- Installing: /home/byd/src/ros2/service_ws/install/service_ws/share/service_ws/local_setup.zsh
[2.592s] -- Installing: /home/byd/src/ros2/service_ws/install/service_ws/share/service_ws/local_setup.dsv
[2.593s] -- Installing: /home/byd/src/ros2/service_ws/install/service_ws/share/service_ws/package.dsv
[2.593s] -- Installing: /home/byd/src/ros2/service_ws/install/service_ws/share/ament_index/resource_index/packages/service_ws
[2.593s] -- Installing: /home/byd/src/ros2/service_ws/install/service_ws/share/service_ws/cmake/service_wsConfig.cmake
[2.594s] -- Installing: /home/byd/src/ros2/service_ws/install/service_ws/share/service_ws/cmake/service_wsConfig-version.cmake
[2.594s] -- Installing: /home/byd/src/ros2/service_ws/install/service_ws/share/service_ws/package.xml
[2.598s] Invoked command in '/home/byd/src/ros2/service_ws/build/service_ws' returned '0': CMAKE_PREFIX_PATH=${CMAKE_PREFIX_PATH}:/opt/ros/humble /usr/bin/cmake --install /home/byd/src/ros2/service_ws/build/service_ws
