-- The C compiler identification is GNU 11.4.0
-- The CXX compiler identification is GNU 11.4.0
-- Detecting C compiler ABI info
-- Detecting C compiler ABI info - done
-- Check for working C compiler: /usr/bin/cc - skipped
-- Detecting C compile features
-- Detecting C compile features - done
-- Detecting CXX compiler ABI info
-- Detecting CXX compiler ABI info - done
-- Check for working CXX compiler: /usr/bin/c++ - skipped
-- Detecting CXX compile features
-- Detecting CXX compile features - done
-- Found ament_cmake: 1.3.11 (/opt/ros/humble/share/ament_cmake/cmake)
-- Found Python3: /usr/bin/python3 (found version "3.10.12") found components: Interpreter 
-- Found builtin_interfaces: 1.2.1 (/opt/ros/humble/share/builtin_interfaces/cmake)
-- Found rosidl_generator_c: 3.1.6 (/opt/ros/humble/share/rosidl_generator_c/cmake)
-- Found rosidl_adapter: 3.1.6 (/opt/ros/humble/share/rosidl_adapter/cmake)
-- Found rosidl_generator_cpp: 3.1.6 (/opt/ros/humble/share/rosidl_generator_cpp/cmake)
-- Using all available rosidl_typesupport_c: rosidl_typesupport_fastrtps_c;rosidl_typesupport_introspection_c
-- Using all available rosidl_typesupport_cpp: rosidl_typesupport_fastrtps_cpp;rosidl_typesupport_introspection_cpp
-- Found cv_bridge: 3.2.1 (/opt/ros/humble/share/cv_bridge/cmake)
-- Found image_transport: 3.1.10 (/opt/ros/humble/share/image_transport/cmake)
-- Found rmw_implementation_cmake: 6.1.2 (/opt/ros/humble/share/rmw_implementation_cmake/cmake)
-- Found rmw_fastrtps_cpp: 6.2.7 (/opt/ros/humble/share/rmw_fastrtps_cpp/cmake)
-- Found OpenSSL: /usr/lib/aarch64-linux-gnu/libcrypto.so (found version "3.0.2")  
-- Found FastRTPS: /opt/ros/humble/include  
-- Using RMW implementation 'rmw_fastrtps_cpp' as default
-- Looking for pthread.h
-- Looking for pthread.h - found
-- Performing Test CMAKE_HAVE_LIBC_PTHREAD
-- Performing Test CMAKE_HAVE_LIBC_PTHREAD - Success
-- Found Threads: TRUE  
-- Found rclcpp_components: 16.0.11 (/opt/ros/humble/share/rclcpp_components/cmake)
-- Found nav_msgs: 4.2.4 (/opt/ros/humble/share/nav_msgs/cmake)
-- Found tf2_ros: 0.25.9 (/opt/ros/humble/share/tf2_ros/cmake)
-- Found diagnostic_updater: 4.0.0 (/opt/ros/humble/share/diagnostic_updater/cmake)
-- Found dros_common_interfaces: 0.0.0 (/home/byd/github/ros2/dros/dros_common_interfaces/install/dros_common_interfaces/share/dros_common_interfaces/cmake)
-- Found OpenCV: /usr (found version "4.5.4") found components: core 
-- Found ament_lint_auto: 0.12.11 (/opt/ros/humble/share/ament_lint_auto/cmake)
-- Added test 'cppcheck' to perform static code analysis on C / C++ code
-- Configured cppcheck include dirs: /home/byd/github/ros2/dros/data_collection_service/wrapper/realsense/include;$<BUILD_INTERFACE:/home/byd/github/ros2/dros/data_collection_service/include>
-- Configured cppcheck exclude dirs and/or files: 
-- Added test 'flake8' to check Python code syntax and style conventions
-- Added test 'lint_cmake' to check CMake code style
-- Added test 'pep257' to check Python code against some of the docstring style conventions in PEP 257
-- Added test 'uncrustify' to check C / C++ code style
-- Configured uncrustify additional arguments: 
-- Added test 'xmllint' to check XML markup files
-- Configuring done
-- Generating done
-- Build files have been written to: /home/byd/github/ros2/dros/data_collection_service/build/data_collection_service
[ 21%] [32mBuilding CXX object CMakeFiles/manager.dir/src/main.cpp.o[0m
[ 21%] [32mBuilding CXX object CMakeFiles/data_collection_service.dir/wrapper/realsense/src/realsense_node_factory.cpp.o[0m
[ 21%] [32mBuilding CXX object CMakeFiles/manager.dir/src/data_collection_manager.cpp.o[0m
[ 21%] [32mBuilding CXX object CMakeFiles/realsense2_camera_node.dir/rclcpp_components/node_main_realsense2_camera_node.cpp.o[0m
[ 26%] [32mBuilding CXX object CMakeFiles/data_collection_service.dir/wrapper/realsense/src/base_parameters.cpp.o[0m
[ 31%] [32mBuilding CXX object CMakeFiles/data_collection_service.dir/wrapper/realsense/src/base_realsense_node.cpp.o[0m
[ 36%] [32mBuilding CXX object CMakeFiles/data_collection_service.dir/wrapper/realsense/src/base_node_setup.cpp.o[0m
[ 42%] [32mBuilding CXX object CMakeFiles/data_collection_service.dir/wrapper/realsense/src/ros_sensor.cpp.o[0m
[ 47%] [32mBuilding CXX object CMakeFiles/data_collection_service.dir/wrapper/realsense/src/ros_utils.cpp.o[0m
[ 52%] [32m[1mLinking CXX executable manager[0m
[ 52%] Built target manager
[ 57%] [32mBuilding CXX object CMakeFiles/data_collection_service.dir/wrapper/realsense/src/dynamic_params.cpp.o[0m
[ 63%] [32m[1mLinking CXX executable realsense2_camera_node[0m
[ 63%] Built target realsense2_camera_node
[ 68%] [32mBuilding CXX object CMakeFiles/data_collection_service.dir/wrapper/realsense/src/sensor_params.cpp.o[0m
[ 73%] [32mBuilding CXX object CMakeFiles/data_collection_service.dir/wrapper/realsense/src/named_filter.cpp.o[0m
[ 78%] [32mBuilding CXX object CMakeFiles/data_collection_service.dir/wrapper/realsense/src/profile_manager.cpp.o[0m
[ 84%] [32mBuilding CXX object CMakeFiles/data_collection_service.dir/wrapper/realsense/src/image_publisher.cpp.o[0m
[ 89%] [32mBuilding CXX object CMakeFiles/data_collection_service.dir/wrapper/realsense/src/base_tfs.cpp.o[0m
[ 94%] [32mBuilding CXX object CMakeFiles/data_collection_service.dir/wrapper/realsense/src/ros_param_backend.cpp.o[0m
[100%] [32m[1mLinking CXX shared library libdata_collection_service.so[0m
[100%] Built target data_collection_service
-- Install configuration: ""
-- Installing: /home/byd/github/ros2/dros/data_collection_service/install/data_collection_service/lib/data_collection_service/realsense2_camera_node
-- Set runtime path of "/home/byd/github/ros2/dros/data_collection_service/install/data_collection_service/lib/data_collection_service/realsense2_camera_node" to ""
-- Installing: /home/byd/github/ros2/dros/data_collection_service/install/data_collection_service/lib/libdata_collection_service.so
-- Set runtime path of "/home/byd/github/ros2/dros/data_collection_service/install/data_collection_service/lib/libdata_collection_service.so" to ""
-- Up-to-date: /home/byd/github/ros2/dros/data_collection_service/install/data_collection_service/lib
-- Installing: /home/byd/github/ros2/dros/data_collection_service/install/data_collection_service/lib/librealsense-file.a
-- Installing: /home/byd/github/ros2/dros/data_collection_service/install/data_collection_service/lib/pkgconfig
-- Installing: /home/byd/github/ros2/dros/data_collection_service/install/data_collection_service/lib/pkgconfig/realsense2-gl.pc
-- Installing: /home/byd/github/ros2/dros/data_collection_service/install/data_collection_service/lib/pkgconfig/realsense2.pc
-- Installing: /home/byd/github/ros2/dros/data_collection_service/install/data_collection_service/lib/pkgconfig/glfw3.pc
-- Installing: /home/byd/github/ros2/dros/data_collection_service/install/data_collection_service/lib/librealsense2-gl.so
-- Installing: /home/byd/github/ros2/dros/data_collection_service/install/data_collection_service/lib/librsutils.a
-- Installing: /home/byd/github/ros2/dros/data_collection_service/install/data_collection_service/lib/librealsense2-gl.so.2.55.1
-- Installing: /home/byd/github/ros2/dros/data_collection_service/install/data_collection_service/lib/librealsense2.so.2.55.1
-- Installing: /home/byd/github/ros2/dros/data_collection_service/install/data_collection_service/lib/librealsense2.so.2.55
-- Installing: /home/byd/github/ros2/dros/data_collection_service/install/data_collection_service/lib/librealsense2.so
-- Installing: /home/byd/github/ros2/dros/data_collection_service/install/data_collection_service/lib/libglfw3.a
-- Installing: /home/byd/github/ros2/dros/data_collection_service/install/data_collection_service/lib/cmake
-- Installing: /home/byd/github/ros2/dros/data_collection_service/install/data_collection_service/lib/cmake/realsense2
-- Installing: /home/byd/github/ros2/dros/data_collection_service/install/data_collection_service/lib/cmake/realsense2/realsense2Targets.cmake
-- Installing: /home/byd/github/ros2/dros/data_collection_service/install/data_collection_service/lib/cmake/realsense2/realsense2ConfigVersion.cmake
-- Installing: /home/byd/github/ros2/dros/data_collection_service/install/data_collection_service/lib/cmake/realsense2/realsense2Targets-release.cmake
-- Installing: /home/byd/github/ros2/dros/data_collection_service/install/data_collection_service/lib/cmake/realsense2/realsense2Config.cmake
-- Installing: /home/byd/github/ros2/dros/data_collection_service/install/data_collection_service/lib/cmake/glfw3
-- Installing: /home/byd/github/ros2/dros/data_collection_service/install/data_collection_service/lib/cmake/glfw3/glfw3Targets.cmake
-- Installing: /home/byd/github/ros2/dros/data_collection_service/install/data_collection_service/lib/cmake/glfw3/glfw3Targets-release.cmake
-- Installing: /home/byd/github/ros2/dros/data_collection_service/install/data_collection_service/lib/cmake/glfw3/glfw3ConfigVersion.cmake
-- Installing: /home/byd/github/ros2/dros/data_collection_service/install/data_collection_service/lib/cmake/glfw3/glfw3Config.cmake
-- Installing: /home/byd/github/ros2/dros/data_collection_service/install/data_collection_service/lib/cmake/realsense2-gl
-- Installing: /home/byd/github/ros2/dros/data_collection_service/install/data_collection_service/lib/cmake/realsense2-gl/realsense2-glConfigVersion.cmake
-- Installing: /home/byd/github/ros2/dros/data_collection_service/install/data_collection_service/lib/cmake/realsense2-gl/realsense2-glTargets.cmake
-- Installing: /home/byd/github/ros2/dros/data_collection_service/install/data_collection_service/lib/cmake/realsense2-gl/realsense2-glConfig.cmake
-- Installing: /home/byd/github/ros2/dros/data_collection_service/install/data_collection_service/lib/cmake/realsense2-gl/realsense2-glTargets-release.cmake
-- Installing: /home/byd/github/ros2/dros/data_collection_service/install/data_collection_service/lib/librealsense2-gl.so.2.55
-- Installing: /home/byd/github/ros2/dros/data_collection_service/install/data_collection_service/lib/libfw.a
-- Installing: /home/byd/github/ros2/dros/data_collection_service/install/data_collection_service/include
-- Installing: /home/byd/github/ros2/dros/data_collection_service/install/data_collection_service/include/named_filter.h
-- Installing: /home/byd/github/ros2/dros/data_collection_service/install/data_collection_service/include/gl_window.h
-- Installing: /home/byd/github/ros2/dros/data_collection_service/install/data_collection_service/include/ros_sensor.h
-- Installing: /home/byd/github/ros2/dros/data_collection_service/install/data_collection_service/include/ros_utils.h
-- Installing: /home/byd/github/ros2/dros/data_collection_service/install/data_collection_service/include/dynamic_params.h
-- Installing: /home/byd/github/ros2/dros/data_collection_service/install/data_collection_service/include/sensor_params.h
-- Installing: /home/byd/github/ros2/dros/data_collection_service/install/data_collection_service/include/realsense_node_factory.h
-- Installing: /home/byd/github/ros2/dros/data_collection_service/install/data_collection_service/include/image_publisher.h
-- Installing: /home/byd/github/ros2/dros/data_collection_service/install/data_collection_service/include/ros_param_backend.h
-- Installing: /home/byd/github/ros2/dros/data_collection_service/install/data_collection_service/include/constants.h
-- Installing: /home/byd/github/ros2/dros/data_collection_service/install/data_collection_service/include/base_realsense_node.h
-- Installing: /home/byd/github/ros2/dros/data_collection_service/install/data_collection_service/include/profile_manager.h
-- Installing: /home/byd/github/ros2/dros/data_collection_service/install/data_collection_service/share/data_collection_service/launch
-- Installing: /home/byd/github/ros2/dros/data_collection_service/install/data_collection_service/share/data_collection_service/launch/default.rviz
-- Installing: /home/byd/github/ros2/dros/data_collection_service/install/data_collection_service/share/data_collection_service/launch/rs_intra_process_demo_launch.py
-- Installing: /home/byd/github/ros2/dros/data_collection_service/install/data_collection_service/share/data_collection_service/launch/rs_launch.py
-- Installing: /home/byd/github/ros2/dros/data_collection_service/install/data_collection_service/share/data_collection_service/launch/rs_multi_camera_launch.py
-- Installing: /home/byd/github/ros2/dros/data_collection_service/install/data_collection_service/lib/data_collection_service/manager
-- Set runtime path of "/home/byd/github/ros2/dros/data_collection_service/install/data_collection_service/lib/data_collection_service/manager" to ""
-- Installing: /home/byd/github/ros2/dros/data_collection_service/install/data_collection_service/share/data_collection_service/environment/library_path.sh
-- Installing: /home/byd/github/ros2/dros/data_collection_service/install/data_collection_service/share/data_collection_service/environment/library_path.dsv
-- Installing: /home/byd/github/ros2/dros/data_collection_service/install/data_collection_service/share/ament_index/resource_index/package_run_dependencies/data_collection_service
-- Installing: /home/byd/github/ros2/dros/data_collection_service/install/data_collection_service/share/ament_index/resource_index/parent_prefix_path/data_collection_service
-- Installing: /home/byd/github/ros2/dros/data_collection_service/install/data_collection_service/share/data_collection_service/environment/ament_prefix_path.sh
-- Installing: /home/byd/github/ros2/dros/data_collection_service/install/data_collection_service/share/data_collection_service/environment/ament_prefix_path.dsv
-- Installing: /home/byd/github/ros2/dros/data_collection_service/install/data_collection_service/share/data_collection_service/environment/path.sh
-- Installing: /home/byd/github/ros2/dros/data_collection_service/install/data_collection_service/share/data_collection_service/environment/path.dsv
-- Installing: /home/byd/github/ros2/dros/data_collection_service/install/data_collection_service/share/data_collection_service/local_setup.bash
-- Installing: /home/byd/github/ros2/dros/data_collection_service/install/data_collection_service/share/data_collection_service/local_setup.sh
-- Installing: /home/byd/github/ros2/dros/data_collection_service/install/data_collection_service/share/data_collection_service/local_setup.zsh
-- Installing: /home/byd/github/ros2/dros/data_collection_service/install/data_collection_service/share/data_collection_service/local_setup.dsv
-- Installing: /home/byd/github/ros2/dros/data_collection_service/install/data_collection_service/share/data_collection_service/package.dsv
-- Installing: /home/byd/github/ros2/dros/data_collection_service/install/data_collection_service/share/ament_index/resource_index/packages/data_collection_service
-- Installing: /home/byd/github/ros2/dros/data_collection_service/install/data_collection_service/share/ament_index/resource_index/rclcpp_components/data_collection_service
-- Installing: /home/byd/github/ros2/dros/data_collection_service/install/data_collection_service/share/data_collection_service/cmake/ament_cmake_export_include_directories-extras.cmake
-- Installing: /home/byd/github/ros2/dros/data_collection_service/install/data_collection_service/share/data_collection_service/cmake/ament_cmake_export_libraries-extras.cmake
-- Installing: /home/byd/github/ros2/dros/data_collection_service/install/data_collection_service/share/data_collection_service/cmake/ament_cmake_export_dependencies-extras.cmake
-- Installing: /home/byd/github/ros2/dros/data_collection_service/install/data_collection_service/share/data_collection_service/cmake/data_collection_serviceConfig.cmake
-- Installing: /home/byd/github/ros2/dros/data_collection_service/install/data_collection_service/share/data_collection_service/cmake/data_collection_serviceConfig-version.cmake
-- Installing: /home/byd/github/ros2/dros/data_collection_service/install/data_collection_service/share/data_collection_service/package.xml
