[0.020s] Invoking command in '/home/byd/github/ros2/dros/data_collection_service/build/data_collection_service': CMAKE_PREFIX_PATH=${CMAKE_PREFIX_PATH}:/opt/ros/humble /usr/bin/cmake /home/byd/github/ros2/dros/data_collection_service -DCMAKE_INSTALL_PREFIX=/home/byd/github/ros2/dros/data_collection_service/install/data_collection_service
[0.120s] -- The C compiler identification is GNU 11.4.0
[0.224s] -- The CXX compiler identification is GNU 11.4.0
[0.241s] -- Detecting C compiler ABI info
[0.375s] -- Detecting C compiler ABI info - done
[0.395s] -- Check for working C compiler: /usr/bin/cc - skipped
[0.396s] -- Detecting C compile features
[0.397s] -- Detecting C compile features - done
[0.408s] -- Detecting CXX compiler ABI info
[0.563s] -- Detecting CXX compiler ABI info - done
[0.591s] -- Check for working CXX compiler: /usr/bin/c++ - skipped
[0.591s] -- Detecting CXX compile features
[0.592s] -- Detecting CXX compile features - done
[0.600s] -- Found ament_cmake: 1.3.11 (/opt/ros/humble/share/ament_cmake/cmake)
[1.328s] -- Found Python3: /usr/bin/python3 (found version "3.10.12") found components: Interpreter 
[1.524s] -- Found builtin_interfaces: 1.2.1 (/opt/ros/humble/share/builtin_interfaces/cmake)
[1.582s] -- Found rosidl_generator_c: 3.1.6 (/opt/ros/humble/share/rosidl_generator_c/cmake)
[1.590s] -- Found rosidl_adapter: 3.1.6 (/opt/ros/humble/share/rosidl_adapter/cmake)
[1.603s] -- Found rosidl_generator_cpp: 3.1.6 (/opt/ros/humble/share/rosidl_generator_cpp/cmake)
[1.621s] -- Using all available rosidl_typesupport_c: rosidl_typesupport_fastrtps_c;rosidl_typesupport_introspection_c
[1.647s] -- Using all available rosidl_typesupport_cpp: rosidl_typesupport_fastrtps_cpp;rosidl_typesupport_introspection_cpp
[1.669s] -- Found cv_bridge: 3.2.1 (/opt/ros/humble/share/cv_bridge/cmake)
[1.761s] -- Found image_transport: 3.1.10 (/opt/ros/humble/share/image_transport/cmake)
[1.826s] -- Found rmw_implementation_cmake: 6.1.2 (/opt/ros/humble/share/rmw_implementation_cmake/cmake)
[1.829s] -- Found rmw_fastrtps_cpp: 6.2.7 (/opt/ros/humble/share/rmw_fastrtps_cpp/cmake)
[1.990s] -- Found OpenSSL: /usr/lib/aarch64-linux-gnu/libcrypto.so (found version "3.0.2")  
[2.037s] -- Found FastRTPS: /opt/ros/humble/include  
[2.106s] -- Using RMW implementation 'rmw_fastrtps_cpp' as default
[2.120s] -- Looking for pthread.h
[2.259s] -- Looking for pthread.h - found
[2.259s] -- Performing Test CMAKE_HAVE_LIBC_PTHREAD
[2.405s] -- Performing Test CMAKE_HAVE_LIBC_PTHREAD - Success
[2.408s] -- Found Threads: TRUE  
[2.534s] -- Found rclcpp_components: 16.0.11 (/opt/ros/humble/share/rclcpp_components/cmake)
[2.566s] -- Found nav_msgs: 4.2.4 (/opt/ros/humble/share/nav_msgs/cmake)
[2.593s] -- Found tf2_ros: 0.25.9 (/opt/ros/humble/share/tf2_ros/cmake)
[2.701s] -- Found diagnostic_updater: 4.0.0 (/opt/ros/humble/share/diagnostic_updater/cmake)
[2.731s] -- Found dros_common_interfaces: 0.0.0 (/home/byd/github/ros2/dros/dros_common_interfaces/install/dros_common_interfaces/share/dros_common_interfaces/cmake)
[2.762s] -- Found OpenCV: /usr (found version "4.5.4") found components: core 
[2.774s] -- Found ament_lint_auto: 0.12.11 (/opt/ros/humble/share/ament_lint_auto/cmake)
[2.932s] -- Added test 'cppcheck' to perform static code analysis on C / C++ code
[2.933s] -- Configured cppcheck include dirs: /home/byd/github/ros2/dros/data_collection_service/wrapper/realsense/include;$<BUILD_INTERFACE:/home/byd/github/ros2/dros/data_collection_service/include>
[2.933s] -- Configured cppcheck exclude dirs and/or files: 
[2.936s] -- Added test 'flake8' to check Python code syntax and style conventions
[2.939s] -- Added test 'lint_cmake' to check CMake code style
[2.941s] -- Added test 'pep257' to check Python code against some of the docstring style conventions in PEP 257
[2.953s] -- Added test 'uncrustify' to check C / C++ code style
[2.953s] -- Configured uncrustify additional arguments: 
[2.955s] -- Added test 'xmllint' to check XML markup files
[2.961s] -- Configuring done
[3.012s] -- Generating done
[3.027s] -- Build files have been written to: /home/byd/github/ros2/dros/data_collection_service/build/data_collection_service
[3.057s] Invoked command in '/home/byd/github/ros2/dros/data_collection_service/build/data_collection_service' returned '0': CMAKE_PREFIX_PATH=${CMAKE_PREFIX_PATH}:/opt/ros/humble /usr/bin/cmake /home/byd/github/ros2/dros/data_collection_service -DCMAKE_INSTALL_PREFIX=/home/byd/github/ros2/dros/data_collection_service/install/data_collection_service
[3.061s] Invoking command in '/home/byd/github/ros2/dros/data_collection_service/build/data_collection_service': CMAKE_PREFIX_PATH=${CMAKE_PREFIX_PATH}:/opt/ros/humble /usr/bin/cmake --build /home/byd/github/ros2/dros/data_collection_service/build/data_collection_service -- -j8 -l8
[3.173s] [ 21%] [32mBuilding CXX object CMakeFiles/manager.dir/src/main.cpp.o[0m
[3.173s] [ 21%] [32mBuilding CXX object CMakeFiles/data_collection_service.dir/wrapper/realsense/src/realsense_node_factory.cpp.o[0m
[3.173s] [ 21%] [32mBuilding CXX object CMakeFiles/manager.dir/src/data_collection_manager.cpp.o[0m
[3.174s] [ 21%] [32mBuilding CXX object CMakeFiles/realsense2_camera_node.dir/rclcpp_components/node_main_realsense2_camera_node.cpp.o[0m
[3.174s] [ 26%] [32mBuilding CXX object CMakeFiles/data_collection_service.dir/wrapper/realsense/src/base_parameters.cpp.o[0m
[3.175s] [ 31%] [32mBuilding CXX object CMakeFiles/data_collection_service.dir/wrapper/realsense/src/base_realsense_node.cpp.o[0m
[3.177s] [ 36%] [32mBuilding CXX object CMakeFiles/data_collection_service.dir/wrapper/realsense/src/base_node_setup.cpp.o[0m
[3.187s] [ 42%] [32mBuilding CXX object CMakeFiles/data_collection_service.dir/wrapper/realsense/src/ros_sensor.cpp.o[0m
[10.306s] [ 47%] [32mBuilding CXX object CMakeFiles/data_collection_service.dir/wrapper/realsense/src/ros_utils.cpp.o[0m
[10.517s] [ 52%] [32m[1mLinking CXX executable manager[0m
[10.802s] [ 52%] Built target manager
[10.822s] [ 57%] [32mBuilding CXX object CMakeFiles/data_collection_service.dir/wrapper/realsense/src/dynamic_params.cpp.o[0m
[11.429s] [ 63%] [32m[1mLinking CXX executable realsense2_camera_node[0m
[11.726s] [ 63%] Built target realsense2_camera_node
[11.746s] [ 68%] [32mBuilding CXX object CMakeFiles/data_collection_service.dir/wrapper/realsense/src/sensor_params.cpp.o[0m
[17.168s] [ 73%] [32mBuilding CXX object CMakeFiles/data_collection_service.dir/wrapper/realsense/src/named_filter.cpp.o[0m
[17.962s] [ 78%] [32mBuilding CXX object CMakeFiles/data_collection_service.dir/wrapper/realsense/src/profile_manager.cpp.o[0m
[18.250s] [ 84%] [32mBuilding CXX object CMakeFiles/data_collection_service.dir/wrapper/realsense/src/image_publisher.cpp.o[0m
[20.773s] [ 89%] [32mBuilding CXX object CMakeFiles/data_collection_service.dir/wrapper/realsense/src/base_tfs.cpp.o[0m
[21.254s] [ 94%] [32mBuilding CXX object CMakeFiles/data_collection_service.dir/wrapper/realsense/src/ros_param_backend.cpp.o[0m
[38.371s] [100%] [32m[1mLinking CXX shared library libdata_collection_service.so[0m
[42.201s] [100%] Built target data_collection_service
[42.226s] Invoked command in '/home/byd/github/ros2/dros/data_collection_service/build/data_collection_service' returned '0': CMAKE_PREFIX_PATH=${CMAKE_PREFIX_PATH}:/opt/ros/humble /usr/bin/cmake --build /home/byd/github/ros2/dros/data_collection_service/build/data_collection_service -- -j8 -l8
[42.248s] Invoking command in '/home/byd/github/ros2/dros/data_collection_service/build/data_collection_service': CMAKE_PREFIX_PATH=${CMAKE_PREFIX_PATH}:/opt/ros/humble /usr/bin/cmake --install /home/byd/github/ros2/dros/data_collection_service/build/data_collection_service
[42.264s] -- Install configuration: ""
[42.265s] -- Installing: /home/byd/github/ros2/dros/data_collection_service/install/data_collection_service/lib/data_collection_service/realsense2_camera_node
[42.266s] -- Set runtime path of "/home/byd/github/ros2/dros/data_collection_service/install/data_collection_service/lib/data_collection_service/realsense2_camera_node" to ""
[42.266s] -- Installing: /home/byd/github/ros2/dros/data_collection_service/install/data_collection_service/lib/libdata_collection_service.so
[42.290s] -- Set runtime path of "/home/byd/github/ros2/dros/data_collection_service/install/data_collection_service/lib/libdata_collection_service.so" to ""
[42.290s] -- Up-to-date: /home/byd/github/ros2/dros/data_collection_service/install/data_collection_service/lib
[42.291s] -- Installing: /home/byd/github/ros2/dros/data_collection_service/install/data_collection_service/lib/librealsense-file.a
[42.292s] -- Installing: /home/byd/github/ros2/dros/data_collection_service/install/data_collection_service/lib/pkgconfig
[42.292s] -- Installing: /home/byd/github/ros2/dros/data_collection_service/install/data_collection_service/lib/pkgconfig/realsense2-gl.pc
[42.293s] -- Installing: /home/byd/github/ros2/dros/data_collection_service/install/data_collection_service/lib/pkgconfig/realsense2.pc
[42.293s] -- Installing: /home/byd/github/ros2/dros/data_collection_service/install/data_collection_service/lib/pkgconfig/glfw3.pc
[42.293s] -- Installing: /home/byd/github/ros2/dros/data_collection_service/install/data_collection_service/lib/librealsense2-gl.so
[42.294s] -- Installing: /home/byd/github/ros2/dros/data_collection_service/install/data_collection_service/lib/librsutils.a
[42.295s] -- Installing: /home/byd/github/ros2/dros/data_collection_service/install/data_collection_service/lib/librealsense2-gl.so.2.55.1
[42.300s] -- Installing: /home/byd/github/ros2/dros/data_collection_service/install/data_collection_service/lib/librealsense2.so.2.55.1
[42.325s] -- Installing: /home/byd/github/ros2/dros/data_collection_service/install/data_collection_service/lib/librealsense2.so.2.55
[42.326s] -- Installing: /home/byd/github/ros2/dros/data_collection_service/install/data_collection_service/lib/librealsense2.so
[42.326s] -- Installing: /home/byd/github/ros2/dros/data_collection_service/install/data_collection_service/lib/libglfw3.a
[42.327s] -- Installing: /home/byd/github/ros2/dros/data_collection_service/install/data_collection_service/lib/cmake
[42.327s] -- Installing: /home/byd/github/ros2/dros/data_collection_service/install/data_collection_service/lib/cmake/realsense2
[42.327s] -- Installing: /home/byd/github/ros2/dros/data_collection_service/install/data_collection_service/lib/cmake/realsense2/realsense2Targets.cmake
[42.328s] -- Installing: /home/byd/github/ros2/dros/data_collection_service/install/data_collection_service/lib/cmake/realsense2/realsense2ConfigVersion.cmake
[42.328s] -- Installing: /home/byd/github/ros2/dros/data_collection_service/install/data_collection_service/lib/cmake/realsense2/realsense2Targets-release.cmake
[42.328s] -- Installing: /home/byd/github/ros2/dros/data_collection_service/install/data_collection_service/lib/cmake/realsense2/realsense2Config.cmake
[42.329s] -- Installing: /home/byd/github/ros2/dros/data_collection_service/install/data_collection_service/lib/cmake/glfw3
[42.329s] -- Installing: /home/byd/github/ros2/dros/data_collection_service/install/data_collection_service/lib/cmake/glfw3/glfw3Targets.cmake
[42.329s] -- Installing: /home/byd/github/ros2/dros/data_collection_service/install/data_collection_service/lib/cmake/glfw3/glfw3Targets-release.cmake
[42.330s] -- Installing: /home/byd/github/ros2/dros/data_collection_service/install/data_collection_service/lib/cmake/glfw3/glfw3ConfigVersion.cmake
[42.330s] -- Installing: /home/byd/github/ros2/dros/data_collection_service/install/data_collection_service/lib/cmake/glfw3/glfw3Config.cmake
[42.330s] -- Installing: /home/byd/github/ros2/dros/data_collection_service/install/data_collection_service/lib/cmake/realsense2-gl
[42.331s] -- Installing: /home/byd/github/ros2/dros/data_collection_service/install/data_collection_service/lib/cmake/realsense2-gl/realsense2-glConfigVersion.cmake
[42.331s] -- Installing: /home/byd/github/ros2/dros/data_collection_service/install/data_collection_service/lib/cmake/realsense2-gl/realsense2-glTargets.cmake
[42.331s] -- Installing: /home/byd/github/ros2/dros/data_collection_service/install/data_collection_service/lib/cmake/realsense2-gl/realsense2-glConfig.cmake
[42.331s] -- Installing: /home/byd/github/ros2/dros/data_collection_service/install/data_collection_service/lib/cmake/realsense2-gl/realsense2-glTargets-release.cmake
[42.332s] -- Installing: /home/byd/github/ros2/dros/data_collection_service/install/data_collection_service/lib/librealsense2-gl.so.2.55
[42.332s] -- Installing: /home/byd/github/ros2/dros/data_collection_service/install/data_collection_service/lib/libfw.a
[42.336s] -- Installing: /home/byd/github/ros2/dros/data_collection_service/install/data_collection_service/include
[42.336s] -- Installing: /home/byd/github/ros2/dros/data_collection_service/install/data_collection_service/include/named_filter.h
[42.337s] -- Installing: /home/byd/github/ros2/dros/data_collection_service/install/data_collection_service/include/gl_window.h
[42.337s] -- Installing: /home/byd/github/ros2/dros/data_collection_service/install/data_collection_service/include/ros_sensor.h
[42.337s] -- Installing: /home/byd/github/ros2/dros/data_collection_service/install/data_collection_service/include/ros_utils.h
[42.338s] -- Installing: /home/byd/github/ros2/dros/data_collection_service/install/data_collection_service/include/dynamic_params.h
[42.338s] -- Installing: /home/byd/github/ros2/dros/data_collection_service/install/data_collection_service/include/sensor_params.h
[42.338s] -- Installing: /home/byd/github/ros2/dros/data_collection_service/install/data_collection_service/include/realsense_node_factory.h
[42.339s] -- Installing: /home/byd/github/ros2/dros/data_collection_service/install/data_collection_service/include/image_publisher.h
[42.339s] -- Installing: /home/byd/github/ros2/dros/data_collection_service/install/data_collection_service/include/ros_param_backend.h
[42.339s] -- Installing: /home/byd/github/ros2/dros/data_collection_service/install/data_collection_service/include/constants.h
[42.340s] -- Installing: /home/byd/github/ros2/dros/data_collection_service/install/data_collection_service/include/base_realsense_node.h
[42.340s] -- Installing: /home/byd/github/ros2/dros/data_collection_service/install/data_collection_service/include/profile_manager.h
[42.340s] -- Installing: /home/byd/github/ros2/dros/data_collection_service/install/data_collection_service/share/data_collection_service/launch
[42.340s] -- Installing: /home/byd/github/ros2/dros/data_collection_service/install/data_collection_service/share/data_collection_service/launch/default.rviz
[42.341s] -- Installing: /home/byd/github/ros2/dros/data_collection_service/install/data_collection_service/share/data_collection_service/launch/rs_intra_process_demo_launch.py
[42.341s] -- Installing: /home/byd/github/ros2/dros/data_collection_service/install/data_collection_service/share/data_collection_service/launch/rs_launch.py
[42.341s] -- Installing: /home/byd/github/ros2/dros/data_collection_service/install/data_collection_service/share/data_collection_service/launch/rs_multi_camera_launch.py
[42.342s] -- Installing: /home/byd/github/ros2/dros/data_collection_service/install/data_collection_service/lib/data_collection_service/manager
[42.342s] -- Set runtime path of "/home/byd/github/ros2/dros/data_collection_service/install/data_collection_service/lib/data_collection_service/manager" to ""
[42.342s] -- Installing: /home/byd/github/ros2/dros/data_collection_service/install/data_collection_service/share/data_collection_service/environment/library_path.sh
[42.343s] -- Installing: /home/byd/github/ros2/dros/data_collection_service/install/data_collection_service/share/data_collection_service/environment/library_path.dsv
[42.343s] -- Installing: /home/byd/github/ros2/dros/data_collection_service/install/data_collection_service/share/ament_index/resource_index/package_run_dependencies/data_collection_service
[42.343s] -- Installing: /home/byd/github/ros2/dros/data_collection_service/install/data_collection_service/share/ament_index/resource_index/parent_prefix_path/data_collection_service
[42.344s] -- Installing: /home/byd/github/ros2/dros/data_collection_service/install/data_collection_service/share/data_collection_service/environment/ament_prefix_path.sh
[42.344s] -- Installing: /home/byd/github/ros2/dros/data_collection_service/install/data_collection_service/share/data_collection_service/environment/ament_prefix_path.dsv
[42.344s] -- Installing: /home/byd/github/ros2/dros/data_collection_service/install/data_collection_service/share/data_collection_service/environment/path.sh
[42.344s] -- Installing: /home/byd/github/ros2/dros/data_collection_service/install/data_collection_service/share/data_collection_service/environment/path.dsv
[42.345s] -- Installing: /home/byd/github/ros2/dros/data_collection_service/install/data_collection_service/share/data_collection_service/local_setup.bash
[42.345s] -- Installing: /home/byd/github/ros2/dros/data_collection_service/install/data_collection_service/share/data_collection_service/local_setup.sh
[42.345s] -- Installing: /home/byd/github/ros2/dros/data_collection_service/install/data_collection_service/share/data_collection_service/local_setup.zsh
[42.346s] -- Installing: /home/byd/github/ros2/dros/data_collection_service/install/data_collection_service/share/data_collection_service/local_setup.dsv
[42.346s] -- Installing: /home/byd/github/ros2/dros/data_collection_service/install/data_collection_service/share/data_collection_service/package.dsv
[42.346s] -- Installing: /home/byd/github/ros2/dros/data_collection_service/install/data_collection_service/share/ament_index/resource_index/packages/data_collection_service
[42.346s] -- Installing: /home/byd/github/ros2/dros/data_collection_service/install/data_collection_service/share/ament_index/resource_index/rclcpp_components/data_collection_service
[42.347s] -- Installing: /home/byd/github/ros2/dros/data_collection_service/install/data_collection_service/share/data_collection_service/cmake/ament_cmake_export_include_directories-extras.cmake
[42.347s] -- Installing: /home/byd/github/ros2/dros/data_collection_service/install/data_collection_service/share/data_collection_service/cmake/ament_cmake_export_libraries-extras.cmake
[42.347s] -- Installing: /home/byd/github/ros2/dros/data_collection_service/install/data_collection_service/share/data_collection_service/cmake/ament_cmake_export_dependencies-extras.cmake
[42.347s] -- Installing: /home/byd/github/ros2/dros/data_collection_service/install/data_collection_service/share/data_collection_service/cmake/data_collection_serviceConfig.cmake
[42.348s] -- Installing: /home/byd/github/ros2/dros/data_collection_service/install/data_collection_service/share/data_collection_service/cmake/data_collection_serviceConfig-version.cmake
[42.348s] -- Installing: /home/byd/github/ros2/dros/data_collection_service/install/data_collection_service/share/data_collection_service/package.xml
[42.351s] Invoked command in '/home/byd/github/ros2/dros/data_collection_service/build/data_collection_service' returned '0': CMAKE_PREFIX_PATH=${CMAKE_PREFIX_PATH}:/opt/ros/humble /usr/bin/cmake --install /home/byd/github/ros2/dros/data_collection_service/build/data_collection_service
