[0.199s] DEBUG:colcon:Command line arguments: ['/usr/bin/colcon', 'build']
[0.200s] DEBUG:colcon:Parsed command line arguments: Namespace(log_base=None, log_level=None, verb_name='build', build_base='build', install_base='install', merge_install=False, symlink_install=False, test_result_base=None, continue_on_error=False, executor='parallel', parallel_workers=8, event_handlers=None, ignore_user_meta=False, metas=['./colcon.meta'], base_paths=['.'], packages_ignore=None, packages_ignore_regex=None, paths=None, packages_up_to=None, packages_up_to_regex=None, packages_above=None, packages_above_and_dependencies=None, packages_above_depth=None, packages_select_by_dep=None, packages_skip_by_dep=None, packages_skip_up_to=None, packages_select_build_failed=False, packages_skip_build_finished=False, packages_select_test_failures=False, packages_skip_test_passed=False, packages_select=None, packages_skip=None, packages_select_regex=None, packages_skip_regex=None, packages_start=None, packages_end=None, allow_overriding=[], cmake_args=None, cmake_target=None, cmake_target_skip_unavailable=False, cmake_clean_cache=False, cmake_clean_first=False, cmake_force_configure=False, ament_cmake_args=None, catkin_cmake_args=None, catkin_skip_building_tests=False, mixin_files=None, mixin=None, verb_parser=<colcon_mixin.mixin.mixin_argument.MixinArgumentDecorator object at 0xffffafb62b30>, verb_extension=<colcon_core.verb.build.BuildVerb object at 0xffffafb62650>, main=<bound method BuildVerb.main of <colcon_core.verb.build.BuildVerb object at 0xffffafb62650>>, mixin_verb=('build',))
[0.501s] Level 1:colcon.colcon_core.package_discovery:discover_packages(colcon_meta) check parameters
[0.501s] Level 1:colcon.colcon_core.package_discovery:discover_packages(recursive) check parameters
[0.501s] Level 1:colcon.colcon_core.package_discovery:discover_packages(ignore) check parameters
[0.501s] Level 1:colcon.colcon_core.package_discovery:discover_packages(path) check parameters
[0.501s] Level 1:colcon.colcon_core.package_discovery:discover_packages(colcon_meta) discover
[0.501s] Level 1:colcon.colcon_core.package_discovery:discover_packages(recursive) discover
[0.502s] INFO:colcon.colcon_core.package_discovery:Crawling recursively for packages in '/home/byd/src/ros2/point_cloud_ws/point_cloud_sub_cpp'
[0.502s] Level 1:colcon.colcon_core.package_identification:_identify(.) by extensions ['ignore', 'ignore_ament_install']
[0.502s] Level 1:colcon.colcon_core.package_identification:_identify(.) by extension 'ignore'
[0.502s] Level 1:colcon.colcon_core.package_identification:_identify(.) by extension 'ignore_ament_install'
[0.502s] Level 1:colcon.colcon_core.package_identification:_identify(.) by extensions ['colcon_pkg']
[0.502s] Level 1:colcon.colcon_core.package_identification:_identify(.) by extension 'colcon_pkg'
[0.502s] Level 1:colcon.colcon_core.package_identification:_identify(.) by extensions ['colcon_meta']
[0.502s] Level 1:colcon.colcon_core.package_identification:_identify(.) by extension 'colcon_meta'
[0.503s] Level 1:colcon.colcon_core.package_identification:_identify(.) by extensions ['ros']
[0.503s] Level 1:colcon.colcon_core.package_identification:_identify(.) by extension 'ros'
[0.528s] DEBUG:colcon.colcon_core.package_identification:Package '.' with type 'ros.ament_cmake' and name 'point_cloud_sub_cpp'
[0.529s] Level 1:colcon.colcon_core.package_discovery:discover_packages(recursive) using defaults
[0.529s] Level 1:colcon.colcon_core.package_discovery:discover_packages(ignore) discover
[0.529s] Level 1:colcon.colcon_core.package_discovery:discover_packages(ignore) using defaults
[0.529s] Level 1:colcon.colcon_core.package_discovery:discover_packages(path) discover
[0.529s] Level 1:colcon.colcon_core.package_discovery:discover_packages(path) using defaults
[0.564s] Level 1:colcon.colcon_core.package_discovery:discover_packages(prefix_path) check parameters
[0.564s] Level 1:colcon.colcon_core.package_discovery:discover_packages(prefix_path) discover
[0.567s] DEBUG:colcon.colcon_installed_package_information.package_discovery:Found 1 installed packages in /home/byd/src/ros2/point_cloud_ws/point_cloud_pub/install
[0.569s] DEBUG:colcon.colcon_installed_package_information.package_discovery:Found 271 installed packages in /opt/ros/humble
[0.573s] Level 1:colcon.colcon_core.package_discovery:discover_packages(prefix_path) using defaults
[0.668s] Level 5:colcon.colcon_core.verb:set package 'point_cloud_sub_cpp' build argument 'cmake_args' from command line to 'None'
[0.668s] Level 5:colcon.colcon_core.verb:set package 'point_cloud_sub_cpp' build argument 'cmake_target' from command line to 'None'
[0.668s] Level 5:colcon.colcon_core.verb:set package 'point_cloud_sub_cpp' build argument 'cmake_target_skip_unavailable' from command line to 'False'
[0.668s] Level 5:colcon.colcon_core.verb:set package 'point_cloud_sub_cpp' build argument 'cmake_clean_cache' from command line to 'False'
[0.668s] Level 5:colcon.colcon_core.verb:set package 'point_cloud_sub_cpp' build argument 'cmake_clean_first' from command line to 'False'
[0.668s] Level 5:colcon.colcon_core.verb:set package 'point_cloud_sub_cpp' build argument 'cmake_force_configure' from command line to 'False'
[0.668s] Level 5:colcon.colcon_core.verb:set package 'point_cloud_sub_cpp' build argument 'ament_cmake_args' from command line to 'None'
[0.668s] Level 5:colcon.colcon_core.verb:set package 'point_cloud_sub_cpp' build argument 'catkin_cmake_args' from command line to 'None'
[0.668s] Level 5:colcon.colcon_core.verb:set package 'point_cloud_sub_cpp' build argument 'catkin_skip_building_tests' from command line to 'False'
[0.668s] DEBUG:colcon.colcon_core.verb:Building package 'point_cloud_sub_cpp' with the following arguments: {'ament_cmake_args': None, 'build_base': '/home/byd/src/ros2/point_cloud_ws/point_cloud_sub_cpp/build/point_cloud_sub_cpp', 'catkin_cmake_args': None, 'catkin_skip_building_tests': False, 'cmake_args': None, 'cmake_clean_cache': False, 'cmake_clean_first': False, 'cmake_force_configure': False, 'cmake_target': None, 'cmake_target_skip_unavailable': False, 'install_base': '/home/byd/src/ros2/point_cloud_ws/point_cloud_sub_cpp/install/point_cloud_sub_cpp', 'merge_install': False, 'path': '/home/byd/src/ros2/point_cloud_ws/point_cloud_sub_cpp', 'symlink_install': False, 'test_result_base': None}
[0.669s] INFO:colcon.colcon_core.executor:Executing jobs using 'parallel' executor
[0.671s] DEBUG:colcon.colcon_parallel_executor.executor.parallel:run_until_complete
[0.671s] INFO:colcon.colcon_ros.task.ament_cmake.build:Building ROS package in '/home/byd/src/ros2/point_cloud_ws/point_cloud_sub_cpp' with build type 'ament_cmake'
[0.671s] INFO:colcon.colcon_cmake.task.cmake.build:Building CMake package in '/home/byd/src/ros2/point_cloud_ws/point_cloud_sub_cpp'
[0.675s] INFO:colcon.colcon_core.plugin_system:Skipping extension 'colcon_core.shell.bat': Not used on non-Windows systems
[0.675s] INFO:colcon.colcon_core.shell:Skip shell extension 'powershell' for command environment: Not usable outside of PowerShell
[0.676s] DEBUG:colcon.colcon_core.shell:Skip shell extension 'dsv' for command environment
[0.698s] DEBUG:colcon.colcon_core.event_handler.log_command:Invoking command in '/home/byd/src/ros2/point_cloud_ws/point_cloud_sub_cpp/build/point_cloud_sub_cpp': CMAKE_PREFIX_PATH=/home/byd/src/ros2/point_cloud_ws/point_cloud_pub/install/point_cloud_pub:/opt/ros/humble /usr/bin/cmake --build /home/byd/src/ros2/point_cloud_ws/point_cloud_sub_cpp/build/point_cloud_sub_cpp -- -j8 -l8
[20.117s] DEBUG:colcon.colcon_core.event_handler.log_command:Invoked command in '/home/byd/src/ros2/point_cloud_ws/point_cloud_sub_cpp/build/point_cloud_sub_cpp' returned '0': CMAKE_PREFIX_PATH=/home/byd/src/ros2/point_cloud_ws/point_cloud_pub/install/point_cloud_pub:/opt/ros/humble /usr/bin/cmake --build /home/byd/src/ros2/point_cloud_ws/point_cloud_sub_cpp/build/point_cloud_sub_cpp -- -j8 -l8
[20.185s] DEBUG:colcon.colcon_core.event_handler.log_command:Invoking command in '/home/byd/src/ros2/point_cloud_ws/point_cloud_sub_cpp/build/point_cloud_sub_cpp': CMAKE_PREFIX_PATH=/home/byd/src/ros2/point_cloud_ws/point_cloud_pub/install/point_cloud_pub:/opt/ros/humble /usr/bin/cmake --install /home/byd/src/ros2/point_cloud_ws/point_cloud_sub_cpp/build/point_cloud_sub_cpp
[20.206s] Level 1:colcon.colcon_core.environment:create_environment_scripts_only(point_cloud_sub_cpp)
[20.209s] DEBUG:colcon.colcon_core.event_handler.log_command:Invoked command in '/home/byd/src/ros2/point_cloud_ws/point_cloud_sub_cpp/build/point_cloud_sub_cpp' returned '0': CMAKE_PREFIX_PATH=/home/byd/src/ros2/point_cloud_ws/point_cloud_pub/install/point_cloud_pub:/opt/ros/humble /usr/bin/cmake --install /home/byd/src/ros2/point_cloud_ws/point_cloud_sub_cpp/build/point_cloud_sub_cpp
[20.217s] Level 1:colcon.colcon_core.environment:checking '/home/byd/src/ros2/point_cloud_ws/point_cloud_sub_cpp/install/point_cloud_sub_cpp' for CMake module files
[20.219s] Level 1:colcon.colcon_core.environment:checking '/home/byd/src/ros2/point_cloud_ws/point_cloud_sub_cpp/install/point_cloud_sub_cpp' for CMake config files
[20.220s] Level 1:colcon.colcon_core.shell:create_environment_hook('point_cloud_sub_cpp', 'cmake_prefix_path')
[20.221s] INFO:colcon.colcon_core.shell:Creating environment hook '/home/byd/src/ros2/point_cloud_ws/point_cloud_sub_cpp/install/point_cloud_sub_cpp/share/point_cloud_sub_cpp/hook/cmake_prefix_path.ps1'
[20.224s] INFO:colcon.colcon_core.shell:Creating environment descriptor '/home/byd/src/ros2/point_cloud_ws/point_cloud_sub_cpp/install/point_cloud_sub_cpp/share/point_cloud_sub_cpp/hook/cmake_prefix_path.dsv'
[20.226s] INFO:colcon.colcon_core.shell:Creating environment hook '/home/byd/src/ros2/point_cloud_ws/point_cloud_sub_cpp/install/point_cloud_sub_cpp/share/point_cloud_sub_cpp/hook/cmake_prefix_path.sh'
[20.229s] Level 1:colcon.colcon_core.environment:checking '/home/byd/src/ros2/point_cloud_ws/point_cloud_sub_cpp/install/point_cloud_sub_cpp/lib'
[20.230s] Level 1:colcon.colcon_core.environment:checking '/home/byd/src/ros2/point_cloud_ws/point_cloud_sub_cpp/install/point_cloud_sub_cpp/bin'
[20.230s] Level 1:colcon.colcon_core.environment:checking '/home/byd/src/ros2/point_cloud_ws/point_cloud_sub_cpp/install/point_cloud_sub_cpp/lib/pkgconfig/point_cloud_sub_cpp.pc'
[20.231s] Level 1:colcon.colcon_core.environment:checking '/home/byd/src/ros2/point_cloud_ws/point_cloud_sub_cpp/install/point_cloud_sub_cpp/lib/python3.10/site-packages'
[20.232s] Level 1:colcon.colcon_core.environment:checking '/home/byd/src/ros2/point_cloud_ws/point_cloud_sub_cpp/install/point_cloud_sub_cpp/bin'
[20.233s] INFO:colcon.colcon_core.shell:Creating package script '/home/byd/src/ros2/point_cloud_ws/point_cloud_sub_cpp/install/point_cloud_sub_cpp/share/point_cloud_sub_cpp/package.ps1'
[20.235s] INFO:colcon.colcon_core.shell:Creating package descriptor '/home/byd/src/ros2/point_cloud_ws/point_cloud_sub_cpp/install/point_cloud_sub_cpp/share/point_cloud_sub_cpp/package.dsv'
[20.237s] INFO:colcon.colcon_core.shell:Creating package script '/home/byd/src/ros2/point_cloud_ws/point_cloud_sub_cpp/install/point_cloud_sub_cpp/share/point_cloud_sub_cpp/package.sh'
[20.240s] INFO:colcon.colcon_core.shell:Creating package script '/home/byd/src/ros2/point_cloud_ws/point_cloud_sub_cpp/install/point_cloud_sub_cpp/share/point_cloud_sub_cpp/package.bash'
[20.243s] INFO:colcon.colcon_core.shell:Creating package script '/home/byd/src/ros2/point_cloud_ws/point_cloud_sub_cpp/install/point_cloud_sub_cpp/share/point_cloud_sub_cpp/package.zsh'
[20.245s] Level 1:colcon.colcon_core.environment:create_file_with_runtime_dependencies(/home/byd/src/ros2/point_cloud_ws/point_cloud_sub_cpp/install/point_cloud_sub_cpp/share/colcon-core/packages/point_cloud_sub_cpp)
[20.293s] Level 1:colcon.colcon_core.environment:create_environment_scripts_only(point_cloud_sub_cpp)
[20.294s] Level 1:colcon.colcon_core.environment:checking '/home/byd/src/ros2/point_cloud_ws/point_cloud_sub_cpp/install/point_cloud_sub_cpp' for CMake module files
[20.296s] Level 1:colcon.colcon_core.environment:checking '/home/byd/src/ros2/point_cloud_ws/point_cloud_sub_cpp/install/point_cloud_sub_cpp' for CMake config files
[20.297s] Level 1:colcon.colcon_core.shell:create_environment_hook('point_cloud_sub_cpp', 'cmake_prefix_path')
[20.298s] INFO:colcon.colcon_core.shell:Creating environment hook '/home/byd/src/ros2/point_cloud_ws/point_cloud_sub_cpp/install/point_cloud_sub_cpp/share/point_cloud_sub_cpp/hook/cmake_prefix_path.ps1'
[20.299s] INFO:colcon.colcon_core.shell:Creating environment descriptor '/home/byd/src/ros2/point_cloud_ws/point_cloud_sub_cpp/install/point_cloud_sub_cpp/share/point_cloud_sub_cpp/hook/cmake_prefix_path.dsv'
[20.301s] INFO:colcon.colcon_core.shell:Creating environment hook '/home/byd/src/ros2/point_cloud_ws/point_cloud_sub_cpp/install/point_cloud_sub_cpp/share/point_cloud_sub_cpp/hook/cmake_prefix_path.sh'
[20.303s] Level 1:colcon.colcon_core.environment:checking '/home/byd/src/ros2/point_cloud_ws/point_cloud_sub_cpp/install/point_cloud_sub_cpp/lib'
[20.303s] Level 1:colcon.colcon_core.environment:checking '/home/byd/src/ros2/point_cloud_ws/point_cloud_sub_cpp/install/point_cloud_sub_cpp/bin'
[20.303s] Level 1:colcon.colcon_core.environment:checking '/home/byd/src/ros2/point_cloud_ws/point_cloud_sub_cpp/install/point_cloud_sub_cpp/lib/pkgconfig/point_cloud_sub_cpp.pc'
[20.304s] Level 1:colcon.colcon_core.environment:checking '/home/byd/src/ros2/point_cloud_ws/point_cloud_sub_cpp/install/point_cloud_sub_cpp/lib/python3.10/site-packages'
[20.305s] Level 1:colcon.colcon_core.environment:checking '/home/byd/src/ros2/point_cloud_ws/point_cloud_sub_cpp/install/point_cloud_sub_cpp/bin'
[20.306s] INFO:colcon.colcon_core.shell:Creating package script '/home/byd/src/ros2/point_cloud_ws/point_cloud_sub_cpp/install/point_cloud_sub_cpp/share/point_cloud_sub_cpp/package.ps1'
[20.308s] INFO:colcon.colcon_core.shell:Creating package descriptor '/home/byd/src/ros2/point_cloud_ws/point_cloud_sub_cpp/install/point_cloud_sub_cpp/share/point_cloud_sub_cpp/package.dsv'
[20.310s] INFO:colcon.colcon_core.shell:Creating package script '/home/byd/src/ros2/point_cloud_ws/point_cloud_sub_cpp/install/point_cloud_sub_cpp/share/point_cloud_sub_cpp/package.sh'
[20.312s] INFO:colcon.colcon_core.shell:Creating package script '/home/byd/src/ros2/point_cloud_ws/point_cloud_sub_cpp/install/point_cloud_sub_cpp/share/point_cloud_sub_cpp/package.bash'
[20.313s] INFO:colcon.colcon_core.shell:Creating package script '/home/byd/src/ros2/point_cloud_ws/point_cloud_sub_cpp/install/point_cloud_sub_cpp/share/point_cloud_sub_cpp/package.zsh'
[20.315s] Level 1:colcon.colcon_core.environment:create_file_with_runtime_dependencies(/home/byd/src/ros2/point_cloud_ws/point_cloud_sub_cpp/install/point_cloud_sub_cpp/share/colcon-core/packages/point_cloud_sub_cpp)
[20.316s] DEBUG:colcon.colcon_parallel_executor.executor.parallel:closing loop
[20.317s] DEBUG:colcon.colcon_parallel_executor.executor.parallel:loop closed
[20.317s] DEBUG:colcon.colcon_parallel_executor.executor.parallel:run_until_complete finished with '0'
[20.317s] DEBUG:colcon.colcon_core.event_reactor:joining thread
[20.336s] INFO:colcon.colcon_core.plugin_system:Skipping extension 'colcon_notification.desktop_notification.terminal_notifier': Not used on non-Darwin systems
[20.336s] INFO:colcon.colcon_core.plugin_system:Skipping extension 'colcon_notification.desktop_notification.win32': Not used on non-Windows systems
[20.336s] INFO:colcon.colcon_notification.desktop_notification:Sending desktop notification using 'notify2'
[20.382s] DEBUG:colcon.colcon_core.event_reactor:joined thread
[20.383s] INFO:colcon.colcon_core.shell:Creating prefix script '/home/byd/src/ros2/point_cloud_ws/point_cloud_sub_cpp/install/local_setup.ps1'
[20.387s] INFO:colcon.colcon_core.shell:Creating prefix util module '/home/byd/src/ros2/point_cloud_ws/point_cloud_sub_cpp/install/_local_setup_util_ps1.py'
[20.392s] INFO:colcon.colcon_core.shell:Creating prefix chain script '/home/byd/src/ros2/point_cloud_ws/point_cloud_sub_cpp/install/setup.ps1'
[20.396s] INFO:colcon.colcon_core.shell:Creating prefix script '/home/byd/src/ros2/point_cloud_ws/point_cloud_sub_cpp/install/local_setup.sh'
[20.398s] INFO:colcon.colcon_core.shell:Creating prefix util module '/home/byd/src/ros2/point_cloud_ws/point_cloud_sub_cpp/install/_local_setup_util_sh.py'
[20.400s] INFO:colcon.colcon_core.shell:Creating prefix chain script '/home/byd/src/ros2/point_cloud_ws/point_cloud_sub_cpp/install/setup.sh'
[20.404s] INFO:colcon.colcon_core.shell:Creating prefix script '/home/byd/src/ros2/point_cloud_ws/point_cloud_sub_cpp/install/local_setup.bash'
[20.406s] INFO:colcon.colcon_core.shell:Creating prefix chain script '/home/byd/src/ros2/point_cloud_ws/point_cloud_sub_cpp/install/setup.bash'
[20.409s] INFO:colcon.colcon_core.shell:Creating prefix script '/home/byd/src/ros2/point_cloud_ws/point_cloud_sub_cpp/install/local_setup.zsh'
[20.411s] INFO:colcon.colcon_core.shell:Creating prefix chain script '/home/byd/src/ros2/point_cloud_ws/point_cloud_sub_cpp/install/setup.zsh'
