[0.143s] DEBUG:colcon:Command line arguments: ['/usr/bin/colcon', 'build']
[0.144s] DEBUG:colcon:Parsed command line arguments: Namespace(log_base=None, log_level=None, verb_name='build', build_base='build', install_base='install', merge_install=False, symlink_install=False, test_result_base=None, continue_on_error=False, executor='parallel', parallel_workers=12, event_handlers=None, ignore_user_meta=False, metas=['./colcon.meta'], base_paths=['.'], packages_ignore=None, packages_ignore_regex=None, paths=None, packages_up_to=None, packages_up_to_regex=None, packages_above=None, packages_above_and_dependencies=None, packages_above_depth=None, packages_select_by_dep=None, packages_skip_by_dep=None, packages_skip_up_to=None, packages_select_build_failed=False, packages_skip_build_finished=False, packages_select_test_failures=False, packages_skip_test_passed=False, packages_select=None, packages_skip=None, packages_select_regex=None, packages_skip_regex=None, packages_start=None, packages_end=None, allow_overriding=[], cmake_args=None, cmake_target=None, cmake_target_skip_unavailable=False, cmake_clean_cache=False, cmake_clean_first=False, cmake_force_configure=False, ament_cmake_args=None, catkin_cmake_args=None, catkin_skip_building_tests=False, verb_parser=<colcon_defaults.argument_parser.defaults.DefaultArgumentsDecorator object at 0xffff91c5b820>, verb_extension=<colcon_core.verb.build.BuildVerb object at 0xffff91ed0fd0>, main=<bound method BuildVerb.main of <colcon_core.verb.build.BuildVerb object at 0xffff91ed0fd0>>)
[0.365s] Level 1:colcon.colcon_core.package_discovery:discover_packages(colcon_meta) check parameters
[0.365s] Level 1:colcon.colcon_core.package_discovery:discover_packages(recursive) check parameters
[0.365s] Level 1:colcon.colcon_core.package_discovery:discover_packages(ignore) check parameters
[0.365s] Level 1:colcon.colcon_core.package_discovery:discover_packages(path) check parameters
[0.365s] Level 1:colcon.colcon_core.package_discovery:discover_packages(colcon_meta) discover
[0.365s] Level 1:colcon.colcon_core.package_discovery:discover_packages(recursive) discover
[0.365s] INFO:colcon.colcon_core.package_discovery:Crawling recursively for packages in '/home/byd/hawrk/ros2/dros_common_interfaces'
[0.365s] Level 1:colcon.colcon_core.package_identification:_identify(.) by extensions ['ignore', 'ignore_ament_install']
[0.365s] Level 1:colcon.colcon_core.package_identification:_identify(.) by extension 'ignore'
[0.365s] Level 1:colcon.colcon_core.package_identification:_identify(.) by extension 'ignore_ament_install'
[0.366s] Level 1:colcon.colcon_core.package_identification:_identify(.) by extensions ['colcon_pkg']
[0.366s] Level 1:colcon.colcon_core.package_identification:_identify(.) by extension 'colcon_pkg'
[0.366s] Level 1:colcon.colcon_core.package_identification:_identify(.) by extensions ['colcon_meta']
[0.366s] Level 1:colcon.colcon_core.package_identification:_identify(.) by extension 'colcon_meta'
[0.366s] Level 1:colcon.colcon_core.package_identification:_identify(.) by extensions ['ros']
[0.366s] Level 1:colcon.colcon_core.package_identification:_identify(.) by extension 'ros'
[0.385s] DEBUG:colcon.colcon_core.package_identification:Package '.' with type 'ros.ament_cmake' and name 'dros_common_interfaces'
[0.385s] Level 1:colcon.colcon_core.package_discovery:discover_packages(recursive) using defaults
[0.386s] Level 1:colcon.colcon_core.package_discovery:discover_packages(ignore) discover
[0.386s] Level 1:colcon.colcon_core.package_discovery:discover_packages(ignore) using defaults
[0.386s] Level 1:colcon.colcon_core.package_discovery:discover_packages(path) discover
[0.386s] Level 1:colcon.colcon_core.package_discovery:discover_packages(path) using defaults
[0.412s] Level 1:colcon.colcon_core.package_discovery:discover_packages(prefix_path) check parameters
[0.412s] Level 1:colcon.colcon_core.package_discovery:discover_packages(prefix_path) discover
[0.415s] DEBUG:colcon.colcon_installed_package_information.package_discovery:Found 275 installed packages in /opt/ros/humble
[0.418s] Level 1:colcon.colcon_core.package_discovery:discover_packages(prefix_path) using defaults
[0.489s] Level 5:colcon.colcon_core.verb:set package 'dros_common_interfaces' build argument 'cmake_args' from command line to 'None'
[0.489s] Level 5:colcon.colcon_core.verb:set package 'dros_common_interfaces' build argument 'cmake_target' from command line to 'None'
[0.489s] Level 5:colcon.colcon_core.verb:set package 'dros_common_interfaces' build argument 'cmake_target_skip_unavailable' from command line to 'False'
[0.489s] Level 5:colcon.colcon_core.verb:set package 'dros_common_interfaces' build argument 'cmake_clean_cache' from command line to 'False'
[0.489s] Level 5:colcon.colcon_core.verb:set package 'dros_common_interfaces' build argument 'cmake_clean_first' from command line to 'False'
[0.489s] Level 5:colcon.colcon_core.verb:set package 'dros_common_interfaces' build argument 'cmake_force_configure' from command line to 'False'
[0.489s] Level 5:colcon.colcon_core.verb:set package 'dros_common_interfaces' build argument 'ament_cmake_args' from command line to 'None'
[0.489s] Level 5:colcon.colcon_core.verb:set package 'dros_common_interfaces' build argument 'catkin_cmake_args' from command line to 'None'
[0.489s] Level 5:colcon.colcon_core.verb:set package 'dros_common_interfaces' build argument 'catkin_skip_building_tests' from command line to 'False'
[0.489s] DEBUG:colcon.colcon_core.verb:Building package 'dros_common_interfaces' with the following arguments: {'ament_cmake_args': None, 'build_base': '/home/byd/hawrk/ros2/dros_common_interfaces/build/dros_common_interfaces', 'catkin_cmake_args': None, 'catkin_skip_building_tests': False, 'cmake_args': None, 'cmake_clean_cache': False, 'cmake_clean_first': False, 'cmake_force_configure': False, 'cmake_target': None, 'cmake_target_skip_unavailable': False, 'install_base': '/home/byd/hawrk/ros2/dros_common_interfaces/install/dros_common_interfaces', 'merge_install': False, 'path': '/home/byd/hawrk/ros2/dros_common_interfaces', 'symlink_install': False, 'test_result_base': None}
[0.489s] INFO:colcon.colcon_core.executor:Executing jobs using 'parallel' executor
[0.491s] DEBUG:colcon.colcon_parallel_executor.executor.parallel:run_until_complete
[0.491s] INFO:colcon.colcon_ros.task.ament_cmake.build:Building ROS package in '/home/byd/hawrk/ros2/dros_common_interfaces' with build type 'ament_cmake'
[0.492s] INFO:colcon.colcon_cmake.task.cmake.build:Building CMake package in '/home/byd/hawrk/ros2/dros_common_interfaces'
[0.494s] INFO:colcon.colcon_core.plugin_system:Skipping extension 'colcon_core.shell.bat': Not used on non-Windows systems
[0.495s] INFO:colcon.colcon_core.shell:Skip shell extension 'powershell' for command environment: Not usable outside of PowerShell
[0.495s] DEBUG:colcon.colcon_core.shell:Skip shell extension 'dsv' for command environment
[0.508s] DEBUG:colcon.colcon_core.event_handler.log_command:Invoking command in '/home/byd/hawrk/ros2/dros_common_interfaces/build/dros_common_interfaces': CMAKE_PREFIX_PATH=/opt/ros/humble /usr/bin/cmake /home/byd/hawrk/ros2/dros_common_interfaces -DCMAKE_INSTALL_PREFIX=/home/byd/hawrk/ros2/dros_common_interfaces/install/dros_common_interfaces
[0.790s] DEBUG:colcon.colcon_parallel_executor.executor.parallel:run_until_complete was interrupted
[0.790s] DEBUG:colcon.colcon_parallel_executor.executor.parallel:run_until_complete again
[0.794s] DEBUG:colcon.colcon_core.event_handler.log_command:Invoked command in '/home/byd/hawrk/ros2/dros_common_interfaces/build/dros_common_interfaces' returned '-2': CMAKE_PREFIX_PATH=/opt/ros/humble /usr/bin/cmake /home/byd/hawrk/ros2/dros_common_interfaces -DCMAKE_INSTALL_PREFIX=/home/byd/hawrk/ros2/dros_common_interfaces/install/dros_common_interfaces
[0.817s] Level 1:colcon.colcon_core.environment:create_environment_scripts_only(dros_common_interfaces)
[0.823s] Level 1:colcon.colcon_core.environment:checking '/home/byd/hawrk/ros2/dros_common_interfaces/install/dros_common_interfaces' for CMake module files
[0.823s] Level 1:colcon.colcon_core.environment:checking '/home/byd/hawrk/ros2/dros_common_interfaces/install/dros_common_interfaces' for CMake config files
[0.824s] Level 1:colcon.colcon_core.environment:checking '/home/byd/hawrk/ros2/dros_common_interfaces/install/dros_common_interfaces/bin'
[0.824s] Level 1:colcon.colcon_core.environment:checking '/home/byd/hawrk/ros2/dros_common_interfaces/install/dros_common_interfaces/lib/pkgconfig/dros_common_interfaces.pc'
[0.824s] Level 1:colcon.colcon_core.environment:checking '/home/byd/hawrk/ros2/dros_common_interfaces/install/dros_common_interfaces/lib/python3.10/site-packages'
[0.825s] Level 1:colcon.colcon_core.environment:checking '/home/byd/hawrk/ros2/dros_common_interfaces/install/dros_common_interfaces/bin'
[0.825s] INFO:colcon.colcon_core.shell:Creating package script '/home/byd/hawrk/ros2/dros_common_interfaces/install/dros_common_interfaces/share/dros_common_interfaces/package.ps1'
[0.827s] INFO:colcon.colcon_core.shell:Creating package descriptor '/home/byd/hawrk/ros2/dros_common_interfaces/install/dros_common_interfaces/share/dros_common_interfaces/package.dsv'
[0.828s] INFO:colcon.colcon_core.shell:Creating package script '/home/byd/hawrk/ros2/dros_common_interfaces/install/dros_common_interfaces/share/dros_common_interfaces/package.sh'
[0.831s] INFO:colcon.colcon_core.shell:Creating package script '/home/byd/hawrk/ros2/dros_common_interfaces/install/dros_common_interfaces/share/dros_common_interfaces/package.bash'
[0.833s] INFO:colcon.colcon_core.shell:Creating package script '/home/byd/hawrk/ros2/dros_common_interfaces/install/dros_common_interfaces/share/dros_common_interfaces/package.zsh'
[0.836s] Level 1:colcon.colcon_core.environment:create_file_with_runtime_dependencies(/home/byd/hawrk/ros2/dros_common_interfaces/install/dros_common_interfaces/share/colcon-core/packages/dros_common_interfaces)
[0.847s] DEBUG:colcon.colcon_parallel_executor.executor.parallel:run_until_complete finished
[0.847s] DEBUG:colcon.colcon_parallel_executor.executor.parallel:closing loop
[0.847s] DEBUG:colcon.colcon_parallel_executor.executor.parallel:loop closed
[0.847s] DEBUG:colcon.colcon_core.event_reactor:joining thread
[0.861s] INFO:colcon.colcon_core.plugin_system:Skipping extension 'colcon_notification.desktop_notification.terminal_notifier': Not used on non-Darwin systems
[0.861s] INFO:colcon.colcon_core.plugin_system:Skipping extension 'colcon_notification.desktop_notification.win32': Not used on non-Windows systems
[0.861s] INFO:colcon.colcon_notification.desktop_notification:Sending desktop notification using 'notify2'
[0.888s] DEBUG:colcon.colcon_core.event_reactor:joined thread
[0.889s] INFO:colcon.colcon_core.shell:Creating prefix script '/home/byd/hawrk/ros2/dros_common_interfaces/install/local_setup.ps1'
[0.892s] INFO:colcon.colcon_core.shell:Creating prefix util module '/home/byd/hawrk/ros2/dros_common_interfaces/install/_local_setup_util_ps1.py'
[0.894s] INFO:colcon.colcon_core.shell:Creating prefix chain script '/home/byd/hawrk/ros2/dros_common_interfaces/install/setup.ps1'
[0.898s] INFO:colcon.colcon_core.shell:Creating prefix script '/home/byd/hawrk/ros2/dros_common_interfaces/install/local_setup.sh'
[0.900s] INFO:colcon.colcon_core.shell:Creating prefix util module '/home/byd/hawrk/ros2/dros_common_interfaces/install/_local_setup_util_sh.py'
[0.902s] INFO:colcon.colcon_core.shell:Creating prefix chain script '/home/byd/hawrk/ros2/dros_common_interfaces/install/setup.sh'
[0.905s] INFO:colcon.colcon_core.shell:Creating prefix script '/home/byd/hawrk/ros2/dros_common_interfaces/install/local_setup.bash'
[0.906s] INFO:colcon.colcon_core.shell:Creating prefix chain script '/home/byd/hawrk/ros2/dros_common_interfaces/install/setup.bash'
[0.907s] INFO:colcon.colcon_core.shell:Creating prefix script '/home/byd/hawrk/ros2/dros_common_interfaces/install/local_setup.zsh'
[0.908s] INFO:colcon.colcon_core.shell:Creating prefix chain script '/home/byd/hawrk/ros2/dros_common_interfaces/install/setup.zsh'
