[35m[1mConsolidate compiler generated dependencies of target main[0m
[ 33%] Built target pub_main
[ 83%] Built target action_main
[ 83%] [32mBuilding CXX object CMakeFiles/main.dir/src/main.cpp.o[0m
[100%] [32m[1mLinking CXX executable main[0m
[100%] Built target main
-- Install configuration: ""
-- Installing: /home/byd/hawrk/ros2/dros_dispatch_service/install/dros_dispatch_service/lib/dros_dispatch_service/main
-- Set runtime path of "/home/byd/hawrk/ros2/dros_dispatch_service/install/dros_dispatch_service/lib/dros_dispatch_service/main" to ""
-- Up-to-date: /home/byd/hawrk/ros2/dros_dispatch_service/install/dros_dispatch_service/lib/dros_dispatch_service/pub_main
-- Up-to-date: /home/byd/hawrk/ros2/dros_dispatch_service/install/dros_dispatch_service/lib/dros_dispatch_service/action_main
-- Up-to-date: /home/byd/hawrk/ros2/dros_dispatch_service/install/dros_dispatch_service/share/ament_index/resource_index/package_run_dependencies/dros_dispatch_service
-- Up-to-date: /home/byd/hawrk/ros2/dros_dispatch_service/install/dros_dispatch_service/share/ament_index/resource_index/parent_prefix_path/dros_dispatch_service
-- Up-to-date: /home/byd/hawrk/ros2/dros_dispatch_service/install/dros_dispatch_service/share/dros_dispatch_service/environment/ament_prefix_path.sh
-- Up-to-date: /home/byd/hawrk/ros2/dros_dispatch_service/install/dros_dispatch_service/share/dros_dispatch_service/environment/ament_prefix_path.dsv
-- Up-to-date: /home/byd/hawrk/ros2/dros_dispatch_service/install/dros_dispatch_service/share/dros_dispatch_service/environment/path.sh
-- Up-to-date: /home/byd/hawrk/ros2/dros_dispatch_service/install/dros_dispatch_service/share/dros_dispatch_service/environment/path.dsv
-- Up-to-date: /home/byd/hawrk/ros2/dros_dispatch_service/install/dros_dispatch_service/share/dros_dispatch_service/local_setup.bash
-- Up-to-date: /home/byd/hawrk/ros2/dros_dispatch_service/install/dros_dispatch_service/share/dros_dispatch_service/local_setup.sh
-- Up-to-date: /home/byd/hawrk/ros2/dros_dispatch_service/install/dros_dispatch_service/share/dros_dispatch_service/local_setup.zsh
-- Up-to-date: /home/byd/hawrk/ros2/dros_dispatch_service/install/dros_dispatch_service/share/dros_dispatch_service/local_setup.dsv
-- Installing: /home/byd/hawrk/ros2/dros_dispatch_service/install/dros_dispatch_service/share/dros_dispatch_service/package.dsv
-- Up-to-date: /home/byd/hawrk/ros2/dros_dispatch_service/install/dros_dispatch_service/share/ament_index/resource_index/packages/dros_dispatch_service
-- Up-to-date: /home/byd/hawrk/ros2/dros_dispatch_service/install/dros_dispatch_service/share/dros_dispatch_service/cmake/dros_dispatch_serviceConfig.cmake
-- Up-to-date: /home/byd/hawrk/ros2/dros_dispatch_service/install/dros_dispatch_service/share/dros_dispatch_service/cmake/dros_dispatch_serviceConfig-version.cmake
-- Up-to-date: /home/byd/hawrk/ros2/dros_dispatch_service/install/dros_dispatch_service/share/dros_dispatch_service/package.xml
