[0.202s] DEBUG:colcon:Command line arguments: ['/usr/bin/colcon', 'build']
[0.202s] DEBUG:colcon:Parsed command line arguments: Namespace(log_base=None, log_level=None, verb_name='build', build_base='build', install_base='install', merge_install=False, symlink_install=False, test_result_base=None, continue_on_error=False, executor='parallel', parallel_workers=8, event_handlers=None, ignore_user_meta=False, metas=['./colcon.meta'], base_paths=['.'], packages_ignore=None, packages_ignore_regex=None, paths=None, packages_up_to=None, packages_up_to_regex=None, packages_above=None, packages_above_and_dependencies=None, packages_above_depth=None, packages_select_by_dep=None, packages_skip_by_dep=None, packages_skip_up_to=None, packages_select_build_failed=False, packages_skip_build_finished=False, packages_select_test_failures=False, packages_skip_test_passed=False, packages_select=None, packages_skip=None, packages_select_regex=None, packages_skip_regex=None, packages_start=None, packages_end=None, allow_overriding=[], cmake_args=None, cmake_target=None, cmake_target_skip_unavailable=False, cmake_clean_cache=False, cmake_clean_first=False, cmake_force_configure=False, ament_cmake_args=None, catkin_cmake_args=None, catkin_skip_building_tests=False, mixin_files=None, mixin=None, verb_parser=<colcon_mixin.mixin.mixin_argument.MixinArgumentDecorator object at 0xffffa0692ef0>, verb_extension=<colcon_core.verb.build.BuildVerb object at 0xffffa0868580>, main=<bound method BuildVerb.main of <colcon_core.verb.build.BuildVerb object at 0xffffa0868580>>, mixin_verb=('build',))
[0.533s] Level 1:colcon.colcon_core.package_discovery:discover_packages(colcon_meta) check parameters
[0.534s] Level 1:colcon.colcon_core.package_discovery:discover_packages(recursive) check parameters
[0.534s] Level 1:colcon.colcon_core.package_discovery:discover_packages(ignore) check parameters
[0.534s] Level 1:colcon.colcon_core.package_discovery:discover_packages(path) check parameters
[0.534s] Level 1:colcon.colcon_core.package_discovery:discover_packages(colcon_meta) discover
[0.534s] Level 1:colcon.colcon_core.package_discovery:discover_packages(recursive) discover
[0.534s] INFO:colcon.colcon_core.package_discovery:Crawling recursively for packages in '/home/byd/src/ros2/param_ws'
[0.535s] Level 1:colcon.colcon_core.package_identification:_identify(.) by extensions ['ignore', 'ignore_ament_install']
[0.535s] Level 1:colcon.colcon_core.package_identification:_identify(.) by extension 'ignore'
[0.535s] Level 1:colcon.colcon_core.package_identification:_identify(.) by extension 'ignore_ament_install'
[0.535s] Level 1:colcon.colcon_core.package_identification:_identify(.) by extensions ['colcon_pkg']
[0.535s] Level 1:colcon.colcon_core.package_identification:_identify(.) by extension 'colcon_pkg'
[0.535s] Level 1:colcon.colcon_core.package_identification:_identify(.) by extensions ['colcon_meta']
[0.536s] Level 1:colcon.colcon_core.package_identification:_identify(.) by extension 'colcon_meta'
[0.536s] Level 1:colcon.colcon_core.package_identification:_identify(.) by extensions ['ros']
[0.536s] Level 1:colcon.colcon_core.package_identification:_identify(.) by extension 'ros'
[0.567s] DEBUG:colcon.colcon_core.package_identification:Package '.' with type 'ros.ament_cmake' and name 'param_ws'
[0.567s] Level 1:colcon.colcon_core.package_discovery:discover_packages(recursive) using defaults
[0.567s] Level 1:colcon.colcon_core.package_discovery:discover_packages(ignore) discover
[0.567s] Level 1:colcon.colcon_core.package_discovery:discover_packages(ignore) using defaults
[0.567s] Level 1:colcon.colcon_core.package_discovery:discover_packages(path) discover
[0.567s] Level 1:colcon.colcon_core.package_discovery:discover_packages(path) using defaults
[0.607s] Level 1:colcon.colcon_core.package_discovery:discover_packages(prefix_path) check parameters
[0.607s] Level 1:colcon.colcon_core.package_discovery:discover_packages(prefix_path) discover
[0.611s] DEBUG:colcon.colcon_installed_package_information.package_discovery:Found 1 installed packages in /home/byd/src/ros2/param_ws/install
[0.612s] DEBUG:colcon.colcon_installed_package_information.package_discovery:Found 1 installed packages in /home/byd/src/ros2/action_ws/install
[0.613s] DEBUG:colcon.colcon_installed_package_information.package_discovery:Found 1 installed packages in /home/byd/src/ros2/action_interface_ws/install
[0.613s] DEBUG:colcon.colcon_installed_package_information.package_discovery:Found 1 installed packages in /home/byd/src/ros2/service_ws/install
[0.614s] DEBUG:colcon.colcon_installed_package_information.package_discovery:Found 1 installed packages in /home/byd/src/ros2/service_interface_ws/install
[0.615s] DEBUG:colcon.colcon_installed_package_information.package_discovery:Found 1 installed packages in /home/byd/src/ros2/topic_ws/install
[0.617s] DEBUG:colcon.colcon_installed_package_information.package_discovery:Found 270 installed packages in /opt/ros/humble
[0.619s] Level 1:colcon.colcon_core.package_discovery:discover_packages(prefix_path) using defaults
[0.744s] Level 5:colcon.colcon_core.verb:set package 'param_ws' build argument 'cmake_args' from command line to 'None'
[0.744s] Level 5:colcon.colcon_core.verb:set package 'param_ws' build argument 'cmake_target' from command line to 'None'
[0.744s] Level 5:colcon.colcon_core.verb:set package 'param_ws' build argument 'cmake_target_skip_unavailable' from command line to 'False'
[0.744s] Level 5:colcon.colcon_core.verb:set package 'param_ws' build argument 'cmake_clean_cache' from command line to 'False'
[0.744s] Level 5:colcon.colcon_core.verb:set package 'param_ws' build argument 'cmake_clean_first' from command line to 'False'
[0.744s] Level 5:colcon.colcon_core.verb:set package 'param_ws' build argument 'cmake_force_configure' from command line to 'False'
[0.744s] Level 5:colcon.colcon_core.verb:set package 'param_ws' build argument 'ament_cmake_args' from command line to 'None'
[0.744s] Level 5:colcon.colcon_core.verb:set package 'param_ws' build argument 'catkin_cmake_args' from command line to 'None'
[0.744s] Level 5:colcon.colcon_core.verb:set package 'param_ws' build argument 'catkin_skip_building_tests' from command line to 'False'
[0.744s] DEBUG:colcon.colcon_core.verb:Building package 'param_ws' with the following arguments: {'ament_cmake_args': None, 'build_base': '/home/byd/src/ros2/param_ws/build/param_ws', 'catkin_cmake_args': None, 'catkin_skip_building_tests': False, 'cmake_args': None, 'cmake_clean_cache': False, 'cmake_clean_first': False, 'cmake_force_configure': False, 'cmake_target': None, 'cmake_target_skip_unavailable': False, 'install_base': '/home/byd/src/ros2/param_ws/install/param_ws', 'merge_install': False, 'path': '/home/byd/src/ros2/param_ws', 'symlink_install': False, 'test_result_base': None}
[0.745s] INFO:colcon.colcon_core.executor:Executing jobs using 'parallel' executor
[0.748s] DEBUG:colcon.colcon_parallel_executor.executor.parallel:run_until_complete
[0.749s] INFO:colcon.colcon_ros.task.ament_cmake.build:Building ROS package in '/home/byd/src/ros2/param_ws' with build type 'ament_cmake'
[0.749s] INFO:colcon.colcon_cmake.task.cmake.build:Building CMake package in '/home/byd/src/ros2/param_ws'
[0.753s] INFO:colcon.colcon_core.plugin_system:Skipping extension 'colcon_core.shell.bat': Not used on non-Windows systems
[0.754s] INFO:colcon.colcon_core.shell:Skip shell extension 'powershell' for command environment: Not usable outside of PowerShell
[0.754s] DEBUG:colcon.colcon_core.shell:Skip shell extension 'dsv' for command environment
[0.783s] DEBUG:colcon.colcon_core.event_handler.log_command:Invoking command in '/home/byd/src/ros2/param_ws/build/param_ws': CMAKE_PREFIX_PATH=${CMAKE_PREFIX_PATH}:/opt/ros/humble /usr/bin/cmake --build /home/byd/src/ros2/param_ws/build/param_ws -- -j8 -l8
[22.261s] DEBUG:colcon.colcon_core.event_handler.log_command:Invoked command in '/home/byd/src/ros2/param_ws/build/param_ws' returned '0': CMAKE_PREFIX_PATH=${CMAKE_PREFIX_PATH}:/opt/ros/humble /usr/bin/cmake --build /home/byd/src/ros2/param_ws/build/param_ws -- -j8 -l8
[22.330s] DEBUG:colcon.colcon_core.event_handler.log_command:Invoking command in '/home/byd/src/ros2/param_ws/build/param_ws': CMAKE_PREFIX_PATH=${CMAKE_PREFIX_PATH}:/opt/ros/humble /usr/bin/cmake --install /home/byd/src/ros2/param_ws/build/param_ws
[22.367s] Level 1:colcon.colcon_core.environment:create_environment_scripts_only(param_ws)
[22.369s] DEBUG:colcon.colcon_core.event_handler.log_command:Invoked command in '/home/byd/src/ros2/param_ws/build/param_ws' returned '0': CMAKE_PREFIX_PATH=${CMAKE_PREFIX_PATH}:/opt/ros/humble /usr/bin/cmake --install /home/byd/src/ros2/param_ws/build/param_ws
[22.377s] Level 1:colcon.colcon_core.environment:checking '/home/byd/src/ros2/param_ws/install/param_ws' for CMake module files
[22.380s] Level 1:colcon.colcon_core.environment:checking '/home/byd/src/ros2/param_ws/install/param_ws' for CMake config files
[22.381s] Level 1:colcon.colcon_core.shell:create_environment_hook('param_ws', 'cmake_prefix_path')
[22.382s] INFO:colcon.colcon_core.shell:Creating environment hook '/home/byd/src/ros2/param_ws/install/param_ws/share/param_ws/hook/cmake_prefix_path.ps1'
[22.384s] INFO:colcon.colcon_core.shell:Creating environment descriptor '/home/byd/src/ros2/param_ws/install/param_ws/share/param_ws/hook/cmake_prefix_path.dsv'
[22.386s] INFO:colcon.colcon_core.shell:Creating environment hook '/home/byd/src/ros2/param_ws/install/param_ws/share/param_ws/hook/cmake_prefix_path.sh'
[22.388s] Level 1:colcon.colcon_core.environment:checking '/home/byd/src/ros2/param_ws/install/param_ws/lib'
[22.388s] Level 1:colcon.colcon_core.environment:checking '/home/byd/src/ros2/param_ws/install/param_ws/bin'
[22.388s] Level 1:colcon.colcon_core.environment:checking '/home/byd/src/ros2/param_ws/install/param_ws/lib/pkgconfig/param_ws.pc'
[22.389s] Level 1:colcon.colcon_core.environment:checking '/home/byd/src/ros2/param_ws/install/param_ws/lib/python3.10/site-packages'
[22.390s] Level 1:colcon.colcon_core.environment:checking '/home/byd/src/ros2/param_ws/install/param_ws/bin'
[22.391s] INFO:colcon.colcon_core.shell:Creating package script '/home/byd/src/ros2/param_ws/install/param_ws/share/param_ws/package.ps1'
[22.393s] INFO:colcon.colcon_core.shell:Creating package descriptor '/home/byd/src/ros2/param_ws/install/param_ws/share/param_ws/package.dsv'
[22.395s] INFO:colcon.colcon_core.shell:Creating package script '/home/byd/src/ros2/param_ws/install/param_ws/share/param_ws/package.sh'
[22.396s] INFO:colcon.colcon_core.shell:Creating package script '/home/byd/src/ros2/param_ws/install/param_ws/share/param_ws/package.bash'
[22.397s] INFO:colcon.colcon_core.shell:Creating package script '/home/byd/src/ros2/param_ws/install/param_ws/share/param_ws/package.zsh'
[22.399s] Level 1:colcon.colcon_core.environment:create_file_with_runtime_dependencies(/home/byd/src/ros2/param_ws/install/param_ws/share/colcon-core/packages/param_ws)
[22.446s] Level 1:colcon.colcon_core.environment:create_environment_scripts_only(param_ws)
[22.447s] Level 1:colcon.colcon_core.environment:checking '/home/byd/src/ros2/param_ws/install/param_ws' for CMake module files
[22.448s] Level 1:colcon.colcon_core.environment:checking '/home/byd/src/ros2/param_ws/install/param_ws' for CMake config files
[22.449s] Level 1:colcon.colcon_core.shell:create_environment_hook('param_ws', 'cmake_prefix_path')
[22.449s] INFO:colcon.colcon_core.shell:Creating environment hook '/home/byd/src/ros2/param_ws/install/param_ws/share/param_ws/hook/cmake_prefix_path.ps1'
[22.451s] INFO:colcon.colcon_core.shell:Creating environment descriptor '/home/byd/src/ros2/param_ws/install/param_ws/share/param_ws/hook/cmake_prefix_path.dsv'
[22.454s] INFO:colcon.colcon_core.shell:Creating environment hook '/home/byd/src/ros2/param_ws/install/param_ws/share/param_ws/hook/cmake_prefix_path.sh'
[22.458s] Level 1:colcon.colcon_core.environment:checking '/home/byd/src/ros2/param_ws/install/param_ws/lib'
[22.459s] Level 1:colcon.colcon_core.environment:checking '/home/byd/src/ros2/param_ws/install/param_ws/bin'
[22.459s] Level 1:colcon.colcon_core.environment:checking '/home/byd/src/ros2/param_ws/install/param_ws/lib/pkgconfig/param_ws.pc'
[22.459s] Level 1:colcon.colcon_core.environment:checking '/home/byd/src/ros2/param_ws/install/param_ws/lib/python3.10/site-packages'
[22.460s] Level 1:colcon.colcon_core.environment:checking '/home/byd/src/ros2/param_ws/install/param_ws/bin'
[22.461s] INFO:colcon.colcon_core.shell:Creating package script '/home/byd/src/ros2/param_ws/install/param_ws/share/param_ws/package.ps1'
[22.462s] INFO:colcon.colcon_core.shell:Creating package descriptor '/home/byd/src/ros2/param_ws/install/param_ws/share/param_ws/package.dsv'
[22.463s] INFO:colcon.colcon_core.shell:Creating package script '/home/byd/src/ros2/param_ws/install/param_ws/share/param_ws/package.sh'
[22.464s] INFO:colcon.colcon_core.shell:Creating package script '/home/byd/src/ros2/param_ws/install/param_ws/share/param_ws/package.bash'
[22.465s] INFO:colcon.colcon_core.shell:Creating package script '/home/byd/src/ros2/param_ws/install/param_ws/share/param_ws/package.zsh'
[22.465s] Level 1:colcon.colcon_core.environment:create_file_with_runtime_dependencies(/home/byd/src/ros2/param_ws/install/param_ws/share/colcon-core/packages/param_ws)
[22.466s] DEBUG:colcon.colcon_parallel_executor.executor.parallel:closing loop
[22.467s] DEBUG:colcon.colcon_parallel_executor.executor.parallel:loop closed
[22.467s] DEBUG:colcon.colcon_parallel_executor.executor.parallel:run_until_complete finished with '0'
[22.468s] DEBUG:colcon.colcon_core.event_reactor:joining thread
[22.482s] INFO:colcon.colcon_core.plugin_system:Skipping extension 'colcon_notification.desktop_notification.terminal_notifier': Not used on non-Darwin systems
[22.483s] INFO:colcon.colcon_core.plugin_system:Skipping extension 'colcon_notification.desktop_notification.win32': Not used on non-Windows systems
[22.483s] INFO:colcon.colcon_notification.desktop_notification:Sending desktop notification using 'notify2'
[22.522s] DEBUG:colcon.colcon_core.event_reactor:joined thread
[22.523s] INFO:colcon.colcon_core.shell:Creating prefix script '/home/byd/src/ros2/param_ws/install/local_setup.ps1'
[22.527s] INFO:colcon.colcon_core.shell:Creating prefix util module '/home/byd/src/ros2/param_ws/install/_local_setup_util_ps1.py'
[22.532s] INFO:colcon.colcon_core.shell:Creating prefix chain script '/home/byd/src/ros2/param_ws/install/setup.ps1'
[22.536s] INFO:colcon.colcon_core.shell:Creating prefix script '/home/byd/src/ros2/param_ws/install/local_setup.sh'
[22.537s] INFO:colcon.colcon_core.shell:Creating prefix util module '/home/byd/src/ros2/param_ws/install/_local_setup_util_sh.py'
[22.538s] INFO:colcon.colcon_core.shell:Creating prefix chain script '/home/byd/src/ros2/param_ws/install/setup.sh'
[22.541s] INFO:colcon.colcon_core.shell:Creating prefix script '/home/byd/src/ros2/param_ws/install/local_setup.bash'
[22.544s] INFO:colcon.colcon_core.shell:Creating prefix chain script '/home/byd/src/ros2/param_ws/install/setup.bash'
[22.547s] INFO:colcon.colcon_core.shell:Creating prefix script '/home/byd/src/ros2/param_ws/install/local_setup.zsh'
[22.548s] INFO:colcon.colcon_core.shell:Creating prefix chain script '/home/byd/src/ros2/param_ws/install/setup.zsh'
