[0.193s] DEBUG:colcon:Command line arguments: ['/usr/bin/colcon', 'build']
[0.193s] DEBUG:colcon:Parsed command line arguments: Namespace(log_base=None, log_level=None, verb_name='build', build_base='build', install_base='install', merge_install=False, symlink_install=False, test_result_base=None, continue_on_error=False, executor='parallel', parallel_workers=8, event_handlers=None, ignore_user_meta=False, metas=['./colcon.meta'], base_paths=['.'], packages_ignore=None, packages_ignore_regex=None, paths=None, packages_up_to=None, packages_up_to_regex=None, packages_above=None, packages_above_and_dependencies=None, packages_above_depth=None, packages_select_by_dep=None, packages_skip_by_dep=None, packages_skip_up_to=None, packages_select_build_failed=False, packages_skip_build_finished=False, packages_select_test_failures=False, packages_skip_test_passed=False, packages_select=None, packages_skip=None, packages_select_regex=None, packages_skip_regex=None, packages_start=None, packages_end=None, allow_overriding=[], cmake_args=None, cmake_target=None, cmake_target_skip_unavailable=False, cmake_clean_cache=False, cmake_clean_first=False, cmake_force_configure=False, ament_cmake_args=None, catkin_cmake_args=None, catkin_skip_building_tests=False, verb_parser=<colcon_defaults.argument_parser.defaults.DefaultArgumentsDecorator object at 0xffffb622d6c0>, verb_extension=<colcon_core.verb.build.BuildVerb object at 0xffffb63ceaa0>, main=<bound method BuildVerb.main of <colcon_core.verb.build.BuildVerb object at 0xffffb63ceaa0>>)
[0.266s] Level 1:colcon.colcon_core.package_discovery:discover_packages(colcon_meta) check parameters
[0.267s] Level 1:colcon.colcon_core.package_discovery:discover_packages(recursive) check parameters
[0.267s] Level 1:colcon.colcon_core.package_discovery:discover_packages(ignore) check parameters
[0.267s] Level 1:colcon.colcon_core.package_discovery:discover_packages(path) check parameters
[0.267s] Level 1:colcon.colcon_core.package_discovery:discover_packages(colcon_meta) discover
[0.267s] Level 1:colcon.colcon_core.package_discovery:discover_packages(recursive) discover
[0.267s] INFO:colcon.colcon_core.package_discovery:Crawling recursively for packages in '/home/byd/dros/data_collection_service'
[0.267s] Level 1:colcon.colcon_core.package_identification:_identify(.) by extensions ['ignore', 'ignore_ament_install']
[0.268s] Level 1:colcon.colcon_core.package_identification:_identify(.) by extension 'ignore'
[0.268s] Level 1:colcon.colcon_core.package_identification:_identify(.) by extension 'ignore_ament_install'
[0.268s] Level 1:colcon.colcon_core.package_identification:_identify(.) by extensions ['colcon_pkg']
[0.268s] Level 1:colcon.colcon_core.package_identification:_identify(.) by extension 'colcon_pkg'
[0.268s] Level 1:colcon.colcon_core.package_identification:_identify(.) by extensions ['colcon_meta']
[0.268s] Level 1:colcon.colcon_core.package_identification:_identify(.) by extension 'colcon_meta'
[0.268s] Level 1:colcon.colcon_core.package_identification:_identify(.) by extensions ['ros']
[0.268s] Level 1:colcon.colcon_core.package_identification:_identify(.) by extension 'ros'
[0.303s] DEBUG:colcon.colcon_core.package_identification:Package '.' with type 'ros.ament_cmake' and name 'data_collection_service'
[0.303s] Level 1:colcon.colcon_core.package_discovery:discover_packages(recursive) using defaults
[0.303s] Level 1:colcon.colcon_core.package_discovery:discover_packages(ignore) discover
[0.303s] Level 1:colcon.colcon_core.package_discovery:discover_packages(ignore) using defaults
[0.303s] Level 1:colcon.colcon_core.package_discovery:discover_packages(path) discover
[0.303s] Level 1:colcon.colcon_core.package_discovery:discover_packages(path) using defaults
[0.339s] Level 1:colcon.colcon_core.package_discovery:discover_packages(prefix_path) check parameters
[0.339s] Level 1:colcon.colcon_core.package_discovery:discover_packages(prefix_path) discover
[0.346s] DEBUG:colcon.colcon_installed_package_information.package_discovery:Found 271 installed packages in /opt/ros/humble
[0.349s] Level 1:colcon.colcon_core.package_discovery:discover_packages(prefix_path) using defaults
[0.415s] Level 5:colcon.colcon_core.verb:set package 'data_collection_service' build argument 'cmake_args' from command line to 'None'
[0.415s] Level 5:colcon.colcon_core.verb:set package 'data_collection_service' build argument 'cmake_target' from command line to 'None'
[0.415s] Level 5:colcon.colcon_core.verb:set package 'data_collection_service' build argument 'cmake_target_skip_unavailable' from command line to 'False'
[0.415s] Level 5:colcon.colcon_core.verb:set package 'data_collection_service' build argument 'cmake_clean_cache' from command line to 'False'
[0.415s] Level 5:colcon.colcon_core.verb:set package 'data_collection_service' build argument 'cmake_clean_first' from command line to 'False'
[0.415s] Level 5:colcon.colcon_core.verb:set package 'data_collection_service' build argument 'cmake_force_configure' from command line to 'False'
[0.415s] Level 5:colcon.colcon_core.verb:set package 'data_collection_service' build argument 'ament_cmake_args' from command line to 'None'
[0.415s] Level 5:colcon.colcon_core.verb:set package 'data_collection_service' build argument 'catkin_cmake_args' from command line to 'None'
[0.415s] Level 5:colcon.colcon_core.verb:set package 'data_collection_service' build argument 'catkin_skip_building_tests' from command line to 'False'
[0.415s] DEBUG:colcon.colcon_core.verb:Building package 'data_collection_service' with the following arguments: {'ament_cmake_args': None, 'build_base': '/home/byd/dros/data_collection_service/build/data_collection_service', 'catkin_cmake_args': None, 'catkin_skip_building_tests': False, 'cmake_args': None, 'cmake_clean_cache': False, 'cmake_clean_first': False, 'cmake_force_configure': False, 'cmake_target': None, 'cmake_target_skip_unavailable': False, 'install_base': '/home/byd/dros/data_collection_service/install/data_collection_service', 'merge_install': False, 'path': '/home/byd/dros/data_collection_service', 'symlink_install': False, 'test_result_base': None}
[0.416s] INFO:colcon.colcon_core.executor:Executing jobs using 'parallel' executor
[0.418s] DEBUG:colcon.colcon_parallel_executor.executor.parallel:run_until_complete
[0.418s] INFO:colcon.colcon_ros.task.ament_cmake.build:Building ROS package in '/home/byd/dros/data_collection_service' with build type 'ament_cmake'
[0.419s] INFO:colcon.colcon_cmake.task.cmake.build:Building CMake package in '/home/byd/dros/data_collection_service'
[0.422s] INFO:colcon.colcon_core.plugin_system:Skipping extension 'colcon_core.shell.bat': Not used on non-Windows systems
[0.423s] INFO:colcon.colcon_core.shell:Skip shell extension 'powershell' for command environment: Not usable outside of PowerShell
[0.423s] DEBUG:colcon.colcon_core.shell:Skip shell extension 'dsv' for command environment
[0.438s] DEBUG:colcon.colcon_core.event_handler.log_command:Invoking command in '/home/byd/dros/data_collection_service/build/data_collection_service': CMAKE_PREFIX_PATH=/opt/ros/humble /usr/bin/cmake --build /home/byd/dros/data_collection_service/build/data_collection_service -- -j8 -l8
[7.682s] DEBUG:colcon.colcon_core.event_handler.log_command:Invoked command in '/home/byd/dros/data_collection_service/build/data_collection_service' returned '0': CMAKE_PREFIX_PATH=/opt/ros/humble /usr/bin/cmake --build /home/byd/dros/data_collection_service/build/data_collection_service -- -j8 -l8
[7.705s] DEBUG:colcon.colcon_core.event_handler.log_command:Invoking command in '/home/byd/dros/data_collection_service/build/data_collection_service': CMAKE_PREFIX_PATH=/opt/ros/humble /usr/bin/cmake --install /home/byd/dros/data_collection_service/build/data_collection_service
[7.728s] Level 1:colcon.colcon_core.environment:create_environment_scripts_only(data_collection_service)
[7.730s] DEBUG:colcon.colcon_core.event_handler.log_command:Invoked command in '/home/byd/dros/data_collection_service/build/data_collection_service' returned '0': CMAKE_PREFIX_PATH=/opt/ros/humble /usr/bin/cmake --install /home/byd/dros/data_collection_service/build/data_collection_service
[7.739s] Level 1:colcon.colcon_core.environment:checking '/home/byd/dros/data_collection_service/install/data_collection_service' for CMake module files
[7.741s] Level 1:colcon.colcon_core.environment:checking '/home/byd/dros/data_collection_service/install/data_collection_service' for CMake config files
[7.742s] Level 1:colcon.colcon_core.shell:create_environment_hook('data_collection_service', 'cmake_prefix_path')
[7.743s] INFO:colcon.colcon_core.shell:Creating environment hook '/home/byd/dros/data_collection_service/install/data_collection_service/share/data_collection_service/hook/cmake_prefix_path.ps1'
[7.746s] INFO:colcon.colcon_core.shell:Creating environment descriptor '/home/byd/dros/data_collection_service/install/data_collection_service/share/data_collection_service/hook/cmake_prefix_path.dsv'
[7.747s] INFO:colcon.colcon_core.shell:Creating environment hook '/home/byd/dros/data_collection_service/install/data_collection_service/share/data_collection_service/hook/cmake_prefix_path.sh'
[7.751s] Level 1:colcon.colcon_core.environment:checking '/home/byd/dros/data_collection_service/install/data_collection_service/lib'
[7.751s] Level 1:colcon.colcon_core.environment:checking '/home/byd/dros/data_collection_service/install/data_collection_service/bin'
[7.752s] Level 1:colcon.colcon_core.environment:checking '/home/byd/dros/data_collection_service/install/data_collection_service/lib/pkgconfig/data_collection_service.pc'
[7.752s] Level 1:colcon.colcon_core.environment:checking '/home/byd/dros/data_collection_service/install/data_collection_service/lib/python3.10/site-packages'
[7.752s] Level 1:colcon.colcon_core.environment:checking '/home/byd/dros/data_collection_service/install/data_collection_service/bin'
[7.753s] INFO:colcon.colcon_core.shell:Creating package script '/home/byd/dros/data_collection_service/install/data_collection_service/share/data_collection_service/package.ps1'
[7.755s] INFO:colcon.colcon_core.shell:Creating package descriptor '/home/byd/dros/data_collection_service/install/data_collection_service/share/data_collection_service/package.dsv'
[7.758s] INFO:colcon.colcon_core.shell:Creating package script '/home/byd/dros/data_collection_service/install/data_collection_service/share/data_collection_service/package.sh'
[7.761s] INFO:colcon.colcon_core.shell:Creating package script '/home/byd/dros/data_collection_service/install/data_collection_service/share/data_collection_service/package.bash'
[7.764s] INFO:colcon.colcon_core.shell:Creating package script '/home/byd/dros/data_collection_service/install/data_collection_service/share/data_collection_service/package.zsh'
[7.766s] Level 1:colcon.colcon_core.environment:create_file_with_runtime_dependencies(/home/byd/dros/data_collection_service/install/data_collection_service/share/colcon-core/packages/data_collection_service)
[7.767s] Level 1:colcon.colcon_core.environment:create_environment_scripts_only(data_collection_service)
[7.768s] Level 1:colcon.colcon_core.environment:checking '/home/byd/dros/data_collection_service/install/data_collection_service' for CMake module files
[7.769s] Level 1:colcon.colcon_core.environment:checking '/home/byd/dros/data_collection_service/install/data_collection_service' for CMake config files
[7.770s] Level 1:colcon.colcon_core.shell:create_environment_hook('data_collection_service', 'cmake_prefix_path')
[7.770s] INFO:colcon.colcon_core.shell:Creating environment hook '/home/byd/dros/data_collection_service/install/data_collection_service/share/data_collection_service/hook/cmake_prefix_path.ps1'
[7.772s] INFO:colcon.colcon_core.shell:Creating environment descriptor '/home/byd/dros/data_collection_service/install/data_collection_service/share/data_collection_service/hook/cmake_prefix_path.dsv'
[7.773s] INFO:colcon.colcon_core.shell:Creating environment hook '/home/byd/dros/data_collection_service/install/data_collection_service/share/data_collection_service/hook/cmake_prefix_path.sh'
[7.774s] Level 1:colcon.colcon_core.environment:checking '/home/byd/dros/data_collection_service/install/data_collection_service/lib'
[7.774s] Level 1:colcon.colcon_core.environment:checking '/home/byd/dros/data_collection_service/install/data_collection_service/bin'
[7.775s] Level 1:colcon.colcon_core.environment:checking '/home/byd/dros/data_collection_service/install/data_collection_service/lib/pkgconfig/data_collection_service.pc'
[7.775s] Level 1:colcon.colcon_core.environment:checking '/home/byd/dros/data_collection_service/install/data_collection_service/lib/python3.10/site-packages'
[7.776s] Level 1:colcon.colcon_core.environment:checking '/home/byd/dros/data_collection_service/install/data_collection_service/bin'
[7.777s] INFO:colcon.colcon_core.shell:Creating package script '/home/byd/dros/data_collection_service/install/data_collection_service/share/data_collection_service/package.ps1'
[7.778s] INFO:colcon.colcon_core.shell:Creating package descriptor '/home/byd/dros/data_collection_service/install/data_collection_service/share/data_collection_service/package.dsv'
[7.780s] INFO:colcon.colcon_core.shell:Creating package script '/home/byd/dros/data_collection_service/install/data_collection_service/share/data_collection_service/package.sh'
[7.781s] INFO:colcon.colcon_core.shell:Creating package script '/home/byd/dros/data_collection_service/install/data_collection_service/share/data_collection_service/package.bash'
[7.782s] INFO:colcon.colcon_core.shell:Creating package script '/home/byd/dros/data_collection_service/install/data_collection_service/share/data_collection_service/package.zsh'
[7.783s] Level 1:colcon.colcon_core.environment:create_file_with_runtime_dependencies(/home/byd/dros/data_collection_service/install/data_collection_service/share/colcon-core/packages/data_collection_service)
[7.784s] DEBUG:colcon.colcon_parallel_executor.executor.parallel:closing loop
[7.785s] DEBUG:colcon.colcon_parallel_executor.executor.parallel:loop closed
[7.785s] DEBUG:colcon.colcon_parallel_executor.executor.parallel:run_until_complete finished with '0'
[7.785s] DEBUG:colcon.colcon_core.event_reactor:joining thread
[7.799s] INFO:colcon.colcon_core.plugin_system:Skipping extension 'colcon_notification.desktop_notification.terminal_notifier': Not used on non-Darwin systems
[7.799s] INFO:colcon.colcon_core.plugin_system:Skipping extension 'colcon_notification.desktop_notification.win32': Not used on non-Windows systems
[7.800s] INFO:colcon.colcon_notification.desktop_notification:Sending desktop notification using 'notify2'
[7.830s] DEBUG:colcon.colcon_core.event_reactor:joined thread
[7.831s] INFO:colcon.colcon_core.shell:Creating prefix script '/home/byd/dros/data_collection_service/install/local_setup.ps1'
[7.833s] INFO:colcon.colcon_core.shell:Creating prefix util module '/home/byd/dros/data_collection_service/install/_local_setup_util_ps1.py'
[7.835s] INFO:colcon.colcon_core.shell:Creating prefix chain script '/home/byd/dros/data_collection_service/install/setup.ps1'
[7.837s] INFO:colcon.colcon_core.shell:Creating prefix script '/home/byd/dros/data_collection_service/install/local_setup.sh'
[7.839s] INFO:colcon.colcon_core.shell:Creating prefix util module '/home/byd/dros/data_collection_service/install/_local_setup_util_sh.py'
[7.840s] INFO:colcon.colcon_core.shell:Creating prefix chain script '/home/byd/dros/data_collection_service/install/setup.sh'
[7.842s] INFO:colcon.colcon_core.shell:Creating prefix script '/home/byd/dros/data_collection_service/install/local_setup.bash'
[7.843s] INFO:colcon.colcon_core.shell:Creating prefix chain script '/home/byd/dros/data_collection_service/install/setup.bash'
[7.845s] INFO:colcon.colcon_core.shell:Creating prefix script '/home/byd/dros/data_collection_service/install/local_setup.zsh'
[7.846s] INFO:colcon.colcon_core.shell:Creating prefix chain script '/home/byd/dros/data_collection_service/install/setup.zsh'
