[0.206s] DEBUG:colcon:Command line arguments: ['/usr/bin/colcon', 'build']
[0.207s] DEBUG:colcon:Parsed command line arguments: Namespace(log_base=None, log_level=None, verb_name='build', build_base='build', install_base='install', merge_install=False, symlink_install=False, test_result_base=None, continue_on_error=False, executor='parallel', parallel_workers=8, event_handlers=None, ignore_user_meta=False, metas=['./colcon.meta'], base_paths=['.'], packages_ignore=None, packages_ignore_regex=None, paths=None, packages_up_to=None, packages_up_to_regex=None, packages_above=None, packages_above_and_dependencies=None, packages_above_depth=None, packages_select_by_dep=None, packages_skip_by_dep=None, packages_skip_up_to=None, packages_select_build_failed=False, packages_skip_build_finished=False, packages_select_test_failures=False, packages_skip_test_passed=False, packages_select=None, packages_skip=None, packages_select_regex=None, packages_skip_regex=None, packages_start=None, packages_end=None, allow_overriding=[], cmake_args=None, cmake_target=None, cmake_target_skip_unavailable=False, cmake_clean_cache=False, cmake_clean_first=False, cmake_force_configure=False, ament_cmake_args=None, catkin_cmake_args=None, catkin_skip_building_tests=False, mixin_files=None, mixin=None, verb_parser=<colcon_mixin.mixin.mixin_argument.MixinArgumentDecorator object at 0xffffb4322ef0>, verb_extension=<colcon_core.verb.build.BuildVerb object at 0xffffb44f8580>, main=<bound method BuildVerb.main of <colcon_core.verb.build.BuildVerb object at 0xffffb44f8580>>, mixin_verb=('build',))
[0.514s] Level 1:colcon.colcon_core.package_discovery:discover_packages(colcon_meta) check parameters
[0.515s] Level 1:colcon.colcon_core.package_discovery:discover_packages(recursive) check parameters
[0.515s] Level 1:colcon.colcon_core.package_discovery:discover_packages(ignore) check parameters
[0.515s] Level 1:colcon.colcon_core.package_discovery:discover_packages(path) check parameters
[0.515s] Level 1:colcon.colcon_core.package_discovery:discover_packages(colcon_meta) discover
[0.515s] Level 1:colcon.colcon_core.package_discovery:discover_packages(recursive) discover
[0.515s] INFO:colcon.colcon_core.package_discovery:Crawling recursively for packages in '/home/byd/src/ros2/param_ws'
[0.515s] Level 1:colcon.colcon_core.package_identification:_identify(.) by extensions ['ignore', 'ignore_ament_install']
[0.516s] Level 1:colcon.colcon_core.package_identification:_identify(.) by extension 'ignore'
[0.516s] Level 1:colcon.colcon_core.package_identification:_identify(.) by extension 'ignore_ament_install'
[0.516s] Level 1:colcon.colcon_core.package_identification:_identify(.) by extensions ['colcon_pkg']
[0.516s] Level 1:colcon.colcon_core.package_identification:_identify(.) by extension 'colcon_pkg'
[0.516s] Level 1:colcon.colcon_core.package_identification:_identify(.) by extensions ['colcon_meta']
[0.516s] Level 1:colcon.colcon_core.package_identification:_identify(.) by extension 'colcon_meta'
[0.516s] Level 1:colcon.colcon_core.package_identification:_identify(.) by extensions ['ros']
[0.516s] Level 1:colcon.colcon_core.package_identification:_identify(.) by extension 'ros'
[0.542s] DEBUG:colcon.colcon_core.package_identification:Package '.' with type 'ros.ament_cmake' and name 'param_ws'
[0.542s] Level 1:colcon.colcon_core.package_discovery:discover_packages(recursive) using defaults
[0.543s] Level 1:colcon.colcon_core.package_discovery:discover_packages(ignore) discover
[0.543s] Level 1:colcon.colcon_core.package_discovery:discover_packages(ignore) using defaults
[0.543s] Level 1:colcon.colcon_core.package_discovery:discover_packages(path) discover
[0.543s] Level 1:colcon.colcon_core.package_discovery:discover_packages(path) using defaults
[0.578s] Level 1:colcon.colcon_core.package_discovery:discover_packages(prefix_path) check parameters
[0.578s] Level 1:colcon.colcon_core.package_discovery:discover_packages(prefix_path) discover
[0.582s] DEBUG:colcon.colcon_installed_package_information.package_discovery:Found 1 installed packages in /home/byd/src/ros2/param_ws/install
[0.583s] DEBUG:colcon.colcon_installed_package_information.package_discovery:Found 1 installed packages in /home/byd/src/ros2/action_ws/install
[0.583s] DEBUG:colcon.colcon_installed_package_information.package_discovery:Found 1 installed packages in /home/byd/src/ros2/action_interface_ws/install
[0.584s] DEBUG:colcon.colcon_installed_package_information.package_discovery:Found 1 installed packages in /home/byd/src/ros2/service_ws/install
[0.585s] DEBUG:colcon.colcon_installed_package_information.package_discovery:Found 1 installed packages in /home/byd/src/ros2/service_interface_ws/install
[0.585s] DEBUG:colcon.colcon_installed_package_information.package_discovery:Found 1 installed packages in /home/byd/src/ros2/topic_ws/install
[0.587s] DEBUG:colcon.colcon_installed_package_information.package_discovery:Found 270 installed packages in /opt/ros/humble
[0.590s] Level 1:colcon.colcon_core.package_discovery:discover_packages(prefix_path) using defaults
[0.688s] Level 5:colcon.colcon_core.verb:set package 'param_ws' build argument 'cmake_args' from command line to 'None'
[0.688s] Level 5:colcon.colcon_core.verb:set package 'param_ws' build argument 'cmake_target' from command line to 'None'
[0.688s] Level 5:colcon.colcon_core.verb:set package 'param_ws' build argument 'cmake_target_skip_unavailable' from command line to 'False'
[0.688s] Level 5:colcon.colcon_core.verb:set package 'param_ws' build argument 'cmake_clean_cache' from command line to 'False'
[0.688s] Level 5:colcon.colcon_core.verb:set package 'param_ws' build argument 'cmake_clean_first' from command line to 'False'
[0.688s] Level 5:colcon.colcon_core.verb:set package 'param_ws' build argument 'cmake_force_configure' from command line to 'False'
[0.688s] Level 5:colcon.colcon_core.verb:set package 'param_ws' build argument 'ament_cmake_args' from command line to 'None'
[0.688s] Level 5:colcon.colcon_core.verb:set package 'param_ws' build argument 'catkin_cmake_args' from command line to 'None'
[0.688s] Level 5:colcon.colcon_core.verb:set package 'param_ws' build argument 'catkin_skip_building_tests' from command line to 'False'
[0.688s] DEBUG:colcon.colcon_core.verb:Building package 'param_ws' with the following arguments: {'ament_cmake_args': None, 'build_base': '/home/byd/src/ros2/param_ws/build/param_ws', 'catkin_cmake_args': None, 'catkin_skip_building_tests': False, 'cmake_args': None, 'cmake_clean_cache': False, 'cmake_clean_first': False, 'cmake_force_configure': False, 'cmake_target': None, 'cmake_target_skip_unavailable': False, 'install_base': '/home/byd/src/ros2/param_ws/install/param_ws', 'merge_install': False, 'path': '/home/byd/src/ros2/param_ws', 'symlink_install': False, 'test_result_base': None}
[0.689s] INFO:colcon.colcon_core.executor:Executing jobs using 'parallel' executor
[0.691s] DEBUG:colcon.colcon_parallel_executor.executor.parallel:run_until_complete
[0.691s] INFO:colcon.colcon_ros.task.ament_cmake.build:Building ROS package in '/home/byd/src/ros2/param_ws' with build type 'ament_cmake'
[0.691s] INFO:colcon.colcon_cmake.task.cmake.build:Building CMake package in '/home/byd/src/ros2/param_ws'
[0.695s] INFO:colcon.colcon_core.plugin_system:Skipping extension 'colcon_core.shell.bat': Not used on non-Windows systems
[0.695s] INFO:colcon.colcon_core.shell:Skip shell extension 'powershell' for command environment: Not usable outside of PowerShell
[0.695s] DEBUG:colcon.colcon_core.shell:Skip shell extension 'dsv' for command environment
[0.713s] DEBUG:colcon.colcon_core.event_handler.log_command:Invoking command in '/home/byd/src/ros2/param_ws/build/param_ws': CMAKE_PREFIX_PATH=${CMAKE_PREFIX_PATH}:/opt/ros/humble /usr/bin/cmake --build /home/byd/src/ros2/param_ws/build/param_ws -- -j8 -l8
[19.714s] DEBUG:colcon.colcon_core.event_handler.log_command:Invoked command in '/home/byd/src/ros2/param_ws/build/param_ws' returned '0': CMAKE_PREFIX_PATH=${CMAKE_PREFIX_PATH}:/opt/ros/humble /usr/bin/cmake --build /home/byd/src/ros2/param_ws/build/param_ws -- -j8 -l8
[19.784s] DEBUG:colcon.colcon_core.event_handler.log_command:Invoking command in '/home/byd/src/ros2/param_ws/build/param_ws': CMAKE_PREFIX_PATH=${CMAKE_PREFIX_PATH}:/opt/ros/humble /usr/bin/cmake --install /home/byd/src/ros2/param_ws/build/param_ws
[19.820s] Level 1:colcon.colcon_core.environment:create_environment_scripts_only(param_ws)
[19.822s] DEBUG:colcon.colcon_core.event_handler.log_command:Invoked command in '/home/byd/src/ros2/param_ws/build/param_ws' returned '0': CMAKE_PREFIX_PATH=${CMAKE_PREFIX_PATH}:/opt/ros/humble /usr/bin/cmake --install /home/byd/src/ros2/param_ws/build/param_ws
[19.829s] Level 1:colcon.colcon_core.environment:checking '/home/byd/src/ros2/param_ws/install/param_ws' for CMake module files
[19.831s] Level 1:colcon.colcon_core.environment:checking '/home/byd/src/ros2/param_ws/install/param_ws' for CMake config files
[19.832s] Level 1:colcon.colcon_core.shell:create_environment_hook('param_ws', 'cmake_prefix_path')
[19.833s] INFO:colcon.colcon_core.shell:Creating environment hook '/home/byd/src/ros2/param_ws/install/param_ws/share/param_ws/hook/cmake_prefix_path.ps1'
[19.835s] INFO:colcon.colcon_core.shell:Creating environment descriptor '/home/byd/src/ros2/param_ws/install/param_ws/share/param_ws/hook/cmake_prefix_path.dsv'
[19.839s] INFO:colcon.colcon_core.shell:Creating environment hook '/home/byd/src/ros2/param_ws/install/param_ws/share/param_ws/hook/cmake_prefix_path.sh'
[19.842s] Level 1:colcon.colcon_core.environment:checking '/home/byd/src/ros2/param_ws/install/param_ws/lib'
[19.842s] Level 1:colcon.colcon_core.environment:checking '/home/byd/src/ros2/param_ws/install/param_ws/bin'
[19.842s] Level 1:colcon.colcon_core.environment:checking '/home/byd/src/ros2/param_ws/install/param_ws/lib/pkgconfig/param_ws.pc'
[19.843s] Level 1:colcon.colcon_core.environment:checking '/home/byd/src/ros2/param_ws/install/param_ws/lib/python3.10/site-packages'
[19.843s] Level 1:colcon.colcon_core.environment:checking '/home/byd/src/ros2/param_ws/install/param_ws/bin'
[19.844s] INFO:colcon.colcon_core.shell:Creating package script '/home/byd/src/ros2/param_ws/install/param_ws/share/param_ws/package.ps1'
[19.846s] INFO:colcon.colcon_core.shell:Creating package descriptor '/home/byd/src/ros2/param_ws/install/param_ws/share/param_ws/package.dsv'
[19.847s] INFO:colcon.colcon_core.shell:Creating package script '/home/byd/src/ros2/param_ws/install/param_ws/share/param_ws/package.sh'
[19.849s] INFO:colcon.colcon_core.shell:Creating package script '/home/byd/src/ros2/param_ws/install/param_ws/share/param_ws/package.bash'
[19.850s] INFO:colcon.colcon_core.shell:Creating package script '/home/byd/src/ros2/param_ws/install/param_ws/share/param_ws/package.zsh'
[19.851s] Level 1:colcon.colcon_core.environment:create_file_with_runtime_dependencies(/home/byd/src/ros2/param_ws/install/param_ws/share/colcon-core/packages/param_ws)
[19.897s] Level 1:colcon.colcon_core.environment:create_environment_scripts_only(param_ws)
[19.898s] Level 1:colcon.colcon_core.environment:checking '/home/byd/src/ros2/param_ws/install/param_ws' for CMake module files
[19.899s] Level 1:colcon.colcon_core.environment:checking '/home/byd/src/ros2/param_ws/install/param_ws' for CMake config files
[19.899s] Level 1:colcon.colcon_core.shell:create_environment_hook('param_ws', 'cmake_prefix_path')
[19.900s] INFO:colcon.colcon_core.shell:Creating environment hook '/home/byd/src/ros2/param_ws/install/param_ws/share/param_ws/hook/cmake_prefix_path.ps1'
[19.901s] INFO:colcon.colcon_core.shell:Creating environment descriptor '/home/byd/src/ros2/param_ws/install/param_ws/share/param_ws/hook/cmake_prefix_path.dsv'
[19.902s] INFO:colcon.colcon_core.shell:Creating environment hook '/home/byd/src/ros2/param_ws/install/param_ws/share/param_ws/hook/cmake_prefix_path.sh'
[19.908s] Level 1:colcon.colcon_core.environment:checking '/home/byd/src/ros2/param_ws/install/param_ws/lib'
[19.908s] Level 1:colcon.colcon_core.environment:checking '/home/byd/src/ros2/param_ws/install/param_ws/bin'
[19.909s] Level 1:colcon.colcon_core.environment:checking '/home/byd/src/ros2/param_ws/install/param_ws/lib/pkgconfig/param_ws.pc'
[19.909s] Level 1:colcon.colcon_core.environment:checking '/home/byd/src/ros2/param_ws/install/param_ws/lib/python3.10/site-packages'
[19.910s] Level 1:colcon.colcon_core.environment:checking '/home/byd/src/ros2/param_ws/install/param_ws/bin'
[19.910s] INFO:colcon.colcon_core.shell:Creating package script '/home/byd/src/ros2/param_ws/install/param_ws/share/param_ws/package.ps1'
[19.912s] INFO:colcon.colcon_core.shell:Creating package descriptor '/home/byd/src/ros2/param_ws/install/param_ws/share/param_ws/package.dsv'
[19.913s] INFO:colcon.colcon_core.shell:Creating package script '/home/byd/src/ros2/param_ws/install/param_ws/share/param_ws/package.sh'
[19.914s] INFO:colcon.colcon_core.shell:Creating package script '/home/byd/src/ros2/param_ws/install/param_ws/share/param_ws/package.bash'
[19.915s] INFO:colcon.colcon_core.shell:Creating package script '/home/byd/src/ros2/param_ws/install/param_ws/share/param_ws/package.zsh'
[19.916s] Level 1:colcon.colcon_core.environment:create_file_with_runtime_dependencies(/home/byd/src/ros2/param_ws/install/param_ws/share/colcon-core/packages/param_ws)
[19.916s] DEBUG:colcon.colcon_parallel_executor.executor.parallel:closing loop
[19.918s] DEBUG:colcon.colcon_parallel_executor.executor.parallel:loop closed
[19.918s] DEBUG:colcon.colcon_parallel_executor.executor.parallel:run_until_complete finished with '0'
[19.918s] DEBUG:colcon.colcon_core.event_reactor:joining thread
[19.931s] INFO:colcon.colcon_core.plugin_system:Skipping extension 'colcon_notification.desktop_notification.terminal_notifier': Not used on non-Darwin systems
[19.932s] INFO:colcon.colcon_core.plugin_system:Skipping extension 'colcon_notification.desktop_notification.win32': Not used on non-Windows systems
[19.932s] INFO:colcon.colcon_notification.desktop_notification:Sending desktop notification using 'notify2'
[19.975s] DEBUG:colcon.colcon_core.event_reactor:joined thread
[19.976s] INFO:colcon.colcon_core.shell:Creating prefix script '/home/byd/src/ros2/param_ws/install/local_setup.ps1'
[19.979s] INFO:colcon.colcon_core.shell:Creating prefix util module '/home/byd/src/ros2/param_ws/install/_local_setup_util_ps1.py'
[19.983s] INFO:colcon.colcon_core.shell:Creating prefix chain script '/home/byd/src/ros2/param_ws/install/setup.ps1'
[19.986s] INFO:colcon.colcon_core.shell:Creating prefix script '/home/byd/src/ros2/param_ws/install/local_setup.sh'
[19.988s] INFO:colcon.colcon_core.shell:Creating prefix util module '/home/byd/src/ros2/param_ws/install/_local_setup_util_sh.py'
[19.989s] INFO:colcon.colcon_core.shell:Creating prefix chain script '/home/byd/src/ros2/param_ws/install/setup.sh'
[19.992s] INFO:colcon.colcon_core.shell:Creating prefix script '/home/byd/src/ros2/param_ws/install/local_setup.bash'
[19.993s] INFO:colcon.colcon_core.shell:Creating prefix chain script '/home/byd/src/ros2/param_ws/install/setup.bash'
[19.995s] INFO:colcon.colcon_core.shell:Creating prefix script '/home/byd/src/ros2/param_ws/install/local_setup.zsh'
[19.996s] INFO:colcon.colcon_core.shell:Creating prefix chain script '/home/byd/src/ros2/param_ws/install/setup.zsh'
