[0.010s] Invoking command in '/home/hawrk/Documents/GitHub/hawrk/ros2/dros_common_interfaces/build/dros_common_interfaces': CMAKE_PREFIX_PATH=/opt/ros/humble /usr/bin/cmake /home/hawrk/Documents/GitHub/hawrk/ros2/dros_common_interfaces -DCMAKE_INSTALL_PREFIX=/home/hawrk/Documents/GitHub/hawrk/ros2/dros_common_interfaces/install/dros_common_interfaces
[0.184s] -- The C compiler identification is GNU 11.4.0
[0.239s] -- The CXX compiler identification is GNU 11.4.0
[0.272s] -- Detecting C compiler ABI info
[0.331s] -- Detecting C compiler ABI info - done
[0.335s] -- Check for working C compiler: /usr/bin/cc - skipped
[0.335s] -- Detecting C compile features
[0.337s] -- Detecting C compile features - done
[0.339s] -- Detecting CXX compiler ABI info
[0.392s] -- Detecting CXX compiler ABI info - done
[0.396s] -- Check for working CXX compiler: /usr/bin/c++ - skipped
[0.396s] -- Detecting CXX compile features
[0.397s] -- Detecting CXX compile features - done
[0.403s] -- Found ament_cmake: 1.3.11 (/opt/ros/humble/share/ament_cmake/cmake)
[0.518s] -- Found Python3: /usr/bin/python3 (found version "3.10.12") found components: Interpreter 
[0.572s] -- Found rosidl_default_generators: 1.2.0 (/opt/ros/humble/share/rosidl_default_generators/cmake)
[0.575s] -- Using all available rosidl_typesupport_c: rosidl_typesupport_fastrtps_c;rosidl_typesupport_introspection_c
[0.579s] -- Found rosidl_adapter: 3.1.6 (/opt/ros/humble/share/rosidl_adapter/cmake)
[0.604s] -- Using all available rosidl_typesupport_cpp: rosidl_typesupport_fastrtps_cpp;rosidl_typesupport_introspection_cpp
[0.625s] -- Found builtin_interfaces: 1.2.1 (/opt/ros/humble/share/builtin_interfaces/cmake)
[0.633s] -- Found std_msgs: 4.2.4 (/opt/ros/humble/share/std_msgs/cmake)
[0.640s] -- Found sensor_msgs: 4.2.4 (/opt/ros/humble/share/sensor_msgs/cmake)
[0.657s] -- Found nav_msgs: 4.8.0 (/opt/ros/humble/share/nav_msgs/cmake)
[0.667s] -- Found geographic_msgs: 1.0.6 (/opt/ros/humble/share/geographic_msgs/cmake)
[0.684s] -- Found action_msgs: 1.2.1 (/opt/ros/humble/share/action_msgs/cmake)
[0.926s] -- Found ament_cmake_cppcheck: 0.12.11 (/opt/ros/humble/share/ament_cmake_cppcheck/cmake)
[0.928s] -- Found ament_cmake_cpplint: 0.12.11 (/opt/ros/humble/share/ament_cmake_cpplint/cmake)
[0.930s] -- Found ament_cmake_uncrustify: 0.12.11 (/opt/ros/humble/share/ament_cmake_uncrustify/cmake)
[0.932s] -- Found ament_cmake_ros: 0.10.0 (/opt/ros/humble/share/ament_cmake_ros/cmake)
[1.155s] -- Using all available rosidl_typesupport_c: rosidl_typesupport_fastrtps_c;rosidl_typesupport_introspection_c
[1.419s] -- Using all available rosidl_typesupport_cpp: rosidl_typesupport_fastrtps_cpp;rosidl_typesupport_introspection_cpp
[1.436s] -- Found PythonInterp: /usr/bin/python3 (found suitable version "3.10.12", minimum required is "3.6") 
[1.438s] -- Found python_cmake_module: 0.10.0 (/opt/ros/humble/share/python_cmake_module/cmake)
[1.460s] -- Found PythonLibs: /usr/lib/x86_64-linux-gnu/libpython3.10.so (found suitable version "3.10.12", minimum required is "3.5") 
[1.460s] -- Using PYTHON_EXECUTABLE: /usr/bin/python3
[1.460s] -- Using PYTHON_INCLUDE_DIRS: /usr/include/python3.10
[1.460s] -- Using PYTHON_LIBRARIES: /usr/lib/x86_64-linux-gnu/libpython3.10.so
[1.474s] -- Found PythonExtra: .so  
[1.528s] -- Found ament_cmake_flake8: 0.12.11 (/opt/ros/humble/share/ament_cmake_flake8/cmake)
[1.529s] -- Found ament_cmake_pep257: 0.12.11 (/opt/ros/humble/share/ament_cmake_pep257/cmake)
[1.530s] -- Found ament_lint_auto: 0.12.11 (/opt/ros/humble/share/ament_lint_auto/cmake)
[1.548s] -- Added test 'cppcheck' to perform static code analysis on C / C++ code
[1.549s] -- Configured cppcheck include dirs: $<BUILD_INTERFACE:/home/hawrk/Documents/GitHub/hawrk/ros2/dros_common_interfaces/build/dros_common_interfaces/rosidl_generator_c>;$<BUILD_INTERFACE:/home/hawrk/Documents/GitHub/hawrk/ros2/dros_common_interfaces/build/dros_common_interfaces/rosidl_typesupport_fastrtps_c>;$<BUILD_INTERFACE:/home/hawrk/Documents/GitHub/hawrk/ros2/dros_common_interfaces/build/dros_common_interfaces/rosidl_typesupport_introspection_c>;$<BUILD_INTERFACE:/home/hawrk/Documents/GitHub/hawrk/ros2/dros_common_interfaces/build/dros_common_interfaces/rosidl_generator_cpp>;$<BUILD_INTERFACE:/home/hawrk/Documents/GitHub/hawrk/ros2/dros_common_interfaces/build/dros_common_interfaces/rosidl_typesupport_fastrtps_cpp>;$<BUILD_INTERFACE:/home/hawrk/Documents/GitHub/hawrk/ros2/dros_common_interfaces/build/dros_common_interfaces/rosidl_typesupport_introspection_cpp>;/home/hawrk/Documents/GitHub/hawrk/ros2/dros_common_interfaces/build/dros_common_interfaces/rosidl_generator_c;/home/hawrk/Documents/GitHub/hawrk/ros2/dros_common_interfaces/build/dros_common_interfaces/rosidl_generator_py
[1.549s] -- Configured cppcheck exclude dirs and/or files: 
[1.555s] -- Added test 'cpplint' to check C / C++ code against the Google style
[1.555s] -- Configured cpplint exclude dirs and/or files: 
[1.559s] -- Added test 'uncrustify' to check C / C++ code style
[1.560s] -- Configured uncrustify additional arguments: 
[1.560s] -- Added test 'flake8' to check Python code syntax and style conventions
[1.561s] -- Added test 'pep257' to check Python code against some of the docstring style conventions in PEP 257
[1.562s] -- Added test 'lint_cmake' to check CMake code style
[1.563s] -- Added test 'xmllint' to check XML markup files
[1.565s] -- Configuring done
[1.603s] -- Generating done
[1.613s] -- Build files have been written to: /home/hawrk/Documents/GitHub/hawrk/ros2/dros_common_interfaces/build/dros_common_interfaces
[1.619s] Invoked command in '/home/hawrk/Documents/GitHub/hawrk/ros2/dros_common_interfaces/build/dros_common_interfaces' returned '0': CMAKE_PREFIX_PATH=/opt/ros/humble /usr/bin/cmake /home/hawrk/Documents/GitHub/hawrk/ros2/dros_common_interfaces -DCMAKE_INSTALL_PREFIX=/home/hawrk/Documents/GitHub/hawrk/ros2/dros_common_interfaces/install/dros_common_interfaces
[1.621s] Invoking command in '/home/hawrk/Documents/GitHub/hawrk/ros2/dros_common_interfaces/build/dros_common_interfaces': CMAKE_PREFIX_PATH=/opt/ros/humble /usr/bin/cmake --build /home/hawrk/Documents/GitHub/hawrk/ros2/dros_common_interfaces/build/dros_common_interfaces -- -j16 -l16
[1.645s] [  1%] [34m[1mGenerating C code for ROS interfaces[0m
[1.652s] [  2%] [34m[1mGenerating C++ code for ROS interfaces[0m
[1.657s] [  2%] Built target ament_cmake_python_copy_dros_common_interfaces
[1.810s] running egg_info
[1.811s] creating dros_common_interfaces.egg-info
[1.811s] writing dros_common_interfaces.egg-info/PKG-INFO
[1.811s] writing dependency_links to dros_common_interfaces.egg-info/dependency_links.txt
[1.812s] writing top-level names to dros_common_interfaces.egg-info/top_level.txt
[1.812s] writing manifest file 'dros_common_interfaces.egg-info/SOURCES.txt'
[1.818s] reading manifest file 'dros_common_interfaces.egg-info/SOURCES.txt'
[1.818s] writing manifest file 'dros_common_interfaces.egg-info/SOURCES.txt'
[1.838s] [  2%] Built target ament_cmake_python_build_dros_common_interfaces_egg
[2.242s] [  2%] Built target dros_common_interfaces__cpp
[2.244s] [  3%] [32mBuilding C object CMakeFiles/dros_common_interfaces__rosidl_generator_c.dir/rosidl_generator_c/dros_common_interfaces/msg/detail/imu_info__functions.c.o[0m
[2.244s] [  5%] [32mBuilding C object CMakeFiles/dros_common_interfaces__rosidl_generator_c.dir/rosidl_generator_c/dros_common_interfaces/msg/detail/extrinsics__functions.c.o[0m
[2.245s] [  6%] [32mBuilding C object CMakeFiles/dros_common_interfaces__rosidl_generator_c.dir/rosidl_generator_c/dros_common_interfaces/msg/detail/metadata__functions.c.o[0m
[2.245s] [  7%] [32mBuilding C object CMakeFiles/dros_common_interfaces__rosidl_generator_c.dir/rosidl_generator_c/dros_common_interfaces/msg/detail/rgbd__functions.c.o[0m
[2.245s] [  8%] [32mBuilding C object CMakeFiles/dros_common_interfaces__rosidl_generator_c.dir/rosidl_generator_c/dros_common_interfaces/srv/detail/device_info__functions.c.o[0m
[2.246s] [ 10%] [32mBuilding C object CMakeFiles/dros_common_interfaces__rosidl_generator_c.dir/rosidl_generator_c/dros_common_interfaces/srv/detail/grasp__functions.c.o[0m
[2.250s] [ 11%] [32mBuilding C object CMakeFiles/dros_common_interfaces__rosidl_generator_c.dir/rosidl_generator_c/dros_common_interfaces/action/detail/navigate_to_pose__functions.c.o[0m
[2.250s] [ 12%] [34m[1mGenerating C++ type support dispatch for ROS interfaces[0m
[2.251s] [ 13%] [34m[1mGenerating C++ type support for eProsima Fast-RTPS[0m
[2.261s] [ 15%] [34m[1mGenerating C++ introspection for ROS interfaces[0m
[2.368s] [ 16%] [32m[1mLinking C shared library libdros_common_interfaces__rosidl_generator_c.so[0m
[2.397s] [ 16%] Built target dros_common_interfaces__rosidl_generator_c
[2.405s] [ 20%] [34m[1mGenerating C type support dispatch for ROS interfaces[0m
[2.405s] [ 20%] [34m[1mGenerating C type support for eProsima Fast-RTPS[0m
[2.405s] [ 20%] [34m[1mGenerating C introspection for ROS interfaces[0m
[2.628s] [ 21%] [32mBuilding CXX object CMakeFiles/dros_common_interfaces__rosidl_typesupport_cpp.dir/rosidl_typesupport_cpp/dros_common_interfaces/msg/metadata__type_support.cpp.o[0m
[2.628s] [ 22%] [32mBuilding CXX object CMakeFiles/dros_common_interfaces__rosidl_typesupport_cpp.dir/rosidl_typesupport_cpp/dros_common_interfaces/msg/rgbd__type_support.cpp.o[0m
[2.629s] [ 25%] [32mBuilding CXX object CMakeFiles/dros_common_interfaces__rosidl_typesupport_cpp.dir/rosidl_typesupport_cpp/dros_common_interfaces/msg/imu_info__type_support.cpp.o[0m
[2.630s] [ 26%] [32mBuilding CXX object CMakeFiles/dros_common_interfaces__rosidl_typesupport_cpp.dir/rosidl_typesupport_cpp/dros_common_interfaces/action/navigate_to_pose__type_support.cpp.o[0m
[2.630s] [ 26%] [32mBuilding CXX object CMakeFiles/dros_common_interfaces__rosidl_typesupport_cpp.dir/rosidl_typesupport_cpp/dros_common_interfaces/msg/extrinsics__type_support.cpp.o[0m
[2.631s] [ 27%] [32mBuilding CXX object CMakeFiles/dros_common_interfaces__rosidl_typesupport_cpp.dir/rosidl_typesupport_cpp/dros_common_interfaces/srv/grasp__type_support.cpp.o[0m
[2.635s] [ 29%] [32mBuilding CXX object CMakeFiles/dros_common_interfaces__rosidl_typesupport_cpp.dir/rosidl_typesupport_cpp/dros_common_interfaces/srv/device_info__type_support.cpp.o[0m
[2.791s] [ 30%] [32mBuilding CXX object CMakeFiles/dros_common_interfaces__rosidl_typesupport_introspection_cpp.dir/rosidl_typesupport_introspection_cpp/dros_common_interfaces/msg/detail/extrinsics__type_support.cpp.o[0m
[2.791s] [ 31%] [32mBuilding CXX object CMakeFiles/dros_common_interfaces__rosidl_typesupport_introspection_cpp.dir/rosidl_typesupport_introspection_cpp/dros_common_interfaces/msg/detail/metadata__type_support.cpp.o[0m
[2.791s] [ 32%] [32mBuilding CXX object CMakeFiles/dros_common_interfaces__rosidl_typesupport_introspection_cpp.dir/rosidl_typesupport_introspection_cpp/dros_common_interfaces/msg/detail/rgbd__type_support.cpp.o[0m
[2.808s] [ 34%] [32mBuilding CXX object CMakeFiles/dros_common_interfaces__rosidl_typesupport_introspection_cpp.dir/rosidl_typesupport_introspection_cpp/dros_common_interfaces/srv/detail/device_info__type_support.cpp.o[0m
[2.814s] [ 35%] [32mBuilding CXX object CMakeFiles/dros_common_interfaces__rosidl_typesupport_introspection_cpp.dir/rosidl_typesupport_introspection_cpp/dros_common_interfaces/msg/detail/imu_info__type_support.cpp.o[0m
[3.073s] [ 36%] [32mBuilding CXX object CMakeFiles/dros_common_interfaces__rosidl_typesupport_fastrtps_cpp.dir/rosidl_typesupport_fastrtps_cpp/dros_common_interfaces/msg/detail/dds_fastrtps/imu_info__type_support.cpp.o[0m
[3.139s] [ 37%] [32mBuilding CXX object CMakeFiles/dros_common_interfaces__rosidl_typesupport_c.dir/rosidl_typesupport_c/dros_common_interfaces/msg/imu_info__type_support.cpp.o[0m
[3.332s] [ 39%] [32mBuilding CXX object CMakeFiles/dros_common_interfaces__rosidl_typesupport_introspection_cpp.dir/rosidl_typesupport_introspection_cpp/dros_common_interfaces/srv/detail/grasp__type_support.cpp.o[0m
[3.340s] [ 40%] [32mBuilding CXX object CMakeFiles/dros_common_interfaces__rosidl_typesupport_introspection_cpp.dir/rosidl_typesupport_introspection_cpp/dros_common_interfaces/action/detail/navigate_to_pose__type_support.cpp.o[0m
[3.351s] [ 41%] [32mBuilding CXX object CMakeFiles/dros_common_interfaces__rosidl_typesupport_fastrtps_cpp.dir/rosidl_typesupport_fastrtps_cpp/dros_common_interfaces/msg/detail/dds_fastrtps/extrinsics__type_support.cpp.o[0m
[3.389s] [ 43%] [32mBuilding CXX object CMakeFiles/dros_common_interfaces__rosidl_typesupport_c.dir/rosidl_typesupport_c/dros_common_interfaces/msg/extrinsics__type_support.cpp.o[0m
[3.413s] [ 44%] [32mBuilding CXX object CMakeFiles/dros_common_interfaces__rosidl_typesupport_c.dir/rosidl_typesupport_c/dros_common_interfaces/msg/metadata__type_support.cpp.o[0m
[3.447s] [ 45%] [32mBuilding C object CMakeFiles/dros_common_interfaces__rosidl_typesupport_introspection_c.dir/rosidl_typesupport_introspection_c/dros_common_interfaces/msg/detail/imu_info__type_support.c.o[0m
[3.492s] [ 46%] [32mBuilding CXX object CMakeFiles/dros_common_interfaces__rosidl_typesupport_fastrtps_c.dir/rosidl_typesupport_fastrtps_c/dros_common_interfaces/msg/detail/imu_info__type_support_c.cpp.o[0m
[3.493s] [ 48%] [32mBuilding C object CMakeFiles/dros_common_interfaces__rosidl_typesupport_introspection_c.dir/rosidl_typesupport_introspection_c/dros_common_interfaces/msg/detail/extrinsics__type_support.c.o[0m
[3.569s] [ 49%] [32mBuilding CXX object CMakeFiles/dros_common_interfaces__rosidl_typesupport_c.dir/rosidl_typesupport_c/dros_common_interfaces/msg/rgbd__type_support.cpp.o[0m
[3.574s] [ 50%] [32mBuilding CXX object CMakeFiles/dros_common_interfaces__rosidl_typesupport_c.dir/rosidl_typesupport_c/dros_common_interfaces/srv/device_info__type_support.cpp.o[0m
[3.598s] [ 51%] [32mBuilding CXX object CMakeFiles/dros_common_interfaces__rosidl_typesupport_c.dir/rosidl_typesupport_c/dros_common_interfaces/srv/grasp__type_support.cpp.o[0m
[3.608s] [ 53%] [32mBuilding CXX object CMakeFiles/dros_common_interfaces__rosidl_typesupport_c.dir/rosidl_typesupport_c/dros_common_interfaces/action/navigate_to_pose__type_support.cpp.o[0m
[3.612s] [ 54%] [32mBuilding CXX object CMakeFiles/dros_common_interfaces__rosidl_typesupport_fastrtps_c.dir/rosidl_typesupport_fastrtps_c/dros_common_interfaces/msg/detail/extrinsics__type_support_c.cpp.o[0m
[3.649s] [ 55%] [32mBuilding CXX object CMakeFiles/dros_common_interfaces__rosidl_typesupport_fastrtps_cpp.dir/rosidl_typesupport_fastrtps_cpp/dros_common_interfaces/msg/detail/dds_fastrtps/metadata__type_support.cpp.o[0m
[3.660s] [ 56%] [32mBuilding C object CMakeFiles/dros_common_interfaces__rosidl_typesupport_introspection_c.dir/rosidl_typesupport_introspection_c/dros_common_interfaces/msg/detail/metadata__type_support.c.o[0m
[3.675s] [ 58%] [32mBuilding CXX object CMakeFiles/dros_common_interfaces__rosidl_typesupport_fastrtps_c.dir/rosidl_typesupport_fastrtps_c/dros_common_interfaces/msg/detail/metadata__type_support_c.cpp.o[0m
[3.736s] [ 59%] [32m[1mLinking CXX shared library libdros_common_interfaces__rosidl_typesupport_c.so[0m
[3.741s] [ 60%] [32mBuilding C object CMakeFiles/dros_common_interfaces__rosidl_typesupport_introspection_c.dir/rosidl_typesupport_introspection_c/dros_common_interfaces/msg/detail/rgbd__type_support.c.o[0m
[3.793s] [ 62%] [32mBuilding CXX object CMakeFiles/dros_common_interfaces__rosidl_typesupport_fastrtps_c.dir/rosidl_typesupport_fastrtps_c/dros_common_interfaces/msg/detail/rgbd__type_support_c.cpp.o[0m
[3.906s] [ 63%] [32mBuilding CXX object CMakeFiles/dros_common_interfaces__rosidl_typesupport_fastrtps_c.dir/rosidl_typesupport_fastrtps_c/dros_common_interfaces/srv/detail/device_info__type_support_c.cpp.o[0m
[3.908s] [ 63%] Built target dros_common_interfaces__rosidl_typesupport_c
[3.914s] [ 64%] [32mBuilding CXX object CMakeFiles/dros_common_interfaces__rosidl_typesupport_fastrtps_c.dir/rosidl_typesupport_fastrtps_c/dros_common_interfaces/srv/detail/grasp__type_support_c.cpp.o[0m
[4.014s] [ 65%] [32mBuilding C object CMakeFiles/dros_common_interfaces__rosidl_typesupport_introspection_c.dir/rosidl_typesupport_introspection_c/dros_common_interfaces/srv/detail/device_info__type_support.c.o[0m
[4.356s] [ 67%] [32m[1mLinking CXX shared library libdros_common_interfaces__rosidl_typesupport_cpp.so[0m
[4.404s] [ 67%] Built target dros_common_interfaces__rosidl_typesupport_cpp
[4.411s] [ 68%] [32mBuilding CXX object CMakeFiles/dros_common_interfaces__rosidl_typesupport_fastrtps_c.dir/rosidl_typesupport_fastrtps_c/dros_common_interfaces/action/detail/navigate_to_pose__type_support_c.cpp.o[0m
[4.430s] [ 69%] [32mBuilding C object CMakeFiles/dros_common_interfaces__rosidl_typesupport_introspection_c.dir/rosidl_typesupport_introspection_c/dros_common_interfaces/srv/detail/grasp__type_support.c.o[0m
[4.446s] [ 70%] [32mBuilding CXX object CMakeFiles/dros_common_interfaces__rosidl_typesupport_fastrtps_cpp.dir/rosidl_typesupport_fastrtps_cpp/dros_common_interfaces/msg/detail/dds_fastrtps/rgbd__type_support.cpp.o[0m
[4.476s] [ 72%] [32mBuilding CXX object CMakeFiles/dros_common_interfaces__rosidl_typesupport_fastrtps_cpp.dir/rosidl_typesupport_fastrtps_cpp/dros_common_interfaces/srv/detail/dds_fastrtps/device_info__type_support.cpp.o[0m
[4.476s] [ 73%] [32mBuilding C object CMakeFiles/dros_common_interfaces__rosidl_typesupport_introspection_c.dir/rosidl_typesupport_introspection_c/dros_common_interfaces/action/detail/navigate_to_pose__type_support.c.o[0m
[4.510s] [ 74%] [32mBuilding CXX object CMakeFiles/dros_common_interfaces__rosidl_typesupport_fastrtps_cpp.dir/rosidl_typesupport_fastrtps_cpp/dros_common_interfaces/srv/detail/dds_fastrtps/grasp__type_support.cpp.o[0m
[4.512s] [ 75%] [32mBuilding CXX object CMakeFiles/dros_common_interfaces__rosidl_typesupport_fastrtps_cpp.dir/rosidl_typesupport_fastrtps_cpp/dros_common_interfaces/action/detail/dds_fastrtps/navigate_to_pose__type_support.cpp.o[0m
[4.561s] [ 77%] [32m[1mLinking C shared library libdros_common_interfaces__rosidl_typesupport_introspection_c.so[0m
[4.595s] [ 77%] Built target dros_common_interfaces__rosidl_typesupport_introspection_c
[4.762s] [ 78%] [32m[1mLinking CXX shared library libdros_common_interfaces__rosidl_typesupport_introspection_cpp.so[0m
[4.790s] [ 79%] [32m[1mLinking CXX shared library libdros_common_interfaces__rosidl_typesupport_fastrtps_c.so[0m
[4.815s] [ 79%] Built target dros_common_interfaces__rosidl_typesupport_introspection_cpp
[4.846s] [ 79%] Built target dros_common_interfaces__rosidl_typesupport_fastrtps_c
[4.923s] [ 81%] [32m[1mLinking CXX shared library libdros_common_interfaces__rosidl_typesupport_fastrtps_cpp.so[0m
[4.986s] [ 81%] Built target dros_common_interfaces__rosidl_typesupport_fastrtps_cpp
[5.016s] [ 81%] Built target dros_common_interfaces
[5.038s] [ 82%] [34m[1mGenerating Python code for ROS interfaces[0m
[5.888s] [ 82%] Built target dros_common_interfaces__py
[5.900s] [ 83%] [32mBuilding C object CMakeFiles/dros_common_interfaces__rosidl_generator_py.dir/rosidl_generator_py/dros_common_interfaces/msg/_imu_info_s.c.o[0m
[5.901s] [ 86%] [32mBuilding C object CMakeFiles/dros_common_interfaces__rosidl_generator_py.dir/rosidl_generator_py/dros_common_interfaces/msg/_extrinsics_s.c.o[0m
[5.901s] [ 86%] [32mBuilding C object CMakeFiles/dros_common_interfaces__rosidl_generator_py.dir/rosidl_generator_py/dros_common_interfaces/msg/_metadata_s.c.o[0m
[5.901s] [ 87%] [32mBuilding C object CMakeFiles/dros_common_interfaces__rosidl_generator_py.dir/rosidl_generator_py/dros_common_interfaces/msg/_rgbd_s.c.o[0m
[5.901s] [ 88%] [32mBuilding C object CMakeFiles/dros_common_interfaces__rosidl_generator_py.dir/rosidl_generator_py/dros_common_interfaces/srv/_device_info_s.c.o[0m
[5.902s] [ 89%] [32mBuilding C object CMakeFiles/dros_common_interfaces__rosidl_generator_py.dir/rosidl_generator_py/dros_common_interfaces/srv/_grasp_s.c.o[0m
[5.904s] [ 91%] [32mBuilding C object CMakeFiles/dros_common_interfaces__rosidl_generator_py.dir/rosidl_generator_py/dros_common_interfaces/action/_navigate_to_pose_s.c.o[0m
[6.112s] [ 92%] [32m[1mLinking C shared library rosidl_generator_py/dros_common_interfaces/libdros_common_interfaces__rosidl_generator_py.so[0m
[6.146s] [ 92%] Built target dros_common_interfaces__rosidl_generator_py
[6.159s] [ 96%] [32mBuilding C object CMakeFiles/dros_common_interfaces__rosidl_typesupport_introspection_c__pyext.dir/rosidl_generator_py/dros_common_interfaces/_dros_common_interfaces_s.ep.rosidl_typesupport_introspection_c.c.o[0m
[6.159s] [ 96%] [32mBuilding C object CMakeFiles/dros_common_interfaces__rosidl_typesupport_c__pyext.dir/rosidl_generator_py/dros_common_interfaces/_dros_common_interfaces_s.ep.rosidl_typesupport_c.c.o[0m
[6.159s] [ 96%] [32mBuilding C object CMakeFiles/dros_common_interfaces__rosidl_typesupport_fastrtps_c__pyext.dir/rosidl_generator_py/dros_common_interfaces/_dros_common_interfaces_s.ep.rosidl_typesupport_fastrtps_c.c.o[0m
[6.245s] [100%] [32m[1mLinking C shared library rosidl_generator_py/dros_common_interfaces/dros_common_interfaces_s__rosidl_typesupport_fastrtps_c.cpython-310-x86_64-linux-gnu.so[0m
[6.245s] [100%] [32m[1mLinking C shared library rosidl_generator_py/dros_common_interfaces/dros_common_interfaces_s__rosidl_typesupport_introspection_c.cpython-310-x86_64-linux-gnu.so[0m
[6.247s] [100%] [32m[1mLinking C shared library rosidl_generator_py/dros_common_interfaces/dros_common_interfaces_s__rosidl_typesupport_c.cpython-310-x86_64-linux-gnu.so[0m
[6.278s] [100%] Built target dros_common_interfaces__rosidl_typesupport_c__pyext
[6.278s] [100%] Built target dros_common_interfaces__rosidl_typesupport_introspection_c__pyext
[6.278s] [100%] Built target dros_common_interfaces__rosidl_typesupport_fastrtps_c__pyext
[6.287s] Invoked command in '/home/hawrk/Documents/GitHub/hawrk/ros2/dros_common_interfaces/build/dros_common_interfaces' returned '0': CMAKE_PREFIX_PATH=/opt/ros/humble /usr/bin/cmake --build /home/hawrk/Documents/GitHub/hawrk/ros2/dros_common_interfaces/build/dros_common_interfaces -- -j16 -l16
[6.293s] Invoking command in '/home/hawrk/Documents/GitHub/hawrk/ros2/dros_common_interfaces/build/dros_common_interfaces': CMAKE_PREFIX_PATH=/opt/ros/humble /usr/bin/cmake --install /home/hawrk/Documents/GitHub/hawrk/ros2/dros_common_interfaces/build/dros_common_interfaces
[6.298s] -- Install configuration: ""
[6.298s] -- Installing: /home/hawrk/Documents/GitHub/hawrk/ros2/dros_common_interfaces/install/dros_common_interfaces/share/ament_index/resource_index/rosidl_interfaces/dros_common_interfaces
[6.298s] -- Installing: /home/hawrk/Documents/GitHub/hawrk/ros2/dros_common_interfaces/install/dros_common_interfaces/include/dros_common_interfaces/dros_common_interfaces
[6.298s] -- Installing: /home/hawrk/Documents/GitHub/hawrk/ros2/dros_common_interfaces/install/dros_common_interfaces/include/dros_common_interfaces/dros_common_interfaces/srv
[6.298s] -- Installing: /home/hawrk/Documents/GitHub/hawrk/ros2/dros_common_interfaces/install/dros_common_interfaces/include/dros_common_interfaces/dros_common_interfaces/srv/detail
[6.298s] -- Installing: /home/hawrk/Documents/GitHub/hawrk/ros2/dros_common_interfaces/install/dros_common_interfaces/include/dros_common_interfaces/dros_common_interfaces/srv/detail/device_info__functions.c
[6.299s] -- Installing: /home/hawrk/Documents/GitHub/hawrk/ros2/dros_common_interfaces/install/dros_common_interfaces/include/dros_common_interfaces/dros_common_interfaces/srv/detail/device_info__functions.h
[6.299s] -- Installing: /home/hawrk/Documents/GitHub/hawrk/ros2/dros_common_interfaces/install/dros_common_interfaces/include/dros_common_interfaces/dros_common_interfaces/srv/detail/grasp__functions.h
[6.299s] -- Installing: /home/hawrk/Documents/GitHub/hawrk/ros2/dros_common_interfaces/install/dros_common_interfaces/include/dros_common_interfaces/dros_common_interfaces/srv/detail/device_info__struct.h
[6.299s] -- Installing: /home/hawrk/Documents/GitHub/hawrk/ros2/dros_common_interfaces/install/dros_common_interfaces/include/dros_common_interfaces/dros_common_interfaces/srv/detail/grasp__struct.h
[6.299s] -- Installing: /home/hawrk/Documents/GitHub/hawrk/ros2/dros_common_interfaces/install/dros_common_interfaces/include/dros_common_interfaces/dros_common_interfaces/srv/detail/grasp__type_support.h
[6.299s] -- Installing: /home/hawrk/Documents/GitHub/hawrk/ros2/dros_common_interfaces/install/dros_common_interfaces/include/dros_common_interfaces/dros_common_interfaces/srv/detail/grasp__functions.c
[6.299s] -- Installing: /home/hawrk/Documents/GitHub/hawrk/ros2/dros_common_interfaces/install/dros_common_interfaces/include/dros_common_interfaces/dros_common_interfaces/srv/detail/device_info__type_support.h
[6.299s] -- Installing: /home/hawrk/Documents/GitHub/hawrk/ros2/dros_common_interfaces/install/dros_common_interfaces/include/dros_common_interfaces/dros_common_interfaces/srv/device_info.h
[6.299s] -- Installing: /home/hawrk/Documents/GitHub/hawrk/ros2/dros_common_interfaces/install/dros_common_interfaces/include/dros_common_interfaces/dros_common_interfaces/srv/grasp.h
[6.299s] -- Installing: /home/hawrk/Documents/GitHub/hawrk/ros2/dros_common_interfaces/install/dros_common_interfaces/include/dros_common_interfaces/dros_common_interfaces/action
[6.299s] -- Installing: /home/hawrk/Documents/GitHub/hawrk/ros2/dros_common_interfaces/install/dros_common_interfaces/include/dros_common_interfaces/dros_common_interfaces/action/detail
[6.299s] -- Installing: /home/hawrk/Documents/GitHub/hawrk/ros2/dros_common_interfaces/install/dros_common_interfaces/include/dros_common_interfaces/dros_common_interfaces/action/detail/navigate_to_pose__functions.h
[6.299s] -- Installing: /home/hawrk/Documents/GitHub/hawrk/ros2/dros_common_interfaces/install/dros_common_interfaces/include/dros_common_interfaces/dros_common_interfaces/action/detail/navigate_to_pose__type_support.h
[6.299s] -- Installing: /home/hawrk/Documents/GitHub/hawrk/ros2/dros_common_interfaces/install/dros_common_interfaces/include/dros_common_interfaces/dros_common_interfaces/action/detail/navigate_to_pose__struct.h
[6.299s] -- Installing: /home/hawrk/Documents/GitHub/hawrk/ros2/dros_common_interfaces/install/dros_common_interfaces/include/dros_common_interfaces/dros_common_interfaces/action/detail/navigate_to_pose__functions.c
[6.299s] -- Installing: /home/hawrk/Documents/GitHub/hawrk/ros2/dros_common_interfaces/install/dros_common_interfaces/include/dros_common_interfaces/dros_common_interfaces/action/navigate_to_pose.h
[6.299s] -- Installing: /home/hawrk/Documents/GitHub/hawrk/ros2/dros_common_interfaces/install/dros_common_interfaces/include/dros_common_interfaces/dros_common_interfaces/msg
[6.300s] -- Installing: /home/hawrk/Documents/GitHub/hawrk/ros2/dros_common_interfaces/install/dros_common_interfaces/include/dros_common_interfaces/dros_common_interfaces/msg/detail
[6.300s] -- Installing: /home/hawrk/Documents/GitHub/hawrk/ros2/dros_common_interfaces/install/dros_common_interfaces/include/dros_common_interfaces/dros_common_interfaces/msg/detail/rgbd__functions.c
[6.300s] -- Installing: /home/hawrk/Documents/GitHub/hawrk/ros2/dros_common_interfaces/install/dros_common_interfaces/include/dros_common_interfaces/dros_common_interfaces/msg/detail/extrinsics__functions.c
[6.300s] -- Installing: /home/hawrk/Documents/GitHub/hawrk/ros2/dros_common_interfaces/install/dros_common_interfaces/include/dros_common_interfaces/dros_common_interfaces/msg/detail/extrinsics__functions.h
[6.300s] -- Installing: /home/hawrk/Documents/GitHub/hawrk/ros2/dros_common_interfaces/install/dros_common_interfaces/include/dros_common_interfaces/dros_common_interfaces/msg/detail/metadata__type_support.h
[6.300s] -- Installing: /home/hawrk/Documents/GitHub/hawrk/ros2/dros_common_interfaces/install/dros_common_interfaces/include/dros_common_interfaces/dros_common_interfaces/msg/detail/rgbd__struct.h
[6.300s] -- Installing: /home/hawrk/Documents/GitHub/hawrk/ros2/dros_common_interfaces/install/dros_common_interfaces/include/dros_common_interfaces/dros_common_interfaces/msg/detail/imu_info__functions.c
[6.302s] -- Installing: /home/hawrk/Documents/GitHub/hawrk/ros2/dros_common_interfaces/install/dros_common_interfaces/include/dros_common_interfaces/dros_common_interfaces/msg/detail/extrinsics__type_support.h
[6.303s] -- Installing: /home/hawrk/Documents/GitHub/hawrk/ros2/dros_common_interfaces/install/dros_common_interfaces/include/dros_common_interfaces/dros_common_interfaces/msg/detail/metadata__struct.h
[6.303s] -- Installing: /home/hawrk/Documents/GitHub/hawrk/ros2/dros_common_interfaces/install/dros_common_interfaces/include/dros_common_interfaces/dros_common_interfaces/msg/detail/imu_info__functions.h
[6.303s] -- Installing: /home/hawrk/Documents/GitHub/hawrk/ros2/dros_common_interfaces/install/dros_common_interfaces/include/dros_common_interfaces/dros_common_interfaces/msg/detail/rgbd__functions.h
[6.303s] -- Installing: /home/hawrk/Documents/GitHub/hawrk/ros2/dros_common_interfaces/install/dros_common_interfaces/include/dros_common_interfaces/dros_common_interfaces/msg/detail/extrinsics__struct.h
[6.303s] -- Installing: /home/hawrk/Documents/GitHub/hawrk/ros2/dros_common_interfaces/install/dros_common_interfaces/include/dros_common_interfaces/dros_common_interfaces/msg/detail/imu_info__struct.h
[6.303s] -- Installing: /home/hawrk/Documents/GitHub/hawrk/ros2/dros_common_interfaces/install/dros_common_interfaces/include/dros_common_interfaces/dros_common_interfaces/msg/detail/metadata__functions.c
[6.303s] -- Installing: /home/hawrk/Documents/GitHub/hawrk/ros2/dros_common_interfaces/install/dros_common_interfaces/include/dros_common_interfaces/dros_common_interfaces/msg/detail/imu_info__type_support.h
[6.303s] -- Installing: /home/hawrk/Documents/GitHub/hawrk/ros2/dros_common_interfaces/install/dros_common_interfaces/include/dros_common_interfaces/dros_common_interfaces/msg/detail/metadata__functions.h
[6.303s] -- Installing: /home/hawrk/Documents/GitHub/hawrk/ros2/dros_common_interfaces/install/dros_common_interfaces/include/dros_common_interfaces/dros_common_interfaces/msg/detail/rgbd__type_support.h
[6.303s] -- Installing: /home/hawrk/Documents/GitHub/hawrk/ros2/dros_common_interfaces/install/dros_common_interfaces/include/dros_common_interfaces/dros_common_interfaces/msg/rgbd.h
[6.303s] -- Installing: /home/hawrk/Documents/GitHub/hawrk/ros2/dros_common_interfaces/install/dros_common_interfaces/include/dros_common_interfaces/dros_common_interfaces/msg/rosidl_generator_c__visibility_control.h
[6.303s] -- Installing: /home/hawrk/Documents/GitHub/hawrk/ros2/dros_common_interfaces/install/dros_common_interfaces/include/dros_common_interfaces/dros_common_interfaces/msg/imu_info.h
[6.303s] -- Installing: /home/hawrk/Documents/GitHub/hawrk/ros2/dros_common_interfaces/install/dros_common_interfaces/include/dros_common_interfaces/dros_common_interfaces/msg/metadata.h
[6.303s] -- Installing: /home/hawrk/Documents/GitHub/hawrk/ros2/dros_common_interfaces/install/dros_common_interfaces/include/dros_common_interfaces/dros_common_interfaces/msg/extrinsics.h
[6.303s] -- Installing: /home/hawrk/Documents/GitHub/hawrk/ros2/dros_common_interfaces/install/dros_common_interfaces/share/dros_common_interfaces/environment/library_path.sh
[6.304s] -- Installing: /home/hawrk/Documents/GitHub/hawrk/ros2/dros_common_interfaces/install/dros_common_interfaces/share/dros_common_interfaces/environment/library_path.dsv
[6.304s] -- Installing: /home/hawrk/Documents/GitHub/hawrk/ros2/dros_common_interfaces/install/dros_common_interfaces/lib/libdros_common_interfaces__rosidl_generator_c.so
[6.304s] -- Set runtime path of "/home/hawrk/Documents/GitHub/hawrk/ros2/dros_common_interfaces/install/dros_common_interfaces/lib/libdros_common_interfaces__rosidl_generator_c.so" to ""
[6.304s] -- Up-to-date: /home/hawrk/Documents/GitHub/hawrk/ros2/dros_common_interfaces/install/dros_common_interfaces/include/dros_common_interfaces/dros_common_interfaces
[6.304s] -- Up-to-date: /home/hawrk/Documents/GitHub/hawrk/ros2/dros_common_interfaces/install/dros_common_interfaces/include/dros_common_interfaces/dros_common_interfaces/srv
[6.304s] -- Up-to-date: /home/hawrk/Documents/GitHub/hawrk/ros2/dros_common_interfaces/install/dros_common_interfaces/include/dros_common_interfaces/dros_common_interfaces/srv/detail
[6.304s] -- Installing: /home/hawrk/Documents/GitHub/hawrk/ros2/dros_common_interfaces/install/dros_common_interfaces/include/dros_common_interfaces/dros_common_interfaces/srv/detail/grasp__rosidl_typesupport_fastrtps_c.h
[6.304s] -- Installing: /home/hawrk/Documents/GitHub/hawrk/ros2/dros_common_interfaces/install/dros_common_interfaces/include/dros_common_interfaces/dros_common_interfaces/srv/detail/device_info__rosidl_typesupport_fastrtps_c.h
[6.304s] -- Up-to-date: /home/hawrk/Documents/GitHub/hawrk/ros2/dros_common_interfaces/install/dros_common_interfaces/include/dros_common_interfaces/dros_common_interfaces/action
[6.304s] -- Up-to-date: /home/hawrk/Documents/GitHub/hawrk/ros2/dros_common_interfaces/install/dros_common_interfaces/include/dros_common_interfaces/dros_common_interfaces/action/detail
[6.304s] -- Installing: /home/hawrk/Documents/GitHub/hawrk/ros2/dros_common_interfaces/install/dros_common_interfaces/include/dros_common_interfaces/dros_common_interfaces/action/detail/navigate_to_pose__rosidl_typesupport_fastrtps_c.h
[6.304s] -- Up-to-date: /home/hawrk/Documents/GitHub/hawrk/ros2/dros_common_interfaces/install/dros_common_interfaces/include/dros_common_interfaces/dros_common_interfaces/msg
[6.304s] -- Up-to-date: /home/hawrk/Documents/GitHub/hawrk/ros2/dros_common_interfaces/install/dros_common_interfaces/include/dros_common_interfaces/dros_common_interfaces/msg/detail
[6.304s] -- Installing: /home/hawrk/Documents/GitHub/hawrk/ros2/dros_common_interfaces/install/dros_common_interfaces/include/dros_common_interfaces/dros_common_interfaces/msg/detail/rgbd__rosidl_typesupport_fastrtps_c.h
[6.304s] -- Installing: /home/hawrk/Documents/GitHub/hawrk/ros2/dros_common_interfaces/install/dros_common_interfaces/include/dros_common_interfaces/dros_common_interfaces/msg/detail/imu_info__rosidl_typesupport_fastrtps_c.h
[6.304s] -- Installing: /home/hawrk/Documents/GitHub/hawrk/ros2/dros_common_interfaces/install/dros_common_interfaces/include/dros_common_interfaces/dros_common_interfaces/msg/detail/extrinsics__rosidl_typesupport_fastrtps_c.h
[6.305s] -- Installing: /home/hawrk/Documents/GitHub/hawrk/ros2/dros_common_interfaces/install/dros_common_interfaces/include/dros_common_interfaces/dros_common_interfaces/msg/detail/metadata__rosidl_typesupport_fastrtps_c.h
[6.305s] -- Installing: /home/hawrk/Documents/GitHub/hawrk/ros2/dros_common_interfaces/install/dros_common_interfaces/include/dros_common_interfaces/dros_common_interfaces/msg/rosidl_typesupport_fastrtps_c__visibility_control.h
[6.305s] -- Installing: /home/hawrk/Documents/GitHub/hawrk/ros2/dros_common_interfaces/install/dros_common_interfaces/lib/libdros_common_interfaces__rosidl_typesupport_fastrtps_c.so
[6.305s] -- Set runtime path of "/home/hawrk/Documents/GitHub/hawrk/ros2/dros_common_interfaces/install/dros_common_interfaces/lib/libdros_common_interfaces__rosidl_typesupport_fastrtps_c.so" to ""
[6.305s] -- Up-to-date: /home/hawrk/Documents/GitHub/hawrk/ros2/dros_common_interfaces/install/dros_common_interfaces/include/dros_common_interfaces/dros_common_interfaces
[6.305s] -- Up-to-date: /home/hawrk/Documents/GitHub/hawrk/ros2/dros_common_interfaces/install/dros_common_interfaces/include/dros_common_interfaces/dros_common_interfaces/srv
[6.305s] -- Up-to-date: /home/hawrk/Documents/GitHub/hawrk/ros2/dros_common_interfaces/install/dros_common_interfaces/include/dros_common_interfaces/dros_common_interfaces/srv/detail
[6.305s] -- Installing: /home/hawrk/Documents/GitHub/hawrk/ros2/dros_common_interfaces/install/dros_common_interfaces/include/dros_common_interfaces/dros_common_interfaces/srv/detail/grasp__rosidl_typesupport_introspection_c.h
[6.306s] -- Installing: /home/hawrk/Documents/GitHub/hawrk/ros2/dros_common_interfaces/install/dros_common_interfaces/include/dros_common_interfaces/dros_common_interfaces/srv/detail/device_info__rosidl_typesupport_introspection_c.h
[6.306s] -- Installing: /home/hawrk/Documents/GitHub/hawrk/ros2/dros_common_interfaces/install/dros_common_interfaces/include/dros_common_interfaces/dros_common_interfaces/srv/detail/device_info__type_support.c
[6.306s] -- Installing: /home/hawrk/Documents/GitHub/hawrk/ros2/dros_common_interfaces/install/dros_common_interfaces/include/dros_common_interfaces/dros_common_interfaces/srv/detail/grasp__type_support.c
[6.306s] -- Up-to-date: /home/hawrk/Documents/GitHub/hawrk/ros2/dros_common_interfaces/install/dros_common_interfaces/include/dros_common_interfaces/dros_common_interfaces/action
[6.306s] -- Up-to-date: /home/hawrk/Documents/GitHub/hawrk/ros2/dros_common_interfaces/install/dros_common_interfaces/include/dros_common_interfaces/dros_common_interfaces/action/detail
[6.306s] -- Installing: /home/hawrk/Documents/GitHub/hawrk/ros2/dros_common_interfaces/install/dros_common_interfaces/include/dros_common_interfaces/dros_common_interfaces/action/detail/navigate_to_pose__type_support.c
[6.306s] -- Installing: /home/hawrk/Documents/GitHub/hawrk/ros2/dros_common_interfaces/install/dros_common_interfaces/include/dros_common_interfaces/dros_common_interfaces/action/detail/navigate_to_pose__rosidl_typesupport_introspection_c.h
[6.306s] -- Up-to-date: /home/hawrk/Documents/GitHub/hawrk/ros2/dros_common_interfaces/install/dros_common_interfaces/include/dros_common_interfaces/dros_common_interfaces/msg
[6.306s] -- Up-to-date: /home/hawrk/Documents/GitHub/hawrk/ros2/dros_common_interfaces/install/dros_common_interfaces/include/dros_common_interfaces/dros_common_interfaces/msg/detail
[6.306s] -- Installing: /home/hawrk/Documents/GitHub/hawrk/ros2/dros_common_interfaces/install/dros_common_interfaces/include/dros_common_interfaces/dros_common_interfaces/msg/detail/metadata__rosidl_typesupport_introspection_c.h
[6.306s] -- Installing: /home/hawrk/Documents/GitHub/hawrk/ros2/dros_common_interfaces/install/dros_common_interfaces/include/dros_common_interfaces/dros_common_interfaces/msg/detail/imu_info__rosidl_typesupport_introspection_c.h
[6.306s] -- Installing: /home/hawrk/Documents/GitHub/hawrk/ros2/dros_common_interfaces/install/dros_common_interfaces/include/dros_common_interfaces/dros_common_interfaces/msg/detail/extrinsics__rosidl_typesupport_introspection_c.h
[6.306s] -- Installing: /home/hawrk/Documents/GitHub/hawrk/ros2/dros_common_interfaces/install/dros_common_interfaces/include/dros_common_interfaces/dros_common_interfaces/msg/detail/imu_info__type_support.c
[6.306s] -- Installing: /home/hawrk/Documents/GitHub/hawrk/ros2/dros_common_interfaces/install/dros_common_interfaces/include/dros_common_interfaces/dros_common_interfaces/msg/detail/extrinsics__type_support.c
[6.306s] -- Installing: /home/hawrk/Documents/GitHub/hawrk/ros2/dros_common_interfaces/install/dros_common_interfaces/include/dros_common_interfaces/dros_common_interfaces/msg/detail/rgbd__rosidl_typesupport_introspection_c.h
[6.306s] -- Installing: /home/hawrk/Documents/GitHub/hawrk/ros2/dros_common_interfaces/install/dros_common_interfaces/include/dros_common_interfaces/dros_common_interfaces/msg/detail/rgbd__type_support.c
[6.306s] -- Installing: /home/hawrk/Documents/GitHub/hawrk/ros2/dros_common_interfaces/install/dros_common_interfaces/include/dros_common_interfaces/dros_common_interfaces/msg/detail/metadata__type_support.c
[6.306s] -- Installing: /home/hawrk/Documents/GitHub/hawrk/ros2/dros_common_interfaces/install/dros_common_interfaces/include/dros_common_interfaces/dros_common_interfaces/msg/rosidl_typesupport_introspection_c__visibility_control.h
[6.306s] -- Installing: /home/hawrk/Documents/GitHub/hawrk/ros2/dros_common_interfaces/install/dros_common_interfaces/lib/libdros_common_interfaces__rosidl_typesupport_introspection_c.so
[6.307s] -- Set runtime path of "/home/hawrk/Documents/GitHub/hawrk/ros2/dros_common_interfaces/install/dros_common_interfaces/lib/libdros_common_interfaces__rosidl_typesupport_introspection_c.so" to ""
[6.307s] -- Installing: /home/hawrk/Documents/GitHub/hawrk/ros2/dros_common_interfaces/install/dros_common_interfaces/lib/libdros_common_interfaces__rosidl_typesupport_c.so
[6.308s] -- Set runtime path of "/home/hawrk/Documents/GitHub/hawrk/ros2/dros_common_interfaces/install/dros_common_interfaces/lib/libdros_common_interfaces__rosidl_typesupport_c.so" to ""
[6.308s] -- Up-to-date: /home/hawrk/Documents/GitHub/hawrk/ros2/dros_common_interfaces/install/dros_common_interfaces/include/dros_common_interfaces/dros_common_interfaces
[6.308s] -- Up-to-date: /home/hawrk/Documents/GitHub/hawrk/ros2/dros_common_interfaces/install/dros_common_interfaces/include/dros_common_interfaces/dros_common_interfaces/srv
[6.308s] -- Up-to-date: /home/hawrk/Documents/GitHub/hawrk/ros2/dros_common_interfaces/install/dros_common_interfaces/include/dros_common_interfaces/dros_common_interfaces/srv/detail
[6.308s] -- Installing: /home/hawrk/Documents/GitHub/hawrk/ros2/dros_common_interfaces/install/dros_common_interfaces/include/dros_common_interfaces/dros_common_interfaces/srv/detail/grasp__builder.hpp
[6.308s] -- Installing: /home/hawrk/Documents/GitHub/hawrk/ros2/dros_common_interfaces/install/dros_common_interfaces/include/dros_common_interfaces/dros_common_interfaces/srv/detail/device_info__traits.hpp
[6.308s] -- Installing: /home/hawrk/Documents/GitHub/hawrk/ros2/dros_common_interfaces/install/dros_common_interfaces/include/dros_common_interfaces/dros_common_interfaces/srv/detail/grasp__struct.hpp
[6.308s] -- Installing: /home/hawrk/Documents/GitHub/hawrk/ros2/dros_common_interfaces/install/dros_common_interfaces/include/dros_common_interfaces/dros_common_interfaces/srv/detail/device_info__builder.hpp
[6.308s] -- Installing: /home/hawrk/Documents/GitHub/hawrk/ros2/dros_common_interfaces/install/dros_common_interfaces/include/dros_common_interfaces/dros_common_interfaces/srv/detail/device_info__type_support.hpp
[6.309s] -- Installing: /home/hawrk/Documents/GitHub/hawrk/ros2/dros_common_interfaces/install/dros_common_interfaces/include/dros_common_interfaces/dros_common_interfaces/srv/detail/grasp__type_support.hpp
[6.309s] -- Installing: /home/hawrk/Documents/GitHub/hawrk/ros2/dros_common_interfaces/install/dros_common_interfaces/include/dros_common_interfaces/dros_common_interfaces/srv/detail/grasp__traits.hpp
[6.309s] -- Installing: /home/hawrk/Documents/GitHub/hawrk/ros2/dros_common_interfaces/install/dros_common_interfaces/include/dros_common_interfaces/dros_common_interfaces/srv/detail/device_info__struct.hpp
[6.309s] -- Installing: /home/hawrk/Documents/GitHub/hawrk/ros2/dros_common_interfaces/install/dros_common_interfaces/include/dros_common_interfaces/dros_common_interfaces/srv/device_info.hpp
[6.309s] -- Installing: /home/hawrk/Documents/GitHub/hawrk/ros2/dros_common_interfaces/install/dros_common_interfaces/include/dros_common_interfaces/dros_common_interfaces/srv/grasp.hpp
[6.309s] -- Up-to-date: /home/hawrk/Documents/GitHub/hawrk/ros2/dros_common_interfaces/install/dros_common_interfaces/include/dros_common_interfaces/dros_common_interfaces/action
[6.309s] -- Installing: /home/hawrk/Documents/GitHub/hawrk/ros2/dros_common_interfaces/install/dros_common_interfaces/include/dros_common_interfaces/dros_common_interfaces/action/navigate_to_pose.hpp
[6.309s] -- Up-to-date: /home/hawrk/Documents/GitHub/hawrk/ros2/dros_common_interfaces/install/dros_common_interfaces/include/dros_common_interfaces/dros_common_interfaces/action/detail
[6.309s] -- Installing: /home/hawrk/Documents/GitHub/hawrk/ros2/dros_common_interfaces/install/dros_common_interfaces/include/dros_common_interfaces/dros_common_interfaces/action/detail/navigate_to_pose__builder.hpp
[6.309s] -- Installing: /home/hawrk/Documents/GitHub/hawrk/ros2/dros_common_interfaces/install/dros_common_interfaces/include/dros_common_interfaces/dros_common_interfaces/action/detail/navigate_to_pose__struct.hpp
[6.309s] -- Installing: /home/hawrk/Documents/GitHub/hawrk/ros2/dros_common_interfaces/install/dros_common_interfaces/include/dros_common_interfaces/dros_common_interfaces/action/detail/navigate_to_pose__traits.hpp
[6.309s] -- Installing: /home/hawrk/Documents/GitHub/hawrk/ros2/dros_common_interfaces/install/dros_common_interfaces/include/dros_common_interfaces/dros_common_interfaces/action/detail/navigate_to_pose__type_support.hpp
[6.309s] -- Up-to-date: /home/hawrk/Documents/GitHub/hawrk/ros2/dros_common_interfaces/install/dros_common_interfaces/include/dros_common_interfaces/dros_common_interfaces/msg
[6.309s] -- Up-to-date: /home/hawrk/Documents/GitHub/hawrk/ros2/dros_common_interfaces/install/dros_common_interfaces/include/dros_common_interfaces/dros_common_interfaces/msg/detail
[6.309s] -- Installing: /home/hawrk/Documents/GitHub/hawrk/ros2/dros_common_interfaces/install/dros_common_interfaces/include/dros_common_interfaces/dros_common_interfaces/msg/detail/rgbd__builder.hpp
[6.309s] -- Installing: /home/hawrk/Documents/GitHub/hawrk/ros2/dros_common_interfaces/install/dros_common_interfaces/include/dros_common_interfaces/dros_common_interfaces/msg/detail/extrinsics__traits.hpp
[6.310s] -- Installing: /home/hawrk/Documents/GitHub/hawrk/ros2/dros_common_interfaces/install/dros_common_interfaces/include/dros_common_interfaces/dros_common_interfaces/msg/detail/imu_info__type_support.hpp
[6.310s] -- Installing: /home/hawrk/Documents/GitHub/hawrk/ros2/dros_common_interfaces/install/dros_common_interfaces/include/dros_common_interfaces/dros_common_interfaces/msg/detail/rgbd__traits.hpp
[6.310s] -- Installing: /home/hawrk/Documents/GitHub/hawrk/ros2/dros_common_interfaces/install/dros_common_interfaces/include/dros_common_interfaces/dros_common_interfaces/msg/detail/rgbd__struct.hpp
[6.310s] -- Installing: /home/hawrk/Documents/GitHub/hawrk/ros2/dros_common_interfaces/install/dros_common_interfaces/include/dros_common_interfaces/dros_common_interfaces/msg/detail/extrinsics__builder.hpp
[6.310s] -- Installing: /home/hawrk/Documents/GitHub/hawrk/ros2/dros_common_interfaces/install/dros_common_interfaces/include/dros_common_interfaces/dros_common_interfaces/msg/detail/imu_info__struct.hpp
[6.310s] -- Installing: /home/hawrk/Documents/GitHub/hawrk/ros2/dros_common_interfaces/install/dros_common_interfaces/include/dros_common_interfaces/dros_common_interfaces/msg/detail/extrinsics__type_support.hpp
[6.310s] -- Installing: /home/hawrk/Documents/GitHub/hawrk/ros2/dros_common_interfaces/install/dros_common_interfaces/include/dros_common_interfaces/dros_common_interfaces/msg/detail/imu_info__builder.hpp
[6.310s] -- Installing: /home/hawrk/Documents/GitHub/hawrk/ros2/dros_common_interfaces/install/dros_common_interfaces/include/dros_common_interfaces/dros_common_interfaces/msg/detail/metadata__type_support.hpp
[6.310s] -- Installing: /home/hawrk/Documents/GitHub/hawrk/ros2/dros_common_interfaces/install/dros_common_interfaces/include/dros_common_interfaces/dros_common_interfaces/msg/detail/imu_info__traits.hpp
[6.310s] -- Installing: /home/hawrk/Documents/GitHub/hawrk/ros2/dros_common_interfaces/install/dros_common_interfaces/include/dros_common_interfaces/dros_common_interfaces/msg/detail/metadata__traits.hpp
[6.310s] -- Installing: /home/hawrk/Documents/GitHub/hawrk/ros2/dros_common_interfaces/install/dros_common_interfaces/include/dros_common_interfaces/dros_common_interfaces/msg/detail/rgbd__type_support.hpp
[6.310s] -- Installing: /home/hawrk/Documents/GitHub/hawrk/ros2/dros_common_interfaces/install/dros_common_interfaces/include/dros_common_interfaces/dros_common_interfaces/msg/detail/metadata__builder.hpp
[6.310s] -- Installing: /home/hawrk/Documents/GitHub/hawrk/ros2/dros_common_interfaces/install/dros_common_interfaces/include/dros_common_interfaces/dros_common_interfaces/msg/detail/metadata__struct.hpp
[6.310s] -- Installing: /home/hawrk/Documents/GitHub/hawrk/ros2/dros_common_interfaces/install/dros_common_interfaces/include/dros_common_interfaces/dros_common_interfaces/msg/detail/extrinsics__struct.hpp
[6.310s] -- Installing: /home/hawrk/Documents/GitHub/hawrk/ros2/dros_common_interfaces/install/dros_common_interfaces/include/dros_common_interfaces/dros_common_interfaces/msg/extrinsics.hpp
[6.310s] -- Installing: /home/hawrk/Documents/GitHub/hawrk/ros2/dros_common_interfaces/install/dros_common_interfaces/include/dros_common_interfaces/dros_common_interfaces/msg/imu_info.hpp
[6.310s] -- Installing: /home/hawrk/Documents/GitHub/hawrk/ros2/dros_common_interfaces/install/dros_common_interfaces/include/dros_common_interfaces/dros_common_interfaces/msg/rosidl_generator_cpp__visibility_control.hpp
[6.310s] -- Installing: /home/hawrk/Documents/GitHub/hawrk/ros2/dros_common_interfaces/install/dros_common_interfaces/include/dros_common_interfaces/dros_common_interfaces/msg/metadata.hpp
[6.311s] -- Installing: /home/hawrk/Documents/GitHub/hawrk/ros2/dros_common_interfaces/install/dros_common_interfaces/include/dros_common_interfaces/dros_common_interfaces/msg/rgbd.hpp
[6.311s] -- Up-to-date: /home/hawrk/Documents/GitHub/hawrk/ros2/dros_common_interfaces/install/dros_common_interfaces/include/dros_common_interfaces/dros_common_interfaces
[6.311s] -- Up-to-date: /home/hawrk/Documents/GitHub/hawrk/ros2/dros_common_interfaces/install/dros_common_interfaces/include/dros_common_interfaces/dros_common_interfaces/srv
[6.311s] -- Up-to-date: /home/hawrk/Documents/GitHub/hawrk/ros2/dros_common_interfaces/install/dros_common_interfaces/include/dros_common_interfaces/dros_common_interfaces/srv/detail
[6.311s] -- Installing: /home/hawrk/Documents/GitHub/hawrk/ros2/dros_common_interfaces/install/dros_common_interfaces/include/dros_common_interfaces/dros_common_interfaces/srv/detail/grasp__rosidl_typesupport_fastrtps_cpp.hpp
[6.311s] -- Installing: /home/hawrk/Documents/GitHub/hawrk/ros2/dros_common_interfaces/install/dros_common_interfaces/include/dros_common_interfaces/dros_common_interfaces/srv/detail/dds_fastrtps
[6.311s] -- Installing: /home/hawrk/Documents/GitHub/hawrk/ros2/dros_common_interfaces/install/dros_common_interfaces/include/dros_common_interfaces/dros_common_interfaces/srv/detail/device_info__rosidl_typesupport_fastrtps_cpp.hpp
[6.312s] -- Up-to-date: /home/hawrk/Documents/GitHub/hawrk/ros2/dros_common_interfaces/install/dros_common_interfaces/include/dros_common_interfaces/dros_common_interfaces/action
[6.312s] -- Up-to-date: /home/hawrk/Documents/GitHub/hawrk/ros2/dros_common_interfaces/install/dros_common_interfaces/include/dros_common_interfaces/dros_common_interfaces/action/detail
[6.312s] -- Installing: /home/hawrk/Documents/GitHub/hawrk/ros2/dros_common_interfaces/install/dros_common_interfaces/include/dros_common_interfaces/dros_common_interfaces/action/detail/navigate_to_pose__rosidl_typesupport_fastrtps_cpp.hpp
[6.312s] -- Installing: /home/hawrk/Documents/GitHub/hawrk/ros2/dros_common_interfaces/install/dros_common_interfaces/include/dros_common_interfaces/dros_common_interfaces/action/detail/dds_fastrtps
[6.312s] -- Up-to-date: /home/hawrk/Documents/GitHub/hawrk/ros2/dros_common_interfaces/install/dros_common_interfaces/include/dros_common_interfaces/dros_common_interfaces/msg
[6.312s] -- Up-to-date: /home/hawrk/Documents/GitHub/hawrk/ros2/dros_common_interfaces/install/dros_common_interfaces/include/dros_common_interfaces/dros_common_interfaces/msg/detail
[6.312s] -- Installing: /home/hawrk/Documents/GitHub/hawrk/ros2/dros_common_interfaces/install/dros_common_interfaces/include/dros_common_interfaces/dros_common_interfaces/msg/detail/metadata__rosidl_typesupport_fastrtps_cpp.hpp
[6.312s] -- Installing: /home/hawrk/Documents/GitHub/hawrk/ros2/dros_common_interfaces/install/dros_common_interfaces/include/dros_common_interfaces/dros_common_interfaces/msg/detail/dds_fastrtps
[6.312s] -- Installing: /home/hawrk/Documents/GitHub/hawrk/ros2/dros_common_interfaces/install/dros_common_interfaces/include/dros_common_interfaces/dros_common_interfaces/msg/detail/imu_info__rosidl_typesupport_fastrtps_cpp.hpp
[6.312s] -- Installing: /home/hawrk/Documents/GitHub/hawrk/ros2/dros_common_interfaces/install/dros_common_interfaces/include/dros_common_interfaces/dros_common_interfaces/msg/detail/extrinsics__rosidl_typesupport_fastrtps_cpp.hpp
[6.312s] -- Installing: /home/hawrk/Documents/GitHub/hawrk/ros2/dros_common_interfaces/install/dros_common_interfaces/include/dros_common_interfaces/dros_common_interfaces/msg/detail/rgbd__rosidl_typesupport_fastrtps_cpp.hpp
[6.312s] -- Installing: /home/hawrk/Documents/GitHub/hawrk/ros2/dros_common_interfaces/install/dros_common_interfaces/include/dros_common_interfaces/dros_common_interfaces/msg/rosidl_typesupport_fastrtps_cpp__visibility_control.h
[6.313s] -- Installing: /home/hawrk/Documents/GitHub/hawrk/ros2/dros_common_interfaces/install/dros_common_interfaces/lib/libdros_common_interfaces__rosidl_typesupport_fastrtps_cpp.so
[6.313s] -- Set runtime path of "/home/hawrk/Documents/GitHub/hawrk/ros2/dros_common_interfaces/install/dros_common_interfaces/lib/libdros_common_interfaces__rosidl_typesupport_fastrtps_cpp.so" to ""
[6.313s] -- Up-to-date: /home/hawrk/Documents/GitHub/hawrk/ros2/dros_common_interfaces/install/dros_common_interfaces/include/dros_common_interfaces/dros_common_interfaces
[6.313s] -- Up-to-date: /home/hawrk/Documents/GitHub/hawrk/ros2/dros_common_interfaces/install/dros_common_interfaces/include/dros_common_interfaces/dros_common_interfaces/srv
[6.313s] -- Up-to-date: /home/hawrk/Documents/GitHub/hawrk/ros2/dros_common_interfaces/install/dros_common_interfaces/include/dros_common_interfaces/dros_common_interfaces/srv/detail
[6.313s] -- Installing: /home/hawrk/Documents/GitHub/hawrk/ros2/dros_common_interfaces/install/dros_common_interfaces/include/dros_common_interfaces/dros_common_interfaces/srv/detail/grasp__rosidl_typesupport_introspection_cpp.hpp
[6.313s] -- Installing: /home/hawrk/Documents/GitHub/hawrk/ros2/dros_common_interfaces/install/dros_common_interfaces/include/dros_common_interfaces/dros_common_interfaces/srv/detail/device_info__type_support.cpp
[6.313s] -- Installing: /home/hawrk/Documents/GitHub/hawrk/ros2/dros_common_interfaces/install/dros_common_interfaces/include/dros_common_interfaces/dros_common_interfaces/srv/detail/grasp__type_support.cpp
[6.313s] -- Installing: /home/hawrk/Documents/GitHub/hawrk/ros2/dros_common_interfaces/install/dros_common_interfaces/include/dros_common_interfaces/dros_common_interfaces/srv/detail/device_info__rosidl_typesupport_introspection_cpp.hpp
[6.314s] -- Up-to-date: /home/hawrk/Documents/GitHub/hawrk/ros2/dros_common_interfaces/install/dros_common_interfaces/include/dros_common_interfaces/dros_common_interfaces/action
[6.314s] -- Up-to-date: /home/hawrk/Documents/GitHub/hawrk/ros2/dros_common_interfaces/install/dros_common_interfaces/include/dros_common_interfaces/dros_common_interfaces/action/detail
[6.314s] -- Installing: /home/hawrk/Documents/GitHub/hawrk/ros2/dros_common_interfaces/install/dros_common_interfaces/include/dros_common_interfaces/dros_common_interfaces/action/detail/navigate_to_pose__type_support.cpp
[6.314s] -- Installing: /home/hawrk/Documents/GitHub/hawrk/ros2/dros_common_interfaces/install/dros_common_interfaces/include/dros_common_interfaces/dros_common_interfaces/action/detail/navigate_to_pose__rosidl_typesupport_introspection_cpp.hpp
[6.314s] -- Up-to-date: /home/hawrk/Documents/GitHub/hawrk/ros2/dros_common_interfaces/install/dros_common_interfaces/include/dros_common_interfaces/dros_common_interfaces/msg
[6.314s] -- Up-to-date: /home/hawrk/Documents/GitHub/hawrk/ros2/dros_common_interfaces/install/dros_common_interfaces/include/dros_common_interfaces/dros_common_interfaces/msg/detail
[6.314s] -- Installing: /home/hawrk/Documents/GitHub/hawrk/ros2/dros_common_interfaces/install/dros_common_interfaces/include/dros_common_interfaces/dros_common_interfaces/msg/detail/extrinsics__rosidl_typesupport_introspection_cpp.hpp
[6.314s] -- Installing: /home/hawrk/Documents/GitHub/hawrk/ros2/dros_common_interfaces/install/dros_common_interfaces/include/dros_common_interfaces/dros_common_interfaces/msg/detail/imu_info__rosidl_typesupport_introspection_cpp.hpp
[6.314s] -- Installing: /home/hawrk/Documents/GitHub/hawrk/ros2/dros_common_interfaces/install/dros_common_interfaces/include/dros_common_interfaces/dros_common_interfaces/msg/detail/rgbd__type_support.cpp
[6.314s] -- Installing: /home/hawrk/Documents/GitHub/hawrk/ros2/dros_common_interfaces/install/dros_common_interfaces/include/dros_common_interfaces/dros_common_interfaces/msg/detail/rgbd__rosidl_typesupport_introspection_cpp.hpp
[6.314s] -- Installing: /home/hawrk/Documents/GitHub/hawrk/ros2/dros_common_interfaces/install/dros_common_interfaces/include/dros_common_interfaces/dros_common_interfaces/msg/detail/extrinsics__type_support.cpp
[6.314s] -- Installing: /home/hawrk/Documents/GitHub/hawrk/ros2/dros_common_interfaces/install/dros_common_interfaces/include/dros_common_interfaces/dros_common_interfaces/msg/detail/metadata__type_support.cpp
[6.314s] -- Installing: /home/hawrk/Documents/GitHub/hawrk/ros2/dros_common_interfaces/install/dros_common_interfaces/include/dros_common_interfaces/dros_common_interfaces/msg/detail/imu_info__type_support.cpp
[6.314s] -- Installing: /home/hawrk/Documents/GitHub/hawrk/ros2/dros_common_interfaces/install/dros_common_interfaces/include/dros_common_interfaces/dros_common_interfaces/msg/detail/metadata__rosidl_typesupport_introspection_cpp.hpp
[6.314s] -- Installing: /home/hawrk/Documents/GitHub/hawrk/ros2/dros_common_interfaces/install/dros_common_interfaces/lib/libdros_common_interfaces__rosidl_typesupport_introspection_cpp.so
[6.315s] -- Set runtime path of "/home/hawrk/Documents/GitHub/hawrk/ros2/dros_common_interfaces/install/dros_common_interfaces/lib/libdros_common_interfaces__rosidl_typesupport_introspection_cpp.so" to ""
[6.315s] -- Installing: /home/hawrk/Documents/GitHub/hawrk/ros2/dros_common_interfaces/install/dros_common_interfaces/lib/libdros_common_interfaces__rosidl_typesupport_cpp.so
[6.315s] -- Set runtime path of "/home/hawrk/Documents/GitHub/hawrk/ros2/dros_common_interfaces/install/dros_common_interfaces/lib/libdros_common_interfaces__rosidl_typesupport_cpp.so" to ""
[6.315s] -- Installing: /home/hawrk/Documents/GitHub/hawrk/ros2/dros_common_interfaces/install/dros_common_interfaces/share/dros_common_interfaces/environment/pythonpath.sh
[6.315s] -- Installing: /home/hawrk/Documents/GitHub/hawrk/ros2/dros_common_interfaces/install/dros_common_interfaces/share/dros_common_interfaces/environment/pythonpath.dsv
[6.315s] -- Installing: /home/hawrk/Documents/GitHub/hawrk/ros2/dros_common_interfaces/install/dros_common_interfaces/local/lib/python3.10/dist-packages/dros_common_interfaces-0.0.0-py3.10.egg-info
[6.315s] -- Installing: /home/hawrk/Documents/GitHub/hawrk/ros2/dros_common_interfaces/install/dros_common_interfaces/local/lib/python3.10/dist-packages/dros_common_interfaces-0.0.0-py3.10.egg-info/top_level.txt
[6.315s] -- Installing: /home/hawrk/Documents/GitHub/hawrk/ros2/dros_common_interfaces/install/dros_common_interfaces/local/lib/python3.10/dist-packages/dros_common_interfaces-0.0.0-py3.10.egg-info/dependency_links.txt
[6.315s] -- Installing: /home/hawrk/Documents/GitHub/hawrk/ros2/dros_common_interfaces/install/dros_common_interfaces/local/lib/python3.10/dist-packages/dros_common_interfaces-0.0.0-py3.10.egg-info/SOURCES.txt
[6.315s] -- Installing: /home/hawrk/Documents/GitHub/hawrk/ros2/dros_common_interfaces/install/dros_common_interfaces/local/lib/python3.10/dist-packages/dros_common_interfaces-0.0.0-py3.10.egg-info/PKG-INFO
[6.315s] -- Installing: /home/hawrk/Documents/GitHub/hawrk/ros2/dros_common_interfaces/install/dros_common_interfaces/local/lib/python3.10/dist-packages/dros_common_interfaces
[6.315s] -- Installing: /home/hawrk/Documents/GitHub/hawrk/ros2/dros_common_interfaces/install/dros_common_interfaces/local/lib/python3.10/dist-packages/dros_common_interfaces/_dros_common_interfaces_s.ep.rosidl_typesupport_introspection_c.c
[6.315s] -- Installing: /home/hawrk/Documents/GitHub/hawrk/ros2/dros_common_interfaces/install/dros_common_interfaces/local/lib/python3.10/dist-packages/dros_common_interfaces/srv
[6.322s] -- Installing: /home/hawrk/Documents/GitHub/hawrk/ros2/dros_common_interfaces/install/dros_common_interfaces/local/lib/python3.10/dist-packages/dros_common_interfaces/srv/_device_info_s.c
[6.322s] -- Installing: /home/hawrk/Documents/GitHub/hawrk/ros2/dros_common_interfaces/install/dros_common_interfaces/local/lib/python3.10/dist-packages/dros_common_interfaces/srv/_device_info.py
[6.322s] -- Installing: /home/hawrk/Documents/GitHub/hawrk/ros2/dros_common_interfaces/install/dros_common_interfaces/local/lib/python3.10/dist-packages/dros_common_interfaces/srv/_grasp.py
[6.322s] -- Installing: /home/hawrk/Documents/GitHub/hawrk/ros2/dros_common_interfaces/install/dros_common_interfaces/local/lib/python3.10/dist-packages/dros_common_interfaces/srv/__init__.py
[6.322s] -- Installing: /home/hawrk/Documents/GitHub/hawrk/ros2/dros_common_interfaces/install/dros_common_interfaces/local/lib/python3.10/dist-packages/dros_common_interfaces/srv/_grasp_s.c
[6.322s] -- Installing: /home/hawrk/Documents/GitHub/hawrk/ros2/dros_common_interfaces/install/dros_common_interfaces/local/lib/python3.10/dist-packages/dros_common_interfaces/action
[6.322s] -- Installing: /home/hawrk/Documents/GitHub/hawrk/ros2/dros_common_interfaces/install/dros_common_interfaces/local/lib/python3.10/dist-packages/dros_common_interfaces/action/_navigate_to_pose_s.c
[6.322s] -- Installing: /home/hawrk/Documents/GitHub/hawrk/ros2/dros_common_interfaces/install/dros_common_interfaces/local/lib/python3.10/dist-packages/dros_common_interfaces/action/__init__.py
[6.322s] -- Installing: /home/hawrk/Documents/GitHub/hawrk/ros2/dros_common_interfaces/install/dros_common_interfaces/local/lib/python3.10/dist-packages/dros_common_interfaces/action/_navigate_to_pose.py
[6.323s] -- Installing: /home/hawrk/Documents/GitHub/hawrk/ros2/dros_common_interfaces/install/dros_common_interfaces/local/lib/python3.10/dist-packages/dros_common_interfaces/libdros_common_interfaces__rosidl_generator_py.so
[6.323s] -- Installing: /home/hawrk/Documents/GitHub/hawrk/ros2/dros_common_interfaces/install/dros_common_interfaces/local/lib/python3.10/dist-packages/dros_common_interfaces/__init__.py
[6.323s] -- Installing: /home/hawrk/Documents/GitHub/hawrk/ros2/dros_common_interfaces/install/dros_common_interfaces/local/lib/python3.10/dist-packages/dros_common_interfaces/msg
[6.323s] -- Installing: /home/hawrk/Documents/GitHub/hawrk/ros2/dros_common_interfaces/install/dros_common_interfaces/local/lib/python3.10/dist-packages/dros_common_interfaces/msg/__init__.py
[6.323s] -- Installing: /home/hawrk/Documents/GitHub/hawrk/ros2/dros_common_interfaces/install/dros_common_interfaces/local/lib/python3.10/dist-packages/dros_common_interfaces/msg/_imu_info.py
[6.323s] -- Installing: /home/hawrk/Documents/GitHub/hawrk/ros2/dros_common_interfaces/install/dros_common_interfaces/local/lib/python3.10/dist-packages/dros_common_interfaces/msg/_extrinsics.py
[6.323s] -- Installing: /home/hawrk/Documents/GitHub/hawrk/ros2/dros_common_interfaces/install/dros_common_interfaces/local/lib/python3.10/dist-packages/dros_common_interfaces/msg/_extrinsics_s.c
[6.323s] -- Installing: /home/hawrk/Documents/GitHub/hawrk/ros2/dros_common_interfaces/install/dros_common_interfaces/local/lib/python3.10/dist-packages/dros_common_interfaces/msg/_metadata.py
[6.323s] -- Installing: /home/hawrk/Documents/GitHub/hawrk/ros2/dros_common_interfaces/install/dros_common_interfaces/local/lib/python3.10/dist-packages/dros_common_interfaces/msg/_metadata_s.c
[6.323s] -- Installing: /home/hawrk/Documents/GitHub/hawrk/ros2/dros_common_interfaces/install/dros_common_interfaces/local/lib/python3.10/dist-packages/dros_common_interfaces/msg/_imu_info_s.c
[6.323s] -- Installing: /home/hawrk/Documents/GitHub/hawrk/ros2/dros_common_interfaces/install/dros_common_interfaces/local/lib/python3.10/dist-packages/dros_common_interfaces/msg/_rgbd_s.c
[6.323s] -- Installing: /home/hawrk/Documents/GitHub/hawrk/ros2/dros_common_interfaces/install/dros_common_interfaces/local/lib/python3.10/dist-packages/dros_common_interfaces/msg/_rgbd.py
[6.323s] -- Installing: /home/hawrk/Documents/GitHub/hawrk/ros2/dros_common_interfaces/install/dros_common_interfaces/local/lib/python3.10/dist-packages/dros_common_interfaces/dros_common_interfaces_s__rosidl_typesupport_fastrtps_c.cpython-310-x86_64-linux-gnu.so
[6.323s] -- Installing: /home/hawrk/Documents/GitHub/hawrk/ros2/dros_common_interfaces/install/dros_common_interfaces/local/lib/python3.10/dist-packages/dros_common_interfaces/_dros_common_interfaces_s.ep.rosidl_typesupport_c.c
[6.323s] -- Installing: /home/hawrk/Documents/GitHub/hawrk/ros2/dros_common_interfaces/install/dros_common_interfaces/local/lib/python3.10/dist-packages/dros_common_interfaces/_dros_common_interfaces_s.ep.rosidl_typesupport_fastrtps_c.c
[6.324s] -- Installing: /home/hawrk/Documents/GitHub/hawrk/ros2/dros_common_interfaces/install/dros_common_interfaces/local/lib/python3.10/dist-packages/dros_common_interfaces/dros_common_interfaces_s__rosidl_typesupport_c.cpython-310-x86_64-linux-gnu.so
[6.324s] -- Installing: /home/hawrk/Documents/GitHub/hawrk/ros2/dros_common_interfaces/install/dros_common_interfaces/local/lib/python3.10/dist-packages/dros_common_interfaces/dros_common_interfaces_s__rosidl_typesupport_introspection_c.cpython-310-x86_64-linux-gnu.so
[6.353s] Listing '/home/hawrk/Documents/GitHub/hawrk/ros2/dros_common_interfaces/install/dros_common_interfaces/local/lib/python3.10/dist-packages/dros_common_interfaces'...
[6.353s] Compiling '/home/hawrk/Documents/GitHub/hawrk/ros2/dros_common_interfaces/install/dros_common_interfaces/local/lib/python3.10/dist-packages/dros_common_interfaces/__init__.py'...
[6.353s] Listing '/home/hawrk/Documents/GitHub/hawrk/ros2/dros_common_interfaces/install/dros_common_interfaces/local/lib/python3.10/dist-packages/dros_common_interfaces/action'...
[6.353s] Compiling '/home/hawrk/Documents/GitHub/hawrk/ros2/dros_common_interfaces/install/dros_common_interfaces/local/lib/python3.10/dist-packages/dros_common_interfaces/action/__init__.py'...
[6.353s] Compiling '/home/hawrk/Documents/GitHub/hawrk/ros2/dros_common_interfaces/install/dros_common_interfaces/local/lib/python3.10/dist-packages/dros_common_interfaces/action/_navigate_to_pose.py'...
[6.354s] Listing '/home/hawrk/Documents/GitHub/hawrk/ros2/dros_common_interfaces/install/dros_common_interfaces/local/lib/python3.10/dist-packages/dros_common_interfaces/msg'...
[6.354s] Compiling '/home/hawrk/Documents/GitHub/hawrk/ros2/dros_common_interfaces/install/dros_common_interfaces/local/lib/python3.10/dist-packages/dros_common_interfaces/msg/__init__.py'...
[6.354s] Compiling '/home/hawrk/Documents/GitHub/hawrk/ros2/dros_common_interfaces/install/dros_common_interfaces/local/lib/python3.10/dist-packages/dros_common_interfaces/msg/_extrinsics.py'...
[6.354s] Compiling '/home/hawrk/Documents/GitHub/hawrk/ros2/dros_common_interfaces/install/dros_common_interfaces/local/lib/python3.10/dist-packages/dros_common_interfaces/msg/_imu_info.py'...
[6.354s] Compiling '/home/hawrk/Documents/GitHub/hawrk/ros2/dros_common_interfaces/install/dros_common_interfaces/local/lib/python3.10/dist-packages/dros_common_interfaces/msg/_metadata.py'...
[6.354s] Compiling '/home/hawrk/Documents/GitHub/hawrk/ros2/dros_common_interfaces/install/dros_common_interfaces/local/lib/python3.10/dist-packages/dros_common_interfaces/msg/_rgbd.py'...
[6.354s] Listing '/home/hawrk/Documents/GitHub/hawrk/ros2/dros_common_interfaces/install/dros_common_interfaces/local/lib/python3.10/dist-packages/dros_common_interfaces/srv'...
[6.354s] Compiling '/home/hawrk/Documents/GitHub/hawrk/ros2/dros_common_interfaces/install/dros_common_interfaces/local/lib/python3.10/dist-packages/dros_common_interfaces/srv/__init__.py'...
[6.354s] Compiling '/home/hawrk/Documents/GitHub/hawrk/ros2/dros_common_interfaces/install/dros_common_interfaces/local/lib/python3.10/dist-packages/dros_common_interfaces/srv/_device_info.py'...
[6.354s] Compiling '/home/hawrk/Documents/GitHub/hawrk/ros2/dros_common_interfaces/install/dros_common_interfaces/local/lib/python3.10/dist-packages/dros_common_interfaces/srv/_grasp.py'...
[6.356s] -- Installing: /home/hawrk/Documents/GitHub/hawrk/ros2/dros_common_interfaces/install/dros_common_interfaces/local/lib/python3.10/dist-packages/dros_common_interfaces/dros_common_interfaces_s__rosidl_typesupport_fastrtps_c.cpython-310-x86_64-linux-gnu.so
[6.356s] -- Set runtime path of "/home/hawrk/Documents/GitHub/hawrk/ros2/dros_common_interfaces/install/dros_common_interfaces/local/lib/python3.10/dist-packages/dros_common_interfaces/dros_common_interfaces_s__rosidl_typesupport_fastrtps_c.cpython-310-x86_64-linux-gnu.so" to ""
[6.356s] -- Installing: /home/hawrk/Documents/GitHub/hawrk/ros2/dros_common_interfaces/install/dros_common_interfaces/local/lib/python3.10/dist-packages/dros_common_interfaces/dros_common_interfaces_s__rosidl_typesupport_introspection_c.cpython-310-x86_64-linux-gnu.so
[6.357s] -- Set runtime path of "/home/hawrk/Documents/GitHub/hawrk/ros2/dros_common_interfaces/install/dros_common_interfaces/local/lib/python3.10/dist-packages/dros_common_interfaces/dros_common_interfaces_s__rosidl_typesupport_introspection_c.cpython-310-x86_64-linux-gnu.so" to ""
[6.357s] -- Installing: /home/hawrk/Documents/GitHub/hawrk/ros2/dros_common_interfaces/install/dros_common_interfaces/local/lib/python3.10/dist-packages/dros_common_interfaces/dros_common_interfaces_s__rosidl_typesupport_c.cpython-310-x86_64-linux-gnu.so
[6.357s] -- Set runtime path of "/home/hawrk/Documents/GitHub/hawrk/ros2/dros_common_interfaces/install/dros_common_interfaces/local/lib/python3.10/dist-packages/dros_common_interfaces/dros_common_interfaces_s__rosidl_typesupport_c.cpython-310-x86_64-linux-gnu.so" to ""
[6.357s] -- Installing: /home/hawrk/Documents/GitHub/hawrk/ros2/dros_common_interfaces/install/dros_common_interfaces/lib/libdros_common_interfaces__rosidl_generator_py.so
[6.357s] -- Set runtime path of "/home/hawrk/Documents/GitHub/hawrk/ros2/dros_common_interfaces/install/dros_common_interfaces/lib/libdros_common_interfaces__rosidl_generator_py.so" to ""
[6.357s] -- Installing: /home/hawrk/Documents/GitHub/hawrk/ros2/dros_common_interfaces/install/dros_common_interfaces/share/dros_common_interfaces/msg/IMUInfo.idl
[6.358s] -- Installing: /home/hawrk/Documents/GitHub/hawrk/ros2/dros_common_interfaces/install/dros_common_interfaces/share/dros_common_interfaces/msg/Extrinsics.idl
[6.358s] -- Installing: /home/hawrk/Documents/GitHub/hawrk/ros2/dros_common_interfaces/install/dros_common_interfaces/share/dros_common_interfaces/msg/Metadata.idl
[6.358s] -- Installing: /home/hawrk/Documents/GitHub/hawrk/ros2/dros_common_interfaces/install/dros_common_interfaces/share/dros_common_interfaces/msg/RGBD.idl
[6.358s] -- Installing: /home/hawrk/Documents/GitHub/hawrk/ros2/dros_common_interfaces/install/dros_common_interfaces/share/dros_common_interfaces/srv/DeviceInfo.idl
[6.359s] -- Installing: /home/hawrk/Documents/GitHub/hawrk/ros2/dros_common_interfaces/install/dros_common_interfaces/share/dros_common_interfaces/srv/Grasp.idl
[6.359s] -- Installing: /home/hawrk/Documents/GitHub/hawrk/ros2/dros_common_interfaces/install/dros_common_interfaces/share/dros_common_interfaces/action/NavigateToPose.idl
[6.359s] -- Installing: /home/hawrk/Documents/GitHub/hawrk/ros2/dros_common_interfaces/install/dros_common_interfaces/share/dros_common_interfaces/realsense/IMUInfo.msg
[6.359s] -- Installing: /home/hawrk/Documents/GitHub/hawrk/ros2/dros_common_interfaces/install/dros_common_interfaces/share/dros_common_interfaces/realsense/Extrinsics.msg
[6.360s] -- Installing: /home/hawrk/Documents/GitHub/hawrk/ros2/dros_common_interfaces/install/dros_common_interfaces/share/dros_common_interfaces/realsense/Metadata.msg
[6.360s] -- Installing: /home/hawrk/Documents/GitHub/hawrk/ros2/dros_common_interfaces/install/dros_common_interfaces/share/dros_common_interfaces/realsense/RGBD.msg
[6.361s] -- Installing: /home/hawrk/Documents/GitHub/hawrk/ros2/dros_common_interfaces/install/dros_common_interfaces/share/dros_common_interfaces/realsense/DeviceInfo.srv
[6.361s] -- Installing: /home/hawrk/Documents/GitHub/hawrk/ros2/dros_common_interfaces/install/dros_common_interfaces/share/dros_common_interfaces/realsense/DeviceInfo_Request.msg
[6.361s] -- Installing: /home/hawrk/Documents/GitHub/hawrk/ros2/dros_common_interfaces/install/dros_common_interfaces/share/dros_common_interfaces/realsense/DeviceInfo_Response.msg
[6.361s] -- Installing: /home/hawrk/Documents/GitHub/hawrk/ros2/dros_common_interfaces/install/dros_common_interfaces/share/dros_common_interfaces/srv/Grasp.srv
[6.361s] -- Installing: /home/hawrk/Documents/GitHub/hawrk/ros2/dros_common_interfaces/install/dros_common_interfaces/share/dros_common_interfaces/srv/Grasp_Request.msg
[6.361s] -- Installing: /home/hawrk/Documents/GitHub/hawrk/ros2/dros_common_interfaces/install/dros_common_interfaces/share/dros_common_interfaces/srv/Grasp_Response.msg
[6.361s] -- Installing: /home/hawrk/Documents/GitHub/hawrk/ros2/dros_common_interfaces/install/dros_common_interfaces/share/dros_common_interfaces/nav2/NavigateToPose.action
[6.361s] -- Installing: /home/hawrk/Documents/GitHub/hawrk/ros2/dros_common_interfaces/install/dros_common_interfaces/share/ament_index/resource_index/package_run_dependencies/dros_common_interfaces
[6.362s] -- Installing: /home/hawrk/Documents/GitHub/hawrk/ros2/dros_common_interfaces/install/dros_common_interfaces/share/ament_index/resource_index/parent_prefix_path/dros_common_interfaces
[6.362s] -- Installing: /home/hawrk/Documents/GitHub/hawrk/ros2/dros_common_interfaces/install/dros_common_interfaces/share/dros_common_interfaces/environment/ament_prefix_path.sh
[6.362s] -- Installing: /home/hawrk/Documents/GitHub/hawrk/ros2/dros_common_interfaces/install/dros_common_interfaces/share/dros_common_interfaces/environment/ament_prefix_path.dsv
[6.362s] -- Installing: /home/hawrk/Documents/GitHub/hawrk/ros2/dros_common_interfaces/install/dros_common_interfaces/share/dros_common_interfaces/environment/path.sh
[6.362s] -- Installing: /home/hawrk/Documents/GitHub/hawrk/ros2/dros_common_interfaces/install/dros_common_interfaces/share/dros_common_interfaces/environment/path.dsv
[6.362s] -- Installing: /home/hawrk/Documents/GitHub/hawrk/ros2/dros_common_interfaces/install/dros_common_interfaces/share/dros_common_interfaces/local_setup.bash
[6.362s] -- Installing: /home/hawrk/Documents/GitHub/hawrk/ros2/dros_common_interfaces/install/dros_common_interfaces/share/dros_common_interfaces/local_setup.sh
[6.363s] -- Installing: /home/hawrk/Documents/GitHub/hawrk/ros2/dros_common_interfaces/install/dros_common_interfaces/share/dros_common_interfaces/local_setup.zsh
[6.363s] -- Installing: /home/hawrk/Documents/GitHub/hawrk/ros2/dros_common_interfaces/install/dros_common_interfaces/share/dros_common_interfaces/local_setup.dsv
[6.363s] -- Installing: /home/hawrk/Documents/GitHub/hawrk/ros2/dros_common_interfaces/install/dros_common_interfaces/share/dros_common_interfaces/package.dsv
[6.363s] -- Installing: /home/hawrk/Documents/GitHub/hawrk/ros2/dros_common_interfaces/install/dros_common_interfaces/share/ament_index/resource_index/packages/dros_common_interfaces
[6.363s] -- Installing: /home/hawrk/Documents/GitHub/hawrk/ros2/dros_common_interfaces/install/dros_common_interfaces/share/dros_common_interfaces/cmake/export_dros_common_interfaces__rosidl_generator_cExport.cmake
[6.363s] -- Installing: /home/hawrk/Documents/GitHub/hawrk/ros2/dros_common_interfaces/install/dros_common_interfaces/share/dros_common_interfaces/cmake/export_dros_common_interfaces__rosidl_generator_cExport-noconfig.cmake
[6.363s] -- Installing: /home/hawrk/Documents/GitHub/hawrk/ros2/dros_common_interfaces/install/dros_common_interfaces/share/dros_common_interfaces/cmake/export_dros_common_interfaces__rosidl_typesupport_fastrtps_cExport.cmake
[6.363s] -- Installing: /home/hawrk/Documents/GitHub/hawrk/ros2/dros_common_interfaces/install/dros_common_interfaces/share/dros_common_interfaces/cmake/export_dros_common_interfaces__rosidl_typesupport_fastrtps_cExport-noconfig.cmake
[6.363s] -- Installing: /home/hawrk/Documents/GitHub/hawrk/ros2/dros_common_interfaces/install/dros_common_interfaces/share/dros_common_interfaces/cmake/dros_common_interfaces__rosidl_typesupport_introspection_cExport.cmake
[6.363s] -- Installing: /home/hawrk/Documents/GitHub/hawrk/ros2/dros_common_interfaces/install/dros_common_interfaces/share/dros_common_interfaces/cmake/dros_common_interfaces__rosidl_typesupport_introspection_cExport-noconfig.cmake
[6.363s] -- Installing: /home/hawrk/Documents/GitHub/hawrk/ros2/dros_common_interfaces/install/dros_common_interfaces/share/dros_common_interfaces/cmake/dros_common_interfaces__rosidl_typesupport_cExport.cmake
[6.364s] -- Installing: /home/hawrk/Documents/GitHub/hawrk/ros2/dros_common_interfaces/install/dros_common_interfaces/share/dros_common_interfaces/cmake/dros_common_interfaces__rosidl_typesupport_cExport-noconfig.cmake
[6.364s] -- Installing: /home/hawrk/Documents/GitHub/hawrk/ros2/dros_common_interfaces/install/dros_common_interfaces/share/dros_common_interfaces/cmake/export_dros_common_interfaces__rosidl_generator_cppExport.cmake
[6.364s] -- Installing: /home/hawrk/Documents/GitHub/hawrk/ros2/dros_common_interfaces/install/dros_common_interfaces/share/dros_common_interfaces/cmake/export_dros_common_interfaces__rosidl_typesupport_fastrtps_cppExport.cmake
[6.364s] -- Installing: /home/hawrk/Documents/GitHub/hawrk/ros2/dros_common_interfaces/install/dros_common_interfaces/share/dros_common_interfaces/cmake/export_dros_common_interfaces__rosidl_typesupport_fastrtps_cppExport-noconfig.cmake
[6.364s] -- Installing: /home/hawrk/Documents/GitHub/hawrk/ros2/dros_common_interfaces/install/dros_common_interfaces/share/dros_common_interfaces/cmake/dros_common_interfaces__rosidl_typesupport_introspection_cppExport.cmake
[6.364s] -- Installing: /home/hawrk/Documents/GitHub/hawrk/ros2/dros_common_interfaces/install/dros_common_interfaces/share/dros_common_interfaces/cmake/dros_common_interfaces__rosidl_typesupport_introspection_cppExport-noconfig.cmake
[6.383s] -- Installing: /home/hawrk/Documents/GitHub/hawrk/ros2/dros_common_interfaces/install/dros_common_interfaces/share/dros_common_interfaces/cmake/dros_common_interfaces__rosidl_typesupport_cppExport.cmake
[6.383s] -- Installing: /home/hawrk/Documents/GitHub/hawrk/ros2/dros_common_interfaces/install/dros_common_interfaces/share/dros_common_interfaces/cmake/dros_common_interfaces__rosidl_typesupport_cppExport-noconfig.cmake
[6.398s] -- Installing: /home/hawrk/Documents/GitHub/hawrk/ros2/dros_common_interfaces/install/dros_common_interfaces/share/dros_common_interfaces/cmake/export_dros_common_interfaces__rosidl_generator_pyExport.cmake
[6.398s] -- Installing: /home/hawrk/Documents/GitHub/hawrk/ros2/dros_common_interfaces/install/dros_common_interfaces/share/dros_common_interfaces/cmake/export_dros_common_interfaces__rosidl_generator_pyExport-noconfig.cmake
[6.398s] -- Installing: /home/hawrk/Documents/GitHub/hawrk/ros2/dros_common_interfaces/install/dros_common_interfaces/share/dros_common_interfaces/cmake/rosidl_cmake-extras.cmake
[6.398s] -- Installing: /home/hawrk/Documents/GitHub/hawrk/ros2/dros_common_interfaces/install/dros_common_interfaces/share/dros_common_interfaces/cmake/ament_cmake_export_dependencies-extras.cmake
[6.398s] -- Installing: /home/hawrk/Documents/GitHub/hawrk/ros2/dros_common_interfaces/install/dros_common_interfaces/share/dros_common_interfaces/cmake/ament_cmake_export_include_directories-extras.cmake
[6.398s] -- Installing: /home/hawrk/Documents/GitHub/hawrk/ros2/dros_common_interfaces/install/dros_common_interfaces/share/dros_common_interfaces/cmake/ament_cmake_export_libraries-extras.cmake
[6.398s] -- Installing: /home/hawrk/Documents/GitHub/hawrk/ros2/dros_common_interfaces/install/dros_common_interfaces/share/dros_common_interfaces/cmake/ament_cmake_export_targets-extras.cmake
[6.398s] -- Installing: /home/hawrk/Documents/GitHub/hawrk/ros2/dros_common_interfaces/install/dros_common_interfaces/share/dros_common_interfaces/cmake/rosidl_cmake_export_typesupport_targets-extras.cmake
[6.398s] -- Installing: /home/hawrk/Documents/GitHub/hawrk/ros2/dros_common_interfaces/install/dros_common_interfaces/share/dros_common_interfaces/cmake/rosidl_cmake_export_typesupport_libraries-extras.cmake
[6.398s] -- Installing: /home/hawrk/Documents/GitHub/hawrk/ros2/dros_common_interfaces/install/dros_common_interfaces/share/dros_common_interfaces/cmake/dros_common_interfacesConfig.cmake
[6.398s] -- Installing: /home/hawrk/Documents/GitHub/hawrk/ros2/dros_common_interfaces/install/dros_common_interfaces/share/dros_common_interfaces/cmake/dros_common_interfacesConfig-version.cmake
[6.398s] -- Installing: /home/hawrk/Documents/GitHub/hawrk/ros2/dros_common_interfaces/install/dros_common_interfaces/share/dros_common_interfaces/package.xml
[6.400s] Invoked command in '/home/hawrk/Documents/GitHub/hawrk/ros2/dros_common_interfaces/build/dros_common_interfaces' returned '0': CMAKE_PREFIX_PATH=/opt/ros/humble /usr/bin/cmake --install /home/hawrk/Documents/GitHub/hawrk/ros2/dros_common_interfaces/build/dros_common_interfaces
