[0.214s] DEBUG:colcon:Command line arguments: ['/usr/bin/colcon', 'build', '--packages-select', 'service_interface_ws']
[0.214s] DEBUG:colcon:Parsed command line arguments: Namespace(log_base=None, log_level=None, verb_name='build', build_base='build', install_base='install', merge_install=False, symlink_install=False, test_result_base=None, continue_on_error=False, executor='parallel', parallel_workers=8, event_handlers=None, ignore_user_meta=False, metas=['./colcon.meta'], base_paths=['.'], packages_ignore=None, packages_ignore_regex=None, paths=None, packages_up_to=None, packages_up_to_regex=None, packages_above=None, packages_above_and_dependencies=None, packages_above_depth=None, packages_select_by_dep=None, packages_skip_by_dep=None, packages_skip_up_to=None, packages_select_build_failed=False, packages_skip_build_finished=False, packages_select_test_failures=False, packages_skip_test_passed=False, packages_select=['service_interface_ws'], packages_skip=None, packages_select_regex=None, packages_skip_regex=None, packages_start=None, packages_end=None, allow_overriding=[], cmake_args=None, cmake_target=None, cmake_target_skip_unavailable=False, cmake_clean_cache=False, cmake_clean_first=False, cmake_force_configure=False, ament_cmake_args=None, catkin_cmake_args=None, catkin_skip_building_tests=False, verb_parser=<colcon_defaults.argument_parser.defaults.DefaultArgumentsDecorator object at 0xffff8df4bdc0>, verb_extension=<colcon_core.verb.build.BuildVerb object at 0xffff8e130550>, main=<bound method BuildVerb.main of <colcon_core.verb.build.BuildVerb object at 0xffff8e130550>>)
[0.496s] Level 1:colcon.colcon_core.package_discovery:discover_packages(colcon_meta) check parameters
[0.496s] Level 1:colcon.colcon_core.package_discovery:discover_packages(recursive) check parameters
[0.505s] Level 1:colcon.colcon_core.package_discovery:discover_packages(ignore) check parameters
[0.505s] Level 1:colcon.colcon_core.package_discovery:discover_packages(path) check parameters
[0.505s] Level 1:colcon.colcon_core.package_discovery:discover_packages(colcon_meta) discover
[0.505s] Level 1:colcon.colcon_core.package_discovery:discover_packages(recursive) discover
[0.505s] INFO:colcon.colcon_core.package_discovery:Crawling recursively for packages in '/home/byd/src/ros2/service_interface_ws'
[0.505s] Level 1:colcon.colcon_core.package_identification:_identify(.) by extensions ['ignore', 'ignore_ament_install']
[0.506s] Level 1:colcon.colcon_core.package_identification:_identify(.) by extension 'ignore'
[0.506s] Level 1:colcon.colcon_core.package_identification:_identify(.) by extension 'ignore_ament_install'
[0.506s] Level 1:colcon.colcon_core.package_identification:_identify(.) by extensions ['colcon_pkg']
[0.506s] Level 1:colcon.colcon_core.package_identification:_identify(.) by extension 'colcon_pkg'
[0.506s] Level 1:colcon.colcon_core.package_identification:_identify(.) by extensions ['colcon_meta']
[0.506s] Level 1:colcon.colcon_core.package_identification:_identify(.) by extension 'colcon_meta'
[0.506s] Level 1:colcon.colcon_core.package_identification:_identify(.) by extensions ['ros']
[0.506s] Level 1:colcon.colcon_core.package_identification:_identify(.) by extension 'ros'
[0.532s] DEBUG:colcon.colcon_core.package_identification:Package '.' with type 'ros.ament_cmake' and name 'service_interface_ws'
[0.532s] Level 1:colcon.colcon_core.package_discovery:discover_packages(recursive) using defaults
[0.532s] Level 1:colcon.colcon_core.package_discovery:discover_packages(ignore) discover
[0.532s] Level 1:colcon.colcon_core.package_discovery:discover_packages(ignore) using defaults
[0.532s] Level 1:colcon.colcon_core.package_discovery:discover_packages(path) discover
[0.533s] Level 1:colcon.colcon_core.package_discovery:discover_packages(path) using defaults
[0.566s] Level 1:colcon.colcon_core.package_discovery:discover_packages(prefix_path) check parameters
[0.566s] Level 1:colcon.colcon_core.package_discovery:discover_packages(prefix_path) discover
[0.569s] DEBUG:colcon.colcon_installed_package_information.package_discovery:Found 1 installed packages in /home/byd/src/ros2/topic_ws/install
[0.571s] DEBUG:colcon.colcon_installed_package_information.package_discovery:Found 270 installed packages in /opt/ros/humble
[0.573s] Level 1:colcon.colcon_core.package_discovery:discover_packages(prefix_path) using defaults
[0.666s] Level 5:colcon.colcon_core.verb:set package 'service_interface_ws' build argument 'cmake_args' from command line to 'None'
[0.666s] Level 5:colcon.colcon_core.verb:set package 'service_interface_ws' build argument 'cmake_target' from command line to 'None'
[0.666s] Level 5:colcon.colcon_core.verb:set package 'service_interface_ws' build argument 'cmake_target_skip_unavailable' from command line to 'False'
[0.666s] Level 5:colcon.colcon_core.verb:set package 'service_interface_ws' build argument 'cmake_clean_cache' from command line to 'False'
[0.666s] Level 5:colcon.colcon_core.verb:set package 'service_interface_ws' build argument 'cmake_clean_first' from command line to 'False'
[0.666s] Level 5:colcon.colcon_core.verb:set package 'service_interface_ws' build argument 'cmake_force_configure' from command line to 'False'
[0.666s] Level 5:colcon.colcon_core.verb:set package 'service_interface_ws' build argument 'ament_cmake_args' from command line to 'None'
[0.666s] Level 5:colcon.colcon_core.verb:set package 'service_interface_ws' build argument 'catkin_cmake_args' from command line to 'None'
[0.667s] Level 5:colcon.colcon_core.verb:set package 'service_interface_ws' build argument 'catkin_skip_building_tests' from command line to 'False'
[0.667s] DEBUG:colcon.colcon_core.verb:Building package 'service_interface_ws' with the following arguments: {'ament_cmake_args': None, 'build_base': '/home/byd/src/ros2/service_interface_ws/build/service_interface_ws', 'catkin_cmake_args': None, 'catkin_skip_building_tests': False, 'cmake_args': None, 'cmake_clean_cache': False, 'cmake_clean_first': False, 'cmake_force_configure': False, 'cmake_target': None, 'cmake_target_skip_unavailable': False, 'install_base': '/home/byd/src/ros2/service_interface_ws/install/service_interface_ws', 'merge_install': False, 'path': '/home/byd/src/ros2/service_interface_ws', 'symlink_install': False, 'test_result_base': None}
[0.667s] INFO:colcon.colcon_core.executor:Executing jobs using 'parallel' executor
[0.669s] DEBUG:colcon.colcon_parallel_executor.executor.parallel:run_until_complete
[0.669s] INFO:colcon.colcon_ros.task.ament_cmake.build:Building ROS package in '/home/byd/src/ros2/service_interface_ws' with build type 'ament_cmake'
[0.670s] INFO:colcon.colcon_cmake.task.cmake.build:Building CMake package in '/home/byd/src/ros2/service_interface_ws'
[0.673s] INFO:colcon.colcon_core.plugin_system:Skipping extension 'colcon_core.shell.bat': Not used on non-Windows systems
[0.674s] INFO:colcon.colcon_core.shell:Skip shell extension 'powershell' for command environment: Not usable outside of PowerShell
[0.674s] DEBUG:colcon.colcon_core.shell:Skip shell extension 'dsv' for command environment
[0.687s] DEBUG:colcon.colcon_core.event_handler.log_command:Invoking command in '/home/byd/src/ros2/service_interface_ws/build/service_interface_ws': CMAKE_PREFIX_PATH=${CMAKE_PREFIX_PATH}:/opt/ros/humble /usr/bin/cmake /home/byd/src/ros2/service_interface_ws -DCMAKE_INSTALL_PREFIX=/home/byd/src/ros2/service_interface_ws/install/service_interface_ws
[3.322s] DEBUG:colcon.colcon_core.event_handler.log_command:Invoked command in '/home/byd/src/ros2/service_interface_ws/build/service_interface_ws' returned '0': CMAKE_PREFIX_PATH=${CMAKE_PREFIX_PATH}:/opt/ros/humble /usr/bin/cmake /home/byd/src/ros2/service_interface_ws -DCMAKE_INSTALL_PREFIX=/home/byd/src/ros2/service_interface_ws/install/service_interface_ws
[3.326s] DEBUG:colcon.colcon_core.event_handler.log_command:Invoking command in '/home/byd/src/ros2/service_interface_ws/build/service_interface_ws': CMAKE_PREFIX_PATH=${CMAKE_PREFIX_PATH}:/opt/ros/humble /usr/bin/cmake --build /home/byd/src/ros2/service_interface_ws/build/service_interface_ws -- -j8 -l8
[7.471s] DEBUG:colcon.colcon_core.event_handler.log_command:Invoked command in '/home/byd/src/ros2/service_interface_ws/build/service_interface_ws' returned '0': CMAKE_PREFIX_PATH=${CMAKE_PREFIX_PATH}:/opt/ros/humble /usr/bin/cmake --build /home/byd/src/ros2/service_interface_ws/build/service_interface_ws -- -j8 -l8
[7.588s] DEBUG:colcon.colcon_core.event_handler.log_command:Invoking command in '/home/byd/src/ros2/service_interface_ws/build/service_interface_ws': CMAKE_PREFIX_PATH=${CMAKE_PREFIX_PATH}:/opt/ros/humble /usr/bin/cmake --install /home/byd/src/ros2/service_interface_ws/build/service_interface_ws
[7.725s] Level 1:colcon.colcon_core.environment:create_environment_scripts_only(service_interface_ws)
[7.728s] DEBUG:colcon.colcon_core.event_handler.log_command:Invoked command in '/home/byd/src/ros2/service_interface_ws/build/service_interface_ws' returned '0': CMAKE_PREFIX_PATH=${CMAKE_PREFIX_PATH}:/opt/ros/humble /usr/bin/cmake --install /home/byd/src/ros2/service_interface_ws/build/service_interface_ws
[7.734s] Level 1:colcon.colcon_core.environment:checking '/home/byd/src/ros2/service_interface_ws/install/service_interface_ws' for CMake module files
[7.736s] Level 1:colcon.colcon_core.environment:checking '/home/byd/src/ros2/service_interface_ws/install/service_interface_ws' for CMake config files
[7.739s] Level 1:colcon.colcon_core.shell:create_environment_hook('service_interface_ws', 'cmake_prefix_path')
[7.740s] INFO:colcon.colcon_core.shell:Creating environment hook '/home/byd/src/ros2/service_interface_ws/install/service_interface_ws/share/service_interface_ws/hook/cmake_prefix_path.ps1'
[7.742s] INFO:colcon.colcon_core.shell:Creating environment descriptor '/home/byd/src/ros2/service_interface_ws/install/service_interface_ws/share/service_interface_ws/hook/cmake_prefix_path.dsv'
[7.743s] INFO:colcon.colcon_core.shell:Creating environment hook '/home/byd/src/ros2/service_interface_ws/install/service_interface_ws/share/service_interface_ws/hook/cmake_prefix_path.sh'
[7.745s] Level 1:colcon.colcon_core.environment:checking '/home/byd/src/ros2/service_interface_ws/install/service_interface_ws/lib'
[7.746s] Level 1:colcon.colcon_core.shell:create_environment_hook('service_interface_ws', 'ld_library_path_lib')
[7.746s] INFO:colcon.colcon_core.shell:Creating environment hook '/home/byd/src/ros2/service_interface_ws/install/service_interface_ws/share/service_interface_ws/hook/ld_library_path_lib.ps1'
[7.748s] INFO:colcon.colcon_core.shell:Creating environment descriptor '/home/byd/src/ros2/service_interface_ws/install/service_interface_ws/share/service_interface_ws/hook/ld_library_path_lib.dsv'
[7.749s] INFO:colcon.colcon_core.shell:Creating environment hook '/home/byd/src/ros2/service_interface_ws/install/service_interface_ws/share/service_interface_ws/hook/ld_library_path_lib.sh'
[7.750s] Level 1:colcon.colcon_core.environment:checking '/home/byd/src/ros2/service_interface_ws/install/service_interface_ws/bin'
[7.750s] Level 1:colcon.colcon_core.environment:checking '/home/byd/src/ros2/service_interface_ws/install/service_interface_ws/lib/pkgconfig/service_interface_ws.pc'
[7.751s] Level 1:colcon.colcon_core.environment:checking '/home/byd/src/ros2/service_interface_ws/install/service_interface_ws/lib/python3.10/site-packages'
[7.752s] Level 1:colcon.colcon_core.environment:checking '/home/byd/src/ros2/service_interface_ws/install/service_interface_ws/bin'
[7.753s] INFO:colcon.colcon_core.shell:Creating package script '/home/byd/src/ros2/service_interface_ws/install/service_interface_ws/share/service_interface_ws/package.ps1'
[7.755s] INFO:colcon.colcon_core.shell:Creating package descriptor '/home/byd/src/ros2/service_interface_ws/install/service_interface_ws/share/service_interface_ws/package.dsv'
[7.757s] INFO:colcon.colcon_core.shell:Creating package script '/home/byd/src/ros2/service_interface_ws/install/service_interface_ws/share/service_interface_ws/package.sh'
[7.760s] INFO:colcon.colcon_core.shell:Creating package script '/home/byd/src/ros2/service_interface_ws/install/service_interface_ws/share/service_interface_ws/package.bash'
[7.762s] INFO:colcon.colcon_core.shell:Creating package script '/home/byd/src/ros2/service_interface_ws/install/service_interface_ws/share/service_interface_ws/package.zsh'
[7.763s] Level 1:colcon.colcon_core.environment:create_file_with_runtime_dependencies(/home/byd/src/ros2/service_interface_ws/install/service_interface_ws/share/colcon-core/packages/service_interface_ws)
[7.849s] Level 1:colcon.colcon_core.environment:create_environment_scripts_only(service_interface_ws)
[7.851s] Level 1:colcon.colcon_core.environment:checking '/home/byd/src/ros2/service_interface_ws/install/service_interface_ws' for CMake module files
[7.853s] Level 1:colcon.colcon_core.environment:checking '/home/byd/src/ros2/service_interface_ws/install/service_interface_ws' for CMake config files
[7.856s] Level 1:colcon.colcon_core.shell:create_environment_hook('service_interface_ws', 'cmake_prefix_path')
[7.857s] INFO:colcon.colcon_core.shell:Creating environment hook '/home/byd/src/ros2/service_interface_ws/install/service_interface_ws/share/service_interface_ws/hook/cmake_prefix_path.ps1'
[7.859s] INFO:colcon.colcon_core.shell:Creating environment descriptor '/home/byd/src/ros2/service_interface_ws/install/service_interface_ws/share/service_interface_ws/hook/cmake_prefix_path.dsv'
[7.863s] INFO:colcon.colcon_core.shell:Creating environment hook '/home/byd/src/ros2/service_interface_ws/install/service_interface_ws/share/service_interface_ws/hook/cmake_prefix_path.sh'
[7.866s] Level 1:colcon.colcon_core.environment:checking '/home/byd/src/ros2/service_interface_ws/install/service_interface_ws/lib'
[7.866s] Level 1:colcon.colcon_core.shell:create_environment_hook('service_interface_ws', 'ld_library_path_lib')
[7.867s] INFO:colcon.colcon_core.shell:Creating environment hook '/home/byd/src/ros2/service_interface_ws/install/service_interface_ws/share/service_interface_ws/hook/ld_library_path_lib.ps1'
[7.868s] INFO:colcon.colcon_core.shell:Creating environment descriptor '/home/byd/src/ros2/service_interface_ws/install/service_interface_ws/share/service_interface_ws/hook/ld_library_path_lib.dsv'
[7.869s] INFO:colcon.colcon_core.shell:Creating environment hook '/home/byd/src/ros2/service_interface_ws/install/service_interface_ws/share/service_interface_ws/hook/ld_library_path_lib.sh'
[7.870s] Level 1:colcon.colcon_core.environment:checking '/home/byd/src/ros2/service_interface_ws/install/service_interface_ws/bin'
[7.871s] Level 1:colcon.colcon_core.environment:checking '/home/byd/src/ros2/service_interface_ws/install/service_interface_ws/lib/pkgconfig/service_interface_ws.pc'
[7.871s] Level 1:colcon.colcon_core.environment:checking '/home/byd/src/ros2/service_interface_ws/install/service_interface_ws/lib/python3.10/site-packages'
[7.872s] Level 1:colcon.colcon_core.environment:checking '/home/byd/src/ros2/service_interface_ws/install/service_interface_ws/bin'
[7.873s] INFO:colcon.colcon_core.shell:Creating package script '/home/byd/src/ros2/service_interface_ws/install/service_interface_ws/share/service_interface_ws/package.ps1'
[7.874s] INFO:colcon.colcon_core.shell:Creating package descriptor '/home/byd/src/ros2/service_interface_ws/install/service_interface_ws/share/service_interface_ws/package.dsv'
[7.876s] INFO:colcon.colcon_core.shell:Creating package script '/home/byd/src/ros2/service_interface_ws/install/service_interface_ws/share/service_interface_ws/package.sh'
[7.877s] INFO:colcon.colcon_core.shell:Creating package script '/home/byd/src/ros2/service_interface_ws/install/service_interface_ws/share/service_interface_ws/package.bash'
[7.878s] INFO:colcon.colcon_core.shell:Creating package script '/home/byd/src/ros2/service_interface_ws/install/service_interface_ws/share/service_interface_ws/package.zsh'
[7.879s] Level 1:colcon.colcon_core.environment:create_file_with_runtime_dependencies(/home/byd/src/ros2/service_interface_ws/install/service_interface_ws/share/colcon-core/packages/service_interface_ws)
[7.880s] DEBUG:colcon.colcon_parallel_executor.executor.parallel:closing loop
[7.881s] DEBUG:colcon.colcon_parallel_executor.executor.parallel:loop closed
[7.881s] DEBUG:colcon.colcon_parallel_executor.executor.parallel:run_until_complete finished with '0'
[7.881s] DEBUG:colcon.colcon_core.event_reactor:joining thread
[7.899s] INFO:colcon.colcon_core.plugin_system:Skipping extension 'colcon_notification.desktop_notification.terminal_notifier': Not used on non-Darwin systems
[7.899s] INFO:colcon.colcon_core.plugin_system:Skipping extension 'colcon_notification.desktop_notification.win32': Not used on non-Windows systems
[7.899s] INFO:colcon.colcon_notification.desktop_notification:Sending desktop notification using 'notify2'
[7.940s] DEBUG:colcon.colcon_core.event_reactor:joined thread
[7.941s] INFO:colcon.colcon_core.shell:Creating prefix script '/home/byd/src/ros2/service_interface_ws/install/local_setup.ps1'
[7.944s] INFO:colcon.colcon_core.shell:Creating prefix util module '/home/byd/src/ros2/service_interface_ws/install/_local_setup_util_ps1.py'
[7.947s] INFO:colcon.colcon_core.shell:Creating prefix chain script '/home/byd/src/ros2/service_interface_ws/install/setup.ps1'
[7.950s] INFO:colcon.colcon_core.shell:Creating prefix script '/home/byd/src/ros2/service_interface_ws/install/local_setup.sh'
[7.951s] INFO:colcon.colcon_core.shell:Creating prefix util module '/home/byd/src/ros2/service_interface_ws/install/_local_setup_util_sh.py'
[7.952s] INFO:colcon.colcon_core.shell:Creating prefix chain script '/home/byd/src/ros2/service_interface_ws/install/setup.sh'
[7.955s] INFO:colcon.colcon_core.shell:Creating prefix script '/home/byd/src/ros2/service_interface_ws/install/local_setup.bash'
[7.956s] INFO:colcon.colcon_core.shell:Creating prefix chain script '/home/byd/src/ros2/service_interface_ws/install/setup.bash'
[7.958s] INFO:colcon.colcon_core.shell:Creating prefix script '/home/byd/src/ros2/service_interface_ws/install/local_setup.zsh'
[7.959s] INFO:colcon.colcon_core.shell:Creating prefix chain script '/home/byd/src/ros2/service_interface_ws/install/setup.zsh'
