[0.053s] DEBUG:colcon:Command line arguments: ['/usr/bin/colcon', 'build']
[0.053s] DEBUG:colcon:Parsed command line arguments: Namespace(log_base=None, log_level=None, verb_name='build', build_base='build', install_base='install', merge_install=False, symlink_install=False, test_result_base=None, continue_on_error=False, executor='parallel', parallel_workers=16, event_handlers=None, ignore_user_meta=False, metas=['./colcon.meta'], base_paths=['.'], packages_ignore=None, packages_ignore_regex=None, paths=None, packages_up_to=None, packages_up_to_regex=None, packages_above=None, packages_above_and_dependencies=None, packages_above_depth=None, packages_select_by_dep=None, packages_skip_by_dep=None, packages_skip_up_to=None, packages_select_build_failed=False, packages_skip_build_finished=False, packages_select_test_failures=False, packages_skip_test_passed=False, packages_select=None, packages_skip=None, packages_select_regex=None, packages_skip_regex=None, packages_start=None, packages_end=None, allow_overriding=[], cmake_args=None, cmake_target=None, cmake_target_skip_unavailable=False, cmake_clean_cache=False, cmake_clean_first=False, cmake_force_configure=False, ament_cmake_args=None, catkin_cmake_args=None, catkin_skip_building_tests=False, verb_parser=<colcon_defaults.argument_parser.defaults.DefaultArgumentsDecorator object at 0x766d2477a920>, verb_extension=<colcon_core.verb.build.BuildVerb object at 0x766d2477a320>, main=<bound method BuildVerb.main of <colcon_core.verb.build.BuildVerb object at 0x766d2477a320>>)
[0.116s] Level 1:colcon.colcon_core.package_discovery:discover_packages(colcon_meta) check parameters
[0.116s] Level 1:colcon.colcon_core.package_discovery:discover_packages(recursive) check parameters
[0.116s] Level 1:colcon.colcon_core.package_discovery:discover_packages(ignore) check parameters
[0.116s] Level 1:colcon.colcon_core.package_discovery:discover_packages(path) check parameters
[0.116s] Level 1:colcon.colcon_core.package_discovery:discover_packages(colcon_meta) discover
[0.116s] Level 1:colcon.colcon_core.package_discovery:discover_packages(recursive) discover
[0.116s] INFO:colcon.colcon_core.package_discovery:Crawling recursively for packages in '/home/hawrk/Documents/GitHub/hawrk/ros2/dros_common_interfaces'
[0.116s] Level 1:colcon.colcon_core.package_identification:_identify(.) by extensions ['ignore', 'ignore_ament_install']
[0.116s] Level 1:colcon.colcon_core.package_identification:_identify(.) by extension 'ignore'
[0.116s] Level 1:colcon.colcon_core.package_identification:_identify(.) by extension 'ignore_ament_install'
[0.116s] Level 1:colcon.colcon_core.package_identification:_identify(.) by extensions ['colcon_pkg']
[0.116s] Level 1:colcon.colcon_core.package_identification:_identify(.) by extension 'colcon_pkg'
[0.116s] Level 1:colcon.colcon_core.package_identification:_identify(.) by extensions ['colcon_meta']
[0.116s] Level 1:colcon.colcon_core.package_identification:_identify(.) by extension 'colcon_meta'
[0.116s] Level 1:colcon.colcon_core.package_identification:_identify(.) by extensions ['ros']
[0.116s] Level 1:colcon.colcon_core.package_identification:_identify(.) by extension 'ros'
[0.128s] DEBUG:colcon.colcon_core.package_identification:Package '.' with type 'ros.ament_cmake' and name 'dros_common_interfaces'
[0.128s] Level 1:colcon.colcon_core.package_discovery:discover_packages(recursive) using defaults
[0.128s] Level 1:colcon.colcon_core.package_discovery:discover_packages(ignore) discover
[0.128s] Level 1:colcon.colcon_core.package_discovery:discover_packages(ignore) using defaults
[0.128s] Level 1:colcon.colcon_core.package_discovery:discover_packages(path) discover
[0.128s] Level 1:colcon.colcon_core.package_discovery:discover_packages(path) using defaults
[0.140s] Level 1:colcon.colcon_core.package_discovery:discover_packages(prefix_path) check parameters
[0.140s] Level 1:colcon.colcon_core.package_discovery:discover_packages(prefix_path) discover
[0.141s] DEBUG:colcon.colcon_installed_package_information.package_discovery:Found 279 installed packages in /opt/ros/humble
[0.142s] Level 1:colcon.colcon_core.package_discovery:discover_packages(prefix_path) using defaults
[0.167s] Level 5:colcon.colcon_core.verb:set package 'dros_common_interfaces' build argument 'cmake_args' from command line to 'None'
[0.167s] Level 5:colcon.colcon_core.verb:set package 'dros_common_interfaces' build argument 'cmake_target' from command line to 'None'
[0.167s] Level 5:colcon.colcon_core.verb:set package 'dros_common_interfaces' build argument 'cmake_target_skip_unavailable' from command line to 'False'
[0.167s] Level 5:colcon.colcon_core.verb:set package 'dros_common_interfaces' build argument 'cmake_clean_cache' from command line to 'False'
[0.167s] Level 5:colcon.colcon_core.verb:set package 'dros_common_interfaces' build argument 'cmake_clean_first' from command line to 'False'
[0.167s] Level 5:colcon.colcon_core.verb:set package 'dros_common_interfaces' build argument 'cmake_force_configure' from command line to 'False'
[0.167s] Level 5:colcon.colcon_core.verb:set package 'dros_common_interfaces' build argument 'ament_cmake_args' from command line to 'None'
[0.167s] Level 5:colcon.colcon_core.verb:set package 'dros_common_interfaces' build argument 'catkin_cmake_args' from command line to 'None'
[0.167s] Level 5:colcon.colcon_core.verb:set package 'dros_common_interfaces' build argument 'catkin_skip_building_tests' from command line to 'False'
[0.167s] DEBUG:colcon.colcon_core.verb:Building package 'dros_common_interfaces' with the following arguments: {'ament_cmake_args': None, 'build_base': '/home/hawrk/Documents/GitHub/hawrk/ros2/dros_common_interfaces/build/dros_common_interfaces', 'catkin_cmake_args': None, 'catkin_skip_building_tests': False, 'cmake_args': None, 'cmake_clean_cache': False, 'cmake_clean_first': False, 'cmake_force_configure': False, 'cmake_target': None, 'cmake_target_skip_unavailable': False, 'install_base': '/home/hawrk/Documents/GitHub/hawrk/ros2/dros_common_interfaces/install/dros_common_interfaces', 'merge_install': False, 'path': '/home/hawrk/Documents/GitHub/hawrk/ros2/dros_common_interfaces', 'symlink_install': False, 'test_result_base': None}
[0.167s] INFO:colcon.colcon_core.executor:Executing jobs using 'parallel' executor
[0.168s] DEBUG:colcon.colcon_parallel_executor.executor.parallel:run_until_complete
[0.168s] INFO:colcon.colcon_ros.task.ament_cmake.build:Building ROS package in '/home/hawrk/Documents/GitHub/hawrk/ros2/dros_common_interfaces' with build type 'ament_cmake'
[0.168s] INFO:colcon.colcon_cmake.task.cmake.build:Building CMake package in '/home/hawrk/Documents/GitHub/hawrk/ros2/dros_common_interfaces'
[0.170s] INFO:colcon.colcon_core.plugin_system:Skipping extension 'colcon_core.shell.bat': Not used on non-Windows systems
[0.170s] INFO:colcon.colcon_core.shell:Skip shell extension 'powershell' for command environment: Not usable outside of PowerShell
[0.170s] DEBUG:colcon.colcon_core.shell:Skip shell extension 'dsv' for command environment
[0.174s] DEBUG:colcon.colcon_core.event_handler.log_command:Invoking command in '/home/hawrk/Documents/GitHub/hawrk/ros2/dros_common_interfaces/build/dros_common_interfaces': /usr/bin/cmake /home/hawrk/Documents/GitHub/hawrk/ros2/dros_common_interfaces -DCMAKE_INSTALL_PREFIX=/home/hawrk/Documents/GitHub/hawrk/ros2/dros_common_interfaces/install/dros_common_interfaces
[0.368s] DEBUG:colcon.colcon_core.event_handler.log_command:Invoked command in '/home/hawrk/Documents/GitHub/hawrk/ros2/dros_common_interfaces/build/dros_common_interfaces' returned '1': /usr/bin/cmake /home/hawrk/Documents/GitHub/hawrk/ros2/dros_common_interfaces -DCMAKE_INSTALL_PREFIX=/home/hawrk/Documents/GitHub/hawrk/ros2/dros_common_interfaces/install/dros_common_interfaces
[0.376s] Level 1:colcon.colcon_core.environment:create_environment_scripts_only(dros_common_interfaces)
[0.377s] Level 1:colcon.colcon_core.environment:checking '/home/hawrk/Documents/GitHub/hawrk/ros2/dros_common_interfaces/install/dros_common_interfaces' for CMake module files
[0.377s] Level 1:colcon.colcon_core.environment:checking '/home/hawrk/Documents/GitHub/hawrk/ros2/dros_common_interfaces/install/dros_common_interfaces' for CMake config files
[0.378s] Level 1:colcon.colcon_core.environment:checking '/home/hawrk/Documents/GitHub/hawrk/ros2/dros_common_interfaces/install/dros_common_interfaces/bin'
[0.378s] Level 1:colcon.colcon_core.environment:checking '/home/hawrk/Documents/GitHub/hawrk/ros2/dros_common_interfaces/install/dros_common_interfaces/lib/pkgconfig/dros_common_interfaces.pc'
[0.378s] Level 1:colcon.colcon_core.environment:checking '/home/hawrk/Documents/GitHub/hawrk/ros2/dros_common_interfaces/install/dros_common_interfaces/lib/python3.10/site-packages'
[0.378s] Level 1:colcon.colcon_core.environment:checking '/home/hawrk/Documents/GitHub/hawrk/ros2/dros_common_interfaces/install/dros_common_interfaces/bin'
[0.378s] INFO:colcon.colcon_core.shell:Creating package script '/home/hawrk/Documents/GitHub/hawrk/ros2/dros_common_interfaces/install/dros_common_interfaces/share/dros_common_interfaces/package.ps1'
[0.379s] INFO:colcon.colcon_core.shell:Creating package descriptor '/home/hawrk/Documents/GitHub/hawrk/ros2/dros_common_interfaces/install/dros_common_interfaces/share/dros_common_interfaces/package.dsv'
[0.379s] INFO:colcon.colcon_core.shell:Creating package script '/home/hawrk/Documents/GitHub/hawrk/ros2/dros_common_interfaces/install/dros_common_interfaces/share/dros_common_interfaces/package.sh'
[0.379s] INFO:colcon.colcon_core.shell:Creating package script '/home/hawrk/Documents/GitHub/hawrk/ros2/dros_common_interfaces/install/dros_common_interfaces/share/dros_common_interfaces/package.bash'
[0.380s] INFO:colcon.colcon_core.shell:Creating package script '/home/hawrk/Documents/GitHub/hawrk/ros2/dros_common_interfaces/install/dros_common_interfaces/share/dros_common_interfaces/package.zsh'
[0.380s] Level 1:colcon.colcon_core.environment:create_file_with_runtime_dependencies(/home/hawrk/Documents/GitHub/hawrk/ros2/dros_common_interfaces/install/dros_common_interfaces/share/colcon-core/packages/dros_common_interfaces)
[0.390s] DEBUG:colcon.colcon_parallel_executor.executor.parallel:closing loop
[0.390s] DEBUG:colcon.colcon_parallel_executor.executor.parallel:loop closed
[0.390s] DEBUG:colcon.colcon_parallel_executor.executor.parallel:run_until_complete finished with '1'
[0.391s] DEBUG:colcon.colcon_core.event_reactor:joining thread
[0.394s] INFO:colcon.colcon_core.plugin_system:Skipping extension 'colcon_notification.desktop_notification.terminal_notifier': Not used on non-Darwin systems
[0.394s] INFO:colcon.colcon_core.plugin_system:Skipping extension 'colcon_notification.desktop_notification.win32': Not used on non-Windows systems
[0.394s] INFO:colcon.colcon_notification.desktop_notification:Sending desktop notification using 'notify2'
[0.407s] DEBUG:colcon.colcon_core.event_reactor:joined thread
[0.408s] INFO:colcon.colcon_core.shell:Creating prefix script '/home/hawrk/Documents/GitHub/hawrk/ros2/dros_common_interfaces/install/local_setup.ps1'
[0.408s] INFO:colcon.colcon_core.shell:Creating prefix util module '/home/hawrk/Documents/GitHub/hawrk/ros2/dros_common_interfaces/install/_local_setup_util_ps1.py'
[0.409s] INFO:colcon.colcon_core.shell:Creating prefix chain script '/home/hawrk/Documents/GitHub/hawrk/ros2/dros_common_interfaces/install/setup.ps1'
[0.410s] INFO:colcon.colcon_core.shell:Creating prefix script '/home/hawrk/Documents/GitHub/hawrk/ros2/dros_common_interfaces/install/local_setup.sh'
[0.410s] INFO:colcon.colcon_core.shell:Creating prefix util module '/home/hawrk/Documents/GitHub/hawrk/ros2/dros_common_interfaces/install/_local_setup_util_sh.py'
[0.410s] INFO:colcon.colcon_core.shell:Creating prefix chain script '/home/hawrk/Documents/GitHub/hawrk/ros2/dros_common_interfaces/install/setup.sh'
[0.410s] INFO:colcon.colcon_core.shell:Creating prefix script '/home/hawrk/Documents/GitHub/hawrk/ros2/dros_common_interfaces/install/local_setup.bash'
[0.411s] INFO:colcon.colcon_core.shell:Creating prefix chain script '/home/hawrk/Documents/GitHub/hawrk/ros2/dros_common_interfaces/install/setup.bash'
[0.411s] INFO:colcon.colcon_core.shell:Creating prefix script '/home/hawrk/Documents/GitHub/hawrk/ros2/dros_common_interfaces/install/local_setup.zsh'
[0.411s] INFO:colcon.colcon_core.shell:Creating prefix chain script '/home/hawrk/Documents/GitHub/hawrk/ros2/dros_common_interfaces/install/setup.zsh'
