[0.018s] Invoking command in '/home/byd/src/ros2/hk_camera_ws/build/hk_camera_ws': CMAKE_PREFIX_PATH=${CMAKE_PREFIX_PATH}:/opt/ros/humble /usr/bin/cmake --build /home/byd/src/ros2/hk_camera_ws/build/hk_camera_ws -- -j8 -l8
[0.100s] [35m[1mConsolidate compiler generated dependencies of target camera[0m
[0.139s] [ 50%] [32mBuilding CXX object CMakeFiles/camera.dir/src/camera.cpp.o[0m
[8.298s] In file included from [01m[K/home/byd/src/ros2/hk_camera_ws/src/camera.cpp:15[m[K:
[8.298s] [01m[K/home/byd/src/ros2/hk_camera_ws/include/hk_camera_ws/hk_camera.hpp:[m[K In member function ‘[01m[Kint HKCamera::start_camera()[m[K’:
[8.298s] [01m[K/home/byd/src/ros2/hk_camera_ws/include/hk_camera_ws/hk_camera.hpp:120:9:[m[K [01;35m[Kwarning: [m[Kvariable ‘[01m[KnRet[m[K’ set but not used [[01;35m[K]8;;https://gcc.gnu.org/onlinedocs/gcc/Warning-Options.html#index-Wunused-but-set-variable-Wunused-but-set-variable]8;;[m[K]
[8.298s]   120 |     int [01;35m[KnRet[m[K = MV_OK;
[8.299s]       |         [01;35m[K^~~~[m[K
[8.341s] [01m[K/home/byd/src/ros2/hk_camera_ws/src/camera.cpp:[m[K In member function ‘[01m[Kvoid CameraNode::image_publishing()[m[K’:
[8.341s] [01m[K/home/byd/src/ros2/hk_camera_ws/src/camera.cpp:41:30:[m[K [01;31m[Kerror: [m[Kno matching function for call to ‘[01m[KHKCamera::work_thread(std::_Bind_helper<false, void (CameraNode::*)(unsigned char*, _MV_FRAME_OUT_INFO_EX_*), CameraNode*, const std::_Placeholder<1>&, const std::_Placeholder<2>&>::type, void*)[m[K’
[8.341s]    41 |       [01;31m[Khk_camera_->work_thread(std::bind(&CameraNode::publishing,this, std::placeholders::_1,std::placeholders::_2),hk_camera_->get_handle())[m[K;
[8.341s]       |       [01;31m[K~~~~~~~~~~~~~~~~~~~~~~~^~~~~~~~~~~~~~~~~~~~~~~~~~~~~~~~~~~~~~~~~~~~~~~~~~~~~~~~~~~~~~~~~~~~~~~~~~~~~~~~~~~~~~~~~~~~~~~~~~~~~~~~~~~~~~~[m[K
[8.341s] In file included from [01m[K/home/byd/src/ros2/hk_camera_ws/src/camera.cpp:15[m[K:
[8.341s] [01m[K/home/byd/src/ros2/hk_camera_ws/include/hk_camera_ws/hk_camera.hpp:139:7:[m[K [01;36m[Knote: [m[Kcandidate: ‘[01m[Kstatic void* HKCamera::work_thread(void*)[m[K’
[8.342s]   139 | void *[01;36m[KHKCamera[m[K::work_thread( void* handle) {
[8.342s]       |       [01;36m[K^~~~~~~~[m[K
[8.342s] [01m[K/home/byd/src/ros2/hk_camera_ws/include/hk_camera_ws/hk_camera.hpp:139:7:[m[K [01;36m[Knote: [m[K  candidate expects 1 argument, 2 provided
[10.853s] gmake[2]: *** [CMakeFiles/camera.dir/build.make:76：CMakeFiles/camera.dir/src/camera.cpp.o] 错误 1
[10.854s] gmake[1]: *** [CMakeFiles/Makefile2:137：CMakeFiles/camera.dir/all] 错误 2
[10.854s] gmake: *** [Makefile:146：all] 错误 2
[10.862s] Invoked command in '/home/byd/src/ros2/hk_camera_ws/build/hk_camera_ws' returned '2': CMAKE_PREFIX_PATH=${CMAKE_PREFIX_PATH}:/opt/ros/humble /usr/bin/cmake --build /home/byd/src/ros2/hk_camera_ws/build/hk_camera_ws -- -j8 -l8
