[0.238s] DEBUG:colcon:Command line arguments: ['/usr/bin/colcon', 'build']
[0.239s] DEBUG:colcon:Parsed command line arguments: Namespace(log_base=None, log_level=None, verb_name='build', build_base='build', install_base='install', merge_install=False, symlink_install=False, test_result_base=None, continue_on_error=False, executor='parallel', parallel_workers=8, event_handlers=None, ignore_user_meta=False, metas=['./colcon.meta'], base_paths=['.'], packages_ignore=None, packages_ignore_regex=None, paths=None, packages_up_to=None, packages_up_to_regex=None, packages_above=None, packages_above_and_dependencies=None, packages_above_depth=None, packages_select_by_dep=None, packages_skip_by_dep=None, packages_skip_up_to=None, packages_select_build_failed=False, packages_skip_build_finished=False, packages_select_test_failures=False, packages_skip_test_passed=False, packages_select=None, packages_skip=None, packages_select_regex=None, packages_skip_regex=None, packages_start=None, packages_end=None, allow_overriding=[], cmake_args=None, cmake_target=None, cmake_target_skip_unavailable=False, cmake_clean_cache=False, cmake_clean_first=False, cmake_force_configure=False, ament_cmake_args=None, catkin_cmake_args=None, catkin_skip_building_tests=False, mixin_files=None, mixin=None, verb_parser=<colcon_mixin.mixin.mixin_argument.MixinArgumentDecorator object at 0xffff920deef0>, verb_extension=<colcon_core.verb.build.BuildVerb object at 0xffff922b4580>, main=<bound method BuildVerb.main of <colcon_core.verb.build.BuildVerb object at 0xffff922b4580>>, mixin_verb=('build',))
[0.582s] Level 1:colcon.colcon_core.package_discovery:discover_packages(colcon_meta) check parameters
[0.583s] Level 1:colcon.colcon_core.package_discovery:discover_packages(recursive) check parameters
[0.583s] Level 1:colcon.colcon_core.package_discovery:discover_packages(ignore) check parameters
[0.583s] Level 1:colcon.colcon_core.package_discovery:discover_packages(path) check parameters
[0.583s] Level 1:colcon.colcon_core.package_discovery:discover_packages(colcon_meta) discover
[0.583s] Level 1:colcon.colcon_core.package_discovery:discover_packages(recursive) discover
[0.584s] INFO:colcon.colcon_core.package_discovery:Crawling recursively for packages in '/home/byd/src/ros2/param_ws'
[0.584s] Level 1:colcon.colcon_core.package_identification:_identify(.) by extensions ['ignore', 'ignore_ament_install']
[0.584s] Level 1:colcon.colcon_core.package_identification:_identify(.) by extension 'ignore'
[0.584s] Level 1:colcon.colcon_core.package_identification:_identify(.) by extension 'ignore_ament_install'
[0.585s] Level 1:colcon.colcon_core.package_identification:_identify(.) by extensions ['colcon_pkg']
[0.585s] Level 1:colcon.colcon_core.package_identification:_identify(.) by extension 'colcon_pkg'
[0.585s] Level 1:colcon.colcon_core.package_identification:_identify(.) by extensions ['colcon_meta']
[0.585s] Level 1:colcon.colcon_core.package_identification:_identify(.) by extension 'colcon_meta'
[0.585s] Level 1:colcon.colcon_core.package_identification:_identify(.) by extensions ['ros']
[0.585s] Level 1:colcon.colcon_core.package_identification:_identify(.) by extension 'ros'
[0.616s] DEBUG:colcon.colcon_core.package_identification:Package '.' with type 'ros.ament_cmake' and name 'param_ws'
[0.616s] Level 1:colcon.colcon_core.package_discovery:discover_packages(recursive) using defaults
[0.616s] Level 1:colcon.colcon_core.package_discovery:discover_packages(ignore) discover
[0.616s] Level 1:colcon.colcon_core.package_discovery:discover_packages(ignore) using defaults
[0.616s] Level 1:colcon.colcon_core.package_discovery:discover_packages(path) discover
[0.616s] Level 1:colcon.colcon_core.package_discovery:discover_packages(path) using defaults
[0.659s] Level 1:colcon.colcon_core.package_discovery:discover_packages(prefix_path) check parameters
[0.659s] Level 1:colcon.colcon_core.package_discovery:discover_packages(prefix_path) discover
[0.663s] DEBUG:colcon.colcon_installed_package_information.package_discovery:Found 1 installed packages in /home/byd/src/ros2/action_ws/install
[0.664s] DEBUG:colcon.colcon_installed_package_information.package_discovery:Found 1 installed packages in /home/byd/src/ros2/action_interface_ws/install
[0.665s] DEBUG:colcon.colcon_installed_package_information.package_discovery:Found 1 installed packages in /home/byd/src/ros2/service_ws/install
[0.666s] DEBUG:colcon.colcon_installed_package_information.package_discovery:Found 1 installed packages in /home/byd/src/ros2/service_interface_ws/install
[0.666s] DEBUG:colcon.colcon_installed_package_information.package_discovery:Found 1 installed packages in /home/byd/src/ros2/topic_ws/install
[0.668s] DEBUG:colcon.colcon_installed_package_information.package_discovery:Found 270 installed packages in /opt/ros/humble
[0.671s] Level 1:colcon.colcon_core.package_discovery:discover_packages(prefix_path) using defaults
[0.801s] Level 5:colcon.colcon_core.verb:set package 'param_ws' build argument 'cmake_args' from command line to 'None'
[0.801s] Level 5:colcon.colcon_core.verb:set package 'param_ws' build argument 'cmake_target' from command line to 'None'
[0.801s] Level 5:colcon.colcon_core.verb:set package 'param_ws' build argument 'cmake_target_skip_unavailable' from command line to 'False'
[0.801s] Level 5:colcon.colcon_core.verb:set package 'param_ws' build argument 'cmake_clean_cache' from command line to 'False'
[0.801s] Level 5:colcon.colcon_core.verb:set package 'param_ws' build argument 'cmake_clean_first' from command line to 'False'
[0.801s] Level 5:colcon.colcon_core.verb:set package 'param_ws' build argument 'cmake_force_configure' from command line to 'False'
[0.801s] Level 5:colcon.colcon_core.verb:set package 'param_ws' build argument 'ament_cmake_args' from command line to 'None'
[0.801s] Level 5:colcon.colcon_core.verb:set package 'param_ws' build argument 'catkin_cmake_args' from command line to 'None'
[0.801s] Level 5:colcon.colcon_core.verb:set package 'param_ws' build argument 'catkin_skip_building_tests' from command line to 'False'
[0.801s] DEBUG:colcon.colcon_core.verb:Building package 'param_ws' with the following arguments: {'ament_cmake_args': None, 'build_base': '/home/byd/src/ros2/param_ws/build/param_ws', 'catkin_cmake_args': None, 'catkin_skip_building_tests': False, 'cmake_args': None, 'cmake_clean_cache': False, 'cmake_clean_first': False, 'cmake_force_configure': False, 'cmake_target': None, 'cmake_target_skip_unavailable': False, 'install_base': '/home/byd/src/ros2/param_ws/install/param_ws', 'merge_install': False, 'path': '/home/byd/src/ros2/param_ws', 'symlink_install': False, 'test_result_base': None}
[0.802s] INFO:colcon.colcon_core.executor:Executing jobs using 'parallel' executor
[0.805s] DEBUG:colcon.colcon_parallel_executor.executor.parallel:run_until_complete
[0.805s] INFO:colcon.colcon_ros.task.ament_cmake.build:Building ROS package in '/home/byd/src/ros2/param_ws' with build type 'ament_cmake'
[0.806s] INFO:colcon.colcon_cmake.task.cmake.build:Building CMake package in '/home/byd/src/ros2/param_ws'
[0.810s] INFO:colcon.colcon_core.plugin_system:Skipping extension 'colcon_core.shell.bat': Not used on non-Windows systems
[0.810s] INFO:colcon.colcon_core.shell:Skip shell extension 'powershell' for command environment: Not usable outside of PowerShell
[0.810s] DEBUG:colcon.colcon_core.shell:Skip shell extension 'dsv' for command environment
[0.830s] DEBUG:colcon.colcon_core.event_handler.log_command:Invoking command in '/home/byd/src/ros2/param_ws/build/param_ws': CMAKE_PREFIX_PATH=${CMAKE_PREFIX_PATH}:/opt/ros/humble /usr/bin/cmake /home/byd/src/ros2/param_ws -DCMAKE_INSTALL_PREFIX=/home/byd/src/ros2/param_ws/install/param_ws
[2.973s] DEBUG:colcon.colcon_core.event_handler.log_command:Invoked command in '/home/byd/src/ros2/param_ws/build/param_ws' returned '0': CMAKE_PREFIX_PATH=${CMAKE_PREFIX_PATH}:/opt/ros/humble /usr/bin/cmake /home/byd/src/ros2/param_ws -DCMAKE_INSTALL_PREFIX=/home/byd/src/ros2/param_ws/install/param_ws
[2.977s] DEBUG:colcon.colcon_core.event_handler.log_command:Invoking command in '/home/byd/src/ros2/param_ws/build/param_ws': CMAKE_PREFIX_PATH=${CMAKE_PREFIX_PATH}:/opt/ros/humble /usr/bin/cmake --build /home/byd/src/ros2/param_ws/build/param_ws -- -j8 -l8
[10.172s] DEBUG:colcon.colcon_core.event_handler.log_command:Invoked command in '/home/byd/src/ros2/param_ws/build/param_ws' returned '0': CMAKE_PREFIX_PATH=${CMAKE_PREFIX_PATH}:/opt/ros/humble /usr/bin/cmake --build /home/byd/src/ros2/param_ws/build/param_ws -- -j8 -l8
[10.245s] DEBUG:colcon.colcon_core.event_handler.log_command:Invoking command in '/home/byd/src/ros2/param_ws/build/param_ws': CMAKE_PREFIX_PATH=${CMAKE_PREFIX_PATH}:/opt/ros/humble /usr/bin/cmake --install /home/byd/src/ros2/param_ws/build/param_ws
[10.272s] Level 1:colcon.colcon_core.environment:create_environment_scripts_only(param_ws)
[10.274s] DEBUG:colcon.colcon_core.event_handler.log_command:Invoked command in '/home/byd/src/ros2/param_ws/build/param_ws' returned '0': CMAKE_PREFIX_PATH=${CMAKE_PREFIX_PATH}:/opt/ros/humble /usr/bin/cmake --install /home/byd/src/ros2/param_ws/build/param_ws
[10.280s] Level 1:colcon.colcon_core.environment:checking '/home/byd/src/ros2/param_ws/install/param_ws' for CMake module files
[10.281s] Level 1:colcon.colcon_core.environment:checking '/home/byd/src/ros2/param_ws/install/param_ws' for CMake config files
[10.282s] Level 1:colcon.colcon_core.shell:create_environment_hook('param_ws', 'cmake_prefix_path')
[10.283s] INFO:colcon.colcon_core.shell:Creating environment hook '/home/byd/src/ros2/param_ws/install/param_ws/share/param_ws/hook/cmake_prefix_path.ps1'
[10.285s] INFO:colcon.colcon_core.shell:Creating environment descriptor '/home/byd/src/ros2/param_ws/install/param_ws/share/param_ws/hook/cmake_prefix_path.dsv'
[10.286s] INFO:colcon.colcon_core.shell:Creating environment hook '/home/byd/src/ros2/param_ws/install/param_ws/share/param_ws/hook/cmake_prefix_path.sh'
[10.289s] Level 1:colcon.colcon_core.environment:checking '/home/byd/src/ros2/param_ws/install/param_ws/lib'
[10.289s] Level 1:colcon.colcon_core.environment:checking '/home/byd/src/ros2/param_ws/install/param_ws/bin'
[10.290s] Level 1:colcon.colcon_core.environment:checking '/home/byd/src/ros2/param_ws/install/param_ws/lib/pkgconfig/param_ws.pc'
[10.290s] Level 1:colcon.colcon_core.environment:checking '/home/byd/src/ros2/param_ws/install/param_ws/lib/python3.10/site-packages'
[10.291s] Level 1:colcon.colcon_core.environment:checking '/home/byd/src/ros2/param_ws/install/param_ws/bin'
[10.292s] INFO:colcon.colcon_core.shell:Creating package script '/home/byd/src/ros2/param_ws/install/param_ws/share/param_ws/package.ps1'
[10.294s] INFO:colcon.colcon_core.shell:Creating package descriptor '/home/byd/src/ros2/param_ws/install/param_ws/share/param_ws/package.dsv'
[10.295s] INFO:colcon.colcon_core.shell:Creating package script '/home/byd/src/ros2/param_ws/install/param_ws/share/param_ws/package.sh'
[10.301s] INFO:colcon.colcon_core.shell:Creating package script '/home/byd/src/ros2/param_ws/install/param_ws/share/param_ws/package.bash'
[10.303s] INFO:colcon.colcon_core.shell:Creating package script '/home/byd/src/ros2/param_ws/install/param_ws/share/param_ws/package.zsh'
[10.304s] Level 1:colcon.colcon_core.environment:create_file_with_runtime_dependencies(/home/byd/src/ros2/param_ws/install/param_ws/share/colcon-core/packages/param_ws)
[10.348s] Level 1:colcon.colcon_core.environment:create_environment_scripts_only(param_ws)
[10.349s] Level 1:colcon.colcon_core.environment:checking '/home/byd/src/ros2/param_ws/install/param_ws' for CMake module files
[10.350s] Level 1:colcon.colcon_core.environment:checking '/home/byd/src/ros2/param_ws/install/param_ws' for CMake config files
[10.351s] Level 1:colcon.colcon_core.shell:create_environment_hook('param_ws', 'cmake_prefix_path')
[10.352s] INFO:colcon.colcon_core.shell:Creating environment hook '/home/byd/src/ros2/param_ws/install/param_ws/share/param_ws/hook/cmake_prefix_path.ps1'
[10.353s] INFO:colcon.colcon_core.shell:Creating environment descriptor '/home/byd/src/ros2/param_ws/install/param_ws/share/param_ws/hook/cmake_prefix_path.dsv'
[10.355s] INFO:colcon.colcon_core.shell:Creating environment hook '/home/byd/src/ros2/param_ws/install/param_ws/share/param_ws/hook/cmake_prefix_path.sh'
[10.357s] Level 1:colcon.colcon_core.environment:checking '/home/byd/src/ros2/param_ws/install/param_ws/lib'
[10.357s] Level 1:colcon.colcon_core.environment:checking '/home/byd/src/ros2/param_ws/install/param_ws/bin'
[10.357s] Level 1:colcon.colcon_core.environment:checking '/home/byd/src/ros2/param_ws/install/param_ws/lib/pkgconfig/param_ws.pc'
[10.358s] Level 1:colcon.colcon_core.environment:checking '/home/byd/src/ros2/param_ws/install/param_ws/lib/python3.10/site-packages'
[10.359s] Level 1:colcon.colcon_core.environment:checking '/home/byd/src/ros2/param_ws/install/param_ws/bin'
[10.360s] INFO:colcon.colcon_core.shell:Creating package script '/home/byd/src/ros2/param_ws/install/param_ws/share/param_ws/package.ps1'
[10.362s] INFO:colcon.colcon_core.shell:Creating package descriptor '/home/byd/src/ros2/param_ws/install/param_ws/share/param_ws/package.dsv'
[10.363s] INFO:colcon.colcon_core.shell:Creating package script '/home/byd/src/ros2/param_ws/install/param_ws/share/param_ws/package.sh'
[10.364s] INFO:colcon.colcon_core.shell:Creating package script '/home/byd/src/ros2/param_ws/install/param_ws/share/param_ws/package.bash'
[10.365s] INFO:colcon.colcon_core.shell:Creating package script '/home/byd/src/ros2/param_ws/install/param_ws/share/param_ws/package.zsh'
[10.366s] Level 1:colcon.colcon_core.environment:create_file_with_runtime_dependencies(/home/byd/src/ros2/param_ws/install/param_ws/share/colcon-core/packages/param_ws)
[10.367s] DEBUG:colcon.colcon_parallel_executor.executor.parallel:closing loop
[10.367s] DEBUG:colcon.colcon_parallel_executor.executor.parallel:loop closed
[10.368s] DEBUG:colcon.colcon_parallel_executor.executor.parallel:run_until_complete finished with '0'
[10.368s] DEBUG:colcon.colcon_core.event_reactor:joining thread
[10.382s] INFO:colcon.colcon_core.plugin_system:Skipping extension 'colcon_notification.desktop_notification.terminal_notifier': Not used on non-Darwin systems
[10.382s] INFO:colcon.colcon_core.plugin_system:Skipping extension 'colcon_notification.desktop_notification.win32': Not used on non-Windows systems
[10.382s] INFO:colcon.colcon_notification.desktop_notification:Sending desktop notification using 'notify2'
[10.429s] DEBUG:colcon.colcon_core.event_reactor:joined thread
[10.431s] INFO:colcon.colcon_core.shell:Creating prefix script '/home/byd/src/ros2/param_ws/install/local_setup.ps1'
[10.433s] INFO:colcon.colcon_core.shell:Creating prefix util module '/home/byd/src/ros2/param_ws/install/_local_setup_util_ps1.py'
[10.436s] INFO:colcon.colcon_core.shell:Creating prefix chain script '/home/byd/src/ros2/param_ws/install/setup.ps1'
[10.439s] INFO:colcon.colcon_core.shell:Creating prefix script '/home/byd/src/ros2/param_ws/install/local_setup.sh'
[10.440s] INFO:colcon.colcon_core.shell:Creating prefix util module '/home/byd/src/ros2/param_ws/install/_local_setup_util_sh.py'
[10.441s] INFO:colcon.colcon_core.shell:Creating prefix chain script '/home/byd/src/ros2/param_ws/install/setup.sh'
[10.445s] INFO:colcon.colcon_core.shell:Creating prefix script '/home/byd/src/ros2/param_ws/install/local_setup.bash'
[10.446s] INFO:colcon.colcon_core.shell:Creating prefix chain script '/home/byd/src/ros2/param_ws/install/setup.bash'
[10.448s] INFO:colcon.colcon_core.shell:Creating prefix script '/home/byd/src/ros2/param_ws/install/local_setup.zsh'
[10.449s] INFO:colcon.colcon_core.shell:Creating prefix chain script '/home/byd/src/ros2/param_ws/install/setup.zsh'
