[0.032s] Invoking command in '/home/byd/src/ros2/topic_ws/build/topic_ws': CMAKE_PREFIX_PATH=/opt/ros/humble /usr/bin/cmake /home/byd/src/ros2/topic_ws -DCMAKE_INSTALL_PREFIX=/home/byd/src/ros2/topic_ws/install/topic_ws
[0.143s] -- The C compiler identification is GNU 11.4.0
[0.244s] -- The CXX compiler identification is GNU 11.4.0
[0.260s] -- Detecting C compiler ABI info
[0.400s] -- Detecting C compiler ABI info - done
[0.415s] -- Check for working C compiler: /usr/bin/cc - skipped
[0.416s] -- Detecting C compile features
[0.416s] -- Detecting C compile features - done
[0.422s] -- Detecting CXX compiler ABI info
[0.577s] -- Detecting CXX compiler ABI info - done
[0.600s] -- Check for working CXX compiler: /usr/bin/c++ - skipped
[0.601s] -- Detecting CXX compile features
[0.602s] -- Detecting CXX compile features - done
[0.608s] -- Found ament_cmake: 1.3.10 (/opt/ros/humble/share/ament_cmake/cmake)
[0.928s] -- Found Python3: /usr/bin/python3 (found version "3.10.12") found components: Interpreter 
[1.125s] -- Found rclcpp: 16.0.10 (/opt/ros/humble/share/rclcpp/cmake)
[1.193s] -- Found rosidl_generator_c: 3.1.5 (/opt/ros/humble/share/rosidl_generator_c/cmake)
[1.200s] -- Found rosidl_adapter: 3.1.5 (/opt/ros/humble/share/rosidl_adapter/cmake)
[1.212s] -- Found rosidl_generator_cpp: 3.1.5 (/opt/ros/humble/share/rosidl_generator_cpp/cmake)
[1.231s] -- Using all available rosidl_typesupport_c: rosidl_typesupport_fastrtps_c;rosidl_typesupport_introspection_c
[1.258s] -- Using all available rosidl_typesupport_cpp: rosidl_typesupport_fastrtps_cpp;rosidl_typesupport_introspection_cpp
[1.323s] -- Found rmw_implementation_cmake: 6.1.2 (/opt/ros/humble/share/rmw_implementation_cmake/cmake)
[1.327s] -- Found rmw_fastrtps_cpp: 6.2.7 (/opt/ros/humble/share/rmw_fastrtps_cpp/cmake)
[1.535s] -- Found OpenSSL: /usr/lib/aarch64-linux-gnu/libcrypto.so (found version "3.0.2")  
[1.579s] -- Found FastRTPS: /opt/ros/humble/include  
[1.646s] -- Using RMW implementation 'rmw_fastrtps_cpp' as default
[1.658s] -- Looking for pthread.h
[1.771s] -- Looking for pthread.h - found
[1.772s] -- Performing Test CMAKE_HAVE_LIBC_PTHREAD
[1.888s] -- Performing Test CMAKE_HAVE_LIBC_PTHREAD - Success
[1.892s] -- Found Threads: TRUE  
[1.986s] -- Found ament_lint_auto: 0.12.11 (/opt/ros/humble/share/ament_lint_auto/cmake)
[2.133s] -- Added test 'cppcheck' to perform static code analysis on C / C++ code
[2.133s] -- Configured cppcheck include dirs: $<BUILD_INTERFACE:/home/byd/src/ros2/topic_ws/include>
[2.133s] -- Configured cppcheck exclude dirs and/or files: 
[2.140s] -- Added test 'lint_cmake' to check CMake code style
[2.157s] -- Added test 'uncrustify' to check C / C++ code style
[2.157s] -- Configured uncrustify additional arguments: 
[2.160s] -- Added test 'xmllint' to check XML markup files
[2.162s] -- Configuring done
[2.179s] -- Generating done
[2.182s] -- Build files have been written to: /home/byd/src/ros2/topic_ws/build/topic_ws
[2.208s] Invoked command in '/home/byd/src/ros2/topic_ws/build/topic_ws' returned '0': CMAKE_PREFIX_PATH=/opt/ros/humble /usr/bin/cmake /home/byd/src/ros2/topic_ws -DCMAKE_INSTALL_PREFIX=/home/byd/src/ros2/topic_ws/install/topic_ws
[2.212s] Invoking command in '/home/byd/src/ros2/topic_ws/build/topic_ws': CMAKE_PREFIX_PATH=/opt/ros/humble /usr/bin/cmake --build /home/byd/src/ros2/topic_ws/build/topic_ws -- -j8 -l8
[2.291s] [ 50%] [32mBuilding CXX object CMakeFiles/publisher.dir/src/publisher.cpp.o[0m
[11.790s] [100%] [32m[1mLinking CXX executable publisher[0m
[12.337s] [100%] Built target publisher
[12.368s] Invoked command in '/home/byd/src/ros2/topic_ws/build/topic_ws' returned '0': CMAKE_PREFIX_PATH=/opt/ros/humble /usr/bin/cmake --build /home/byd/src/ros2/topic_ws/build/topic_ws -- -j8 -l8
[12.431s] Invoking command in '/home/byd/src/ros2/topic_ws/build/topic_ws': CMAKE_PREFIX_PATH=/opt/ros/humble /usr/bin/cmake --install /home/byd/src/ros2/topic_ws/build/topic_ws
[12.448s] -- Install configuration: ""
[12.449s] -- Installing: /home/byd/src/ros2/topic_ws/install/topic_ws/lib/topic_ws/publisher
[12.452s] -- Set runtime path of "/home/byd/src/ros2/topic_ws/install/topic_ws/lib/topic_ws/publisher" to ""
[12.453s] -- Installing: /home/byd/src/ros2/topic_ws/install/topic_ws/share/ament_index/resource_index/package_run_dependencies/topic_ws
[12.453s] -- Installing: /home/byd/src/ros2/topic_ws/install/topic_ws/share/ament_index/resource_index/parent_prefix_path/topic_ws
[12.454s] -- Installing: /home/byd/src/ros2/topic_ws/install/topic_ws/share/topic_ws/environment/ament_prefix_path.sh
[12.454s] -- Installing: /home/byd/src/ros2/topic_ws/install/topic_ws/share/topic_ws/environment/ament_prefix_path.dsv
[12.454s] -- Installing: /home/byd/src/ros2/topic_ws/install/topic_ws/share/topic_ws/environment/path.sh
[12.455s] -- Installing: /home/byd/src/ros2/topic_ws/install/topic_ws/share/topic_ws/environment/path.dsv
[12.455s] -- Installing: /home/byd/src/ros2/topic_ws/install/topic_ws/share/topic_ws/local_setup.bash
[12.455s] -- Installing: /home/byd/src/ros2/topic_ws/install/topic_ws/share/topic_ws/local_setup.sh
[12.455s] -- Installing: /home/byd/src/ros2/topic_ws/install/topic_ws/share/topic_ws/local_setup.zsh
[12.455s] -- Installing: /home/byd/src/ros2/topic_ws/install/topic_ws/share/topic_ws/local_setup.dsv
[12.456s] -- Installing: /home/byd/src/ros2/topic_ws/install/topic_ws/share/topic_ws/package.dsv
[12.456s] -- Installing: /home/byd/src/ros2/topic_ws/install/topic_ws/share/ament_index/resource_index/packages/topic_ws
[12.456s] -- Installing: /home/byd/src/ros2/topic_ws/install/topic_ws/share/topic_ws/cmake/topic_wsConfig.cmake
[12.456s] -- Installing: /home/byd/src/ros2/topic_ws/install/topic_ws/share/topic_ws/cmake/topic_wsConfig-version.cmake
[12.457s] -- Installing: /home/byd/src/ros2/topic_ws/install/topic_ws/share/topic_ws/package.xml
[12.463s] Invoked command in '/home/byd/src/ros2/topic_ws/build/topic_ws' returned '0': CMAKE_PREFIX_PATH=/opt/ros/humble /usr/bin/cmake --install /home/byd/src/ros2/topic_ws/build/topic_ws
