[0.209s] DEBUG:colcon:Command line arguments: ['/usr/bin/colcon', 'build']
[0.209s] DEBUG:colcon:Parsed command line arguments: Namespace(log_base=None, log_level=None, verb_name='build', build_base='build', install_base='install', merge_install=False, symlink_install=False, test_result_base=None, continue_on_error=False, executor='parallel', parallel_workers=8, event_handlers=None, ignore_user_meta=False, metas=['./colcon.meta'], base_paths=['.'], packages_ignore=None, packages_ignore_regex=None, paths=None, packages_up_to=None, packages_up_to_regex=None, packages_above=None, packages_above_and_dependencies=None, packages_above_depth=None, packages_select_by_dep=None, packages_skip_by_dep=None, packages_skip_up_to=None, packages_select_build_failed=False, packages_skip_build_finished=False, packages_select_test_failures=False, packages_skip_test_passed=False, packages_select=None, packages_skip=None, packages_select_regex=None, packages_skip_regex=None, packages_start=None, packages_end=None, allow_overriding=[], cmake_args=None, cmake_target=None, cmake_target_skip_unavailable=False, cmake_clean_cache=False, cmake_clean_first=False, cmake_force_configure=False, ament_cmake_args=None, catkin_cmake_args=None, catkin_skip_building_tests=False, mixin_files=None, mixin=None, verb_parser=<colcon_mixin.mixin.mixin_argument.MixinArgumentDecorator object at 0xffff8076eef0>, verb_extension=<colcon_core.verb.build.BuildVerb object at 0xffff80944580>, main=<bound method BuildVerb.main of <colcon_core.verb.build.BuildVerb object at 0xffff80944580>>, mixin_verb=('build',))
[0.522s] Level 1:colcon.colcon_core.package_discovery:discover_packages(colcon_meta) check parameters
[0.522s] Level 1:colcon.colcon_core.package_discovery:discover_packages(recursive) check parameters
[0.522s] Level 1:colcon.colcon_core.package_discovery:discover_packages(ignore) check parameters
[0.523s] Level 1:colcon.colcon_core.package_discovery:discover_packages(path) check parameters
[0.523s] Level 1:colcon.colcon_core.package_discovery:discover_packages(colcon_meta) discover
[0.523s] Level 1:colcon.colcon_core.package_discovery:discover_packages(recursive) discover
[0.523s] INFO:colcon.colcon_core.package_discovery:Crawling recursively for packages in '/home/byd/src/ros2/action_ws'
[0.523s] Level 1:colcon.colcon_core.package_identification:_identify(.) by extensions ['ignore', 'ignore_ament_install']
[0.523s] Level 1:colcon.colcon_core.package_identification:_identify(.) by extension 'ignore'
[0.523s] Level 1:colcon.colcon_core.package_identification:_identify(.) by extension 'ignore_ament_install'
[0.524s] Level 1:colcon.colcon_core.package_identification:_identify(.) by extensions ['colcon_pkg']
[0.524s] Level 1:colcon.colcon_core.package_identification:_identify(.) by extension 'colcon_pkg'
[0.524s] Level 1:colcon.colcon_core.package_identification:_identify(.) by extensions ['colcon_meta']
[0.524s] Level 1:colcon.colcon_core.package_identification:_identify(.) by extension 'colcon_meta'
[0.524s] Level 1:colcon.colcon_core.package_identification:_identify(.) by extensions ['ros']
[0.524s] Level 1:colcon.colcon_core.package_identification:_identify(.) by extension 'ros'
[0.551s] DEBUG:colcon.colcon_core.package_identification:Package '.' with type 'ros.ament_cmake' and name 'action_ws'
[0.551s] Level 1:colcon.colcon_core.package_discovery:discover_packages(recursive) using defaults
[0.551s] Level 1:colcon.colcon_core.package_discovery:discover_packages(ignore) discover
[0.551s] Level 1:colcon.colcon_core.package_discovery:discover_packages(ignore) using defaults
[0.551s] Level 1:colcon.colcon_core.package_discovery:discover_packages(path) discover
[0.552s] Level 1:colcon.colcon_core.package_discovery:discover_packages(path) using defaults
[0.588s] Level 1:colcon.colcon_core.package_discovery:discover_packages(prefix_path) check parameters
[0.588s] Level 1:colcon.colcon_core.package_discovery:discover_packages(prefix_path) discover
[0.591s] DEBUG:colcon.colcon_installed_package_information.package_discovery:Found 1 installed packages in /home/byd/src/ros2/action_ws/install
[0.592s] DEBUG:colcon.colcon_installed_package_information.package_discovery:Found 1 installed packages in /home/byd/src/ros2/action_interface_ws/install
[0.593s] DEBUG:colcon.colcon_installed_package_information.package_discovery:Found 1 installed packages in /home/byd/src/ros2/service_ws/install
[0.594s] DEBUG:colcon.colcon_installed_package_information.package_discovery:Found 1 installed packages in /home/byd/src/ros2/service_interface_ws/install
[0.594s] DEBUG:colcon.colcon_installed_package_information.package_discovery:Found 1 installed packages in /home/byd/src/ros2/topic_ws/install
[0.596s] DEBUG:colcon.colcon_installed_package_information.package_discovery:Found 270 installed packages in /opt/ros/humble
[0.599s] Level 1:colcon.colcon_core.package_discovery:discover_packages(prefix_path) using defaults
[0.698s] Level 5:colcon.colcon_core.verb:set package 'action_ws' build argument 'cmake_args' from command line to 'None'
[0.698s] Level 5:colcon.colcon_core.verb:set package 'action_ws' build argument 'cmake_target' from command line to 'None'
[0.699s] Level 5:colcon.colcon_core.verb:set package 'action_ws' build argument 'cmake_target_skip_unavailable' from command line to 'False'
[0.699s] Level 5:colcon.colcon_core.verb:set package 'action_ws' build argument 'cmake_clean_cache' from command line to 'False'
[0.699s] Level 5:colcon.colcon_core.verb:set package 'action_ws' build argument 'cmake_clean_first' from command line to 'False'
[0.699s] Level 5:colcon.colcon_core.verb:set package 'action_ws' build argument 'cmake_force_configure' from command line to 'False'
[0.699s] Level 5:colcon.colcon_core.verb:set package 'action_ws' build argument 'ament_cmake_args' from command line to 'None'
[0.699s] Level 5:colcon.colcon_core.verb:set package 'action_ws' build argument 'catkin_cmake_args' from command line to 'None'
[0.699s] Level 5:colcon.colcon_core.verb:set package 'action_ws' build argument 'catkin_skip_building_tests' from command line to 'False'
[0.699s] DEBUG:colcon.colcon_core.verb:Building package 'action_ws' with the following arguments: {'ament_cmake_args': None, 'build_base': '/home/byd/src/ros2/action_ws/build/action_ws', 'catkin_cmake_args': None, 'catkin_skip_building_tests': False, 'cmake_args': None, 'cmake_clean_cache': False, 'cmake_clean_first': False, 'cmake_force_configure': False, 'cmake_target': None, 'cmake_target_skip_unavailable': False, 'install_base': '/home/byd/src/ros2/action_ws/install/action_ws', 'merge_install': False, 'path': '/home/byd/src/ros2/action_ws', 'symlink_install': False, 'test_result_base': None}
[0.699s] INFO:colcon.colcon_core.executor:Executing jobs using 'parallel' executor
[0.701s] DEBUG:colcon.colcon_parallel_executor.executor.parallel:run_until_complete
[0.702s] INFO:colcon.colcon_ros.task.ament_cmake.build:Building ROS package in '/home/byd/src/ros2/action_ws' with build type 'ament_cmake'
[0.702s] INFO:colcon.colcon_cmake.task.cmake.build:Building CMake package in '/home/byd/src/ros2/action_ws'
[0.705s] INFO:colcon.colcon_core.plugin_system:Skipping extension 'colcon_core.shell.bat': Not used on non-Windows systems
[0.706s] INFO:colcon.colcon_core.shell:Skip shell extension 'powershell' for command environment: Not usable outside of PowerShell
[0.706s] DEBUG:colcon.colcon_core.shell:Skip shell extension 'dsv' for command environment
[0.728s] DEBUG:colcon.colcon_core.event_handler.log_command:Invoking command in '/home/byd/src/ros2/action_ws/build/action_ws': CMAKE_PREFIX_PATH=${CMAKE_PREFIX_PATH}:/opt/ros/humble /usr/bin/cmake --build /home/byd/src/ros2/action_ws/build/action_ws -- -j8 -l8
[9.371s] DEBUG:colcon.colcon_core.event_handler.log_command:Invoked command in '/home/byd/src/ros2/action_ws/build/action_ws' returned '0': CMAKE_PREFIX_PATH=${CMAKE_PREFIX_PATH}:/opt/ros/humble /usr/bin/cmake --build /home/byd/src/ros2/action_ws/build/action_ws -- -j8 -l8
[9.433s] DEBUG:colcon.colcon_core.event_handler.log_command:Invoking command in '/home/byd/src/ros2/action_ws/build/action_ws': CMAKE_PREFIX_PATH=${CMAKE_PREFIX_PATH}:/opt/ros/humble /usr/bin/cmake --install /home/byd/src/ros2/action_ws/build/action_ws
[9.456s] Level 1:colcon.colcon_core.environment:create_environment_scripts_only(action_ws)
[9.457s] DEBUG:colcon.colcon_core.event_handler.log_command:Invoked command in '/home/byd/src/ros2/action_ws/build/action_ws' returned '0': CMAKE_PREFIX_PATH=${CMAKE_PREFIX_PATH}:/opt/ros/humble /usr/bin/cmake --install /home/byd/src/ros2/action_ws/build/action_ws
[9.462s] Level 1:colcon.colcon_core.environment:checking '/home/byd/src/ros2/action_ws/install/action_ws' for CMake module files
[9.464s] Level 1:colcon.colcon_core.environment:checking '/home/byd/src/ros2/action_ws/install/action_ws' for CMake config files
[9.465s] Level 1:colcon.colcon_core.shell:create_environment_hook('action_ws', 'cmake_prefix_path')
[9.466s] INFO:colcon.colcon_core.shell:Creating environment hook '/home/byd/src/ros2/action_ws/install/action_ws/share/action_ws/hook/cmake_prefix_path.ps1'
[9.467s] INFO:colcon.colcon_core.shell:Creating environment descriptor '/home/byd/src/ros2/action_ws/install/action_ws/share/action_ws/hook/cmake_prefix_path.dsv'
[9.469s] INFO:colcon.colcon_core.shell:Creating environment hook '/home/byd/src/ros2/action_ws/install/action_ws/share/action_ws/hook/cmake_prefix_path.sh'
[9.472s] Level 1:colcon.colcon_core.environment:checking '/home/byd/src/ros2/action_ws/install/action_ws/lib'
[9.472s] Level 1:colcon.colcon_core.environment:checking '/home/byd/src/ros2/action_ws/install/action_ws/bin'
[9.472s] Level 1:colcon.colcon_core.environment:checking '/home/byd/src/ros2/action_ws/install/action_ws/lib/pkgconfig/action_ws.pc'
[9.473s] Level 1:colcon.colcon_core.environment:checking '/home/byd/src/ros2/action_ws/install/action_ws/lib/python3.10/site-packages'
[9.474s] Level 1:colcon.colcon_core.environment:checking '/home/byd/src/ros2/action_ws/install/action_ws/bin'
[9.475s] INFO:colcon.colcon_core.shell:Creating package script '/home/byd/src/ros2/action_ws/install/action_ws/share/action_ws/package.ps1'
[9.477s] INFO:colcon.colcon_core.shell:Creating package descriptor '/home/byd/src/ros2/action_ws/install/action_ws/share/action_ws/package.dsv'
[9.478s] INFO:colcon.colcon_core.shell:Creating package script '/home/byd/src/ros2/action_ws/install/action_ws/share/action_ws/package.sh'
[9.480s] INFO:colcon.colcon_core.shell:Creating package script '/home/byd/src/ros2/action_ws/install/action_ws/share/action_ws/package.bash'
[9.482s] INFO:colcon.colcon_core.shell:Creating package script '/home/byd/src/ros2/action_ws/install/action_ws/share/action_ws/package.zsh'
[9.483s] Level 1:colcon.colcon_core.environment:create_file_with_runtime_dependencies(/home/byd/src/ros2/action_ws/install/action_ws/share/colcon-core/packages/action_ws)
[9.531s] Level 1:colcon.colcon_core.environment:create_environment_scripts_only(action_ws)
[9.532s] Level 1:colcon.colcon_core.environment:checking '/home/byd/src/ros2/action_ws/install/action_ws' for CMake module files
[9.533s] Level 1:colcon.colcon_core.environment:checking '/home/byd/src/ros2/action_ws/install/action_ws' for CMake config files
[9.534s] Level 1:colcon.colcon_core.shell:create_environment_hook('action_ws', 'cmake_prefix_path')
[9.535s] INFO:colcon.colcon_core.shell:Creating environment hook '/home/byd/src/ros2/action_ws/install/action_ws/share/action_ws/hook/cmake_prefix_path.ps1'
[9.537s] INFO:colcon.colcon_core.shell:Creating environment descriptor '/home/byd/src/ros2/action_ws/install/action_ws/share/action_ws/hook/cmake_prefix_path.dsv'
[9.540s] INFO:colcon.colcon_core.shell:Creating environment hook '/home/byd/src/ros2/action_ws/install/action_ws/share/action_ws/hook/cmake_prefix_path.sh'
[9.542s] Level 1:colcon.colcon_core.environment:checking '/home/byd/src/ros2/action_ws/install/action_ws/lib'
[9.543s] Level 1:colcon.colcon_core.environment:checking '/home/byd/src/ros2/action_ws/install/action_ws/bin'
[9.543s] Level 1:colcon.colcon_core.environment:checking '/home/byd/src/ros2/action_ws/install/action_ws/lib/pkgconfig/action_ws.pc'
[9.543s] Level 1:colcon.colcon_core.environment:checking '/home/byd/src/ros2/action_ws/install/action_ws/lib/python3.10/site-packages'
[9.544s] Level 1:colcon.colcon_core.environment:checking '/home/byd/src/ros2/action_ws/install/action_ws/bin'
[9.544s] INFO:colcon.colcon_core.shell:Creating package script '/home/byd/src/ros2/action_ws/install/action_ws/share/action_ws/package.ps1'
[9.546s] INFO:colcon.colcon_core.shell:Creating package descriptor '/home/byd/src/ros2/action_ws/install/action_ws/share/action_ws/package.dsv'
[9.547s] INFO:colcon.colcon_core.shell:Creating package script '/home/byd/src/ros2/action_ws/install/action_ws/share/action_ws/package.sh'
[9.548s] INFO:colcon.colcon_core.shell:Creating package script '/home/byd/src/ros2/action_ws/install/action_ws/share/action_ws/package.bash'
[9.548s] INFO:colcon.colcon_core.shell:Creating package script '/home/byd/src/ros2/action_ws/install/action_ws/share/action_ws/package.zsh'
[9.549s] Level 1:colcon.colcon_core.environment:create_file_with_runtime_dependencies(/home/byd/src/ros2/action_ws/install/action_ws/share/colcon-core/packages/action_ws)
[9.550s] DEBUG:colcon.colcon_parallel_executor.executor.parallel:closing loop
[9.550s] DEBUG:colcon.colcon_parallel_executor.executor.parallel:loop closed
[9.551s] DEBUG:colcon.colcon_parallel_executor.executor.parallel:run_until_complete finished with '0'
[9.551s] DEBUG:colcon.colcon_core.event_reactor:joining thread
[9.561s] INFO:colcon.colcon_core.plugin_system:Skipping extension 'colcon_notification.desktop_notification.terminal_notifier': Not used on non-Darwin systems
[9.561s] INFO:colcon.colcon_core.plugin_system:Skipping extension 'colcon_notification.desktop_notification.win32': Not used on non-Windows systems
[9.561s] INFO:colcon.colcon_notification.desktop_notification:Sending desktop notification using 'notify2'
[9.592s] DEBUG:colcon.colcon_core.event_reactor:joined thread
[9.593s] INFO:colcon.colcon_core.shell:Creating prefix script '/home/byd/src/ros2/action_ws/install/local_setup.ps1'
[9.596s] INFO:colcon.colcon_core.shell:Creating prefix util module '/home/byd/src/ros2/action_ws/install/_local_setup_util_ps1.py'
[9.600s] INFO:colcon.colcon_core.shell:Creating prefix chain script '/home/byd/src/ros2/action_ws/install/setup.ps1'
[9.603s] INFO:colcon.colcon_core.shell:Creating prefix script '/home/byd/src/ros2/action_ws/install/local_setup.sh'
[9.604s] INFO:colcon.colcon_core.shell:Creating prefix util module '/home/byd/src/ros2/action_ws/install/_local_setup_util_sh.py'
[9.605s] INFO:colcon.colcon_core.shell:Creating prefix chain script '/home/byd/src/ros2/action_ws/install/setup.sh'
[9.608s] INFO:colcon.colcon_core.shell:Creating prefix script '/home/byd/src/ros2/action_ws/install/local_setup.bash'
[9.609s] INFO:colcon.colcon_core.shell:Creating prefix chain script '/home/byd/src/ros2/action_ws/install/setup.bash'
[9.612s] INFO:colcon.colcon_core.shell:Creating prefix script '/home/byd/src/ros2/action_ws/install/local_setup.zsh'
[9.613s] INFO:colcon.colcon_core.shell:Creating prefix chain script '/home/byd/src/ros2/action_ws/install/setup.zsh'
