-- Found ament_cmake: 1.3.10 (/opt/ros/humble/share/ament_cmake/cmake)
-- Found rclcpp: 16.0.10 (/opt/ros/humble/share/rclcpp/cmake)
-- Found rosidl_generator_c: 3.1.5 (/opt/ros/humble/share/rosidl_generator_c/cmake)
-- Found rosidl_adapter: 3.1.5 (/opt/ros/humble/share/rosidl_adapter/cmake)
-- Found rosidl_generator_cpp: 3.1.5 (/opt/ros/humble/share/rosidl_generator_cpp/cmake)
-- Using all available rosidl_typesupport_c: rosidl_typesupport_fastrtps_c;rosidl_typesupport_introspection_c
-- Using all available rosidl_typesupport_cpp: rosidl_typesupport_fastrtps_cpp;rosidl_typesupport_introspection_cpp
-- Found rmw_implementation_cmake: 6.1.2 (/opt/ros/humble/share/rmw_implementation_cmake/cmake)
-- Found rmw_fastrtps_cpp: 6.2.7 (/opt/ros/humble/share/rmw_fastrtps_cpp/cmake)
-- Using RMW implementation 'rmw_fastrtps_cpp' as default
-- Found rclcpp_action: 16.0.10 (/opt/ros/humble/share/rclcpp_action/cmake)
-- Found action_interface_ws: 0.0.0 (/home/byd/src/ros2/action_interface_ws/install/action_interface_ws/share/action_interface_ws/cmake)
-- Found ament_lint_auto: 0.12.11 (/opt/ros/humble/share/ament_lint_auto/cmake)
-- Added test 'cppcheck' to perform static code analysis on C / C++ code
-- Configured cppcheck include dirs: $<BUILD_INTERFACE:/home/byd/src/ros2/action_ws/include>
-- Configured cppcheck exclude dirs and/or files: 
-- Added test 'flake8' to check Python code syntax and style conventions
-- Added test 'lint_cmake' to check CMake code style
-- Added test 'pep257' to check Python code against some of the docstring style conventions in PEP 257
-- Added test 'uncrustify' to check C / C++ code style
-- Configured uncrustify additional arguments: 
-- Added test 'xmllint' to check XML markup files
-- Configuring done
-- Generating done
-- Build files have been written to: /home/byd/src/ros2/action_ws/build/action_ws
[35m[1mConsolidate compiler generated dependencies of target action_ser[0m
[ 50%] [32mBuilding CXX object CMakeFiles/action_ser.dir/src/action_ser.cpp.o[0m
[100%] [32m[1mLinking CXX executable action_ser[0m
[100%] Built target action_ser
-- Install configuration: ""
-- Installing: /home/byd/src/ros2/action_ws/install/action_ws/lib/action_ws/action_ser
-- Set runtime path of "/home/byd/src/ros2/action_ws/install/action_ws/lib/action_ws/action_ser" to ""
-- Installing: /home/byd/src/ros2/action_ws/install/action_ws/share/ament_index/resource_index/package_run_dependencies/action_ws
-- Installing: /home/byd/src/ros2/action_ws/install/action_ws/share/ament_index/resource_index/parent_prefix_path/action_ws
-- Installing: /home/byd/src/ros2/action_ws/install/action_ws/share/action_ws/environment/ament_prefix_path.sh
-- Installing: /home/byd/src/ros2/action_ws/install/action_ws/share/action_ws/environment/ament_prefix_path.dsv
-- Installing: /home/byd/src/ros2/action_ws/install/action_ws/share/action_ws/environment/path.sh
-- Installing: /home/byd/src/ros2/action_ws/install/action_ws/share/action_ws/environment/path.dsv
-- Installing: /home/byd/src/ros2/action_ws/install/action_ws/share/action_ws/local_setup.bash
-- Installing: /home/byd/src/ros2/action_ws/install/action_ws/share/action_ws/local_setup.sh
-- Installing: /home/byd/src/ros2/action_ws/install/action_ws/share/action_ws/local_setup.zsh
-- Installing: /home/byd/src/ros2/action_ws/install/action_ws/share/action_ws/local_setup.dsv
-- Installing: /home/byd/src/ros2/action_ws/install/action_ws/share/action_ws/package.dsv
-- Installing: /home/byd/src/ros2/action_ws/install/action_ws/share/ament_index/resource_index/packages/action_ws
-- Installing: /home/byd/src/ros2/action_ws/install/action_ws/share/action_ws/cmake/action_wsConfig.cmake
-- Installing: /home/byd/src/ros2/action_ws/install/action_ws/share/action_ws/cmake/action_wsConfig-version.cmake
-- Installing: /home/byd/src/ros2/action_ws/install/action_ws/share/action_ws/package.xml
