[0.204s] DEBUG:colcon:Command line arguments: ['/usr/bin/colcon', 'build']
[0.204s] DEBUG:colcon:Parsed command line arguments: Namespace(log_base=None, log_level=None, verb_name='build', build_base='build', install_base='install', merge_install=False, symlink_install=False, test_result_base=None, continue_on_error=False, executor='parallel', parallel_workers=8, event_handlers=None, ignore_user_meta=False, metas=['./colcon.meta'], base_paths=['.'], packages_ignore=None, packages_ignore_regex=None, paths=None, packages_up_to=None, packages_up_to_regex=None, packages_above=None, packages_above_and_dependencies=None, packages_above_depth=None, packages_select_by_dep=None, packages_skip_by_dep=None, packages_skip_up_to=None, packages_select_build_failed=False, packages_skip_build_finished=False, packages_select_test_failures=False, packages_skip_test_passed=False, packages_select=None, packages_skip=None, packages_select_regex=None, packages_skip_regex=None, packages_start=None, packages_end=None, allow_overriding=[], cmake_args=None, cmake_target=None, cmake_target_skip_unavailable=False, cmake_clean_cache=False, cmake_clean_first=False, cmake_force_configure=False, ament_cmake_args=None, catkin_cmake_args=None, catkin_skip_building_tests=False, verb_parser=<colcon_defaults.argument_parser.defaults.DefaultArgumentsDecorator object at 0xffffad1f3d00>, verb_extension=<colcon_core.verb.build.BuildVerb object at 0xffffad1f3880>, main=<bound method BuildVerb.main of <colcon_core.verb.build.BuildVerb object at 0xffffad1f3880>>)
[0.497s] Level 1:colcon.colcon_core.package_discovery:discover_packages(colcon_meta) check parameters
[0.498s] Level 1:colcon.colcon_core.package_discovery:discover_packages(recursive) check parameters
[0.498s] Level 1:colcon.colcon_core.package_discovery:discover_packages(ignore) check parameters
[0.498s] Level 1:colcon.colcon_core.package_discovery:discover_packages(path) check parameters
[0.498s] Level 1:colcon.colcon_core.package_discovery:discover_packages(colcon_meta) discover
[0.498s] Level 1:colcon.colcon_core.package_discovery:discover_packages(recursive) discover
[0.498s] INFO:colcon.colcon_core.package_discovery:Crawling recursively for packages in '/home/byd/src/ros2/hk_camera_ws'
[0.498s] Level 1:colcon.colcon_core.package_identification:_identify(.) by extensions ['ignore', 'ignore_ament_install']
[0.499s] Level 1:colcon.colcon_core.package_identification:_identify(.) by extension 'ignore'
[0.499s] Level 1:colcon.colcon_core.package_identification:_identify(.) by extension 'ignore_ament_install'
[0.499s] Level 1:colcon.colcon_core.package_identification:_identify(.) by extensions ['colcon_pkg']
[0.499s] Level 1:colcon.colcon_core.package_identification:_identify(.) by extension 'colcon_pkg'
[0.499s] Level 1:colcon.colcon_core.package_identification:_identify(.) by extensions ['colcon_meta']
[0.499s] Level 1:colcon.colcon_core.package_identification:_identify(.) by extension 'colcon_meta'
[0.499s] Level 1:colcon.colcon_core.package_identification:_identify(.) by extensions ['ros']
[0.499s] Level 1:colcon.colcon_core.package_identification:_identify(.) by extension 'ros'
[0.527s] DEBUG:colcon.colcon_core.package_identification:Package '.' with type 'ros.ament_cmake' and name 'hk_camera_ws'
[0.528s] Level 1:colcon.colcon_core.package_discovery:discover_packages(recursive) using defaults
[0.528s] Level 1:colcon.colcon_core.package_discovery:discover_packages(ignore) discover
[0.528s] Level 1:colcon.colcon_core.package_discovery:discover_packages(ignore) using defaults
[0.528s] Level 1:colcon.colcon_core.package_discovery:discover_packages(path) discover
[0.528s] Level 1:colcon.colcon_core.package_discovery:discover_packages(path) using defaults
[0.563s] Level 1:colcon.colcon_core.package_discovery:discover_packages(prefix_path) check parameters
[0.563s] Level 1:colcon.colcon_core.package_discovery:discover_packages(prefix_path) discover
[0.566s] DEBUG:colcon.colcon_installed_package_information.package_discovery:Found 1 installed packages in /home/byd/src/ros2/hk_camera_ws/install
[0.568s] DEBUG:colcon.colcon_installed_package_information.package_discovery:Found 270 installed packages in /opt/ros/humble
[0.571s] Level 1:colcon.colcon_core.package_discovery:discover_packages(prefix_path) using defaults
[0.667s] Level 5:colcon.colcon_core.verb:set package 'hk_camera_ws' build argument 'cmake_args' from command line to 'None'
[0.668s] Level 5:colcon.colcon_core.verb:set package 'hk_camera_ws' build argument 'cmake_target' from command line to 'None'
[0.668s] Level 5:colcon.colcon_core.verb:set package 'hk_camera_ws' build argument 'cmake_target_skip_unavailable' from command line to 'False'
[0.668s] Level 5:colcon.colcon_core.verb:set package 'hk_camera_ws' build argument 'cmake_clean_cache' from command line to 'False'
[0.668s] Level 5:colcon.colcon_core.verb:set package 'hk_camera_ws' build argument 'cmake_clean_first' from command line to 'False'
[0.668s] Level 5:colcon.colcon_core.verb:set package 'hk_camera_ws' build argument 'cmake_force_configure' from command line to 'False'
[0.668s] Level 5:colcon.colcon_core.verb:set package 'hk_camera_ws' build argument 'ament_cmake_args' from command line to 'None'
[0.668s] Level 5:colcon.colcon_core.verb:set package 'hk_camera_ws' build argument 'catkin_cmake_args' from command line to 'None'
[0.668s] Level 5:colcon.colcon_core.verb:set package 'hk_camera_ws' build argument 'catkin_skip_building_tests' from command line to 'False'
[0.668s] DEBUG:colcon.colcon_core.verb:Building package 'hk_camera_ws' with the following arguments: {'ament_cmake_args': None, 'build_base': '/home/byd/src/ros2/hk_camera_ws/build/hk_camera_ws', 'catkin_cmake_args': None, 'catkin_skip_building_tests': False, 'cmake_args': None, 'cmake_clean_cache': False, 'cmake_clean_first': False, 'cmake_force_configure': False, 'cmake_target': None, 'cmake_target_skip_unavailable': False, 'install_base': '/home/byd/src/ros2/hk_camera_ws/install/hk_camera_ws', 'merge_install': False, 'path': '/home/byd/src/ros2/hk_camera_ws', 'symlink_install': False, 'test_result_base': None}
[0.669s] INFO:colcon.colcon_core.executor:Executing jobs using 'parallel' executor
[0.671s] DEBUG:colcon.colcon_parallel_executor.executor.parallel:run_until_complete
[0.672s] INFO:colcon.colcon_ros.task.ament_cmake.build:Building ROS package in '/home/byd/src/ros2/hk_camera_ws' with build type 'ament_cmake'
[0.672s] INFO:colcon.colcon_cmake.task.cmake.build:Building CMake package in '/home/byd/src/ros2/hk_camera_ws'
[0.676s] INFO:colcon.colcon_core.plugin_system:Skipping extension 'colcon_core.shell.bat': Not used on non-Windows systems
[0.676s] INFO:colcon.colcon_core.shell:Skip shell extension 'powershell' for command environment: Not usable outside of PowerShell
[0.677s] DEBUG:colcon.colcon_core.shell:Skip shell extension 'dsv' for command environment
[0.696s] DEBUG:colcon.colcon_core.event_handler.log_command:Invoking command in '/home/byd/src/ros2/hk_camera_ws/build/hk_camera_ws': CMAKE_PREFIX_PATH=${CMAKE_PREFIX_PATH}:/opt/ros/humble /usr/bin/cmake --build /home/byd/src/ros2/hk_camera_ws/build/hk_camera_ws -- -j8 -l8
[20.632s] DEBUG:colcon.colcon_core.event_handler.log_command:Invoked command in '/home/byd/src/ros2/hk_camera_ws/build/hk_camera_ws' returned '0': CMAKE_PREFIX_PATH=${CMAKE_PREFIX_PATH}:/opt/ros/humble /usr/bin/cmake --build /home/byd/src/ros2/hk_camera_ws/build/hk_camera_ws -- -j8 -l8
[20.699s] DEBUG:colcon.colcon_core.event_handler.log_command:Invoking command in '/home/byd/src/ros2/hk_camera_ws/build/hk_camera_ws': CMAKE_PREFIX_PATH=${CMAKE_PREFIX_PATH}:/opt/ros/humble /usr/bin/cmake --install /home/byd/src/ros2/hk_camera_ws/build/hk_camera_ws
[20.732s] Level 1:colcon.colcon_core.environment:create_environment_scripts_only(hk_camera_ws)
[20.735s] DEBUG:colcon.colcon_core.event_handler.log_command:Invoked command in '/home/byd/src/ros2/hk_camera_ws/build/hk_camera_ws' returned '0': CMAKE_PREFIX_PATH=${CMAKE_PREFIX_PATH}:/opt/ros/humble /usr/bin/cmake --install /home/byd/src/ros2/hk_camera_ws/build/hk_camera_ws
[20.741s] Level 1:colcon.colcon_core.environment:checking '/home/byd/src/ros2/hk_camera_ws/install/hk_camera_ws' for CMake module files
[20.742s] Level 1:colcon.colcon_core.environment:checking '/home/byd/src/ros2/hk_camera_ws/install/hk_camera_ws' for CMake config files
[20.743s] Level 1:colcon.colcon_core.shell:create_environment_hook('hk_camera_ws', 'cmake_prefix_path')
[20.744s] INFO:colcon.colcon_core.shell:Creating environment hook '/home/byd/src/ros2/hk_camera_ws/install/hk_camera_ws/share/hk_camera_ws/hook/cmake_prefix_path.ps1'
[20.746s] INFO:colcon.colcon_core.shell:Creating environment descriptor '/home/byd/src/ros2/hk_camera_ws/install/hk_camera_ws/share/hk_camera_ws/hook/cmake_prefix_path.dsv'
[20.747s] INFO:colcon.colcon_core.shell:Creating environment hook '/home/byd/src/ros2/hk_camera_ws/install/hk_camera_ws/share/hk_camera_ws/hook/cmake_prefix_path.sh'
[20.749s] Level 1:colcon.colcon_core.environment:checking '/home/byd/src/ros2/hk_camera_ws/install/hk_camera_ws/lib'
[20.750s] Level 1:colcon.colcon_core.environment:checking '/home/byd/src/ros2/hk_camera_ws/install/hk_camera_ws/bin'
[20.750s] Level 1:colcon.colcon_core.environment:checking '/home/byd/src/ros2/hk_camera_ws/install/hk_camera_ws/lib/pkgconfig/hk_camera_ws.pc'
[20.751s] Level 1:colcon.colcon_core.environment:checking '/home/byd/src/ros2/hk_camera_ws/install/hk_camera_ws/lib/python3.10/site-packages'
[20.751s] Level 1:colcon.colcon_core.environment:checking '/home/byd/src/ros2/hk_camera_ws/install/hk_camera_ws/bin'
[20.753s] INFO:colcon.colcon_core.shell:Creating package script '/home/byd/src/ros2/hk_camera_ws/install/hk_camera_ws/share/hk_camera_ws/package.ps1'
[20.755s] INFO:colcon.colcon_core.shell:Creating package descriptor '/home/byd/src/ros2/hk_camera_ws/install/hk_camera_ws/share/hk_camera_ws/package.dsv'
[20.757s] INFO:colcon.colcon_core.shell:Creating package script '/home/byd/src/ros2/hk_camera_ws/install/hk_camera_ws/share/hk_camera_ws/package.sh'
[20.760s] INFO:colcon.colcon_core.shell:Creating package script '/home/byd/src/ros2/hk_camera_ws/install/hk_camera_ws/share/hk_camera_ws/package.bash'
[20.762s] INFO:colcon.colcon_core.shell:Creating package script '/home/byd/src/ros2/hk_camera_ws/install/hk_camera_ws/share/hk_camera_ws/package.zsh'
[20.763s] Level 1:colcon.colcon_core.environment:create_file_with_runtime_dependencies(/home/byd/src/ros2/hk_camera_ws/install/hk_camera_ws/share/colcon-core/packages/hk_camera_ws)
[20.803s] Level 1:colcon.colcon_core.environment:create_environment_scripts_only(hk_camera_ws)
[20.805s] Level 1:colcon.colcon_core.environment:checking '/home/byd/src/ros2/hk_camera_ws/install/hk_camera_ws' for CMake module files
[20.807s] Level 1:colcon.colcon_core.environment:checking '/home/byd/src/ros2/hk_camera_ws/install/hk_camera_ws' for CMake config files
[20.808s] Level 1:colcon.colcon_core.shell:create_environment_hook('hk_camera_ws', 'cmake_prefix_path')
[20.808s] INFO:colcon.colcon_core.shell:Creating environment hook '/home/byd/src/ros2/hk_camera_ws/install/hk_camera_ws/share/hk_camera_ws/hook/cmake_prefix_path.ps1'
[20.810s] INFO:colcon.colcon_core.shell:Creating environment descriptor '/home/byd/src/ros2/hk_camera_ws/install/hk_camera_ws/share/hk_camera_ws/hook/cmake_prefix_path.dsv'
[20.811s] INFO:colcon.colcon_core.shell:Creating environment hook '/home/byd/src/ros2/hk_camera_ws/install/hk_camera_ws/share/hk_camera_ws/hook/cmake_prefix_path.sh'
[20.812s] Level 1:colcon.colcon_core.environment:checking '/home/byd/src/ros2/hk_camera_ws/install/hk_camera_ws/lib'
[20.812s] Level 1:colcon.colcon_core.environment:checking '/home/byd/src/ros2/hk_camera_ws/install/hk_camera_ws/bin'
[20.812s] Level 1:colcon.colcon_core.environment:checking '/home/byd/src/ros2/hk_camera_ws/install/hk_camera_ws/lib/pkgconfig/hk_camera_ws.pc'
[20.813s] Level 1:colcon.colcon_core.environment:checking '/home/byd/src/ros2/hk_camera_ws/install/hk_camera_ws/lib/python3.10/site-packages'
[20.813s] Level 1:colcon.colcon_core.environment:checking '/home/byd/src/ros2/hk_camera_ws/install/hk_camera_ws/bin'
[20.814s] INFO:colcon.colcon_core.shell:Creating package script '/home/byd/src/ros2/hk_camera_ws/install/hk_camera_ws/share/hk_camera_ws/package.ps1'
[20.816s] INFO:colcon.colcon_core.shell:Creating package descriptor '/home/byd/src/ros2/hk_camera_ws/install/hk_camera_ws/share/hk_camera_ws/package.dsv'
[20.817s] INFO:colcon.colcon_core.shell:Creating package script '/home/byd/src/ros2/hk_camera_ws/install/hk_camera_ws/share/hk_camera_ws/package.sh'
[20.818s] INFO:colcon.colcon_core.shell:Creating package script '/home/byd/src/ros2/hk_camera_ws/install/hk_camera_ws/share/hk_camera_ws/package.bash'
[20.820s] INFO:colcon.colcon_core.shell:Creating package script '/home/byd/src/ros2/hk_camera_ws/install/hk_camera_ws/share/hk_camera_ws/package.zsh'
[20.821s] Level 1:colcon.colcon_core.environment:create_file_with_runtime_dependencies(/home/byd/src/ros2/hk_camera_ws/install/hk_camera_ws/share/colcon-core/packages/hk_camera_ws)
[20.822s] DEBUG:colcon.colcon_parallel_executor.executor.parallel:closing loop
[20.823s] DEBUG:colcon.colcon_parallel_executor.executor.parallel:loop closed
[20.824s] DEBUG:colcon.colcon_parallel_executor.executor.parallel:run_until_complete finished with '0'
[20.824s] DEBUG:colcon.colcon_core.event_reactor:joining thread
[20.834s] INFO:colcon.colcon_core.plugin_system:Skipping extension 'colcon_notification.desktop_notification.terminal_notifier': Not used on non-Darwin systems
[20.834s] INFO:colcon.colcon_core.plugin_system:Skipping extension 'colcon_notification.desktop_notification.win32': Not used on non-Windows systems
[20.834s] INFO:colcon.colcon_notification.desktop_notification:Sending desktop notification using 'notify2'
[20.875s] DEBUG:colcon.colcon_core.event_reactor:joined thread
[20.876s] INFO:colcon.colcon_core.shell:Creating prefix script '/home/byd/src/ros2/hk_camera_ws/install/local_setup.ps1'
[20.878s] INFO:colcon.colcon_core.shell:Creating prefix util module '/home/byd/src/ros2/hk_camera_ws/install/_local_setup_util_ps1.py'
[20.883s] INFO:colcon.colcon_core.shell:Creating prefix chain script '/home/byd/src/ros2/hk_camera_ws/install/setup.ps1'
[20.886s] INFO:colcon.colcon_core.shell:Creating prefix script '/home/byd/src/ros2/hk_camera_ws/install/local_setup.sh'
[20.888s] INFO:colcon.colcon_core.shell:Creating prefix util module '/home/byd/src/ros2/hk_camera_ws/install/_local_setup_util_sh.py'
[20.890s] INFO:colcon.colcon_core.shell:Creating prefix chain script '/home/byd/src/ros2/hk_camera_ws/install/setup.sh'
[20.894s] INFO:colcon.colcon_core.shell:Creating prefix script '/home/byd/src/ros2/hk_camera_ws/install/local_setup.bash'
[20.895s] INFO:colcon.colcon_core.shell:Creating prefix chain script '/home/byd/src/ros2/hk_camera_ws/install/setup.bash'
[20.897s] INFO:colcon.colcon_core.shell:Creating prefix script '/home/byd/src/ros2/hk_camera_ws/install/local_setup.zsh'
[20.899s] INFO:colcon.colcon_core.shell:Creating prefix chain script '/home/byd/src/ros2/hk_camera_ws/install/setup.zsh'
