[0.203s] DEBUG:colcon:Command line arguments: ['/usr/bin/colcon', 'build']
[0.203s] DEBUG:colcon:Parsed command line arguments: Namespace(log_base=None, log_level=None, verb_name='build', build_base='build', install_base='install', merge_install=False, symlink_install=False, test_result_base=None, continue_on_error=False, executor='parallel', parallel_workers=8, event_handlers=None, ignore_user_meta=False, metas=['./colcon.meta'], base_paths=['.'], packages_ignore=None, packages_ignore_regex=None, paths=None, packages_up_to=None, packages_up_to_regex=None, packages_above=None, packages_above_and_dependencies=None, packages_above_depth=None, packages_select_by_dep=None, packages_skip_by_dep=None, packages_skip_up_to=None, packages_select_build_failed=False, packages_skip_build_finished=False, packages_select_test_failures=False, packages_skip_test_passed=False, packages_select=None, packages_skip=None, packages_select_regex=None, packages_skip_regex=None, packages_start=None, packages_end=None, allow_overriding=[], cmake_args=None, cmake_target=None, cmake_target_skip_unavailable=False, cmake_clean_cache=False, cmake_clean_first=False, cmake_force_configure=False, ament_cmake_args=None, catkin_cmake_args=None, catkin_skip_building_tests=False, mixin_files=None, mixin=None, verb_parser=<colcon_mixin.mixin.mixin_argument.MixinArgumentDecorator object at 0xffff9a8feef0>, verb_extension=<colcon_core.verb.build.BuildVerb object at 0xffff9aad4580>, main=<bound method BuildVerb.main of <colcon_core.verb.build.BuildVerb object at 0xffff9aad4580>>, mixin_verb=('build',))
[0.511s] Level 1:colcon.colcon_core.package_discovery:discover_packages(colcon_meta) check parameters
[0.512s] Level 1:colcon.colcon_core.package_discovery:discover_packages(recursive) check parameters
[0.512s] Level 1:colcon.colcon_core.package_discovery:discover_packages(ignore) check parameters
[0.512s] Level 1:colcon.colcon_core.package_discovery:discover_packages(path) check parameters
[0.512s] Level 1:colcon.colcon_core.package_discovery:discover_packages(colcon_meta) discover
[0.512s] Level 1:colcon.colcon_core.package_discovery:discover_packages(recursive) discover
[0.512s] INFO:colcon.colcon_core.package_discovery:Crawling recursively for packages in '/home/byd/src/ros2/action_ws'
[0.513s] Level 1:colcon.colcon_core.package_identification:_identify(.) by extensions ['ignore', 'ignore_ament_install']
[0.513s] Level 1:colcon.colcon_core.package_identification:_identify(.) by extension 'ignore'
[0.513s] Level 1:colcon.colcon_core.package_identification:_identify(.) by extension 'ignore_ament_install'
[0.513s] Level 1:colcon.colcon_core.package_identification:_identify(.) by extensions ['colcon_pkg']
[0.513s] Level 1:colcon.colcon_core.package_identification:_identify(.) by extension 'colcon_pkg'
[0.513s] Level 1:colcon.colcon_core.package_identification:_identify(.) by extensions ['colcon_meta']
[0.513s] Level 1:colcon.colcon_core.package_identification:_identify(.) by extension 'colcon_meta'
[0.513s] Level 1:colcon.colcon_core.package_identification:_identify(.) by extensions ['ros']
[0.513s] Level 1:colcon.colcon_core.package_identification:_identify(.) by extension 'ros'
[0.539s] DEBUG:colcon.colcon_core.package_identification:Package '.' with type 'ros.ament_cmake' and name 'action_ws'
[0.539s] Level 1:colcon.colcon_core.package_discovery:discover_packages(recursive) using defaults
[0.539s] Level 1:colcon.colcon_core.package_discovery:discover_packages(ignore) discover
[0.539s] Level 1:colcon.colcon_core.package_discovery:discover_packages(ignore) using defaults
[0.540s] Level 1:colcon.colcon_core.package_discovery:discover_packages(path) discover
[0.540s] Level 1:colcon.colcon_core.package_discovery:discover_packages(path) using defaults
[0.575s] Level 1:colcon.colcon_core.package_discovery:discover_packages(prefix_path) check parameters
[0.575s] Level 1:colcon.colcon_core.package_discovery:discover_packages(prefix_path) discover
[0.578s] DEBUG:colcon.colcon_installed_package_information.package_discovery:Found 1 installed packages in /home/byd/src/ros2/action_ws/install
[0.579s] DEBUG:colcon.colcon_installed_package_information.package_discovery:Found 1 installed packages in /home/byd/src/ros2/action_interface_ws/install
[0.580s] DEBUG:colcon.colcon_installed_package_information.package_discovery:Found 1 installed packages in /home/byd/src/ros2/service_ws/install
[0.580s] DEBUG:colcon.colcon_installed_package_information.package_discovery:Found 1 installed packages in /home/byd/src/ros2/service_interface_ws/install
[0.581s] DEBUG:colcon.colcon_installed_package_information.package_discovery:Found 1 installed packages in /home/byd/src/ros2/topic_ws/install
[0.583s] DEBUG:colcon.colcon_installed_package_information.package_discovery:Found 270 installed packages in /opt/ros/humble
[0.585s] Level 1:colcon.colcon_core.package_discovery:discover_packages(prefix_path) using defaults
[0.682s] Level 5:colcon.colcon_core.verb:set package 'action_ws' build argument 'cmake_args' from command line to 'None'
[0.683s] Level 5:colcon.colcon_core.verb:set package 'action_ws' build argument 'cmake_target' from command line to 'None'
[0.683s] Level 5:colcon.colcon_core.verb:set package 'action_ws' build argument 'cmake_target_skip_unavailable' from command line to 'False'
[0.683s] Level 5:colcon.colcon_core.verb:set package 'action_ws' build argument 'cmake_clean_cache' from command line to 'False'
[0.683s] Level 5:colcon.colcon_core.verb:set package 'action_ws' build argument 'cmake_clean_first' from command line to 'False'
[0.683s] Level 5:colcon.colcon_core.verb:set package 'action_ws' build argument 'cmake_force_configure' from command line to 'False'
[0.683s] Level 5:colcon.colcon_core.verb:set package 'action_ws' build argument 'ament_cmake_args' from command line to 'None'
[0.683s] Level 5:colcon.colcon_core.verb:set package 'action_ws' build argument 'catkin_cmake_args' from command line to 'None'
[0.683s] Level 5:colcon.colcon_core.verb:set package 'action_ws' build argument 'catkin_skip_building_tests' from command line to 'False'
[0.683s] DEBUG:colcon.colcon_core.verb:Building package 'action_ws' with the following arguments: {'ament_cmake_args': None, 'build_base': '/home/byd/src/ros2/action_ws/build/action_ws', 'catkin_cmake_args': None, 'catkin_skip_building_tests': False, 'cmake_args': None, 'cmake_clean_cache': False, 'cmake_clean_first': False, 'cmake_force_configure': False, 'cmake_target': None, 'cmake_target_skip_unavailable': False, 'install_base': '/home/byd/src/ros2/action_ws/install/action_ws', 'merge_install': False, 'path': '/home/byd/src/ros2/action_ws', 'symlink_install': False, 'test_result_base': None}
[0.683s] INFO:colcon.colcon_core.executor:Executing jobs using 'parallel' executor
[0.686s] DEBUG:colcon.colcon_parallel_executor.executor.parallel:run_until_complete
[0.686s] INFO:colcon.colcon_ros.task.ament_cmake.build:Building ROS package in '/home/byd/src/ros2/action_ws' with build type 'ament_cmake'
[0.687s] INFO:colcon.colcon_cmake.task.cmake.build:Building CMake package in '/home/byd/src/ros2/action_ws'
[0.690s] INFO:colcon.colcon_core.plugin_system:Skipping extension 'colcon_core.shell.bat': Not used on non-Windows systems
[0.691s] INFO:colcon.colcon_core.shell:Skip shell extension 'powershell' for command environment: Not usable outside of PowerShell
[0.691s] DEBUG:colcon.colcon_core.shell:Skip shell extension 'dsv' for command environment
[0.708s] DEBUG:colcon.colcon_core.event_handler.log_command:Invoking command in '/home/byd/src/ros2/action_ws/build/action_ws': CMAKE_PREFIX_PATH=${CMAKE_PREFIX_PATH}:/opt/ros/humble /usr/bin/cmake --build /home/byd/src/ros2/action_ws/build/action_ws -- -j8 -l8
[10.520s] DEBUG:colcon.colcon_core.event_handler.log_command:Invoked command in '/home/byd/src/ros2/action_ws/build/action_ws' returned '0': CMAKE_PREFIX_PATH=${CMAKE_PREFIX_PATH}:/opt/ros/humble /usr/bin/cmake --build /home/byd/src/ros2/action_ws/build/action_ws -- -j8 -l8
[10.594s] DEBUG:colcon.colcon_core.event_handler.log_command:Invoking command in '/home/byd/src/ros2/action_ws/build/action_ws': CMAKE_PREFIX_PATH=${CMAKE_PREFIX_PATH}:/opt/ros/humble /usr/bin/cmake --install /home/byd/src/ros2/action_ws/build/action_ws
[10.627s] Level 1:colcon.colcon_core.environment:create_environment_scripts_only(action_ws)
[10.629s] DEBUG:colcon.colcon_core.event_handler.log_command:Invoked command in '/home/byd/src/ros2/action_ws/build/action_ws' returned '0': CMAKE_PREFIX_PATH=${CMAKE_PREFIX_PATH}:/opt/ros/humble /usr/bin/cmake --install /home/byd/src/ros2/action_ws/build/action_ws
[10.634s] Level 1:colcon.colcon_core.environment:checking '/home/byd/src/ros2/action_ws/install/action_ws' for CMake module files
[10.635s] Level 1:colcon.colcon_core.environment:checking '/home/byd/src/ros2/action_ws/install/action_ws' for CMake config files
[10.636s] Level 1:colcon.colcon_core.shell:create_environment_hook('action_ws', 'cmake_prefix_path')
[10.636s] INFO:colcon.colcon_core.shell:Creating environment hook '/home/byd/src/ros2/action_ws/install/action_ws/share/action_ws/hook/cmake_prefix_path.ps1'
[10.638s] INFO:colcon.colcon_core.shell:Creating environment descriptor '/home/byd/src/ros2/action_ws/install/action_ws/share/action_ws/hook/cmake_prefix_path.dsv'
[10.639s] INFO:colcon.colcon_core.shell:Creating environment hook '/home/byd/src/ros2/action_ws/install/action_ws/share/action_ws/hook/cmake_prefix_path.sh'
[10.645s] Level 1:colcon.colcon_core.environment:checking '/home/byd/src/ros2/action_ws/install/action_ws/lib'
[10.645s] Level 1:colcon.colcon_core.environment:checking '/home/byd/src/ros2/action_ws/install/action_ws/bin'
[10.645s] Level 1:colcon.colcon_core.environment:checking '/home/byd/src/ros2/action_ws/install/action_ws/lib/pkgconfig/action_ws.pc'
[10.646s] Level 1:colcon.colcon_core.environment:checking '/home/byd/src/ros2/action_ws/install/action_ws/lib/python3.10/site-packages'
[10.646s] Level 1:colcon.colcon_core.environment:checking '/home/byd/src/ros2/action_ws/install/action_ws/bin'
[10.647s] INFO:colcon.colcon_core.shell:Creating package script '/home/byd/src/ros2/action_ws/install/action_ws/share/action_ws/package.ps1'
[10.649s] INFO:colcon.colcon_core.shell:Creating package descriptor '/home/byd/src/ros2/action_ws/install/action_ws/share/action_ws/package.dsv'
[10.651s] INFO:colcon.colcon_core.shell:Creating package script '/home/byd/src/ros2/action_ws/install/action_ws/share/action_ws/package.sh'
[10.652s] INFO:colcon.colcon_core.shell:Creating package script '/home/byd/src/ros2/action_ws/install/action_ws/share/action_ws/package.bash'
[10.654s] INFO:colcon.colcon_core.shell:Creating package script '/home/byd/src/ros2/action_ws/install/action_ws/share/action_ws/package.zsh'
[10.655s] Level 1:colcon.colcon_core.environment:create_file_with_runtime_dependencies(/home/byd/src/ros2/action_ws/install/action_ws/share/colcon-core/packages/action_ws)
[10.709s] Level 1:colcon.colcon_core.environment:create_environment_scripts_only(action_ws)
[10.710s] Level 1:colcon.colcon_core.environment:checking '/home/byd/src/ros2/action_ws/install/action_ws' for CMake module files
[10.711s] Level 1:colcon.colcon_core.environment:checking '/home/byd/src/ros2/action_ws/install/action_ws' for CMake config files
[10.711s] Level 1:colcon.colcon_core.shell:create_environment_hook('action_ws', 'cmake_prefix_path')
[10.712s] INFO:colcon.colcon_core.shell:Creating environment hook '/home/byd/src/ros2/action_ws/install/action_ws/share/action_ws/hook/cmake_prefix_path.ps1'
[10.713s] INFO:colcon.colcon_core.shell:Creating environment descriptor '/home/byd/src/ros2/action_ws/install/action_ws/share/action_ws/hook/cmake_prefix_path.dsv'
[10.714s] INFO:colcon.colcon_core.shell:Creating environment hook '/home/byd/src/ros2/action_ws/install/action_ws/share/action_ws/hook/cmake_prefix_path.sh'
[10.719s] Level 1:colcon.colcon_core.environment:checking '/home/byd/src/ros2/action_ws/install/action_ws/lib'
[10.720s] Level 1:colcon.colcon_core.environment:checking '/home/byd/src/ros2/action_ws/install/action_ws/bin'
[10.720s] Level 1:colcon.colcon_core.environment:checking '/home/byd/src/ros2/action_ws/install/action_ws/lib/pkgconfig/action_ws.pc'
[10.720s] Level 1:colcon.colcon_core.environment:checking '/home/byd/src/ros2/action_ws/install/action_ws/lib/python3.10/site-packages'
[10.721s] Level 1:colcon.colcon_core.environment:checking '/home/byd/src/ros2/action_ws/install/action_ws/bin'
[10.722s] INFO:colcon.colcon_core.shell:Creating package script '/home/byd/src/ros2/action_ws/install/action_ws/share/action_ws/package.ps1'
[10.724s] INFO:colcon.colcon_core.shell:Creating package descriptor '/home/byd/src/ros2/action_ws/install/action_ws/share/action_ws/package.dsv'
[10.725s] INFO:colcon.colcon_core.shell:Creating package script '/home/byd/src/ros2/action_ws/install/action_ws/share/action_ws/package.sh'
[10.726s] INFO:colcon.colcon_core.shell:Creating package script '/home/byd/src/ros2/action_ws/install/action_ws/share/action_ws/package.bash'
[10.727s] INFO:colcon.colcon_core.shell:Creating package script '/home/byd/src/ros2/action_ws/install/action_ws/share/action_ws/package.zsh'
[10.728s] Level 1:colcon.colcon_core.environment:create_file_with_runtime_dependencies(/home/byd/src/ros2/action_ws/install/action_ws/share/colcon-core/packages/action_ws)
[10.729s] DEBUG:colcon.colcon_parallel_executor.executor.parallel:closing loop
[10.730s] DEBUG:colcon.colcon_parallel_executor.executor.parallel:loop closed
[10.730s] DEBUG:colcon.colcon_parallel_executor.executor.parallel:run_until_complete finished with '0'
[10.731s] DEBUG:colcon.colcon_core.event_reactor:joining thread
[10.745s] INFO:colcon.colcon_core.plugin_system:Skipping extension 'colcon_notification.desktop_notification.terminal_notifier': Not used on non-Darwin systems
[10.745s] INFO:colcon.colcon_core.plugin_system:Skipping extension 'colcon_notification.desktop_notification.win32': Not used on non-Windows systems
[10.745s] INFO:colcon.colcon_notification.desktop_notification:Sending desktop notification using 'notify2'
[10.787s] DEBUG:colcon.colcon_core.event_reactor:joined thread
[10.789s] INFO:colcon.colcon_core.shell:Creating prefix script '/home/byd/src/ros2/action_ws/install/local_setup.ps1'
[10.792s] INFO:colcon.colcon_core.shell:Creating prefix util module '/home/byd/src/ros2/action_ws/install/_local_setup_util_ps1.py'
[10.798s] INFO:colcon.colcon_core.shell:Creating prefix chain script '/home/byd/src/ros2/action_ws/install/setup.ps1'
[10.803s] INFO:colcon.colcon_core.shell:Creating prefix script '/home/byd/src/ros2/action_ws/install/local_setup.sh'
[10.806s] INFO:colcon.colcon_core.shell:Creating prefix util module '/home/byd/src/ros2/action_ws/install/_local_setup_util_sh.py'
[10.807s] INFO:colcon.colcon_core.shell:Creating prefix chain script '/home/byd/src/ros2/action_ws/install/setup.sh'
[10.812s] INFO:colcon.colcon_core.shell:Creating prefix script '/home/byd/src/ros2/action_ws/install/local_setup.bash'
[10.814s] INFO:colcon.colcon_core.shell:Creating prefix chain script '/home/byd/src/ros2/action_ws/install/setup.bash'
[10.816s] INFO:colcon.colcon_core.shell:Creating prefix script '/home/byd/src/ros2/action_ws/install/local_setup.zsh'
[10.818s] INFO:colcon.colcon_core.shell:Creating prefix chain script '/home/byd/src/ros2/action_ws/install/setup.zsh'
