[0.195s] DEBUG:colcon:Command line arguments: ['/usr/bin/colcon', 'build']
[0.195s] DEBUG:colcon:Parsed command line arguments: Namespace(log_base=None, log_level=None, verb_name='build', build_base='build', install_base='install', merge_install=False, symlink_install=False, test_result_base=None, continue_on_error=False, executor='parallel', parallel_workers=8, event_handlers=None, ignore_user_meta=False, metas=['./colcon.meta'], base_paths=['.'], packages_ignore=None, packages_ignore_regex=None, paths=None, packages_up_to=None, packages_up_to_regex=None, packages_above=None, packages_above_and_dependencies=None, packages_above_depth=None, packages_select_by_dep=None, packages_skip_by_dep=None, packages_skip_up_to=None, packages_select_build_failed=False, packages_skip_build_finished=False, packages_select_test_failures=False, packages_skip_test_passed=False, packages_select=None, packages_skip=None, packages_select_regex=None, packages_skip_regex=None, packages_start=None, packages_end=None, allow_overriding=[], cmake_args=None, cmake_target=None, cmake_target_skip_unavailable=False, cmake_clean_cache=False, cmake_clean_first=False, cmake_force_configure=False, ament_cmake_args=None, catkin_cmake_args=None, catkin_skip_building_tests=False, verb_parser=<colcon_defaults.argument_parser.defaults.DefaultArgumentsDecorator object at 0xffff9b8fd720>, verb_extension=<colcon_core.verb.build.BuildVerb object at 0xffff9ba9eb00>, main=<bound method BuildVerb.main of <colcon_core.verb.build.BuildVerb object at 0xffff9ba9eb00>>)
[0.269s] Level 1:colcon.colcon_core.package_discovery:discover_packages(colcon_meta) check parameters
[0.269s] Level 1:colcon.colcon_core.package_discovery:discover_packages(recursive) check parameters
[0.269s] Level 1:colcon.colcon_core.package_discovery:discover_packages(ignore) check parameters
[0.269s] Level 1:colcon.colcon_core.package_discovery:discover_packages(path) check parameters
[0.269s] Level 1:colcon.colcon_core.package_discovery:discover_packages(colcon_meta) discover
[0.269s] Level 1:colcon.colcon_core.package_discovery:discover_packages(recursive) discover
[0.270s] INFO:colcon.colcon_core.package_discovery:Crawling recursively for packages in '/home/byd/github/ros2/dros/dros_common_interfaces'
[0.270s] Level 1:colcon.colcon_core.package_identification:_identify(.) by extensions ['ignore', 'ignore_ament_install']
[0.270s] Level 1:colcon.colcon_core.package_identification:_identify(.) by extension 'ignore'
[0.270s] Level 1:colcon.colcon_core.package_identification:_identify(.) by extension 'ignore_ament_install'
[0.270s] Level 1:colcon.colcon_core.package_identification:_identify(.) by extensions ['colcon_pkg']
[0.270s] Level 1:colcon.colcon_core.package_identification:_identify(.) by extension 'colcon_pkg'
[0.270s] Level 1:colcon.colcon_core.package_identification:_identify(.) by extensions ['colcon_meta']
[0.270s] Level 1:colcon.colcon_core.package_identification:_identify(.) by extension 'colcon_meta'
[0.271s] Level 1:colcon.colcon_core.package_identification:_identify(.) by extensions ['ros']
[0.271s] Level 1:colcon.colcon_core.package_identification:_identify(.) by extension 'ros'
[0.302s] DEBUG:colcon.colcon_core.package_identification:Package '.' with type 'ros.ament_cmake' and name 'dros_common_interfaces'
[0.302s] Level 1:colcon.colcon_core.package_discovery:discover_packages(recursive) using defaults
[0.302s] Level 1:colcon.colcon_core.package_discovery:discover_packages(ignore) discover
[0.303s] Level 1:colcon.colcon_core.package_discovery:discover_packages(ignore) using defaults
[0.303s] Level 1:colcon.colcon_core.package_discovery:discover_packages(path) discover
[0.303s] Level 1:colcon.colcon_core.package_discovery:discover_packages(path) using defaults
[0.339s] Level 1:colcon.colcon_core.package_discovery:discover_packages(prefix_path) check parameters
[0.339s] Level 1:colcon.colcon_core.package_discovery:discover_packages(prefix_path) discover
[0.342s] DEBUG:colcon.colcon_installed_package_information.package_discovery:Found 1 installed packages in /home/byd/github/ros2/dros/dros_common_interfaces/install
[0.344s] DEBUG:colcon.colcon_installed_package_information.package_discovery:Found 271 installed packages in /opt/ros/humble
[0.346s] Level 1:colcon.colcon_core.package_discovery:discover_packages(prefix_path) using defaults
[0.411s] Level 5:colcon.colcon_core.verb:set package 'dros_common_interfaces' build argument 'cmake_args' from command line to 'None'
[0.411s] Level 5:colcon.colcon_core.verb:set package 'dros_common_interfaces' build argument 'cmake_target' from command line to 'None'
[0.411s] Level 5:colcon.colcon_core.verb:set package 'dros_common_interfaces' build argument 'cmake_target_skip_unavailable' from command line to 'False'
[0.411s] Level 5:colcon.colcon_core.verb:set package 'dros_common_interfaces' build argument 'cmake_clean_cache' from command line to 'False'
[0.411s] Level 5:colcon.colcon_core.verb:set package 'dros_common_interfaces' build argument 'cmake_clean_first' from command line to 'False'
[0.411s] Level 5:colcon.colcon_core.verb:set package 'dros_common_interfaces' build argument 'cmake_force_configure' from command line to 'False'
[0.411s] Level 5:colcon.colcon_core.verb:set package 'dros_common_interfaces' build argument 'ament_cmake_args' from command line to 'None'
[0.411s] Level 5:colcon.colcon_core.verb:set package 'dros_common_interfaces' build argument 'catkin_cmake_args' from command line to 'None'
[0.411s] Level 5:colcon.colcon_core.verb:set package 'dros_common_interfaces' build argument 'catkin_skip_building_tests' from command line to 'False'
[0.411s] DEBUG:colcon.colcon_core.verb:Building package 'dros_common_interfaces' with the following arguments: {'ament_cmake_args': None, 'build_base': '/home/byd/github/ros2/dros/dros_common_interfaces/build/dros_common_interfaces', 'catkin_cmake_args': None, 'catkin_skip_building_tests': False, 'cmake_args': None, 'cmake_clean_cache': False, 'cmake_clean_first': False, 'cmake_force_configure': False, 'cmake_target': None, 'cmake_target_skip_unavailable': False, 'install_base': '/home/byd/github/ros2/dros/dros_common_interfaces/install/dros_common_interfaces', 'merge_install': False, 'path': '/home/byd/github/ros2/dros/dros_common_interfaces', 'symlink_install': False, 'test_result_base': None}
[0.412s] INFO:colcon.colcon_core.executor:Executing jobs using 'parallel' executor
[0.414s] DEBUG:colcon.colcon_parallel_executor.executor.parallel:run_until_complete
[0.414s] INFO:colcon.colcon_ros.task.ament_cmake.build:Building ROS package in '/home/byd/github/ros2/dros/dros_common_interfaces' with build type 'ament_cmake'
[0.415s] INFO:colcon.colcon_cmake.task.cmake.build:Building CMake package in '/home/byd/github/ros2/dros/dros_common_interfaces'
[0.418s] INFO:colcon.colcon_core.plugin_system:Skipping extension 'colcon_core.shell.bat': Not used on non-Windows systems
[0.419s] INFO:colcon.colcon_core.shell:Skip shell extension 'powershell' for command environment: Not usable outside of PowerShell
[0.419s] DEBUG:colcon.colcon_core.shell:Skip shell extension 'dsv' for command environment
[0.436s] DEBUG:colcon.colcon_core.event_handler.log_command:Invoking command in '/home/byd/github/ros2/dros/dros_common_interfaces/build/dros_common_interfaces': CMAKE_PREFIX_PATH=${CMAKE_PREFIX_PATH}:/opt/ros/humble /usr/bin/cmake /home/byd/github/ros2/dros/dros_common_interfaces -DCMAKE_INSTALL_PREFIX=/home/byd/github/ros2/dros/dros_common_interfaces/install/dros_common_interfaces
[4.812s] DEBUG:colcon.colcon_core.event_handler.log_command:Invoked command in '/home/byd/github/ros2/dros/dros_common_interfaces/build/dros_common_interfaces' returned '0': CMAKE_PREFIX_PATH=${CMAKE_PREFIX_PATH}:/opt/ros/humble /usr/bin/cmake /home/byd/github/ros2/dros/dros_common_interfaces -DCMAKE_INSTALL_PREFIX=/home/byd/github/ros2/dros/dros_common_interfaces/install/dros_common_interfaces
[4.818s] DEBUG:colcon.colcon_core.event_handler.log_command:Invoking command in '/home/byd/github/ros2/dros/dros_common_interfaces/build/dros_common_interfaces': CMAKE_PREFIX_PATH=${CMAKE_PREFIX_PATH}:/opt/ros/humble /usr/bin/cmake --build /home/byd/github/ros2/dros/dros_common_interfaces/build/dros_common_interfaces -- -j8 -l8
[11.817s] DEBUG:colcon.colcon_core.event_handler.log_command:Invoked command in '/home/byd/github/ros2/dros/dros_common_interfaces/build/dros_common_interfaces' returned '0': CMAKE_PREFIX_PATH=${CMAKE_PREFIX_PATH}:/opt/ros/humble /usr/bin/cmake --build /home/byd/github/ros2/dros/dros_common_interfaces/build/dros_common_interfaces -- -j8 -l8
[11.840s] DEBUG:colcon.colcon_core.event_handler.log_command:Invoking command in '/home/byd/github/ros2/dros/dros_common_interfaces/build/dros_common_interfaces': CMAKE_PREFIX_PATH=${CMAKE_PREFIX_PATH}:/opt/ros/humble /usr/bin/cmake --install /home/byd/github/ros2/dros/dros_common_interfaces/build/dros_common_interfaces
[12.001s] Level 1:colcon.colcon_core.environment:create_environment_scripts_only(dros_common_interfaces)
[12.003s] DEBUG:colcon.colcon_core.event_handler.log_command:Invoked command in '/home/byd/github/ros2/dros/dros_common_interfaces/build/dros_common_interfaces' returned '0': CMAKE_PREFIX_PATH=${CMAKE_PREFIX_PATH}:/opt/ros/humble /usr/bin/cmake --install /home/byd/github/ros2/dros/dros_common_interfaces/build/dros_common_interfaces
[12.010s] Level 1:colcon.colcon_core.environment:checking '/home/byd/github/ros2/dros/dros_common_interfaces/install/dros_common_interfaces' for CMake module files
[12.012s] Level 1:colcon.colcon_core.environment:checking '/home/byd/github/ros2/dros/dros_common_interfaces/install/dros_common_interfaces' for CMake config files
[12.012s] Level 1:colcon.colcon_core.shell:create_environment_hook('dros_common_interfaces', 'cmake_prefix_path')
[12.013s] INFO:colcon.colcon_core.shell:Creating environment hook '/home/byd/github/ros2/dros/dros_common_interfaces/install/dros_common_interfaces/share/dros_common_interfaces/hook/cmake_prefix_path.ps1'
[12.016s] INFO:colcon.colcon_core.shell:Creating environment descriptor '/home/byd/github/ros2/dros/dros_common_interfaces/install/dros_common_interfaces/share/dros_common_interfaces/hook/cmake_prefix_path.dsv'
[12.018s] INFO:colcon.colcon_core.shell:Creating environment hook '/home/byd/github/ros2/dros/dros_common_interfaces/install/dros_common_interfaces/share/dros_common_interfaces/hook/cmake_prefix_path.sh'
[12.020s] Level 1:colcon.colcon_core.environment:checking '/home/byd/github/ros2/dros/dros_common_interfaces/install/dros_common_interfaces/lib'
[12.021s] Level 1:colcon.colcon_core.shell:create_environment_hook('dros_common_interfaces', 'ld_library_path_lib')
[12.021s] INFO:colcon.colcon_core.shell:Creating environment hook '/home/byd/github/ros2/dros/dros_common_interfaces/install/dros_common_interfaces/share/dros_common_interfaces/hook/ld_library_path_lib.ps1'
[12.022s] INFO:colcon.colcon_core.shell:Creating environment descriptor '/home/byd/github/ros2/dros/dros_common_interfaces/install/dros_common_interfaces/share/dros_common_interfaces/hook/ld_library_path_lib.dsv'
[12.023s] INFO:colcon.colcon_core.shell:Creating environment hook '/home/byd/github/ros2/dros/dros_common_interfaces/install/dros_common_interfaces/share/dros_common_interfaces/hook/ld_library_path_lib.sh'
[12.023s] Level 1:colcon.colcon_core.environment:checking '/home/byd/github/ros2/dros/dros_common_interfaces/install/dros_common_interfaces/bin'
[12.023s] Level 1:colcon.colcon_core.environment:checking '/home/byd/github/ros2/dros/dros_common_interfaces/install/dros_common_interfaces/lib/pkgconfig/dros_common_interfaces.pc'
[12.024s] Level 1:colcon.colcon_core.environment:checking '/home/byd/github/ros2/dros/dros_common_interfaces/install/dros_common_interfaces/lib/python3.10/site-packages'
[12.024s] Level 1:colcon.colcon_core.environment:checking '/home/byd/github/ros2/dros/dros_common_interfaces/install/dros_common_interfaces/bin'
[12.025s] INFO:colcon.colcon_core.shell:Creating package script '/home/byd/github/ros2/dros/dros_common_interfaces/install/dros_common_interfaces/share/dros_common_interfaces/package.ps1'
[12.028s] INFO:colcon.colcon_core.shell:Creating package descriptor '/home/byd/github/ros2/dros/dros_common_interfaces/install/dros_common_interfaces/share/dros_common_interfaces/package.dsv'
[12.030s] INFO:colcon.colcon_core.shell:Creating package script '/home/byd/github/ros2/dros/dros_common_interfaces/install/dros_common_interfaces/share/dros_common_interfaces/package.sh'
[12.033s] INFO:colcon.colcon_core.shell:Creating package script '/home/byd/github/ros2/dros/dros_common_interfaces/install/dros_common_interfaces/share/dros_common_interfaces/package.bash'
[12.035s] INFO:colcon.colcon_core.shell:Creating package script '/home/byd/github/ros2/dros/dros_common_interfaces/install/dros_common_interfaces/share/dros_common_interfaces/package.zsh'
[12.037s] Level 1:colcon.colcon_core.environment:create_file_with_runtime_dependencies(/home/byd/github/ros2/dros/dros_common_interfaces/install/dros_common_interfaces/share/colcon-core/packages/dros_common_interfaces)
[12.039s] Level 1:colcon.colcon_core.environment:create_environment_scripts_only(dros_common_interfaces)
[12.040s] Level 1:colcon.colcon_core.environment:checking '/home/byd/github/ros2/dros/dros_common_interfaces/install/dros_common_interfaces' for CMake module files
[12.042s] Level 1:colcon.colcon_core.environment:checking '/home/byd/github/ros2/dros/dros_common_interfaces/install/dros_common_interfaces' for CMake config files
[12.043s] Level 1:colcon.colcon_core.shell:create_environment_hook('dros_common_interfaces', 'cmake_prefix_path')
[12.043s] INFO:colcon.colcon_core.shell:Creating environment hook '/home/byd/github/ros2/dros/dros_common_interfaces/install/dros_common_interfaces/share/dros_common_interfaces/hook/cmake_prefix_path.ps1'
[12.044s] INFO:colcon.colcon_core.shell:Creating environment descriptor '/home/byd/github/ros2/dros/dros_common_interfaces/install/dros_common_interfaces/share/dros_common_interfaces/hook/cmake_prefix_path.dsv'
[12.045s] INFO:colcon.colcon_core.shell:Creating environment hook '/home/byd/github/ros2/dros/dros_common_interfaces/install/dros_common_interfaces/share/dros_common_interfaces/hook/cmake_prefix_path.sh'
[12.046s] Level 1:colcon.colcon_core.environment:checking '/home/byd/github/ros2/dros/dros_common_interfaces/install/dros_common_interfaces/lib'
[12.046s] Level 1:colcon.colcon_core.shell:create_environment_hook('dros_common_interfaces', 'ld_library_path_lib')
[12.046s] INFO:colcon.colcon_core.shell:Creating environment hook '/home/byd/github/ros2/dros/dros_common_interfaces/install/dros_common_interfaces/share/dros_common_interfaces/hook/ld_library_path_lib.ps1'
[12.047s] INFO:colcon.colcon_core.shell:Creating environment descriptor '/home/byd/github/ros2/dros/dros_common_interfaces/install/dros_common_interfaces/share/dros_common_interfaces/hook/ld_library_path_lib.dsv'
[12.047s] INFO:colcon.colcon_core.shell:Creating environment hook '/home/byd/github/ros2/dros/dros_common_interfaces/install/dros_common_interfaces/share/dros_common_interfaces/hook/ld_library_path_lib.sh'
[12.048s] Level 1:colcon.colcon_core.environment:checking '/home/byd/github/ros2/dros/dros_common_interfaces/install/dros_common_interfaces/bin'
[12.048s] Level 1:colcon.colcon_core.environment:checking '/home/byd/github/ros2/dros/dros_common_interfaces/install/dros_common_interfaces/lib/pkgconfig/dros_common_interfaces.pc'
[12.049s] Level 1:colcon.colcon_core.environment:checking '/home/byd/github/ros2/dros/dros_common_interfaces/install/dros_common_interfaces/lib/python3.10/site-packages'
[12.049s] Level 1:colcon.colcon_core.environment:checking '/home/byd/github/ros2/dros/dros_common_interfaces/install/dros_common_interfaces/bin'
[12.050s] INFO:colcon.colcon_core.shell:Creating package script '/home/byd/github/ros2/dros/dros_common_interfaces/install/dros_common_interfaces/share/dros_common_interfaces/package.ps1'
[12.052s] INFO:colcon.colcon_core.shell:Creating package descriptor '/home/byd/github/ros2/dros/dros_common_interfaces/install/dros_common_interfaces/share/dros_common_interfaces/package.dsv'
[12.053s] INFO:colcon.colcon_core.shell:Creating package script '/home/byd/github/ros2/dros/dros_common_interfaces/install/dros_common_interfaces/share/dros_common_interfaces/package.sh'
[12.054s] INFO:colcon.colcon_core.shell:Creating package script '/home/byd/github/ros2/dros/dros_common_interfaces/install/dros_common_interfaces/share/dros_common_interfaces/package.bash'
[12.055s] INFO:colcon.colcon_core.shell:Creating package script '/home/byd/github/ros2/dros/dros_common_interfaces/install/dros_common_interfaces/share/dros_common_interfaces/package.zsh'
[12.056s] Level 1:colcon.colcon_core.environment:create_file_with_runtime_dependencies(/home/byd/github/ros2/dros/dros_common_interfaces/install/dros_common_interfaces/share/colcon-core/packages/dros_common_interfaces)
[12.057s] DEBUG:colcon.colcon_parallel_executor.executor.parallel:closing loop
[12.057s] DEBUG:colcon.colcon_parallel_executor.executor.parallel:loop closed
[12.058s] DEBUG:colcon.colcon_parallel_executor.executor.parallel:run_until_complete finished with '0'
[12.058s] DEBUG:colcon.colcon_core.event_reactor:joining thread
[12.077s] INFO:colcon.colcon_core.plugin_system:Skipping extension 'colcon_notification.desktop_notification.terminal_notifier': Not used on non-Darwin systems
[12.077s] INFO:colcon.colcon_core.plugin_system:Skipping extension 'colcon_notification.desktop_notification.win32': Not used on non-Windows systems
[12.078s] INFO:colcon.colcon_notification.desktop_notification:Sending desktop notification using 'notify2'
[12.123s] DEBUG:colcon.colcon_core.event_reactor:joined thread
[12.124s] INFO:colcon.colcon_core.shell:Creating prefix script '/home/byd/github/ros2/dros/dros_common_interfaces/install/local_setup.ps1'
[12.127s] INFO:colcon.colcon_core.shell:Creating prefix util module '/home/byd/github/ros2/dros/dros_common_interfaces/install/_local_setup_util_ps1.py'
[12.130s] INFO:colcon.colcon_core.shell:Creating prefix chain script '/home/byd/github/ros2/dros/dros_common_interfaces/install/setup.ps1'
[12.133s] INFO:colcon.colcon_core.shell:Creating prefix script '/home/byd/github/ros2/dros/dros_common_interfaces/install/local_setup.sh'
[12.134s] INFO:colcon.colcon_core.shell:Creating prefix util module '/home/byd/github/ros2/dros/dros_common_interfaces/install/_local_setup_util_sh.py'
[12.136s] INFO:colcon.colcon_core.shell:Creating prefix chain script '/home/byd/github/ros2/dros/dros_common_interfaces/install/setup.sh'
[12.139s] INFO:colcon.colcon_core.shell:Creating prefix script '/home/byd/github/ros2/dros/dros_common_interfaces/install/local_setup.bash'
[12.140s] INFO:colcon.colcon_core.shell:Creating prefix chain script '/home/byd/github/ros2/dros/dros_common_interfaces/install/setup.bash'
[12.142s] INFO:colcon.colcon_core.shell:Creating prefix script '/home/byd/github/ros2/dros/dros_common_interfaces/install/local_setup.zsh'
[12.143s] INFO:colcon.colcon_core.shell:Creating prefix chain script '/home/byd/github/ros2/dros/dros_common_interfaces/install/setup.zsh'
