[0.546s] DEBUG:colcon:Command line arguments: ['/usr/bin/colcon', 'build']
[0.546s] DEBUG:colcon:Parsed command line arguments: Namespace(allow_overriding=[], ament_cmake_args=None, base_paths=['.'], build_base='build', catkin_cmake_args=None, catkin_skip_building_tests=False, cmake_args=None, cmake_clean_cache=False, cmake_clean_first=False, cmake_force_configure=False, cmake_target=None, cmake_target_skip_unavailable=False, continue_on_error=False, event_handlers=None, executor='parallel', ignore_user_meta=False, install_base='install', log_base=None, log_level=None, main=<bound method BuildVerb.main of <colcon_core.verb.build.BuildVerb object at 0x7f0a2a2689a0>>, merge_install=False, metas=['./colcon.meta'], mixin=None, mixin_files=None, mixin_verb=('build',), packages_above=None, packages_above_and_dependencies=None, packages_above_depth=None, packages_end=None, packages_ignore=None, packages_ignore_regex=None, packages_select=None, packages_select_build_failed=False, packages_select_by_dep=None, packages_select_regex=None, packages_select_test_failures=False, packages_skip=None, packages_skip_build_finished=False, packages_skip_by_dep=None, packages_skip_regex=None, packages_skip_test_passed=False, packages_skip_up_to=None, packages_start=None, packages_up_to=None, packages_up_to_regex=None, parallel_workers=8, paths=None, symlink_install=False, test_result_base=None, verb_extension=<colcon_core.verb.build.BuildVerb object at 0x7f0a2a2689a0>, verb_name='build', verb_parser=<colcon_mixin.mixin.mixin_argument.MixinArgumentDecorator object at 0x7f0a2a1cc850>)
[0.671s] Level 1:colcon.colcon_core.package_discovery:discover_packages(colcon_meta) check parameters
[0.672s] Level 1:colcon.colcon_core.package_discovery:discover_packages(recursive) check parameters
[0.672s] Level 1:colcon.colcon_core.package_discovery:discover_packages(ignore) check parameters
[0.672s] Level 1:colcon.colcon_core.package_discovery:discover_packages(path) check parameters
[0.672s] Level 1:colcon.colcon_core.package_discovery:discover_packages(colcon_meta) discover
[0.672s] Level 1:colcon.colcon_core.package_discovery:discover_packages(recursive) discover
[0.672s] INFO:colcon.colcon_core.package_discovery:Crawling recursively for packages in '/home/hawrk/github/hawrk/ros2/param_ws'
[0.672s] Level 1:colcon.colcon_core.package_identification:_identify(.) by extensions ['ignore', 'ignore_ament_install']
[0.672s] Level 1:colcon.colcon_core.package_identification:_identify(.) by extension 'ignore'
[0.672s] Level 1:colcon.colcon_core.package_identification:_identify(.) by extension 'ignore_ament_install'
[0.672s] Level 1:colcon.colcon_core.package_identification:_identify(.) by extensions ['colcon_pkg']
[0.672s] Level 1:colcon.colcon_core.package_identification:_identify(.) by extension 'colcon_pkg'
[0.672s] Level 1:colcon.colcon_core.package_identification:_identify(.) by extensions ['colcon_meta']
[0.672s] Level 1:colcon.colcon_core.package_identification:_identify(.) by extension 'colcon_meta'
[0.672s] Level 1:colcon.colcon_core.package_identification:_identify(.) by extensions ['ros']
[0.672s] Level 1:colcon.colcon_core.package_identification:_identify(.) by extension 'ros'
[0.680s] DEBUG:colcon.colcon_core.package_identification:Package '.' with type 'ros.ament_cmake' and name 'param_ws'
[0.680s] Level 1:colcon.colcon_core.package_discovery:discover_packages(recursive) using defaults
[0.680s] Level 1:colcon.colcon_core.package_discovery:discover_packages(ignore) discover
[0.680s] Level 1:colcon.colcon_core.package_discovery:discover_packages(ignore) using defaults
[0.680s] Level 1:colcon.colcon_core.package_discovery:discover_packages(path) discover
[0.680s] Level 1:colcon.colcon_core.package_discovery:discover_packages(path) using defaults
[0.702s] Level 1:colcon.colcon_core.package_discovery:discover_packages(prefix_path) check parameters
[0.702s] Level 1:colcon.colcon_core.package_discovery:discover_packages(prefix_path) discover
[0.706s] DEBUG:colcon.colcon_installed_package_information.package_discovery:Found 337 installed packages in /opt/ros/galactic
[0.707s] Level 1:colcon.colcon_core.package_discovery:discover_packages(prefix_path) using defaults
[0.870s] Level 5:colcon.colcon_core.verb:set package 'param_ws' build argument 'cmake_args' from command line to 'None'
[0.870s] Level 5:colcon.colcon_core.verb:set package 'param_ws' build argument 'cmake_target' from command line to 'None'
[0.870s] Level 5:colcon.colcon_core.verb:set package 'param_ws' build argument 'cmake_target_skip_unavailable' from command line to 'False'
[0.870s] Level 5:colcon.colcon_core.verb:set package 'param_ws' build argument 'cmake_clean_cache' from command line to 'False'
[0.870s] Level 5:colcon.colcon_core.verb:set package 'param_ws' build argument 'cmake_clean_first' from command line to 'False'
[0.870s] Level 5:colcon.colcon_core.verb:set package 'param_ws' build argument 'cmake_force_configure' from command line to 'False'
[0.870s] Level 5:colcon.colcon_core.verb:set package 'param_ws' build argument 'ament_cmake_args' from command line to 'None'
[0.870s] Level 5:colcon.colcon_core.verb:set package 'param_ws' build argument 'catkin_cmake_args' from command line to 'None'
[0.870s] Level 5:colcon.colcon_core.verb:set package 'param_ws' build argument 'catkin_skip_building_tests' from command line to 'False'
[0.870s] DEBUG:colcon.colcon_core.verb:Building package 'param_ws' with the following arguments: {'ament_cmake_args': None, 'build_base': '/home/hawrk/github/hawrk/ros2/param_ws/build/param_ws', 'catkin_cmake_args': None, 'catkin_skip_building_tests': False, 'cmake_args': None, 'cmake_clean_cache': False, 'cmake_clean_first': False, 'cmake_force_configure': False, 'cmake_target': None, 'cmake_target_skip_unavailable': False, 'install_base': '/home/hawrk/github/hawrk/ros2/param_ws/install/param_ws', 'merge_install': False, 'path': '/home/hawrk/github/hawrk/ros2/param_ws', 'symlink_install': False, 'test_result_base': None}
[0.870s] INFO:colcon.colcon_core.executor:Executing jobs using 'parallel' executor
[0.872s] DEBUG:colcon.colcon_parallel_executor.executor.parallel:run_until_complete
[0.872s] INFO:colcon.colcon_ros.task.ament_cmake.build:Building ROS package in '/home/hawrk/github/hawrk/ros2/param_ws' with build type 'ament_cmake'
[0.872s] INFO:colcon.colcon_cmake.task.cmake.build:Building CMake package in '/home/hawrk/github/hawrk/ros2/param_ws'
[0.877s] INFO:colcon.colcon_core.plugin_system:Skipping extension 'colcon_core.shell.bat': Not used on non-Windows systems
[0.877s] INFO:colcon.colcon_core.shell:Skip shell extension 'powershell' for command environment: Not usable outside of PowerShell
[0.877s] DEBUG:colcon.colcon_core.shell:Skip shell extension 'dsv' for command environment
[0.884s] DEBUG:colcon.colcon_core.event_handler.log_command:Invoking command in '/home/hawrk/github/hawrk/ros2/param_ws/build/param_ws': CMAKE_PREFIX_PATH=/opt/ros/galactic /usr/bin/cmake /home/hawrk/github/hawrk/ros2/param_ws -DCMAKE_INSTALL_PREFIX=/home/hawrk/github/hawrk/ros2/param_ws/install/param_ws
[1.771s] DEBUG:colcon.colcon_core.event_handler.log_command:Invoked command in '/home/hawrk/github/hawrk/ros2/param_ws/build/param_ws' returned '0': CMAKE_PREFIX_PATH=/opt/ros/galactic /usr/bin/cmake /home/hawrk/github/hawrk/ros2/param_ws -DCMAKE_INSTALL_PREFIX=/home/hawrk/github/hawrk/ros2/param_ws/install/param_ws
[1.775s] DEBUG:colcon.colcon_core.event_handler.log_command:Invoking command in '/home/hawrk/github/hawrk/ros2/param_ws/build/param_ws': CMAKE_PREFIX_PATH=/opt/ros/galactic /usr/bin/cmake --build /home/hawrk/github/hawrk/ros2/param_ws/build/param_ws -- -j8 -l8
[6.557s] DEBUG:colcon.colcon_core.event_handler.log_command:Invoked command in '/home/hawrk/github/hawrk/ros2/param_ws/build/param_ws' returned '0': CMAKE_PREFIX_PATH=/opt/ros/galactic /usr/bin/cmake --build /home/hawrk/github/hawrk/ros2/param_ws/build/param_ws -- -j8 -l8
[6.584s] DEBUG:colcon.colcon_core.event_handler.log_command:Invoking command in '/home/hawrk/github/hawrk/ros2/param_ws/build/param_ws': CMAKE_PREFIX_PATH=/opt/ros/galactic /usr/bin/cmake --install /home/hawrk/github/hawrk/ros2/param_ws/build/param_ws
[6.594s] Level 1:colcon.colcon_core.environment:create_environment_scripts_only(param_ws)
[6.595s] DEBUG:colcon.colcon_core.event_handler.log_command:Invoked command in '/home/hawrk/github/hawrk/ros2/param_ws/build/param_ws' returned '0': CMAKE_PREFIX_PATH=/opt/ros/galactic /usr/bin/cmake --install /home/hawrk/github/hawrk/ros2/param_ws/build/param_ws
[6.603s] Level 1:colcon.colcon_core.environment:checking '/home/hawrk/github/hawrk/ros2/param_ws/install/param_ws' for CMake module files
[6.603s] Level 1:colcon.colcon_core.environment:checking '/home/hawrk/github/hawrk/ros2/param_ws/install/param_ws' for CMake config files
[6.603s] Level 1:colcon.colcon_core.shell:create_environment_hook('param_ws', 'cmake_prefix_path')
[6.603s] INFO:colcon.colcon_core.shell:Creating environment hook '/home/hawrk/github/hawrk/ros2/param_ws/install/param_ws/share/param_ws/hook/cmake_prefix_path.ps1'
[6.604s] INFO:colcon.colcon_core.shell:Creating environment descriptor '/home/hawrk/github/hawrk/ros2/param_ws/install/param_ws/share/param_ws/hook/cmake_prefix_path.dsv'
[6.605s] INFO:colcon.colcon_core.shell:Creating environment hook '/home/hawrk/github/hawrk/ros2/param_ws/install/param_ws/share/param_ws/hook/cmake_prefix_path.sh'
[6.606s] Level 1:colcon.colcon_core.environment:checking '/home/hawrk/github/hawrk/ros2/param_ws/install/param_ws/lib'
[6.606s] Level 1:colcon.colcon_core.environment:checking '/home/hawrk/github/hawrk/ros2/param_ws/install/param_ws/bin'
[6.606s] Level 1:colcon.colcon_core.environment:checking '/home/hawrk/github/hawrk/ros2/param_ws/install/param_ws/lib/pkgconfig/param_ws.pc'
[6.606s] Level 1:colcon.colcon_core.environment:checking '/home/hawrk/github/hawrk/ros2/param_ws/install/param_ws/lib/python3.8/site-packages'
[6.606s] Level 1:colcon.colcon_core.environment:checking '/home/hawrk/github/hawrk/ros2/param_ws/install/param_ws/bin'
[6.606s] INFO:colcon.colcon_core.shell:Creating package script '/home/hawrk/github/hawrk/ros2/param_ws/install/param_ws/share/param_ws/package.ps1'
[6.607s] INFO:colcon.colcon_core.shell:Creating package descriptor '/home/hawrk/github/hawrk/ros2/param_ws/install/param_ws/share/param_ws/package.dsv'
[6.608s] INFO:colcon.colcon_core.shell:Creating package script '/home/hawrk/github/hawrk/ros2/param_ws/install/param_ws/share/param_ws/package.sh'
[6.608s] INFO:colcon.colcon_core.shell:Creating package script '/home/hawrk/github/hawrk/ros2/param_ws/install/param_ws/share/param_ws/package.bash'
[6.609s] INFO:colcon.colcon_core.shell:Creating package script '/home/hawrk/github/hawrk/ros2/param_ws/install/param_ws/share/param_ws/package.zsh'
[6.610s] Level 1:colcon.colcon_core.environment:create_file_with_runtime_dependencies(/home/hawrk/github/hawrk/ros2/param_ws/install/param_ws/share/colcon-core/packages/param_ws)
[6.627s] Level 1:colcon.colcon_core.environment:create_environment_scripts_only(param_ws)
[6.628s] Level 1:colcon.colcon_core.environment:checking '/home/hawrk/github/hawrk/ros2/param_ws/install/param_ws' for CMake module files
[6.628s] Level 1:colcon.colcon_core.environment:checking '/home/hawrk/github/hawrk/ros2/param_ws/install/param_ws' for CMake config files
[6.628s] Level 1:colcon.colcon_core.shell:create_environment_hook('param_ws', 'cmake_prefix_path')
[6.628s] INFO:colcon.colcon_core.shell:Creating environment hook '/home/hawrk/github/hawrk/ros2/param_ws/install/param_ws/share/param_ws/hook/cmake_prefix_path.ps1'
[6.629s] INFO:colcon.colcon_core.shell:Creating environment descriptor '/home/hawrk/github/hawrk/ros2/param_ws/install/param_ws/share/param_ws/hook/cmake_prefix_path.dsv'
[6.629s] INFO:colcon.colcon_core.shell:Creating environment hook '/home/hawrk/github/hawrk/ros2/param_ws/install/param_ws/share/param_ws/hook/cmake_prefix_path.sh'
[6.629s] Level 1:colcon.colcon_core.environment:checking '/home/hawrk/github/hawrk/ros2/param_ws/install/param_ws/lib'
[6.630s] Level 1:colcon.colcon_core.environment:checking '/home/hawrk/github/hawrk/ros2/param_ws/install/param_ws/bin'
[6.630s] Level 1:colcon.colcon_core.environment:checking '/home/hawrk/github/hawrk/ros2/param_ws/install/param_ws/lib/pkgconfig/param_ws.pc'
[6.630s] Level 1:colcon.colcon_core.environment:checking '/home/hawrk/github/hawrk/ros2/param_ws/install/param_ws/lib/python3.8/site-packages'
[6.630s] Level 1:colcon.colcon_core.environment:checking '/home/hawrk/github/hawrk/ros2/param_ws/install/param_ws/bin'
[6.630s] INFO:colcon.colcon_core.shell:Creating package script '/home/hawrk/github/hawrk/ros2/param_ws/install/param_ws/share/param_ws/package.ps1'
[6.630s] INFO:colcon.colcon_core.shell:Creating package descriptor '/home/hawrk/github/hawrk/ros2/param_ws/install/param_ws/share/param_ws/package.dsv'
[6.631s] INFO:colcon.colcon_core.shell:Creating package script '/home/hawrk/github/hawrk/ros2/param_ws/install/param_ws/share/param_ws/package.sh'
[6.631s] INFO:colcon.colcon_core.shell:Creating package script '/home/hawrk/github/hawrk/ros2/param_ws/install/param_ws/share/param_ws/package.bash'
[6.631s] INFO:colcon.colcon_core.shell:Creating package script '/home/hawrk/github/hawrk/ros2/param_ws/install/param_ws/share/param_ws/package.zsh'
[6.632s] Level 1:colcon.colcon_core.environment:create_file_with_runtime_dependencies(/home/hawrk/github/hawrk/ros2/param_ws/install/param_ws/share/colcon-core/packages/param_ws)
[6.632s] DEBUG:colcon.colcon_parallel_executor.executor.parallel:closing loop
[6.632s] DEBUG:colcon.colcon_parallel_executor.executor.parallel:loop closed
[6.632s] DEBUG:colcon.colcon_parallel_executor.executor.parallel:run_until_complete finished with '0'
[6.632s] DEBUG:colcon.colcon_core.event_reactor:joining thread
[6.642s] INFO:colcon.colcon_core.plugin_system:Skipping extension 'colcon_notification.desktop_notification.terminal_notifier': Not used on non-Darwin systems
[6.642s] INFO:colcon.colcon_core.plugin_system:Skipping extension 'colcon_notification.desktop_notification.win32': Not used on non-Windows systems
[6.642s] INFO:colcon.colcon_notification.desktop_notification:Sending desktop notification using 'notify2'
[6.728s] DEBUG:colcon.colcon_core.event_reactor:joined thread
[6.728s] INFO:colcon.colcon_core.shell:Creating prefix script '/home/hawrk/github/hawrk/ros2/param_ws/install/local_setup.ps1'
[6.729s] INFO:colcon.colcon_core.shell:Creating prefix util module '/home/hawrk/github/hawrk/ros2/param_ws/install/_local_setup_util_ps1.py'
[6.730s] INFO:colcon.colcon_core.shell:Creating prefix chain script '/home/hawrk/github/hawrk/ros2/param_ws/install/setup.ps1'
[6.731s] INFO:colcon.colcon_core.shell:Creating prefix script '/home/hawrk/github/hawrk/ros2/param_ws/install/local_setup.sh'
[6.732s] INFO:colcon.colcon_core.shell:Creating prefix util module '/home/hawrk/github/hawrk/ros2/param_ws/install/_local_setup_util_sh.py'
[6.733s] INFO:colcon.colcon_core.shell:Creating prefix chain script '/home/hawrk/github/hawrk/ros2/param_ws/install/setup.sh'
[6.734s] INFO:colcon.colcon_core.shell:Creating prefix script '/home/hawrk/github/hawrk/ros2/param_ws/install/local_setup.bash'
[6.735s] INFO:colcon.colcon_core.shell:Creating prefix chain script '/home/hawrk/github/hawrk/ros2/param_ws/install/setup.bash'
[6.735s] INFO:colcon.colcon_core.shell:Creating prefix script '/home/hawrk/github/hawrk/ros2/param_ws/install/local_setup.zsh'
[6.736s] INFO:colcon.colcon_core.shell:Creating prefix chain script '/home/hawrk/github/hawrk/ros2/param_ws/install/setup.zsh'
