[0.345s] DEBUG:colcon:Command line arguments: ['/usr/bin/colcon', 'build']
[0.345s] DEBUG:colcon:Parsed command line arguments: Namespace(log_base=None, log_level=None, verb_name='build', build_base='build', install_base='install', merge_install=False, symlink_install=False, test_result_base=None, continue_on_error=False, executor='parallel', parallel_workers=8, event_handlers=None, ignore_user_meta=False, metas=['./colcon.meta'], base_paths=['.'], packages_ignore=None, packages_ignore_regex=None, paths=None, packages_up_to=None, packages_up_to_regex=None, packages_above=None, packages_above_and_dependencies=None, packages_above_depth=None, packages_select_by_dep=None, packages_skip_by_dep=None, packages_skip_up_to=None, packages_select_build_failed=False, packages_skip_build_finished=False, packages_select_test_failures=False, packages_skip_test_passed=False, packages_select=None, packages_skip=None, packages_select_regex=None, packages_skip_regex=None, packages_start=None, packages_end=None, allow_overriding=[], cmake_args=None, cmake_target=None, cmake_target_skip_unavailable=False, cmake_clean_cache=False, cmake_clean_first=False, cmake_force_configure=False, ament_cmake_args=None, catkin_cmake_args=None, catkin_skip_building_tests=False, verb_parser=<colcon_defaults.argument_parser.defaults.DefaultArgumentsDecorator object at 0xffff83dcbdc0>, verb_extension=<colcon_core.verb.build.BuildVerb object at 0xffff83fb0550>, main=<bound method BuildVerb.main of <colcon_core.verb.build.BuildVerb object at 0xffff83fb0550>>)
[1.028s] Level 1:colcon.colcon_core.package_discovery:discover_packages(colcon_meta) check parameters
[1.028s] Level 1:colcon.colcon_core.package_discovery:discover_packages(recursive) check parameters
[1.029s] Level 1:colcon.colcon_core.package_discovery:discover_packages(ignore) check parameters
[1.029s] Level 1:colcon.colcon_core.package_discovery:discover_packages(path) check parameters
[1.029s] Level 1:colcon.colcon_core.package_discovery:discover_packages(colcon_meta) discover
[1.029s] Level 1:colcon.colcon_core.package_discovery:discover_packages(recursive) discover
[1.029s] INFO:colcon.colcon_core.package_discovery:Crawling recursively for packages in '/home/byd/src/ros2/topic_ws'
[1.029s] Level 1:colcon.colcon_core.package_identification:_identify(.) by extensions ['ignore', 'ignore_ament_install']
[1.030s] Level 1:colcon.colcon_core.package_identification:_identify(.) by extension 'ignore'
[1.030s] Level 1:colcon.colcon_core.package_identification:_identify(.) by extension 'ignore_ament_install'
[1.030s] Level 1:colcon.colcon_core.package_identification:_identify(.) by extensions ['colcon_pkg']
[1.030s] Level 1:colcon.colcon_core.package_identification:_identify(.) by extension 'colcon_pkg'
[1.030s] Level 1:colcon.colcon_core.package_identification:_identify(.) by extensions ['colcon_meta']
[1.030s] Level 1:colcon.colcon_core.package_identification:_identify(.) by extension 'colcon_meta'
[1.030s] Level 1:colcon.colcon_core.package_identification:_identify(.) by extensions ['ros']
[1.030s] Level 1:colcon.colcon_core.package_identification:_identify(.) by extension 'ros'
[1.065s] DEBUG:colcon.colcon_core.package_identification:Package '.' with type 'ros.ament_cmake' and name 'topic_ws'
[1.065s] Level 1:colcon.colcon_core.package_discovery:discover_packages(recursive) using defaults
[1.065s] Level 1:colcon.colcon_core.package_discovery:discover_packages(ignore) discover
[1.065s] Level 1:colcon.colcon_core.package_discovery:discover_packages(ignore) using defaults
[1.066s] Level 1:colcon.colcon_core.package_discovery:discover_packages(path) discover
[1.066s] Level 1:colcon.colcon_core.package_discovery:discover_packages(path) using defaults
[1.133s] Level 1:colcon.colcon_core.package_discovery:discover_packages(prefix_path) check parameters
[1.133s] Level 1:colcon.colcon_core.package_discovery:discover_packages(prefix_path) discover
[1.141s] DEBUG:colcon.colcon_installed_package_information.package_discovery:Found 270 installed packages in /opt/ros/humble
[1.144s] Level 1:colcon.colcon_core.package_discovery:discover_packages(prefix_path) using defaults
[1.271s] Level 5:colcon.colcon_core.verb:set package 'topic_ws' build argument 'cmake_args' from command line to 'None'
[1.272s] Level 5:colcon.colcon_core.verb:set package 'topic_ws' build argument 'cmake_target' from command line to 'None'
[1.272s] Level 5:colcon.colcon_core.verb:set package 'topic_ws' build argument 'cmake_target_skip_unavailable' from command line to 'False'
[1.272s] Level 5:colcon.colcon_core.verb:set package 'topic_ws' build argument 'cmake_clean_cache' from command line to 'False'
[1.272s] Level 5:colcon.colcon_core.verb:set package 'topic_ws' build argument 'cmake_clean_first' from command line to 'False'
[1.272s] Level 5:colcon.colcon_core.verb:set package 'topic_ws' build argument 'cmake_force_configure' from command line to 'False'
[1.272s] Level 5:colcon.colcon_core.verb:set package 'topic_ws' build argument 'ament_cmake_args' from command line to 'None'
[1.272s] Level 5:colcon.colcon_core.verb:set package 'topic_ws' build argument 'catkin_cmake_args' from command line to 'None'
[1.272s] Level 5:colcon.colcon_core.verb:set package 'topic_ws' build argument 'catkin_skip_building_tests' from command line to 'False'
[1.272s] DEBUG:colcon.colcon_core.verb:Building package 'topic_ws' with the following arguments: {'ament_cmake_args': None, 'build_base': '/home/byd/src/ros2/topic_ws/build/topic_ws', 'catkin_cmake_args': None, 'catkin_skip_building_tests': False, 'cmake_args': None, 'cmake_clean_cache': False, 'cmake_clean_first': False, 'cmake_force_configure': False, 'cmake_target': None, 'cmake_target_skip_unavailable': False, 'install_base': '/home/byd/src/ros2/topic_ws/install/topic_ws', 'merge_install': False, 'path': '/home/byd/src/ros2/topic_ws', 'symlink_install': False, 'test_result_base': None}
[1.273s] INFO:colcon.colcon_core.executor:Executing jobs using 'parallel' executor
[1.276s] DEBUG:colcon.colcon_parallel_executor.executor.parallel:run_until_complete
[1.276s] INFO:colcon.colcon_ros.task.ament_cmake.build:Building ROS package in '/home/byd/src/ros2/topic_ws' with build type 'ament_cmake'
[1.277s] INFO:colcon.colcon_cmake.task.cmake.build:Building CMake package in '/home/byd/src/ros2/topic_ws'
[1.294s] INFO:colcon.colcon_core.plugin_system:Skipping extension 'colcon_core.shell.bat': Not used on non-Windows systems
[1.295s] INFO:colcon.colcon_core.shell:Skip shell extension 'powershell' for command environment: Not usable outside of PowerShell
[1.295s] DEBUG:colcon.colcon_core.shell:Skip shell extension 'dsv' for command environment
[1.309s] DEBUG:colcon.colcon_core.event_handler.log_command:Invoking command in '/home/byd/src/ros2/topic_ws/build/topic_ws': CMAKE_PREFIX_PATH=/opt/ros/humble /usr/bin/cmake /home/byd/src/ros2/topic_ws -DCMAKE_INSTALL_PREFIX=/home/byd/src/ros2/topic_ws/install/topic_ws
[3.484s] DEBUG:colcon.colcon_core.event_handler.log_command:Invoked command in '/home/byd/src/ros2/topic_ws/build/topic_ws' returned '0': CMAKE_PREFIX_PATH=/opt/ros/humble /usr/bin/cmake /home/byd/src/ros2/topic_ws -DCMAKE_INSTALL_PREFIX=/home/byd/src/ros2/topic_ws/install/topic_ws
[3.489s] DEBUG:colcon.colcon_core.event_handler.log_command:Invoking command in '/home/byd/src/ros2/topic_ws/build/topic_ws': CMAKE_PREFIX_PATH=/opt/ros/humble /usr/bin/cmake --build /home/byd/src/ros2/topic_ws/build/topic_ws -- -j8 -l8
[13.645s] DEBUG:colcon.colcon_core.event_handler.log_command:Invoked command in '/home/byd/src/ros2/topic_ws/build/topic_ws' returned '0': CMAKE_PREFIX_PATH=/opt/ros/humble /usr/bin/cmake --build /home/byd/src/ros2/topic_ws/build/topic_ws -- -j8 -l8
[13.708s] DEBUG:colcon.colcon_core.event_handler.log_command:Invoking command in '/home/byd/src/ros2/topic_ws/build/topic_ws': CMAKE_PREFIX_PATH=/opt/ros/humble /usr/bin/cmake --install /home/byd/src/ros2/topic_ws/build/topic_ws
[13.738s] Level 1:colcon.colcon_core.environment:create_environment_scripts_only(topic_ws)
[13.740s] DEBUG:colcon.colcon_core.event_handler.log_command:Invoked command in '/home/byd/src/ros2/topic_ws/build/topic_ws' returned '0': CMAKE_PREFIX_PATH=/opt/ros/humble /usr/bin/cmake --install /home/byd/src/ros2/topic_ws/build/topic_ws
[13.762s] Level 1:colcon.colcon_core.environment:checking '/home/byd/src/ros2/topic_ws/install/topic_ws' for CMake module files
[13.763s] Level 1:colcon.colcon_core.environment:checking '/home/byd/src/ros2/topic_ws/install/topic_ws' for CMake config files
[13.764s] Level 1:colcon.colcon_core.shell:create_environment_hook('topic_ws', 'cmake_prefix_path')
[13.764s] INFO:colcon.colcon_core.shell:Creating environment hook '/home/byd/src/ros2/topic_ws/install/topic_ws/share/topic_ws/hook/cmake_prefix_path.ps1'
[13.767s] INFO:colcon.colcon_core.shell:Creating environment descriptor '/home/byd/src/ros2/topic_ws/install/topic_ws/share/topic_ws/hook/cmake_prefix_path.dsv'
[13.769s] INFO:colcon.colcon_core.shell:Creating environment hook '/home/byd/src/ros2/topic_ws/install/topic_ws/share/topic_ws/hook/cmake_prefix_path.sh'
[13.771s] Level 1:colcon.colcon_core.environment:checking '/home/byd/src/ros2/topic_ws/install/topic_ws/lib'
[13.772s] Level 1:colcon.colcon_core.environment:checking '/home/byd/src/ros2/topic_ws/install/topic_ws/bin'
[13.772s] Level 1:colcon.colcon_core.environment:checking '/home/byd/src/ros2/topic_ws/install/topic_ws/lib/pkgconfig/topic_ws.pc'
[13.773s] Level 1:colcon.colcon_core.environment:checking '/home/byd/src/ros2/topic_ws/install/topic_ws/lib/python3.10/site-packages'
[13.773s] Level 1:colcon.colcon_core.environment:checking '/home/byd/src/ros2/topic_ws/install/topic_ws/bin'
[13.774s] INFO:colcon.colcon_core.shell:Creating package script '/home/byd/src/ros2/topic_ws/install/topic_ws/share/topic_ws/package.ps1'
[13.776s] INFO:colcon.colcon_core.shell:Creating package descriptor '/home/byd/src/ros2/topic_ws/install/topic_ws/share/topic_ws/package.dsv'
[13.778s] INFO:colcon.colcon_core.shell:Creating package script '/home/byd/src/ros2/topic_ws/install/topic_ws/share/topic_ws/package.sh'
[13.779s] INFO:colcon.colcon_core.shell:Creating package script '/home/byd/src/ros2/topic_ws/install/topic_ws/share/topic_ws/package.bash'
[13.782s] INFO:colcon.colcon_core.shell:Creating package script '/home/byd/src/ros2/topic_ws/install/topic_ws/share/topic_ws/package.zsh'
[13.784s] Level 1:colcon.colcon_core.environment:create_file_with_runtime_dependencies(/home/byd/src/ros2/topic_ws/install/topic_ws/share/colcon-core/packages/topic_ws)
[13.827s] Level 1:colcon.colcon_core.environment:create_environment_scripts_only(topic_ws)
[13.828s] Level 1:colcon.colcon_core.environment:checking '/home/byd/src/ros2/topic_ws/install/topic_ws' for CMake module files
[13.829s] Level 1:colcon.colcon_core.environment:checking '/home/byd/src/ros2/topic_ws/install/topic_ws' for CMake config files
[13.830s] Level 1:colcon.colcon_core.shell:create_environment_hook('topic_ws', 'cmake_prefix_path')
[13.830s] INFO:colcon.colcon_core.shell:Creating environment hook '/home/byd/src/ros2/topic_ws/install/topic_ws/share/topic_ws/hook/cmake_prefix_path.ps1'
[13.832s] INFO:colcon.colcon_core.shell:Creating environment descriptor '/home/byd/src/ros2/topic_ws/install/topic_ws/share/topic_ws/hook/cmake_prefix_path.dsv'
[13.832s] INFO:colcon.colcon_core.shell:Creating environment hook '/home/byd/src/ros2/topic_ws/install/topic_ws/share/topic_ws/hook/cmake_prefix_path.sh'
[13.837s] Level 1:colcon.colcon_core.environment:checking '/home/byd/src/ros2/topic_ws/install/topic_ws/lib'
[13.837s] Level 1:colcon.colcon_core.environment:checking '/home/byd/src/ros2/topic_ws/install/topic_ws/bin'
[13.837s] Level 1:colcon.colcon_core.environment:checking '/home/byd/src/ros2/topic_ws/install/topic_ws/lib/pkgconfig/topic_ws.pc'
[13.838s] Level 1:colcon.colcon_core.environment:checking '/home/byd/src/ros2/topic_ws/install/topic_ws/lib/python3.10/site-packages'
[13.838s] Level 1:colcon.colcon_core.environment:checking '/home/byd/src/ros2/topic_ws/install/topic_ws/bin'
[13.839s] INFO:colcon.colcon_core.shell:Creating package script '/home/byd/src/ros2/topic_ws/install/topic_ws/share/topic_ws/package.ps1'
[13.840s] INFO:colcon.colcon_core.shell:Creating package descriptor '/home/byd/src/ros2/topic_ws/install/topic_ws/share/topic_ws/package.dsv'
[13.841s] INFO:colcon.colcon_core.shell:Creating package script '/home/byd/src/ros2/topic_ws/install/topic_ws/share/topic_ws/package.sh'
[13.842s] INFO:colcon.colcon_core.shell:Creating package script '/home/byd/src/ros2/topic_ws/install/topic_ws/share/topic_ws/package.bash'
[13.842s] INFO:colcon.colcon_core.shell:Creating package script '/home/byd/src/ros2/topic_ws/install/topic_ws/share/topic_ws/package.zsh'
[13.843s] Level 1:colcon.colcon_core.environment:create_file_with_runtime_dependencies(/home/byd/src/ros2/topic_ws/install/topic_ws/share/colcon-core/packages/topic_ws)
[13.844s] DEBUG:colcon.colcon_parallel_executor.executor.parallel:closing loop
[13.845s] DEBUG:colcon.colcon_parallel_executor.executor.parallel:loop closed
[13.845s] DEBUG:colcon.colcon_parallel_executor.executor.parallel:run_until_complete finished with '0'
[13.845s] DEBUG:colcon.colcon_core.event_reactor:joining thread
[13.860s] INFO:colcon.colcon_core.plugin_system:Skipping extension 'colcon_notification.desktop_notification.terminal_notifier': Not used on non-Darwin systems
[13.860s] INFO:colcon.colcon_core.plugin_system:Skipping extension 'colcon_notification.desktop_notification.win32': Not used on non-Windows systems
[13.860s] INFO:colcon.colcon_notification.desktop_notification:Sending desktop notification using 'notify2'
[13.915s] DEBUG:colcon.colcon_core.event_reactor:joined thread
[13.917s] INFO:colcon.colcon_core.shell:Creating prefix script '/home/byd/src/ros2/topic_ws/install/local_setup.ps1'
[13.919s] INFO:colcon.colcon_core.shell:Creating prefix util module '/home/byd/src/ros2/topic_ws/install/_local_setup_util_ps1.py'
[13.922s] INFO:colcon.colcon_core.shell:Creating prefix chain script '/home/byd/src/ros2/topic_ws/install/setup.ps1'
[13.925s] INFO:colcon.colcon_core.shell:Creating prefix script '/home/byd/src/ros2/topic_ws/install/local_setup.sh'
[13.926s] INFO:colcon.colcon_core.shell:Creating prefix util module '/home/byd/src/ros2/topic_ws/install/_local_setup_util_sh.py'
[13.927s] INFO:colcon.colcon_core.shell:Creating prefix chain script '/home/byd/src/ros2/topic_ws/install/setup.sh'
[13.929s] INFO:colcon.colcon_core.shell:Creating prefix script '/home/byd/src/ros2/topic_ws/install/local_setup.bash'
[13.930s] INFO:colcon.colcon_core.shell:Creating prefix chain script '/home/byd/src/ros2/topic_ws/install/setup.bash'
[13.932s] INFO:colcon.colcon_core.shell:Creating prefix script '/home/byd/src/ros2/topic_ws/install/local_setup.zsh'
[13.933s] INFO:colcon.colcon_core.shell:Creating prefix chain script '/home/byd/src/ros2/topic_ws/install/setup.zsh'
