-- Found ament_cmake: 1.3.11 (/opt/ros/humble/share/ament_cmake/cmake)
-- Found builtin_interfaces: 1.2.1 (/opt/ros/humble/share/builtin_interfaces/cmake)
-- Found rosidl_generator_c: 3.1.6 (/opt/ros/humble/share/rosidl_generator_c/cmake)
-- Found rosidl_adapter: 3.1.6 (/opt/ros/humble/share/rosidl_adapter/cmake)
-- Found rosidl_generator_cpp: 3.1.6 (/opt/ros/humble/share/rosidl_generator_cpp/cmake)
-- Using all available rosidl_typesupport_c: rosidl_typesupport_fastrtps_c;rosidl_typesupport_introspection_c
-- Using all available rosidl_typesupport_cpp: rosidl_typesupport_fastrtps_cpp;rosidl_typesupport_introspection_cpp
-- Found cv_bridge: 3.2.1 (/opt/ros/humble/share/cv_bridge/cmake)
-- Found image_transport: 3.1.10 (/opt/ros/humble/share/image_transport/cmake)
-- Found rmw_implementation_cmake: 6.1.2 (/opt/ros/humble/share/rmw_implementation_cmake/cmake)
-- Found rmw_fastrtps_cpp: 6.2.7 (/opt/ros/humble/share/rmw_fastrtps_cpp/cmake)
-- Using RMW implementation 'rmw_fastrtps_cpp' as default
-- Found rclcpp_components: 16.0.11 (/opt/ros/humble/share/rclcpp_components/cmake)
-- Found nav_msgs: 4.2.4 (/opt/ros/humble/share/nav_msgs/cmake)
-- Found tf2_ros: 0.25.9 (/opt/ros/humble/share/tf2_ros/cmake)
-- Found diagnostic_updater: 4.0.0 (/opt/ros/humble/share/diagnostic_updater/cmake)
-- Found dros_common_interfaces: 0.0.0 (/home/byd/github/ros2/dros/dros_common_interfaces/install/dros_common_interfaces/share/dros_common_interfaces/cmake)
-- Found ament_lint_auto: 0.12.11 (/opt/ros/humble/share/ament_lint_auto/cmake)
-- Added test 'cppcheck' to perform static code analysis on C / C++ code
-- Configured cppcheck include dirs: /home/byd/github/ros2/dros/data_collection_service/wrapper/realsense/include;$<BUILD_INTERFACE:/home/byd/github/ros2/dros/data_collection_service/include>
-- Configured cppcheck exclude dirs and/or files: 
-- Added test 'flake8' to check Python code syntax and style conventions
-- Added test 'lint_cmake' to check CMake code style
-- Added test 'pep257' to check Python code against some of the docstring style conventions in PEP 257
-- Added test 'uncrustify' to check C / C++ code style
-- Configured uncrustify additional arguments: 
-- Added test 'xmllint' to check XML markup files
-- Configuring done
-- Generating done
-- Build files have been written to: /home/byd/github/ros2/dros/data_collection_service/build/data_collection_service
[35m[1mConsolidate compiler generated dependencies of target realsense2_camera_node[0m
[35m[1mConsolidate compiler generated dependencies of target manager[0m
[35m[1mConsolidate compiler generated dependencies of target data_collection_service[0m
[ 25%] Built target manager
[ 25%] Built target realsense2_camera_node
[ 30%] [32mBuilding CXX object CMakeFiles/data_collection_service.dir/wrapper/realsense/src/gl_gpu_processing.cpp.o[0m
[ 35%] [32m[1mLinking CXX shared library libdata_collection_service.so[0m
[100%] Built target data_collection_service
-- Install configuration: ""
-- Up-to-date: /home/byd/github/ros2/dros/data_collection_service/install/data_collection_service/lib/data_collection_service/realsense2_camera_node
-- Installing: /home/byd/github/ros2/dros/data_collection_service/install/data_collection_service/lib/libdata_collection_service.so
-- Set runtime path of "/home/byd/github/ros2/dros/data_collection_service/install/data_collection_service/lib/libdata_collection_service.so" to ""
-- Up-to-date: /home/byd/github/ros2/dros/data_collection_service/install/data_collection_service/lib
-- Up-to-date: /home/byd/github/ros2/dros/data_collection_service/install/data_collection_service/lib/librealsense-file.a
-- Up-to-date: /home/byd/github/ros2/dros/data_collection_service/install/data_collection_service/lib/pkgconfig
-- Up-to-date: /home/byd/github/ros2/dros/data_collection_service/install/data_collection_service/lib/pkgconfig/realsense2-gl.pc
-- Up-to-date: /home/byd/github/ros2/dros/data_collection_service/install/data_collection_service/lib/pkgconfig/realsense2.pc
-- Up-to-date: /home/byd/github/ros2/dros/data_collection_service/install/data_collection_service/lib/pkgconfig/glfw3.pc
-- Up-to-date: /home/byd/github/ros2/dros/data_collection_service/install/data_collection_service/lib/librealsense2-gl.so
-- Up-to-date: /home/byd/github/ros2/dros/data_collection_service/install/data_collection_service/lib/librsutils.a
-- Up-to-date: /home/byd/github/ros2/dros/data_collection_service/install/data_collection_service/lib/librealsense2-gl.so.2.55.1
-- Up-to-date: /home/byd/github/ros2/dros/data_collection_service/install/data_collection_service/lib/librealsense2.so.2.55.1
-- Up-to-date: /home/byd/github/ros2/dros/data_collection_service/install/data_collection_service/lib/librealsense2.so.2.55
-- Up-to-date: /home/byd/github/ros2/dros/data_collection_service/install/data_collection_service/lib/librealsense2.so
-- Up-to-date: /home/byd/github/ros2/dros/data_collection_service/install/data_collection_service/lib/libglfw3.a
-- Up-to-date: /home/byd/github/ros2/dros/data_collection_service/install/data_collection_service/lib/cmake
-- Up-to-date: /home/byd/github/ros2/dros/data_collection_service/install/data_collection_service/lib/cmake/realsense2
-- Up-to-date: /home/byd/github/ros2/dros/data_collection_service/install/data_collection_service/lib/cmake/realsense2/realsense2Targets.cmake
-- Up-to-date: /home/byd/github/ros2/dros/data_collection_service/install/data_collection_service/lib/cmake/realsense2/realsense2ConfigVersion.cmake
-- Up-to-date: /home/byd/github/ros2/dros/data_collection_service/install/data_collection_service/lib/cmake/realsense2/realsense2Targets-release.cmake
-- Up-to-date: /home/byd/github/ros2/dros/data_collection_service/install/data_collection_service/lib/cmake/realsense2/realsense2Config.cmake
-- Up-to-date: /home/byd/github/ros2/dros/data_collection_service/install/data_collection_service/lib/cmake/glfw3
-- Up-to-date: /home/byd/github/ros2/dros/data_collection_service/install/data_collection_service/lib/cmake/glfw3/glfw3Targets.cmake
-- Up-to-date: /home/byd/github/ros2/dros/data_collection_service/install/data_collection_service/lib/cmake/glfw3/glfw3Targets-release.cmake
-- Up-to-date: /home/byd/github/ros2/dros/data_collection_service/install/data_collection_service/lib/cmake/glfw3/glfw3ConfigVersion.cmake
-- Up-to-date: /home/byd/github/ros2/dros/data_collection_service/install/data_collection_service/lib/cmake/glfw3/glfw3Config.cmake
-- Up-to-date: /home/byd/github/ros2/dros/data_collection_service/install/data_collection_service/lib/cmake/realsense2-gl
-- Up-to-date: /home/byd/github/ros2/dros/data_collection_service/install/data_collection_service/lib/cmake/realsense2-gl/realsense2-glConfigVersion.cmake
-- Up-to-date: /home/byd/github/ros2/dros/data_collection_service/install/data_collection_service/lib/cmake/realsense2-gl/realsense2-glTargets.cmake
-- Up-to-date: /home/byd/github/ros2/dros/data_collection_service/install/data_collection_service/lib/cmake/realsense2-gl/realsense2-glConfig.cmake
-- Up-to-date: /home/byd/github/ros2/dros/data_collection_service/install/data_collection_service/lib/cmake/realsense2-gl/realsense2-glTargets-release.cmake
-- Up-to-date: /home/byd/github/ros2/dros/data_collection_service/install/data_collection_service/lib/librealsense2-gl.so.2.55
-- Up-to-date: /home/byd/github/ros2/dros/data_collection_service/install/data_collection_service/lib/libfw.a
-- Up-to-date: /home/byd/github/ros2/dros/data_collection_service/install/data_collection_service/include
-- Up-to-date: /home/byd/github/ros2/dros/data_collection_service/install/data_collection_service/include/named_filter.h
-- Up-to-date: /home/byd/github/ros2/dros/data_collection_service/install/data_collection_service/include/gl_window.h
-- Up-to-date: /home/byd/github/ros2/dros/data_collection_service/install/data_collection_service/include/ros_sensor.h
-- Up-to-date: /home/byd/github/ros2/dros/data_collection_service/install/data_collection_service/include/ros_utils.h
-- Up-to-date: /home/byd/github/ros2/dros/data_collection_service/install/data_collection_service/include/dynamic_params.h
-- Up-to-date: /home/byd/github/ros2/dros/data_collection_service/install/data_collection_service/include/sensor_params.h
-- Up-to-date: /home/byd/github/ros2/dros/data_collection_service/install/data_collection_service/include/realsense_node_factory.h
-- Up-to-date: /home/byd/github/ros2/dros/data_collection_service/install/data_collection_service/include/image_publisher.h
-- Up-to-date: /home/byd/github/ros2/dros/data_collection_service/install/data_collection_service/include/ros_param_backend.h
-- Up-to-date: /home/byd/github/ros2/dros/data_collection_service/install/data_collection_service/include/constants.h
-- Up-to-date: /home/byd/github/ros2/dros/data_collection_service/install/data_collection_service/include/base_realsense_node.h
-- Up-to-date: /home/byd/github/ros2/dros/data_collection_service/install/data_collection_service/include/profile_manager.h
-- Up-to-date: /home/byd/github/ros2/dros/data_collection_service/install/data_collection_service/share/data_collection_service/launch
-- Up-to-date: /home/byd/github/ros2/dros/data_collection_service/install/data_collection_service/share/data_collection_service/launch/default.rviz
-- Up-to-date: /home/byd/github/ros2/dros/data_collection_service/install/data_collection_service/share/data_collection_service/launch/rs_intra_process_demo_launch.py
-- Up-to-date: /home/byd/github/ros2/dros/data_collection_service/install/data_collection_service/share/data_collection_service/launch/rs_launch.py
-- Up-to-date: /home/byd/github/ros2/dros/data_collection_service/install/data_collection_service/share/data_collection_service/launch/rs_multi_camera_launch.py
-- Up-to-date: /home/byd/github/ros2/dros/data_collection_service/install/data_collection_service/lib/data_collection_service/manager
-- Up-to-date: /home/byd/github/ros2/dros/data_collection_service/install/data_collection_service/share/data_collection_service/environment/library_path.sh
-- Installing: /home/byd/github/ros2/dros/data_collection_service/install/data_collection_service/share/data_collection_service/environment/library_path.dsv
-- Up-to-date: /home/byd/github/ros2/dros/data_collection_service/install/data_collection_service/share/ament_index/resource_index/package_run_dependencies/data_collection_service
-- Up-to-date: /home/byd/github/ros2/dros/data_collection_service/install/data_collection_service/share/ament_index/resource_index/parent_prefix_path/data_collection_service
-- Up-to-date: /home/byd/github/ros2/dros/data_collection_service/install/data_collection_service/share/data_collection_service/environment/ament_prefix_path.sh
-- Installing: /home/byd/github/ros2/dros/data_collection_service/install/data_collection_service/share/data_collection_service/environment/ament_prefix_path.dsv
-- Up-to-date: /home/byd/github/ros2/dros/data_collection_service/install/data_collection_service/share/data_collection_service/environment/path.sh
-- Installing: /home/byd/github/ros2/dros/data_collection_service/install/data_collection_service/share/data_collection_service/environment/path.dsv
-- Up-to-date: /home/byd/github/ros2/dros/data_collection_service/install/data_collection_service/share/data_collection_service/local_setup.bash
-- Up-to-date: /home/byd/github/ros2/dros/data_collection_service/install/data_collection_service/share/data_collection_service/local_setup.sh
-- Up-to-date: /home/byd/github/ros2/dros/data_collection_service/install/data_collection_service/share/data_collection_service/local_setup.zsh
-- Installing: /home/byd/github/ros2/dros/data_collection_service/install/data_collection_service/share/data_collection_service/local_setup.dsv
-- Installing: /home/byd/github/ros2/dros/data_collection_service/install/data_collection_service/share/data_collection_service/package.dsv
-- Up-to-date: /home/byd/github/ros2/dros/data_collection_service/install/data_collection_service/share/ament_index/resource_index/packages/data_collection_service
-- Up-to-date: /home/byd/github/ros2/dros/data_collection_service/install/data_collection_service/share/ament_index/resource_index/rclcpp_components/data_collection_service
-- Up-to-date: /home/byd/github/ros2/dros/data_collection_service/install/data_collection_service/share/data_collection_service/cmake/ament_cmake_export_include_directories-extras.cmake
-- Up-to-date: /home/byd/github/ros2/dros/data_collection_service/install/data_collection_service/share/data_collection_service/cmake/ament_cmake_export_libraries-extras.cmake
-- Up-to-date: /home/byd/github/ros2/dros/data_collection_service/install/data_collection_service/share/data_collection_service/cmake/ament_cmake_export_dependencies-extras.cmake
-- Up-to-date: /home/byd/github/ros2/dros/data_collection_service/install/data_collection_service/share/data_collection_service/cmake/data_collection_serviceConfig.cmake
-- Up-to-date: /home/byd/github/ros2/dros/data_collection_service/install/data_collection_service/share/data_collection_service/cmake/data_collection_serviceConfig-version.cmake
-- Up-to-date: /home/byd/github/ros2/dros/data_collection_service/install/data_collection_service/share/data_collection_service/package.xml
