[0.017s] Invoking command in '/home/byd/hawrk/ros2/dros_dispatch_service/build/dros_dispatch_service': CMAKE_PREFIX_PATH=${CMAKE_PREFIX_PATH}:/opt/ros/humble /usr/bin/cmake --build /home/byd/hawrk/ros2/dros_dispatch_service/build/dros_dispatch_service -- -j12 -l12
[0.088s] [35m[1mConsolidate compiler generated dependencies of target main[0m
[0.088s] [35m[1mConsolidate compiler generated dependencies of target pub_main[0m
[0.088s] [35m[1mConsolidate compiler generated dependencies of target action_main[0m
[0.121s] [ 66%] Built target pub_main
[0.121s] [ 66%] Built target action_main
[0.126s] [ 83%] [32mBuilding CXX object CMakeFiles/main.dir/src/main.cpp.o[0m
[22.955s] [100%] [32m[1mLinking CXX executable main[0m
[24.185s] [100%] Built target main
[24.205s] Invoked command in '/home/byd/hawrk/ros2/dros_dispatch_service/build/dros_dispatch_service' returned '0': CMAKE_PREFIX_PATH=${CMAKE_PREFIX_PATH}:/opt/ros/humble /usr/bin/cmake --build /home/byd/hawrk/ros2/dros_dispatch_service/build/dros_dispatch_service -- -j12 -l12
[24.225s] Invoking command in '/home/byd/hawrk/ros2/dros_dispatch_service/build/dros_dispatch_service': CMAKE_PREFIX_PATH=${CMAKE_PREFIX_PATH}:/opt/ros/humble /usr/bin/cmake --install /home/byd/hawrk/ros2/dros_dispatch_service/build/dros_dispatch_service
[24.238s] -- Install configuration: ""
[24.238s] -- Installing: /home/byd/hawrk/ros2/dros_dispatch_service/install/dros_dispatch_service/lib/dros_dispatch_service/main
[24.255s] -- Set runtime path of "/home/byd/hawrk/ros2/dros_dispatch_service/install/dros_dispatch_service/lib/dros_dispatch_service/main" to ""
[24.255s] -- Up-to-date: /home/byd/hawrk/ros2/dros_dispatch_service/install/dros_dispatch_service/lib/dros_dispatch_service/pub_main
[24.255s] -- Up-to-date: /home/byd/hawrk/ros2/dros_dispatch_service/install/dros_dispatch_service/lib/dros_dispatch_service/action_main
[24.255s] -- Up-to-date: /home/byd/hawrk/ros2/dros_dispatch_service/install/dros_dispatch_service/share/ament_index/resource_index/package_run_dependencies/dros_dispatch_service
[24.256s] -- Up-to-date: /home/byd/hawrk/ros2/dros_dispatch_service/install/dros_dispatch_service/share/ament_index/resource_index/parent_prefix_path/dros_dispatch_service
[24.256s] -- Up-to-date: /home/byd/hawrk/ros2/dros_dispatch_service/install/dros_dispatch_service/share/dros_dispatch_service/environment/ament_prefix_path.sh
[24.256s] -- Up-to-date: /home/byd/hawrk/ros2/dros_dispatch_service/install/dros_dispatch_service/share/dros_dispatch_service/environment/ament_prefix_path.dsv
[24.256s] -- Up-to-date: /home/byd/hawrk/ros2/dros_dispatch_service/install/dros_dispatch_service/share/dros_dispatch_service/environment/path.sh
[24.256s] -- Up-to-date: /home/byd/hawrk/ros2/dros_dispatch_service/install/dros_dispatch_service/share/dros_dispatch_service/environment/path.dsv
[24.256s] -- Up-to-date: /home/byd/hawrk/ros2/dros_dispatch_service/install/dros_dispatch_service/share/dros_dispatch_service/local_setup.bash
[24.257s] -- Up-to-date: /home/byd/hawrk/ros2/dros_dispatch_service/install/dros_dispatch_service/share/dros_dispatch_service/local_setup.sh
[24.257s] -- Up-to-date: /home/byd/hawrk/ros2/dros_dispatch_service/install/dros_dispatch_service/share/dros_dispatch_service/local_setup.zsh
[24.257s] -- Up-to-date: /home/byd/hawrk/ros2/dros_dispatch_service/install/dros_dispatch_service/share/dros_dispatch_service/local_setup.dsv
[24.257s] -- Installing: /home/byd/hawrk/ros2/dros_dispatch_service/install/dros_dispatch_service/share/dros_dispatch_service/package.dsv
[24.257s] -- Up-to-date: /home/byd/hawrk/ros2/dros_dispatch_service/install/dros_dispatch_service/share/ament_index/resource_index/packages/dros_dispatch_service
[24.257s] -- Up-to-date: /home/byd/hawrk/ros2/dros_dispatch_service/install/dros_dispatch_service/share/dros_dispatch_service/cmake/dros_dispatch_serviceConfig.cmake
[24.257s] -- Up-to-date: /home/byd/hawrk/ros2/dros_dispatch_service/install/dros_dispatch_service/share/dros_dispatch_service/cmake/dros_dispatch_serviceConfig-version.cmake
[24.257s] -- Up-to-date: /home/byd/hawrk/ros2/dros_dispatch_service/install/dros_dispatch_service/share/dros_dispatch_service/package.xml
[24.260s] Invoked command in '/home/byd/hawrk/ros2/dros_dispatch_service/build/dros_dispatch_service' returned '0': CMAKE_PREFIX_PATH=${CMAKE_PREFIX_PATH}:/opt/ros/humble /usr/bin/cmake --install /home/byd/hawrk/ros2/dros_dispatch_service/build/dros_dispatch_service
