[0.016s] Invoking command in '/home/byd/src/ros2/point_cloud_ws/point_cloud_sub_cpp/build/point_cloud_sub_cpp': CMAKE_PREFIX_PATH=/home/byd/src/ros2/point_cloud_ws/point_cloud_pub/install/point_cloud_pub:/opt/ros/humble /usr/bin/cmake --build /home/byd/src/ros2/point_cloud_ws/point_cloud_sub_cpp/build/point_cloud_sub_cpp -- -j8 -l8
[0.076s] -- Found ament_cmake: 1.3.10 (/opt/ros/humble/share/ament_cmake/cmake)
[0.321s] -- Found rclcpp: 16.0.10 (/opt/ros/humble/share/rclcpp/cmake)
[0.393s] -- Found rosidl_generator_c: 3.1.5 (/opt/ros/humble/share/rosidl_generator_c/cmake)
[0.397s] -- Found rosidl_adapter: 3.1.5 (/opt/ros/humble/share/rosidl_adapter/cmake)
[0.407s] -- Found rosidl_generator_cpp: 3.1.5 (/opt/ros/humble/share/rosidl_generator_cpp/cmake)
[0.422s] -- Using all available rosidl_typesupport_c: rosidl_typesupport_fastrtps_c;rosidl_typesupport_introspection_c
[0.442s] -- Using all available rosidl_typesupport_cpp: rosidl_typesupport_fastrtps_cpp;rosidl_typesupport_introspection_cpp
[0.493s] -- Found rmw_implementation_cmake: 6.1.2 (/opt/ros/humble/share/rmw_implementation_cmake/cmake)
[0.495s] -- Found rmw_fastrtps_cpp: 6.2.7 (/opt/ros/humble/share/rmw_fastrtps_cpp/cmake)
[0.669s] -- Using RMW implementation 'rmw_fastrtps_cpp' as default
[0.748s] -- Found sensor_msgs: 4.2.4 (/opt/ros/humble/share/sensor_msgs/cmake)
[0.793s] -- Found message_filters: 4.3.5 (/opt/ros/humble/share/message_filters/cmake)
[0.819s] -- Eigen found (include: /usr/include/eigen3, version: 3.4.0)
[0.872s] -- FLANN found (include: /usr/include, lib: /usr/lib/aarch64-linux-gnu/libflann_cpp.so)
[1.394s] -- OpenNI found (version: 1.5.4.0, include: /usr/include/ni, lib: /usr/lib/libOpenNI.so;libusb::libusb)
[1.405s] -- OpenNI2 found (version: 2.2.0.33, include: /usr/include/openni2, lib: /usr/lib/aarch64-linux-gnu/libOpenNI2.so;libusb::libusb)
[1.406s] [0m** WARNING ** io features related to pcap will be disabled[0m
[1.660s] -- Eigen found (include: /usr/include/eigen3, version: 3.4.0)
[1.672s] -- OpenNI found (version: 1.5.4.0, include: /usr/include/ni, lib: /usr/lib/libOpenNI.so;libusb::libusb)
[1.684s] -- OpenNI2 found (version: 2.2.0.33, include: /usr/include/openni2, lib: /usr/lib/aarch64-linux-gnu/libOpenNI2.so;libusb::libusb)
[1.924s] -- Found Qhull version 8.0.2
[2.173s] -- OpenNI found (version: 1.5.4.0, include: /usr/include/ni, lib: /usr/lib/libOpenNI.so;libusb::libusb)
[2.408s] -- looking for PCL_COMMON
[2.409s] -- looking for PCL_KDTREE
[2.409s] -- looking for PCL_OCTREE
[2.410s] -- looking for PCL_SEARCH
[2.410s] -- looking for PCL_SAMPLE_CONSENSUS
[2.411s] -- looking for PCL_FILTERS
[2.411s] -- looking for PCL_2D
[2.412s] -- looking for PCL_GEOMETRY
[2.412s] -- looking for PCL_IO
[2.413s] -- looking for PCL_FEATURES
[2.414s] -- looking for PCL_ML
[2.414s] -- looking for PCL_SEGMENTATION
[2.415s] -- looking for PCL_VISUALIZATION
[2.416s] -- looking for PCL_SURFACE
[2.416s] -- looking for PCL_REGISTRATION
[2.417s] -- looking for PCL_KEYPOINTS
[2.417s] -- looking for PCL_TRACKING
[2.418s] -- looking for PCL_RECOGNITION
[2.419s] -- looking for PCL_STEREO
[2.419s] -- looking for PCL_APPS
[2.421s] -- looking for PCL_IN_HAND_SCANNER
[2.421s] -- looking for PCL_MODELER
[2.422s] -- looking for PCL_POINT_CLOUD_EDITOR
[2.422s] -- looking for PCL_OUTOFCORE
[2.423s] -- looking for PCL_PEOPLE
[2.425s] -- Found pcl_conversions: 2.4.5 (/opt/ros/humble/share/pcl_conversions/cmake)
[2.471s] -- Found ament_lint_auto: 0.12.11 (/opt/ros/humble/share/ament_lint_auto/cmake)
[2.620s] -- Added test 'cppcheck' to perform static code analysis on C / C++ code
[2.621s] -- Configured cppcheck include dirs: $<BUILD_INTERFACE:/home/byd/src/ros2/point_cloud_ws/point_cloud_sub_cpp/include>
[2.621s] -- Configured cppcheck exclude dirs and/or files: 
[2.623s] -- Added test 'flake8' to check Python code syntax and style conventions
[2.629s] -- Added test 'lint_cmake' to check CMake code style
[2.633s] -- Added test 'pep257' to check Python code against some of the docstring style conventions in PEP 257
[2.653s] -- Added test 'uncrustify' to check C / C++ code style
[2.653s] -- Configured uncrustify additional arguments: 
[2.656s] -- Added test 'xmllint' to check XML markup files
[2.658s] -- Configuring done
[2.715s] -- Generating done
[2.720s] -- Build files have been written to: /home/byd/src/ros2/point_cloud_ws/point_cloud_sub_cpp/build/point_cloud_sub_cpp
[2.795s] [35m[1mConsolidate compiler generated dependencies of target pc_sub[0m
[2.848s] [ 50%] [32mBuilding CXX object CMakeFiles/pc_sub.dir/src/pc_sub.cpp.o[0m
[18.842s] [100%] [32m[1mLinking CXX executable pc_sub[0m
[19.410s] [100%] Built target pc_sub
[19.435s] Invoked command in '/home/byd/src/ros2/point_cloud_ws/point_cloud_sub_cpp/build/point_cloud_sub_cpp' returned '0': CMAKE_PREFIX_PATH=/home/byd/src/ros2/point_cloud_ws/point_cloud_pub/install/point_cloud_pub:/opt/ros/humble /usr/bin/cmake --build /home/byd/src/ros2/point_cloud_ws/point_cloud_sub_cpp/build/point_cloud_sub_cpp -- -j8 -l8
[19.502s] Invoking command in '/home/byd/src/ros2/point_cloud_ws/point_cloud_sub_cpp/build/point_cloud_sub_cpp': CMAKE_PREFIX_PATH=/home/byd/src/ros2/point_cloud_ws/point_cloud_pub/install/point_cloud_pub:/opt/ros/humble /usr/bin/cmake --install /home/byd/src/ros2/point_cloud_ws/point_cloud_sub_cpp/build/point_cloud_sub_cpp
[19.518s] -- Install configuration: ""
[19.518s] -- Installing: /home/byd/src/ros2/point_cloud_ws/point_cloud_sub_cpp/install/point_cloud_sub_cpp/lib/point_cloud_sub_cpp/pc_sub
[19.519s] -- Set runtime path of "/home/byd/src/ros2/point_cloud_ws/point_cloud_sub_cpp/install/point_cloud_sub_cpp/lib/point_cloud_sub_cpp/pc_sub" to ""
[19.519s] -- Up-to-date: /home/byd/src/ros2/point_cloud_ws/point_cloud_sub_cpp/install/point_cloud_sub_cpp/share/ament_index/resource_index/package_run_dependencies/point_cloud_sub_cpp
[19.520s] -- Up-to-date: /home/byd/src/ros2/point_cloud_ws/point_cloud_sub_cpp/install/point_cloud_sub_cpp/share/ament_index/resource_index/parent_prefix_path/point_cloud_sub_cpp
[19.520s] -- Up-to-date: /home/byd/src/ros2/point_cloud_ws/point_cloud_sub_cpp/install/point_cloud_sub_cpp/share/point_cloud_sub_cpp/environment/ament_prefix_path.sh
[19.520s] -- Installing: /home/byd/src/ros2/point_cloud_ws/point_cloud_sub_cpp/install/point_cloud_sub_cpp/share/point_cloud_sub_cpp/environment/ament_prefix_path.dsv
[19.521s] -- Up-to-date: /home/byd/src/ros2/point_cloud_ws/point_cloud_sub_cpp/install/point_cloud_sub_cpp/share/point_cloud_sub_cpp/environment/path.sh
[19.521s] -- Installing: /home/byd/src/ros2/point_cloud_ws/point_cloud_sub_cpp/install/point_cloud_sub_cpp/share/point_cloud_sub_cpp/environment/path.dsv
[19.521s] -- Up-to-date: /home/byd/src/ros2/point_cloud_ws/point_cloud_sub_cpp/install/point_cloud_sub_cpp/share/point_cloud_sub_cpp/local_setup.bash
[19.521s] -- Up-to-date: /home/byd/src/ros2/point_cloud_ws/point_cloud_sub_cpp/install/point_cloud_sub_cpp/share/point_cloud_sub_cpp/local_setup.sh
[19.522s] -- Up-to-date: /home/byd/src/ros2/point_cloud_ws/point_cloud_sub_cpp/install/point_cloud_sub_cpp/share/point_cloud_sub_cpp/local_setup.zsh
[19.522s] -- Installing: /home/byd/src/ros2/point_cloud_ws/point_cloud_sub_cpp/install/point_cloud_sub_cpp/share/point_cloud_sub_cpp/local_setup.dsv
[19.522s] -- Installing: /home/byd/src/ros2/point_cloud_ws/point_cloud_sub_cpp/install/point_cloud_sub_cpp/share/point_cloud_sub_cpp/package.dsv
[19.523s] -- Up-to-date: /home/byd/src/ros2/point_cloud_ws/point_cloud_sub_cpp/install/point_cloud_sub_cpp/share/ament_index/resource_index/packages/point_cloud_sub_cpp
[19.523s] -- Up-to-date: /home/byd/src/ros2/point_cloud_ws/point_cloud_sub_cpp/install/point_cloud_sub_cpp/share/point_cloud_sub_cpp/cmake/point_cloud_sub_cppConfig.cmake
[19.525s] -- Up-to-date: /home/byd/src/ros2/point_cloud_ws/point_cloud_sub_cpp/install/point_cloud_sub_cpp/share/point_cloud_sub_cpp/cmake/point_cloud_sub_cppConfig-version.cmake
[19.526s] -- Up-to-date: /home/byd/src/ros2/point_cloud_ws/point_cloud_sub_cpp/install/point_cloud_sub_cpp/share/point_cloud_sub_cpp/package.xml
[19.527s] Invoked command in '/home/byd/src/ros2/point_cloud_ws/point_cloud_sub_cpp/build/point_cloud_sub_cpp' returned '0': CMAKE_PREFIX_PATH=/home/byd/src/ros2/point_cloud_ws/point_cloud_pub/install/point_cloud_pub:/opt/ros/humble /usr/bin/cmake --install /home/byd/src/ros2/point_cloud_ws/point_cloud_sub_cpp/build/point_cloud_sub_cpp
