[0.219s] DEBUG:colcon:Command line arguments: ['/usr/bin/colcon', 'build']
[0.219s] DEBUG:colcon:Parsed command line arguments: Namespace(log_base=None, log_level=None, verb_name='build', build_base='build', install_base='install', merge_install=False, symlink_install=False, test_result_base=None, continue_on_error=False, executor='parallel', parallel_workers=8, event_handlers=None, ignore_user_meta=False, metas=['./colcon.meta'], base_paths=['.'], packages_ignore=None, packages_ignore_regex=None, paths=None, packages_up_to=None, packages_up_to_regex=None, packages_above=None, packages_above_and_dependencies=None, packages_above_depth=None, packages_select_by_dep=None, packages_skip_by_dep=None, packages_skip_up_to=None, packages_select_build_failed=False, packages_skip_build_finished=False, packages_select_test_failures=False, packages_skip_test_passed=False, packages_select=None, packages_skip=None, packages_select_regex=None, packages_skip_regex=None, packages_start=None, packages_end=None, allow_overriding=[], cmake_args=None, cmake_target=None, cmake_target_skip_unavailable=False, cmake_clean_cache=False, cmake_clean_first=False, cmake_force_configure=False, ament_cmake_args=None, catkin_cmake_args=None, catkin_skip_building_tests=False, mixin_files=None, mixin=None, verb_parser=<colcon_mixin.mixin.mixin_argument.MixinArgumentDecorator object at 0xffffb5732ef0>, verb_extension=<colcon_core.verb.build.BuildVerb object at 0xffffb5908580>, main=<bound method BuildVerb.main of <colcon_core.verb.build.BuildVerb object at 0xffffb5908580>>, mixin_verb=('build',))
[0.549s] Level 1:colcon.colcon_core.package_discovery:discover_packages(colcon_meta) check parameters
[0.549s] Level 1:colcon.colcon_core.package_discovery:discover_packages(recursive) check parameters
[0.550s] Level 1:colcon.colcon_core.package_discovery:discover_packages(ignore) check parameters
[0.550s] Level 1:colcon.colcon_core.package_discovery:discover_packages(path) check parameters
[0.550s] Level 1:colcon.colcon_core.package_discovery:discover_packages(colcon_meta) discover
[0.550s] Level 1:colcon.colcon_core.package_discovery:discover_packages(recursive) discover
[0.550s] INFO:colcon.colcon_core.package_discovery:Crawling recursively for packages in '/home/byd/src/ros2/param_ws'
[0.550s] Level 1:colcon.colcon_core.package_identification:_identify(.) by extensions ['ignore', 'ignore_ament_install']
[0.551s] Level 1:colcon.colcon_core.package_identification:_identify(.) by extension 'ignore'
[0.551s] Level 1:colcon.colcon_core.package_identification:_identify(.) by extension 'ignore_ament_install'
[0.551s] Level 1:colcon.colcon_core.package_identification:_identify(.) by extensions ['colcon_pkg']
[0.551s] Level 1:colcon.colcon_core.package_identification:_identify(.) by extension 'colcon_pkg'
[0.551s] Level 1:colcon.colcon_core.package_identification:_identify(.) by extensions ['colcon_meta']
[0.551s] Level 1:colcon.colcon_core.package_identification:_identify(.) by extension 'colcon_meta'
[0.551s] Level 1:colcon.colcon_core.package_identification:_identify(.) by extensions ['ros']
[0.551s] Level 1:colcon.colcon_core.package_identification:_identify(.) by extension 'ros'
[0.583s] DEBUG:colcon.colcon_core.package_identification:Package '.' with type 'ros.ament_cmake' and name 'param_ws'
[0.584s] Level 1:colcon.colcon_core.package_discovery:discover_packages(recursive) using defaults
[0.584s] Level 1:colcon.colcon_core.package_discovery:discover_packages(ignore) discover
[0.584s] Level 1:colcon.colcon_core.package_discovery:discover_packages(ignore) using defaults
[0.584s] Level 1:colcon.colcon_core.package_discovery:discover_packages(path) discover
[0.584s] Level 1:colcon.colcon_core.package_discovery:discover_packages(path) using defaults
[0.624s] Level 1:colcon.colcon_core.package_discovery:discover_packages(prefix_path) check parameters
[0.624s] Level 1:colcon.colcon_core.package_discovery:discover_packages(prefix_path) discover
[0.628s] DEBUG:colcon.colcon_installed_package_information.package_discovery:Found 1 installed packages in /home/byd/src/ros2/param_ws/install
[0.629s] DEBUG:colcon.colcon_installed_package_information.package_discovery:Found 1 installed packages in /home/byd/src/ros2/action_ws/install
[0.630s] DEBUG:colcon.colcon_installed_package_information.package_discovery:Found 1 installed packages in /home/byd/src/ros2/action_interface_ws/install
[0.631s] DEBUG:colcon.colcon_installed_package_information.package_discovery:Found 1 installed packages in /home/byd/src/ros2/service_ws/install
[0.631s] DEBUG:colcon.colcon_installed_package_information.package_discovery:Found 1 installed packages in /home/byd/src/ros2/service_interface_ws/install
[0.632s] DEBUG:colcon.colcon_installed_package_information.package_discovery:Found 1 installed packages in /home/byd/src/ros2/topic_ws/install
[0.634s] DEBUG:colcon.colcon_installed_package_information.package_discovery:Found 270 installed packages in /opt/ros/humble
[0.637s] Level 1:colcon.colcon_core.package_discovery:discover_packages(prefix_path) using defaults
[0.761s] Level 5:colcon.colcon_core.verb:set package 'param_ws' build argument 'cmake_args' from command line to 'None'
[0.761s] Level 5:colcon.colcon_core.verb:set package 'param_ws' build argument 'cmake_target' from command line to 'None'
[0.761s] Level 5:colcon.colcon_core.verb:set package 'param_ws' build argument 'cmake_target_skip_unavailable' from command line to 'False'
[0.761s] Level 5:colcon.colcon_core.verb:set package 'param_ws' build argument 'cmake_clean_cache' from command line to 'False'
[0.761s] Level 5:colcon.colcon_core.verb:set package 'param_ws' build argument 'cmake_clean_first' from command line to 'False'
[0.761s] Level 5:colcon.colcon_core.verb:set package 'param_ws' build argument 'cmake_force_configure' from command line to 'False'
[0.761s] Level 5:colcon.colcon_core.verb:set package 'param_ws' build argument 'ament_cmake_args' from command line to 'None'
[0.761s] Level 5:colcon.colcon_core.verb:set package 'param_ws' build argument 'catkin_cmake_args' from command line to 'None'
[0.761s] Level 5:colcon.colcon_core.verb:set package 'param_ws' build argument 'catkin_skip_building_tests' from command line to 'False'
[0.761s] DEBUG:colcon.colcon_core.verb:Building package 'param_ws' with the following arguments: {'ament_cmake_args': None, 'build_base': '/home/byd/src/ros2/param_ws/build/param_ws', 'catkin_cmake_args': None, 'catkin_skip_building_tests': False, 'cmake_args': None, 'cmake_clean_cache': False, 'cmake_clean_first': False, 'cmake_force_configure': False, 'cmake_target': None, 'cmake_target_skip_unavailable': False, 'install_base': '/home/byd/src/ros2/param_ws/install/param_ws', 'merge_install': False, 'path': '/home/byd/src/ros2/param_ws', 'symlink_install': False, 'test_result_base': None}
[0.762s] INFO:colcon.colcon_core.executor:Executing jobs using 'parallel' executor
[0.765s] DEBUG:colcon.colcon_parallel_executor.executor.parallel:run_until_complete
[0.766s] INFO:colcon.colcon_ros.task.ament_cmake.build:Building ROS package in '/home/byd/src/ros2/param_ws' with build type 'ament_cmake'
[0.766s] INFO:colcon.colcon_cmake.task.cmake.build:Building CMake package in '/home/byd/src/ros2/param_ws'
[0.770s] INFO:colcon.colcon_core.plugin_system:Skipping extension 'colcon_core.shell.bat': Not used on non-Windows systems
[0.771s] INFO:colcon.colcon_core.shell:Skip shell extension 'powershell' for command environment: Not usable outside of PowerShell
[0.771s] DEBUG:colcon.colcon_core.shell:Skip shell extension 'dsv' for command environment
[0.797s] DEBUG:colcon.colcon_core.event_handler.log_command:Invoking command in '/home/byd/src/ros2/param_ws/build/param_ws': CMAKE_PREFIX_PATH=${CMAKE_PREFIX_PATH}:/opt/ros/humble /usr/bin/cmake --build /home/byd/src/ros2/param_ws/build/param_ws -- -j8 -l8
[23.031s] DEBUG:colcon.colcon_core.event_handler.log_command:Invoked command in '/home/byd/src/ros2/param_ws/build/param_ws' returned '0': CMAKE_PREFIX_PATH=${CMAKE_PREFIX_PATH}:/opt/ros/humble /usr/bin/cmake --build /home/byd/src/ros2/param_ws/build/param_ws -- -j8 -l8
[23.106s] DEBUG:colcon.colcon_core.event_handler.log_command:Invoking command in '/home/byd/src/ros2/param_ws/build/param_ws': CMAKE_PREFIX_PATH=${CMAKE_PREFIX_PATH}:/opt/ros/humble /usr/bin/cmake --install /home/byd/src/ros2/param_ws/build/param_ws
[23.145s] Level 1:colcon.colcon_core.environment:create_environment_scripts_only(param_ws)
[23.146s] DEBUG:colcon.colcon_core.event_handler.log_command:Invoked command in '/home/byd/src/ros2/param_ws/build/param_ws' returned '0': CMAKE_PREFIX_PATH=${CMAKE_PREFIX_PATH}:/opt/ros/humble /usr/bin/cmake --install /home/byd/src/ros2/param_ws/build/param_ws
[23.154s] Level 1:colcon.colcon_core.environment:checking '/home/byd/src/ros2/param_ws/install/param_ws' for CMake module files
[23.155s] Level 1:colcon.colcon_core.environment:checking '/home/byd/src/ros2/param_ws/install/param_ws' for CMake config files
[23.156s] Level 1:colcon.colcon_core.shell:create_environment_hook('param_ws', 'cmake_prefix_path')
[23.157s] INFO:colcon.colcon_core.shell:Creating environment hook '/home/byd/src/ros2/param_ws/install/param_ws/share/param_ws/hook/cmake_prefix_path.ps1'
[23.159s] INFO:colcon.colcon_core.shell:Creating environment descriptor '/home/byd/src/ros2/param_ws/install/param_ws/share/param_ws/hook/cmake_prefix_path.dsv'
[23.160s] INFO:colcon.colcon_core.shell:Creating environment hook '/home/byd/src/ros2/param_ws/install/param_ws/share/param_ws/hook/cmake_prefix_path.sh'
[23.164s] Level 1:colcon.colcon_core.environment:checking '/home/byd/src/ros2/param_ws/install/param_ws/lib'
[23.164s] Level 1:colcon.colcon_core.environment:checking '/home/byd/src/ros2/param_ws/install/param_ws/bin'
[23.164s] Level 1:colcon.colcon_core.environment:checking '/home/byd/src/ros2/param_ws/install/param_ws/lib/pkgconfig/param_ws.pc'
[23.165s] Level 1:colcon.colcon_core.environment:checking '/home/byd/src/ros2/param_ws/install/param_ws/lib/python3.10/site-packages'
[23.165s] Level 1:colcon.colcon_core.environment:checking '/home/byd/src/ros2/param_ws/install/param_ws/bin'
[23.167s] INFO:colcon.colcon_core.shell:Creating package script '/home/byd/src/ros2/param_ws/install/param_ws/share/param_ws/package.ps1'
[23.169s] INFO:colcon.colcon_core.shell:Creating package descriptor '/home/byd/src/ros2/param_ws/install/param_ws/share/param_ws/package.dsv'
[23.171s] INFO:colcon.colcon_core.shell:Creating package script '/home/byd/src/ros2/param_ws/install/param_ws/share/param_ws/package.sh'
[23.172s] INFO:colcon.colcon_core.shell:Creating package script '/home/byd/src/ros2/param_ws/install/param_ws/share/param_ws/package.bash'
[23.174s] INFO:colcon.colcon_core.shell:Creating package script '/home/byd/src/ros2/param_ws/install/param_ws/share/param_ws/package.zsh'
[23.175s] Level 1:colcon.colcon_core.environment:create_file_with_runtime_dependencies(/home/byd/src/ros2/param_ws/install/param_ws/share/colcon-core/packages/param_ws)
[23.222s] Level 1:colcon.colcon_core.environment:create_environment_scripts_only(param_ws)
[23.223s] Level 1:colcon.colcon_core.environment:checking '/home/byd/src/ros2/param_ws/install/param_ws' for CMake module files
[23.224s] Level 1:colcon.colcon_core.environment:checking '/home/byd/src/ros2/param_ws/install/param_ws' for CMake config files
[23.225s] Level 1:colcon.colcon_core.shell:create_environment_hook('param_ws', 'cmake_prefix_path')
[23.225s] INFO:colcon.colcon_core.shell:Creating environment hook '/home/byd/src/ros2/param_ws/install/param_ws/share/param_ws/hook/cmake_prefix_path.ps1'
[23.227s] INFO:colcon.colcon_core.shell:Creating environment descriptor '/home/byd/src/ros2/param_ws/install/param_ws/share/param_ws/hook/cmake_prefix_path.dsv'
[23.230s] INFO:colcon.colcon_core.shell:Creating environment hook '/home/byd/src/ros2/param_ws/install/param_ws/share/param_ws/hook/cmake_prefix_path.sh'
[23.234s] Level 1:colcon.colcon_core.environment:checking '/home/byd/src/ros2/param_ws/install/param_ws/lib'
[23.234s] Level 1:colcon.colcon_core.environment:checking '/home/byd/src/ros2/param_ws/install/param_ws/bin'
[23.234s] Level 1:colcon.colcon_core.environment:checking '/home/byd/src/ros2/param_ws/install/param_ws/lib/pkgconfig/param_ws.pc'
[23.235s] Level 1:colcon.colcon_core.environment:checking '/home/byd/src/ros2/param_ws/install/param_ws/lib/python3.10/site-packages'
[23.235s] Level 1:colcon.colcon_core.environment:checking '/home/byd/src/ros2/param_ws/install/param_ws/bin'
[23.236s] INFO:colcon.colcon_core.shell:Creating package script '/home/byd/src/ros2/param_ws/install/param_ws/share/param_ws/package.ps1'
[23.238s] INFO:colcon.colcon_core.shell:Creating package descriptor '/home/byd/src/ros2/param_ws/install/param_ws/share/param_ws/package.dsv'
[23.239s] INFO:colcon.colcon_core.shell:Creating package script '/home/byd/src/ros2/param_ws/install/param_ws/share/param_ws/package.sh'
[23.240s] INFO:colcon.colcon_core.shell:Creating package script '/home/byd/src/ros2/param_ws/install/param_ws/share/param_ws/package.bash'
[23.241s] INFO:colcon.colcon_core.shell:Creating package script '/home/byd/src/ros2/param_ws/install/param_ws/share/param_ws/package.zsh'
[23.242s] Level 1:colcon.colcon_core.environment:create_file_with_runtime_dependencies(/home/byd/src/ros2/param_ws/install/param_ws/share/colcon-core/packages/param_ws)
[23.243s] DEBUG:colcon.colcon_parallel_executor.executor.parallel:closing loop
[23.243s] DEBUG:colcon.colcon_parallel_executor.executor.parallel:loop closed
[23.243s] DEBUG:colcon.colcon_parallel_executor.executor.parallel:run_until_complete finished with '0'
[23.244s] DEBUG:colcon.colcon_core.event_reactor:joining thread
[23.257s] INFO:colcon.colcon_core.plugin_system:Skipping extension 'colcon_notification.desktop_notification.terminal_notifier': Not used on non-Darwin systems
[23.258s] INFO:colcon.colcon_core.plugin_system:Skipping extension 'colcon_notification.desktop_notification.win32': Not used on non-Windows systems
[23.258s] INFO:colcon.colcon_notification.desktop_notification:Sending desktop notification using 'notify2'
[23.297s] DEBUG:colcon.colcon_core.event_reactor:joined thread
[23.299s] INFO:colcon.colcon_core.shell:Creating prefix script '/home/byd/src/ros2/param_ws/install/local_setup.ps1'
[23.302s] INFO:colcon.colcon_core.shell:Creating prefix util module '/home/byd/src/ros2/param_ws/install/_local_setup_util_ps1.py'
[23.306s] INFO:colcon.colcon_core.shell:Creating prefix chain script '/home/byd/src/ros2/param_ws/install/setup.ps1'
[23.310s] INFO:colcon.colcon_core.shell:Creating prefix script '/home/byd/src/ros2/param_ws/install/local_setup.sh'
[23.311s] INFO:colcon.colcon_core.shell:Creating prefix util module '/home/byd/src/ros2/param_ws/install/_local_setup_util_sh.py'
[23.312s] INFO:colcon.colcon_core.shell:Creating prefix chain script '/home/byd/src/ros2/param_ws/install/setup.sh'
[23.316s] INFO:colcon.colcon_core.shell:Creating prefix script '/home/byd/src/ros2/param_ws/install/local_setup.bash'
[23.317s] INFO:colcon.colcon_core.shell:Creating prefix chain script '/home/byd/src/ros2/param_ws/install/setup.bash'
[23.319s] INFO:colcon.colcon_core.shell:Creating prefix script '/home/byd/src/ros2/param_ws/install/local_setup.zsh'
[23.320s] INFO:colcon.colcon_core.shell:Creating prefix chain script '/home/byd/src/ros2/param_ws/install/setup.zsh'
