[0.024s] Invoking command in '/home/byd/src/ros2/hk_camera_ws/build/hk_camera_ws': CMAKE_PREFIX_PATH=${CMAKE_PREFIX_PATH}:/opt/ros/humble /usr/bin/cmake --build /home/byd/src/ros2/hk_camera_ws/build/hk_camera_ws -- -j8 -l8
[0.107s] [35m[1mConsolidate compiler generated dependencies of target camera[0m
[0.145s] [ 50%] [32mBuilding CXX object CMakeFiles/camera.dir/src/camera.cpp.o[0m
[8.105s] In file included from [01m[K/home/byd/src/ros2/hk_camera_ws/src/camera.cpp:15[m[K:
[8.105s] [01m[K/home/byd/src/ros2/hk_camera_ws/include/hk_camera_ws/hk_camera.hpp:[m[K In member function ‘[01m[Kint HKCamera::start_camera()[m[K’:
[8.105s] [01m[K/home/byd/src/ros2/hk_camera_ws/include/hk_camera_ws/hk_camera.hpp:119:9:[m[K [01;35m[Kwarning: [m[Kvariable ‘[01m[KnRet[m[K’ set but not used [[01;35m[K]8;;https://gcc.gnu.org/onlinedocs/gcc/Warning-Options.html#index-Wunused-but-set-variable-Wunused-but-set-variable]8;;[m[K]
[8.105s]   119 |     int [01;35m[KnRet[m[K = MV_OK;
[8.105s]       |         [01;35m[K^~~~[m[K
[8.515s] In file included from [01m[K/usr/include/c++/11/future:48[m[K,
[8.516s]                  from [01m[K/opt/ros/humble/include/rclcpp/rclcpp/executors.hpp:18[m[K,
[8.516s]                  from [01m[K/opt/ros/humble/include/rclcpp/rclcpp/rclcpp.hpp:155[m[K,
[8.516s]                  from [01m[K/home/byd/src/ros2/hk_camera_ws/src/camera.cpp:11[m[K:
[8.516s] /usr/include/c++/11/bits/std_thread.h: In instantiation of ‘[01m[Kstd::thread::thread(_Callable&&, _Args&& ...) [with _Callable = void* (&)(std::function<void(unsigned char*, _MV_FRAME_OUT_INFO_EX_*)>, void*); _Args = {void*&}; <template-parameter-1-3> = void][m[K’:
[8.516s] [01m[K/home/byd/src/ros2/hk_camera_ws/include/hk_camera_ws/hk_camera.hpp:132:42:[m[K   required from here
[8.517s] [01m[K/usr/include/c++/11/bits/std_thread.h:130:72:[m[K [01;31m[Kerror: [m[Kstatic assertion failed: std::thread arguments must be invocable after conversion to rvalues
[8.517s]   130 |                                       typename decay<_Args>::type...>::[01;31m[Kvalue[m[K,
[8.517s]       |                                                                        [01;31m[K^~~~~[m[K
[8.517s] [01m[K/usr/include/c++/11/bits/std_thread.h:130:72:[m[K [01;36m[Knote: [m[K‘[01m[Kstd::integral_constant<bool, false>::value[m[K’ evaluates to false
[8.523s] /usr/include/c++/11/bits/std_thread.h: In instantiation of ‘[01m[Kstruct std::thread::_Invoker<std::tuple<void* (*)(std::function<void(unsigned char*, _MV_FRAME_OUT_INFO_EX_*)>, void*), void*> >[m[K’:
[8.524s] [01m[K/usr/include/c++/11/bits/std_thread.h:203:13:[m[K   required from ‘[01m[Kstruct std::thread::_State_impl<std::thread::_Invoker<std::tuple<void* (*)(std::function<void(unsigned char*, _MV_FRAME_OUT_INFO_EX_*)>, void*), void*> > >[m[K’
[8.524s] [01m[K/usr/include/c++/11/bits/std_thread.h:143:29:[m[K   required from ‘[01m[Kstd::thread::thread(_Callable&&, _Args&& ...) [with _Callable = void* (&)(std::function<void(unsigned char*, _MV_FRAME_OUT_INFO_EX_*)>, void*); _Args = {void*&}; <template-parameter-1-3> = void][m[K’
[8.524s] [01m[K/home/byd/src/ros2/hk_camera_ws/include/hk_camera_ws/hk_camera.hpp:132:42:[m[K   required from here
[8.524s] [01m[K/usr/include/c++/11/bits/std_thread.h:258:11:[m[K [01;31m[Kerror: [m[Kno type named ‘[01m[Ktype[m[K’ in ‘[01m[Kstruct std::thread::_Invoker<std::tuple<void* (*)(std::function<void(unsigned char*, _MV_FRAME_OUT_INFO_EX_*)>, void*), void*> >::__result<std::tuple<void* (*)(std::function<void(unsigned char*, _MV_FRAME_OUT_INFO_EX_*)>, void*), void*> >[m[K’
[8.524s]   258 |           [01;31m[K_M_invoke[m[K(_Index_tuple<_Ind...>)
[8.524s]       |           [01;31m[K^~~~~~~~~[m[K
[8.524s] [01m[K/usr/include/c++/11/bits/std_thread.h:262:9:[m[K [01;31m[Kerror: [m[Kno type named ‘[01m[Ktype[m[K’ in ‘[01m[Kstruct std::thread::_Invoker<std::tuple<void* (*)(std::function<void(unsigned char*, _MV_FRAME_OUT_INFO_EX_*)>, void*), void*> >::__result<std::tuple<void* (*)(std::function<void(unsigned char*, _MV_FRAME_OUT_INFO_EX_*)>, void*), void*> >[m[K’
[8.525s]   262 |         [01;31m[Koperator[m[K()()
[8.525s]       |         [01;31m[K^~~~~~~~[m[K
[10.751s] gmake[2]: *** [CMakeFiles/camera.dir/build.make:76：CMakeFiles/camera.dir/src/camera.cpp.o] 错误 1
[10.752s] gmake[1]: *** [CMakeFiles/Makefile2:137：CMakeFiles/camera.dir/all] 错误 2
[10.753s] gmake: *** [Makefile:146：all] 错误 2
[10.758s] Invoked command in '/home/byd/src/ros2/hk_camera_ws/build/hk_camera_ws' returned '2': CMAKE_PREFIX_PATH=${CMAKE_PREFIX_PATH}:/opt/ros/humble /usr/bin/cmake --build /home/byd/src/ros2/hk_camera_ws/build/hk_camera_ws -- -j8 -l8
