[0.223s] DEBUG:colcon:Command line arguments: ['/usr/bin/colcon', 'build', '--packages-select', 'action_interface_ws']
[0.223s] DEBUG:colcon:Parsed command line arguments: Namespace(log_base=None, log_level=None, verb_name='build', build_base='build', install_base='install', merge_install=False, symlink_install=False, test_result_base=None, continue_on_error=False, executor='parallel', parallel_workers=8, event_handlers=None, ignore_user_meta=False, metas=['./colcon.meta'], base_paths=['.'], packages_ignore=None, packages_ignore_regex=None, paths=None, packages_up_to=None, packages_up_to_regex=None, packages_above=None, packages_above_and_dependencies=None, packages_above_depth=None, packages_select_by_dep=None, packages_skip_by_dep=None, packages_skip_up_to=None, packages_select_build_failed=False, packages_skip_build_finished=False, packages_select_test_failures=False, packages_skip_test_passed=False, packages_select=['action_interface_ws'], packages_skip=None, packages_select_regex=None, packages_skip_regex=None, packages_start=None, packages_end=None, allow_overriding=[], cmake_args=None, cmake_target=None, cmake_target_skip_unavailable=False, cmake_clean_cache=False, cmake_clean_first=False, cmake_force_configure=False, ament_cmake_args=None, catkin_cmake_args=None, catkin_skip_building_tests=False, mixin_files=None, mixin=None, verb_parser=<colcon_mixin.mixin.mixin_argument.MixinArgumentDecorator object at 0xffffb423ea70>, verb_extension=<colcon_core.verb.build.BuildVerb object at 0xffffb43dbf10>, main=<bound method BuildVerb.main of <colcon_core.verb.build.BuildVerb object at 0xffffb43dbf10>>, mixin_verb=('build',))
[0.540s] Level 1:colcon.colcon_core.package_discovery:discover_packages(colcon_meta) check parameters
[0.540s] Level 1:colcon.colcon_core.package_discovery:discover_packages(recursive) check parameters
[0.540s] Level 1:colcon.colcon_core.package_discovery:discover_packages(ignore) check parameters
[0.540s] Level 1:colcon.colcon_core.package_discovery:discover_packages(path) check parameters
[0.541s] Level 1:colcon.colcon_core.package_discovery:discover_packages(colcon_meta) discover
[0.541s] Level 1:colcon.colcon_core.package_discovery:discover_packages(recursive) discover
[0.541s] INFO:colcon.colcon_core.package_discovery:Crawling recursively for packages in '/home/byd/src/ros2/action_interface_ws'
[0.541s] Level 1:colcon.colcon_core.package_identification:_identify(.) by extensions ['ignore', 'ignore_ament_install']
[0.541s] Level 1:colcon.colcon_core.package_identification:_identify(.) by extension 'ignore'
[0.541s] Level 1:colcon.colcon_core.package_identification:_identify(.) by extension 'ignore_ament_install'
[0.542s] Level 1:colcon.colcon_core.package_identification:_identify(.) by extensions ['colcon_pkg']
[0.542s] Level 1:colcon.colcon_core.package_identification:_identify(.) by extension 'colcon_pkg'
[0.542s] Level 1:colcon.colcon_core.package_identification:_identify(.) by extensions ['colcon_meta']
[0.542s] Level 1:colcon.colcon_core.package_identification:_identify(.) by extension 'colcon_meta'
[0.542s] Level 1:colcon.colcon_core.package_identification:_identify(.) by extensions ['ros']
[0.542s] Level 1:colcon.colcon_core.package_identification:_identify(.) by extension 'ros'
[0.567s] DEBUG:colcon.colcon_core.package_identification:Package '.' with type 'ros.ament_cmake' and name 'action_interface_ws'
[0.567s] Level 1:colcon.colcon_core.package_discovery:discover_packages(recursive) using defaults
[0.567s] Level 1:colcon.colcon_core.package_discovery:discover_packages(ignore) discover
[0.567s] Level 1:colcon.colcon_core.package_discovery:discover_packages(ignore) using defaults
[0.567s] Level 1:colcon.colcon_core.package_discovery:discover_packages(path) discover
[0.567s] Level 1:colcon.colcon_core.package_discovery:discover_packages(path) using defaults
[0.601s] Level 1:colcon.colcon_core.package_discovery:discover_packages(prefix_path) check parameters
[0.601s] Level 1:colcon.colcon_core.package_discovery:discover_packages(prefix_path) discover
[0.605s] DEBUG:colcon.colcon_installed_package_information.package_discovery:Found 270 installed packages in /opt/ros/humble
[0.608s] Level 1:colcon.colcon_core.package_discovery:discover_packages(prefix_path) using defaults
[0.703s] Level 5:colcon.colcon_core.verb:set package 'action_interface_ws' build argument 'cmake_args' from command line to 'None'
[0.703s] Level 5:colcon.colcon_core.verb:set package 'action_interface_ws' build argument 'cmake_target' from command line to 'None'
[0.703s] Level 5:colcon.colcon_core.verb:set package 'action_interface_ws' build argument 'cmake_target_skip_unavailable' from command line to 'False'
[0.703s] Level 5:colcon.colcon_core.verb:set package 'action_interface_ws' build argument 'cmake_clean_cache' from command line to 'False'
[0.703s] Level 5:colcon.colcon_core.verb:set package 'action_interface_ws' build argument 'cmake_clean_first' from command line to 'False'
[0.703s] Level 5:colcon.colcon_core.verb:set package 'action_interface_ws' build argument 'cmake_force_configure' from command line to 'False'
[0.703s] Level 5:colcon.colcon_core.verb:set package 'action_interface_ws' build argument 'ament_cmake_args' from command line to 'None'
[0.703s] Level 5:colcon.colcon_core.verb:set package 'action_interface_ws' build argument 'catkin_cmake_args' from command line to 'None'
[0.703s] Level 5:colcon.colcon_core.verb:set package 'action_interface_ws' build argument 'catkin_skip_building_tests' from command line to 'False'
[0.703s] DEBUG:colcon.colcon_core.verb:Building package 'action_interface_ws' with the following arguments: {'ament_cmake_args': None, 'build_base': '/home/byd/src/ros2/action_interface_ws/build/action_interface_ws', 'catkin_cmake_args': None, 'catkin_skip_building_tests': False, 'cmake_args': None, 'cmake_clean_cache': False, 'cmake_clean_first': False, 'cmake_force_configure': False, 'cmake_target': None, 'cmake_target_skip_unavailable': False, 'install_base': '/home/byd/src/ros2/action_interface_ws/install/action_interface_ws', 'merge_install': False, 'path': '/home/byd/src/ros2/action_interface_ws', 'symlink_install': False, 'test_result_base': None}
[0.704s] INFO:colcon.colcon_core.executor:Executing jobs using 'parallel' executor
[0.706s] DEBUG:colcon.colcon_parallel_executor.executor.parallel:run_until_complete
[0.706s] INFO:colcon.colcon_ros.task.ament_cmake.build:Building ROS package in '/home/byd/src/ros2/action_interface_ws' with build type 'ament_cmake'
[0.707s] INFO:colcon.colcon_cmake.task.cmake.build:Building CMake package in '/home/byd/src/ros2/action_interface_ws'
[0.710s] INFO:colcon.colcon_core.plugin_system:Skipping extension 'colcon_core.shell.bat': Not used on non-Windows systems
[0.711s] INFO:colcon.colcon_core.shell:Skip shell extension 'powershell' for command environment: Not usable outside of PowerShell
[0.711s] DEBUG:colcon.colcon_core.shell:Skip shell extension 'dsv' for command environment
[0.722s] DEBUG:colcon.colcon_core.event_handler.log_command:Invoking command in '/home/byd/src/ros2/action_interface_ws/build/action_interface_ws': CMAKE_PREFIX_PATH=/opt/ros/humble /usr/bin/cmake /home/byd/src/ros2/action_interface_ws -DCMAKE_INSTALL_PREFIX=/home/byd/src/ros2/action_interface_ws/install/action_interface_ws
[1.809s] DEBUG:colcon.colcon_core.event_handler.log_command:Invoked command in '/home/byd/src/ros2/action_interface_ws/build/action_interface_ws' returned '0': CMAKE_PREFIX_PATH=/opt/ros/humble /usr/bin/cmake /home/byd/src/ros2/action_interface_ws -DCMAKE_INSTALL_PREFIX=/home/byd/src/ros2/action_interface_ws/install/action_interface_ws
[1.814s] DEBUG:colcon.colcon_core.event_handler.log_command:Invoking command in '/home/byd/src/ros2/action_interface_ws/build/action_interface_ws': CMAKE_PREFIX_PATH=/opt/ros/humble /usr/bin/cmake --build /home/byd/src/ros2/action_interface_ws/build/action_interface_ws -- -j8 -l8
[1.878s] DEBUG:colcon.colcon_core.event_handler.log_command:Invoked command in '/home/byd/src/ros2/action_interface_ws/build/action_interface_ws' returned '0': CMAKE_PREFIX_PATH=/opt/ros/humble /usr/bin/cmake --build /home/byd/src/ros2/action_interface_ws/build/action_interface_ws -- -j8 -l8
[1.927s] DEBUG:colcon.colcon_core.event_handler.log_command:Invoking command in '/home/byd/src/ros2/action_interface_ws/build/action_interface_ws': CMAKE_PREFIX_PATH=/opt/ros/humble /usr/bin/cmake --install /home/byd/src/ros2/action_interface_ws/build/action_interface_ws
[1.951s] Level 1:colcon.colcon_core.environment:create_environment_scripts_only(action_interface_ws)
[1.953s] DEBUG:colcon.colcon_core.event_handler.log_command:Invoked command in '/home/byd/src/ros2/action_interface_ws/build/action_interface_ws' returned '0': CMAKE_PREFIX_PATH=/opt/ros/humble /usr/bin/cmake --install /home/byd/src/ros2/action_interface_ws/build/action_interface_ws
[1.957s] Level 1:colcon.colcon_core.environment:checking '/home/byd/src/ros2/action_interface_ws/install/action_interface_ws' for CMake module files
[1.959s] Level 1:colcon.colcon_core.environment:checking '/home/byd/src/ros2/action_interface_ws/install/action_interface_ws' for CMake config files
[1.959s] Level 1:colcon.colcon_core.shell:create_environment_hook('action_interface_ws', 'cmake_prefix_path')
[1.960s] INFO:colcon.colcon_core.shell:Creating environment hook '/home/byd/src/ros2/action_interface_ws/install/action_interface_ws/share/action_interface_ws/hook/cmake_prefix_path.ps1'
[1.961s] INFO:colcon.colcon_core.shell:Creating environment descriptor '/home/byd/src/ros2/action_interface_ws/install/action_interface_ws/share/action_interface_ws/hook/cmake_prefix_path.dsv'
[1.962s] INFO:colcon.colcon_core.shell:Creating environment hook '/home/byd/src/ros2/action_interface_ws/install/action_interface_ws/share/action_interface_ws/hook/cmake_prefix_path.sh'
[1.964s] Level 1:colcon.colcon_core.environment:checking '/home/byd/src/ros2/action_interface_ws/install/action_interface_ws/bin'
[1.965s] Level 1:colcon.colcon_core.environment:checking '/home/byd/src/ros2/action_interface_ws/install/action_interface_ws/lib/pkgconfig/action_interface_ws.pc'
[1.965s] Level 1:colcon.colcon_core.environment:checking '/home/byd/src/ros2/action_interface_ws/install/action_interface_ws/lib/python3.10/site-packages'
[1.966s] Level 1:colcon.colcon_core.environment:checking '/home/byd/src/ros2/action_interface_ws/install/action_interface_ws/bin'
[1.967s] INFO:colcon.colcon_core.shell:Creating package script '/home/byd/src/ros2/action_interface_ws/install/action_interface_ws/share/action_interface_ws/package.ps1'
[1.968s] INFO:colcon.colcon_core.shell:Creating package descriptor '/home/byd/src/ros2/action_interface_ws/install/action_interface_ws/share/action_interface_ws/package.dsv'
[1.969s] INFO:colcon.colcon_core.shell:Creating package script '/home/byd/src/ros2/action_interface_ws/install/action_interface_ws/share/action_interface_ws/package.sh'
[1.973s] INFO:colcon.colcon_core.shell:Creating package script '/home/byd/src/ros2/action_interface_ws/install/action_interface_ws/share/action_interface_ws/package.bash'
[1.974s] INFO:colcon.colcon_core.shell:Creating package script '/home/byd/src/ros2/action_interface_ws/install/action_interface_ws/share/action_interface_ws/package.zsh'
[1.975s] Level 1:colcon.colcon_core.environment:create_file_with_runtime_dependencies(/home/byd/src/ros2/action_interface_ws/install/action_interface_ws/share/colcon-core/packages/action_interface_ws)
[2.007s] Level 1:colcon.colcon_core.environment:create_environment_scripts_only(action_interface_ws)
[2.007s] Level 1:colcon.colcon_core.environment:checking '/home/byd/src/ros2/action_interface_ws/install/action_interface_ws' for CMake module files
[2.009s] Level 1:colcon.colcon_core.environment:checking '/home/byd/src/ros2/action_interface_ws/install/action_interface_ws' for CMake config files
[2.010s] Level 1:colcon.colcon_core.shell:create_environment_hook('action_interface_ws', 'cmake_prefix_path')
[2.010s] INFO:colcon.colcon_core.shell:Creating environment hook '/home/byd/src/ros2/action_interface_ws/install/action_interface_ws/share/action_interface_ws/hook/cmake_prefix_path.ps1'
[2.011s] INFO:colcon.colcon_core.shell:Creating environment descriptor '/home/byd/src/ros2/action_interface_ws/install/action_interface_ws/share/action_interface_ws/hook/cmake_prefix_path.dsv'
[2.014s] INFO:colcon.colcon_core.shell:Creating environment hook '/home/byd/src/ros2/action_interface_ws/install/action_interface_ws/share/action_interface_ws/hook/cmake_prefix_path.sh'
[2.015s] Level 1:colcon.colcon_core.environment:checking '/home/byd/src/ros2/action_interface_ws/install/action_interface_ws/bin'
[2.016s] Level 1:colcon.colcon_core.environment:checking '/home/byd/src/ros2/action_interface_ws/install/action_interface_ws/lib/pkgconfig/action_interface_ws.pc'
[2.016s] Level 1:colcon.colcon_core.environment:checking '/home/byd/src/ros2/action_interface_ws/install/action_interface_ws/lib/python3.10/site-packages'
[2.017s] Level 1:colcon.colcon_core.environment:checking '/home/byd/src/ros2/action_interface_ws/install/action_interface_ws/bin'
[2.017s] INFO:colcon.colcon_core.shell:Creating package script '/home/byd/src/ros2/action_interface_ws/install/action_interface_ws/share/action_interface_ws/package.ps1'
[2.018s] INFO:colcon.colcon_core.shell:Creating package descriptor '/home/byd/src/ros2/action_interface_ws/install/action_interface_ws/share/action_interface_ws/package.dsv'
[2.020s] INFO:colcon.colcon_core.shell:Creating package script '/home/byd/src/ros2/action_interface_ws/install/action_interface_ws/share/action_interface_ws/package.sh'
[2.020s] INFO:colcon.colcon_core.shell:Creating package script '/home/byd/src/ros2/action_interface_ws/install/action_interface_ws/share/action_interface_ws/package.bash'
[2.021s] INFO:colcon.colcon_core.shell:Creating package script '/home/byd/src/ros2/action_interface_ws/install/action_interface_ws/share/action_interface_ws/package.zsh'
[2.022s] Level 1:colcon.colcon_core.environment:create_file_with_runtime_dependencies(/home/byd/src/ros2/action_interface_ws/install/action_interface_ws/share/colcon-core/packages/action_interface_ws)
[2.022s] DEBUG:colcon.colcon_parallel_executor.executor.parallel:closing loop
[2.023s] DEBUG:colcon.colcon_parallel_executor.executor.parallel:loop closed
[2.023s] DEBUG:colcon.colcon_parallel_executor.executor.parallel:run_until_complete finished with '0'
[2.023s] DEBUG:colcon.colcon_core.event_reactor:joining thread
[2.033s] INFO:colcon.colcon_core.plugin_system:Skipping extension 'colcon_notification.desktop_notification.terminal_notifier': Not used on non-Darwin systems
[2.033s] INFO:colcon.colcon_core.plugin_system:Skipping extension 'colcon_notification.desktop_notification.win32': Not used on non-Windows systems
[2.033s] INFO:colcon.colcon_notification.desktop_notification:Sending desktop notification using 'notify2'
[2.072s] DEBUG:colcon.colcon_core.event_reactor:joined thread
[2.073s] INFO:colcon.colcon_core.shell:Creating prefix script '/home/byd/src/ros2/action_interface_ws/install/local_setup.ps1'
[2.075s] INFO:colcon.colcon_core.shell:Creating prefix util module '/home/byd/src/ros2/action_interface_ws/install/_local_setup_util_ps1.py'
[2.079s] INFO:colcon.colcon_core.shell:Creating prefix chain script '/home/byd/src/ros2/action_interface_ws/install/setup.ps1'
[2.080s] INFO:colcon.colcon_core.shell:Creating prefix script '/home/byd/src/ros2/action_interface_ws/install/local_setup.sh'
[2.081s] INFO:colcon.colcon_core.shell:Creating prefix util module '/home/byd/src/ros2/action_interface_ws/install/_local_setup_util_sh.py'
[2.082s] INFO:colcon.colcon_core.shell:Creating prefix chain script '/home/byd/src/ros2/action_interface_ws/install/setup.sh'
[2.084s] INFO:colcon.colcon_core.shell:Creating prefix script '/home/byd/src/ros2/action_interface_ws/install/local_setup.bash'
[2.085s] INFO:colcon.colcon_core.shell:Creating prefix chain script '/home/byd/src/ros2/action_interface_ws/install/setup.bash'
[2.086s] INFO:colcon.colcon_core.shell:Creating prefix script '/home/byd/src/ros2/action_interface_ws/install/local_setup.zsh'
[2.087s] INFO:colcon.colcon_core.shell:Creating prefix chain script '/home/byd/src/ros2/action_interface_ws/install/setup.zsh'
