[0.020s] Invoking command in '/home/byd/src/ros2/point_cloud_ws/point_cloud_sub_cpp/build/point_cloud_sub_cpp': CMAKE_PREFIX_PATH=${CMAKE_PREFIX_PATH}:/home/byd/src/ros2/point_cloud_ws/point_cloud_pub/install/point_cloud_pub:/opt/ros/humble /usr/bin/cmake --build /home/byd/src/ros2/point_cloud_ws/point_cloud_sub_cpp/build/point_cloud_sub_cpp -- -j8 -l8
[0.107s] [35m[1mConsolidate compiler generated dependencies of target pc_sub[0m
[0.162s] [ 50%] [32mBuilding CXX object CMakeFiles/pc_sub.dir/src/pc_sub.cpp.o[0m
[24.412s] [100%] [32m[1mLinking CXX executable pc_sub[0m
[26.098s] [100%] Built target pc_sub
[26.123s] Invoked command in '/home/byd/src/ros2/point_cloud_ws/point_cloud_sub_cpp/build/point_cloud_sub_cpp' returned '0': CMAKE_PREFIX_PATH=${CMAKE_PREFIX_PATH}:/home/byd/src/ros2/point_cloud_ws/point_cloud_pub/install/point_cloud_pub:/opt/ros/humble /usr/bin/cmake --build /home/byd/src/ros2/point_cloud_ws/point_cloud_sub_cpp/build/point_cloud_sub_cpp -- -j8 -l8
[26.189s] Invoking command in '/home/byd/src/ros2/point_cloud_ws/point_cloud_sub_cpp/build/point_cloud_sub_cpp': CMAKE_PREFIX_PATH=${CMAKE_PREFIX_PATH}:/home/byd/src/ros2/point_cloud_ws/point_cloud_pub/install/point_cloud_pub:/opt/ros/humble /usr/bin/cmake --install /home/byd/src/ros2/point_cloud_ws/point_cloud_sub_cpp/build/point_cloud_sub_cpp
[26.203s] -- Install configuration: ""
[26.203s] -- Installing: /home/byd/src/ros2/point_cloud_ws/point_cloud_sub_cpp/install/point_cloud_sub_cpp/lib/point_cloud_sub_cpp/pc_sub
[26.211s] -- Set runtime path of "/home/byd/src/ros2/point_cloud_ws/point_cloud_sub_cpp/install/point_cloud_sub_cpp/lib/point_cloud_sub_cpp/pc_sub" to ""
[26.211s] -- Up-to-date: /home/byd/src/ros2/point_cloud_ws/point_cloud_sub_cpp/install/point_cloud_sub_cpp/share/ament_index/resource_index/package_run_dependencies/point_cloud_sub_cpp
[26.211s] -- Up-to-date: /home/byd/src/ros2/point_cloud_ws/point_cloud_sub_cpp/install/point_cloud_sub_cpp/share/ament_index/resource_index/parent_prefix_path/point_cloud_sub_cpp
[26.212s] -- Up-to-date: /home/byd/src/ros2/point_cloud_ws/point_cloud_sub_cpp/install/point_cloud_sub_cpp/share/point_cloud_sub_cpp/environment/ament_prefix_path.sh
[26.212s] -- Up-to-date: /home/byd/src/ros2/point_cloud_ws/point_cloud_sub_cpp/install/point_cloud_sub_cpp/share/point_cloud_sub_cpp/environment/ament_prefix_path.dsv
[26.212s] -- Up-to-date: /home/byd/src/ros2/point_cloud_ws/point_cloud_sub_cpp/install/point_cloud_sub_cpp/share/point_cloud_sub_cpp/environment/path.sh
[26.212s] -- Up-to-date: /home/byd/src/ros2/point_cloud_ws/point_cloud_sub_cpp/install/point_cloud_sub_cpp/share/point_cloud_sub_cpp/environment/path.dsv
[26.212s] -- Up-to-date: /home/byd/src/ros2/point_cloud_ws/point_cloud_sub_cpp/install/point_cloud_sub_cpp/share/point_cloud_sub_cpp/local_setup.bash
[26.212s] -- Up-to-date: /home/byd/src/ros2/point_cloud_ws/point_cloud_sub_cpp/install/point_cloud_sub_cpp/share/point_cloud_sub_cpp/local_setup.sh
[26.212s] -- Up-to-date: /home/byd/src/ros2/point_cloud_ws/point_cloud_sub_cpp/install/point_cloud_sub_cpp/share/point_cloud_sub_cpp/local_setup.zsh
[26.212s] -- Up-to-date: /home/byd/src/ros2/point_cloud_ws/point_cloud_sub_cpp/install/point_cloud_sub_cpp/share/point_cloud_sub_cpp/local_setup.dsv
[26.213s] -- Installing: /home/byd/src/ros2/point_cloud_ws/point_cloud_sub_cpp/install/point_cloud_sub_cpp/share/point_cloud_sub_cpp/package.dsv
[26.213s] -- Up-to-date: /home/byd/src/ros2/point_cloud_ws/point_cloud_sub_cpp/install/point_cloud_sub_cpp/share/ament_index/resource_index/packages/point_cloud_sub_cpp
[26.213s] -- Up-to-date: /home/byd/src/ros2/point_cloud_ws/point_cloud_sub_cpp/install/point_cloud_sub_cpp/share/point_cloud_sub_cpp/cmake/point_cloud_sub_cppConfig.cmake
[26.213s] -- Up-to-date: /home/byd/src/ros2/point_cloud_ws/point_cloud_sub_cpp/install/point_cloud_sub_cpp/share/point_cloud_sub_cpp/cmake/point_cloud_sub_cppConfig-version.cmake
[26.213s] -- Up-to-date: /home/byd/src/ros2/point_cloud_ws/point_cloud_sub_cpp/install/point_cloud_sub_cpp/share/point_cloud_sub_cpp/package.xml
[26.217s] Invoked command in '/home/byd/src/ros2/point_cloud_ws/point_cloud_sub_cpp/build/point_cloud_sub_cpp' returned '0': CMAKE_PREFIX_PATH=${CMAKE_PREFIX_PATH}:/home/byd/src/ros2/point_cloud_ws/point_cloud_pub/install/point_cloud_pub:/opt/ros/humble /usr/bin/cmake --install /home/byd/src/ros2/point_cloud_ws/point_cloud_sub_cpp/build/point_cloud_sub_cpp
