running egg_info
creating build/point_cloud_pub/point_cloud_pub.egg-info
writing build/point_cloud_pub/point_cloud_pub.egg-info/PKG-INFO
writing dependency_links to build/point_cloud_pub/point_cloud_pub.egg-info/dependency_links.txt
writing entry points to build/point_cloud_pub/point_cloud_pub.egg-info/entry_points.txt
writing requirements to build/point_cloud_pub/point_cloud_pub.egg-info/requires.txt
writing top-level names to build/point_cloud_pub/point_cloud_pub.egg-info/top_level.txt
writing manifest file 'build/point_cloud_pub/point_cloud_pub.egg-info/SOURCES.txt'
reading manifest file 'build/point_cloud_pub/point_cloud_pub.egg-info/SOURCES.txt'
writing manifest file 'build/point_cloud_pub/point_cloud_pub.egg-info/SOURCES.txt'
running build
running build_py
creating /home/byd/src/ros2/point_cloud_ws/point_cloud_pub/build/point_cloud_pub/build
creating /home/byd/src/ros2/point_cloud_ws/point_cloud_pub/build/point_cloud_pub/build/lib
creating /home/byd/src/ros2/point_cloud_ws/point_cloud_pub/build/point_cloud_pub/build/lib/point_cloud_pub
copying point_cloud_pub/__init__.py -> /home/byd/src/ros2/point_cloud_ws/point_cloud_pub/build/point_cloud_pub/build/lib/point_cloud_pub
copying point_cloud_pub/pc_pub.py -> /home/byd/src/ros2/point_cloud_ws/point_cloud_pub/build/point_cloud_pub/build/lib/point_cloud_pub
running install
running install_lib
creating /home/byd/src/ros2/point_cloud_ws/point_cloud_pub/install/point_cloud_pub/lib/python3.10/site-packages/point_cloud_pub
copying /home/byd/src/ros2/point_cloud_ws/point_cloud_pub/build/point_cloud_pub/build/lib/point_cloud_pub/__init__.py -> /home/byd/src/ros2/point_cloud_ws/point_cloud_pub/install/point_cloud_pub/lib/python3.10/site-packages/point_cloud_pub
copying /home/byd/src/ros2/point_cloud_ws/point_cloud_pub/build/point_cloud_pub/build/lib/point_cloud_pub/pc_pub.py -> /home/byd/src/ros2/point_cloud_ws/point_cloud_pub/install/point_cloud_pub/lib/python3.10/site-packages/point_cloud_pub
byte-compiling /home/byd/src/ros2/point_cloud_ws/point_cloud_pub/install/point_cloud_pub/lib/python3.10/site-packages/point_cloud_pub/__init__.py to __init__.cpython-310.pyc
byte-compiling /home/byd/src/ros2/point_cloud_ws/point_cloud_pub/install/point_cloud_pub/lib/python3.10/site-packages/point_cloud_pub/pc_pub.py to pc_pub.cpython-310.pyc
running install_data
creating /home/byd/src/ros2/point_cloud_ws/point_cloud_pub/install/point_cloud_pub/share/ament_index
creating /home/byd/src/ros2/point_cloud_ws/point_cloud_pub/install/point_cloud_pub/share/ament_index/resource_index
creating /home/byd/src/ros2/point_cloud_ws/point_cloud_pub/install/point_cloud_pub/share/ament_index/resource_index/packages
copying resource/point_cloud_pub -> /home/byd/src/ros2/point_cloud_ws/point_cloud_pub/install/point_cloud_pub/share/ament_index/resource_index/packages
copying package.xml -> /home/byd/src/ros2/point_cloud_ws/point_cloud_pub/install/point_cloud_pub/share/point_cloud_pub
running install_egg_info
Copying build/point_cloud_pub/point_cloud_pub.egg-info to /home/byd/src/ros2/point_cloud_ws/point_cloud_pub/install/point_cloud_pub/lib/python3.10/site-packages/point_cloud_pub-0.0.0-py3.10.egg-info
running install_scripts
writing list of installed files to '/home/byd/src/ros2/point_cloud_ws/point_cloud_pub/build/point_cloud_pub/install.log'
