[1.248s] Invoking command in '/home/byd/src/ros2/point_cloud_ws/point_cloud_pub': PYTHONPATH=/home/byd/src/ros2/point_cloud_ws/point_cloud_pub/build/point_cloud_pub/prefix_override:/usr/lib/python3/dist-packages/colcon_core/task/python/colcon_distutils_commands:/home/byd/src/ros2/point_cloud_ws/point_cloud_pub/install/point_cloud_pub/lib/python3.10/site-packages:${PYTHONPATH} /usr/bin/python3 -W ignore:setup.py install is deprecated setup.py egg_info --egg-base build/point_cloud_pub build --build-base /home/byd/src/ros2/point_cloud_ws/point_cloud_pub/build/point_cloud_pub/build install --record /home/byd/src/ros2/point_cloud_ws/point_cloud_pub/build/point_cloud_pub/install.log --single-version-externally-managed install_data
[1.753s] running egg_info
[1.754s] creating build/point_cloud_pub/point_cloud_pub.egg-info
[1.755s] writing build/point_cloud_pub/point_cloud_pub.egg-info/PKG-INFO
[1.755s] writing dependency_links to build/point_cloud_pub/point_cloud_pub.egg-info/dependency_links.txt
[1.755s] writing entry points to build/point_cloud_pub/point_cloud_pub.egg-info/entry_points.txt
[1.756s] writing requirements to build/point_cloud_pub/point_cloud_pub.egg-info/requires.txt
[1.756s] writing top-level names to build/point_cloud_pub/point_cloud_pub.egg-info/top_level.txt
[1.756s] writing manifest file 'build/point_cloud_pub/point_cloud_pub.egg-info/SOURCES.txt'
[1.760s] reading manifest file 'build/point_cloud_pub/point_cloud_pub.egg-info/SOURCES.txt'
[1.763s] writing manifest file 'build/point_cloud_pub/point_cloud_pub.egg-info/SOURCES.txt'
[1.764s] running build
[1.764s] running build_py
[1.764s] creating /home/byd/src/ros2/point_cloud_ws/point_cloud_pub/build/point_cloud_pub/build
[1.764s] creating /home/byd/src/ros2/point_cloud_ws/point_cloud_pub/build/point_cloud_pub/build/lib
[1.764s] creating /home/byd/src/ros2/point_cloud_ws/point_cloud_pub/build/point_cloud_pub/build/lib/point_cloud_pub
[1.764s] copying point_cloud_pub/__init__.py -> /home/byd/src/ros2/point_cloud_ws/point_cloud_pub/build/point_cloud_pub/build/lib/point_cloud_pub
[1.764s] copying point_cloud_pub/pc_pub.py -> /home/byd/src/ros2/point_cloud_ws/point_cloud_pub/build/point_cloud_pub/build/lib/point_cloud_pub
[1.765s] running install
[1.765s] running install_lib
[1.766s] creating /home/byd/src/ros2/point_cloud_ws/point_cloud_pub/install/point_cloud_pub/lib/python3.10/site-packages/point_cloud_pub
[1.766s] copying /home/byd/src/ros2/point_cloud_ws/point_cloud_pub/build/point_cloud_pub/build/lib/point_cloud_pub/__init__.py -> /home/byd/src/ros2/point_cloud_ws/point_cloud_pub/install/point_cloud_pub/lib/python3.10/site-packages/point_cloud_pub
[1.766s] copying /home/byd/src/ros2/point_cloud_ws/point_cloud_pub/build/point_cloud_pub/build/lib/point_cloud_pub/pc_pub.py -> /home/byd/src/ros2/point_cloud_ws/point_cloud_pub/install/point_cloud_pub/lib/python3.10/site-packages/point_cloud_pub
[1.767s] byte-compiling /home/byd/src/ros2/point_cloud_ws/point_cloud_pub/install/point_cloud_pub/lib/python3.10/site-packages/point_cloud_pub/__init__.py to __init__.cpython-310.pyc
[1.768s] byte-compiling /home/byd/src/ros2/point_cloud_ws/point_cloud_pub/install/point_cloud_pub/lib/python3.10/site-packages/point_cloud_pub/pc_pub.py to pc_pub.cpython-310.pyc
[1.770s] running install_data
[1.770s] creating /home/byd/src/ros2/point_cloud_ws/point_cloud_pub/install/point_cloud_pub/share/ament_index
[1.771s] creating /home/byd/src/ros2/point_cloud_ws/point_cloud_pub/install/point_cloud_pub/share/ament_index/resource_index
[1.771s] creating /home/byd/src/ros2/point_cloud_ws/point_cloud_pub/install/point_cloud_pub/share/ament_index/resource_index/packages
[1.771s] copying resource/point_cloud_pub -> /home/byd/src/ros2/point_cloud_ws/point_cloud_pub/install/point_cloud_pub/share/ament_index/resource_index/packages
[1.771s] copying package.xml -> /home/byd/src/ros2/point_cloud_ws/point_cloud_pub/install/point_cloud_pub/share/point_cloud_pub
[1.771s] running install_egg_info
[1.774s] Copying build/point_cloud_pub/point_cloud_pub.egg-info to /home/byd/src/ros2/point_cloud_ws/point_cloud_pub/install/point_cloud_pub/lib/python3.10/site-packages/point_cloud_pub-0.0.0-py3.10.egg-info
[1.776s] running install_scripts
[1.821s] writing list of installed files to '/home/byd/src/ros2/point_cloud_ws/point_cloud_pub/build/point_cloud_pub/install.log'
[1.899s] Invoked command in '/home/byd/src/ros2/point_cloud_ws/point_cloud_pub' returned '0': PYTHONPATH=/home/byd/src/ros2/point_cloud_ws/point_cloud_pub/build/point_cloud_pub/prefix_override:/usr/lib/python3/dist-packages/colcon_core/task/python/colcon_distutils_commands:/home/byd/src/ros2/point_cloud_ws/point_cloud_pub/install/point_cloud_pub/lib/python3.10/site-packages:${PYTHONPATH} /usr/bin/python3 -W ignore:setup.py install is deprecated setup.py egg_info --egg-base build/point_cloud_pub build --build-base /home/byd/src/ros2/point_cloud_ws/point_cloud_pub/build/point_cloud_pub/build install --record /home/byd/src/ros2/point_cloud_ws/point_cloud_pub/build/point_cloud_pub/install.log --single-version-externally-managed install_data
