[0.033s] Invoking command in '/home/byd/src/ros2/param_ws/build/param_ws': CMAKE_PREFIX_PATH=${CMAKE_PREFIX_PATH}:/opt/ros/humble /usr/bin/cmake --build /home/byd/src/ros2/param_ws/build/param_ws -- -j8 -l8
[0.121s] [35m[1mConsolidate compiler generated dependencies of target param[0m
[0.162s] [ 50%] [32mBuilding CXX object CMakeFiles/param.dir/src/param.cpp.o[0m
[20.504s] [100%] [32m[1mLinking CXX executable param[0m
[21.482s] [100%] Built target param
[21.512s] Invoked command in '/home/byd/src/ros2/param_ws/build/param_ws' returned '0': CMAKE_PREFIX_PATH=${CMAKE_PREFIX_PATH}:/opt/ros/humble /usr/bin/cmake --build /home/byd/src/ros2/param_ws/build/param_ws -- -j8 -l8
[21.578s] Invoking command in '/home/byd/src/ros2/param_ws/build/param_ws': CMAKE_PREFIX_PATH=${CMAKE_PREFIX_PATH}:/opt/ros/humble /usr/bin/cmake --install /home/byd/src/ros2/param_ws/build/param_ws
[21.598s] -- Install configuration: ""
[21.598s] -- Installing: /home/byd/src/ros2/param_ws/install/param_ws/lib/param_ws/param
[21.608s] -- Set runtime path of "/home/byd/src/ros2/param_ws/install/param_ws/lib/param_ws/param" to ""
[21.608s] -- Up-to-date: /home/byd/src/ros2/param_ws/install/param_ws/share/ament_index/resource_index/package_run_dependencies/param_ws
[21.609s] -- Up-to-date: /home/byd/src/ros2/param_ws/install/param_ws/share/ament_index/resource_index/parent_prefix_path/param_ws
[21.609s] -- Up-to-date: /home/byd/src/ros2/param_ws/install/param_ws/share/param_ws/environment/ament_prefix_path.sh
[21.609s] -- Up-to-date: /home/byd/src/ros2/param_ws/install/param_ws/share/param_ws/environment/ament_prefix_path.dsv
[21.610s] -- Up-to-date: /home/byd/src/ros2/param_ws/install/param_ws/share/param_ws/environment/path.sh
[21.610s] -- Up-to-date: /home/byd/src/ros2/param_ws/install/param_ws/share/param_ws/environment/path.dsv
[21.610s] -- Up-to-date: /home/byd/src/ros2/param_ws/install/param_ws/share/param_ws/local_setup.bash
[21.610s] -- Up-to-date: /home/byd/src/ros2/param_ws/install/param_ws/share/param_ws/local_setup.sh
[21.610s] -- Up-to-date: /home/byd/src/ros2/param_ws/install/param_ws/share/param_ws/local_setup.zsh
[21.610s] -- Up-to-date: /home/byd/src/ros2/param_ws/install/param_ws/share/param_ws/local_setup.dsv
[21.611s] -- Installing: /home/byd/src/ros2/param_ws/install/param_ws/share/param_ws/package.dsv
[21.611s] -- Up-to-date: /home/byd/src/ros2/param_ws/install/param_ws/share/ament_index/resource_index/packages/param_ws
[21.611s] -- Up-to-date: /home/byd/src/ros2/param_ws/install/param_ws/share/param_ws/cmake/param_wsConfig.cmake
[21.611s] -- Up-to-date: /home/byd/src/ros2/param_ws/install/param_ws/share/param_ws/cmake/param_wsConfig-version.cmake
[21.611s] -- Up-to-date: /home/byd/src/ros2/param_ws/install/param_ws/share/param_ws/package.xml
[21.619s] Invoked command in '/home/byd/src/ros2/param_ws/build/param_ws' returned '0': CMAKE_PREFIX_PATH=${CMAKE_PREFIX_PATH}:/opt/ros/humble /usr/bin/cmake --install /home/byd/src/ros2/param_ws/build/param_ws
