[0.017s] Invoking command in '/home/byd/github/ros/hawrk/ros2/param_ws/build/param_ws': /usr/bin/cmake /home/byd/github/ros/hawrk/ros2/param_ws -DCMAKE_INSTALL_PREFIX=/home/byd/github/ros/hawrk/ros2/param_ws/install/param_ws
[0.049s] [31mCMake Error at CMakeLists.txt:9 (find_package):
[0.049s]   By not providing "Findament_cmake.cmake" in CMAKE_MODULE_PATH this project
[0.050s]   has asked CMake to find a package configuration file provided by
[0.050s]   "ament_cmake", but CMake did not find one.
[0.050s] 
[0.050s]   Could not find a package configuration file provided by "ament_cmake" with
[0.050s]   any of the following names:
[0.050s] 
[0.050s]     ament_cmakeConfig.cmake
[0.051s]     ament_cmake-config.cmake
[0.051s] 
[0.051s]   Add the installation prefix of "ament_cmake" to CMAKE_PREFIX_PATH or set
[0.051s]   "ament_cmake_DIR" to a directory containing one of the above files.  If
[0.051s]   "ament_cmake" provides a separate development package or SDK, be sure it
[0.051s]   has been installed.
[0.051s] 
[0.051s] [0m
[0.052s] -- Configuring incomplete, errors occurred!
[0.052s] See also "/home/byd/github/ros/hawrk/ros2/param_ws/build/param_ws/CMakeFiles/CMakeOutput.log".
[0.054s] Invoked command in '/home/byd/github/ros/hawrk/ros2/param_ws/build/param_ws' returned '1': /usr/bin/cmake /home/byd/github/ros/hawrk/ros2/param_ws -DCMAKE_INSTALL_PREFIX=/home/byd/github/ros/hawrk/ros2/param_ws/install/param_ws
