[0.190s] DEBUG:colcon:Command line arguments: ['/usr/bin/colcon', 'build']
[0.190s] DEBUG:colcon:Parsed command line arguments: Namespace(log_base=None, log_level=None, verb_name='build', build_base='build', install_base='install', merge_install=False, symlink_install=False, test_result_base=None, continue_on_error=False, executor='parallel', parallel_workers=8, event_handlers=None, ignore_user_meta=False, metas=['./colcon.meta'], base_paths=['.'], packages_ignore=None, packages_ignore_regex=None, paths=None, packages_up_to=None, packages_up_to_regex=None, packages_above=None, packages_above_and_dependencies=None, packages_above_depth=None, packages_select_by_dep=None, packages_skip_by_dep=None, packages_skip_up_to=None, packages_select_build_failed=False, packages_skip_build_finished=False, packages_select_test_failures=False, packages_skip_test_passed=False, packages_select=None, packages_skip=None, packages_select_regex=None, packages_skip_regex=None, packages_start=None, packages_end=None, allow_overriding=[], cmake_args=None, cmake_target=None, cmake_target_skip_unavailable=False, cmake_clean_cache=False, cmake_clean_first=False, cmake_force_configure=False, ament_cmake_args=None, catkin_cmake_args=None, catkin_skip_building_tests=False, verb_parser=<colcon_defaults.argument_parser.defaults.DefaultArgumentsDecorator object at 0xffff8c56d690>, verb_extension=<colcon_core.verb.build.BuildVerb object at 0xffff8c70ea70>, main=<bound method BuildVerb.main of <colcon_core.verb.build.BuildVerb object at 0xffff8c70ea70>>)
[0.268s] Level 1:colcon.colcon_core.package_discovery:discover_packages(colcon_meta) check parameters
[0.268s] Level 1:colcon.colcon_core.package_discovery:discover_packages(recursive) check parameters
[0.268s] Level 1:colcon.colcon_core.package_discovery:discover_packages(ignore) check parameters
[0.268s] Level 1:colcon.colcon_core.package_discovery:discover_packages(path) check parameters
[0.268s] Level 1:colcon.colcon_core.package_discovery:discover_packages(colcon_meta) discover
[0.268s] Level 1:colcon.colcon_core.package_discovery:discover_packages(recursive) discover
[0.269s] INFO:colcon.colcon_core.package_discovery:Crawling recursively for packages in '/home/byd/dros/data_collection_service'
[0.269s] Level 1:colcon.colcon_core.package_identification:_identify(.) by extensions ['ignore', 'ignore_ament_install']
[0.269s] Level 1:colcon.colcon_core.package_identification:_identify(.) by extension 'ignore'
[0.269s] Level 1:colcon.colcon_core.package_identification:_identify(.) by extension 'ignore_ament_install'
[0.269s] Level 1:colcon.colcon_core.package_identification:_identify(.) by extensions ['colcon_pkg']
[0.269s] Level 1:colcon.colcon_core.package_identification:_identify(.) by extension 'colcon_pkg'
[0.269s] Level 1:colcon.colcon_core.package_identification:_identify(.) by extensions ['colcon_meta']
[0.269s] Level 1:colcon.colcon_core.package_identification:_identify(.) by extension 'colcon_meta'
[0.270s] Level 1:colcon.colcon_core.package_identification:_identify(.) by extensions ['ros']
[0.270s] Level 1:colcon.colcon_core.package_identification:_identify(.) by extension 'ros'
[0.304s] DEBUG:colcon.colcon_core.package_identification:Package '.' with type 'ros.ament_cmake' and name 'data_collection_service'
[0.304s] Level 1:colcon.colcon_core.package_discovery:discover_packages(recursive) using defaults
[0.304s] Level 1:colcon.colcon_core.package_discovery:discover_packages(ignore) discover
[0.304s] Level 1:colcon.colcon_core.package_discovery:discover_packages(ignore) using defaults
[0.304s] Level 1:colcon.colcon_core.package_discovery:discover_packages(path) discover
[0.304s] Level 1:colcon.colcon_core.package_discovery:discover_packages(path) using defaults
[0.342s] Level 1:colcon.colcon_core.package_discovery:discover_packages(prefix_path) check parameters
[0.342s] Level 1:colcon.colcon_core.package_discovery:discover_packages(prefix_path) discover
[0.346s] WARNING:colcon.colcon_ros.prefix_path.ament:The path '/home/byd/dros/data_collection_service/install/data_collection_service' in the environment variable AMENT_PREFIX_PATH doesn't exist
[0.347s] WARNING:colcon.colcon_ros.prefix_path.catkin:The path '/home/byd/dros/data_collection_service/install/data_collection_service' in the environment variable CMAKE_PREFIX_PATH doesn't exist
[0.348s] DEBUG:colcon.colcon_installed_package_information.package_discovery:Found 0 installed packages in /home/byd/dros/data_collection_service/install
[0.351s] DEBUG:colcon.colcon_installed_package_information.package_discovery:Found 271 installed packages in /opt/ros/humble
[0.353s] Level 1:colcon.colcon_core.package_discovery:discover_packages(prefix_path) using defaults
[0.421s] Level 5:colcon.colcon_core.verb:set package 'data_collection_service' build argument 'cmake_args' from command line to 'None'
[0.421s] Level 5:colcon.colcon_core.verb:set package 'data_collection_service' build argument 'cmake_target' from command line to 'None'
[0.421s] Level 5:colcon.colcon_core.verb:set package 'data_collection_service' build argument 'cmake_target_skip_unavailable' from command line to 'False'
[0.421s] Level 5:colcon.colcon_core.verb:set package 'data_collection_service' build argument 'cmake_clean_cache' from command line to 'False'
[0.421s] Level 5:colcon.colcon_core.verb:set package 'data_collection_service' build argument 'cmake_clean_first' from command line to 'False'
[0.421s] Level 5:colcon.colcon_core.verb:set package 'data_collection_service' build argument 'cmake_force_configure' from command line to 'False'
[0.421s] Level 5:colcon.colcon_core.verb:set package 'data_collection_service' build argument 'ament_cmake_args' from command line to 'None'
[0.421s] Level 5:colcon.colcon_core.verb:set package 'data_collection_service' build argument 'catkin_cmake_args' from command line to 'None'
[0.421s] Level 5:colcon.colcon_core.verb:set package 'data_collection_service' build argument 'catkin_skip_building_tests' from command line to 'False'
[0.421s] DEBUG:colcon.colcon_core.verb:Building package 'data_collection_service' with the following arguments: {'ament_cmake_args': None, 'build_base': '/home/byd/dros/data_collection_service/build/data_collection_service', 'catkin_cmake_args': None, 'catkin_skip_building_tests': False, 'cmake_args': None, 'cmake_clean_cache': False, 'cmake_clean_first': False, 'cmake_force_configure': False, 'cmake_target': None, 'cmake_target_skip_unavailable': False, 'install_base': '/home/byd/dros/data_collection_service/install/data_collection_service', 'merge_install': False, 'path': '/home/byd/dros/data_collection_service', 'symlink_install': False, 'test_result_base': None}
[0.422s] INFO:colcon.colcon_core.executor:Executing jobs using 'parallel' executor
[0.424s] DEBUG:colcon.colcon_parallel_executor.executor.parallel:run_until_complete
[0.424s] INFO:colcon.colcon_ros.task.ament_cmake.build:Building ROS package in '/home/byd/dros/data_collection_service' with build type 'ament_cmake'
[0.424s] INFO:colcon.colcon_cmake.task.cmake.build:Building CMake package in '/home/byd/dros/data_collection_service'
[0.429s] INFO:colcon.colcon_core.plugin_system:Skipping extension 'colcon_core.shell.bat': Not used on non-Windows systems
[0.429s] INFO:colcon.colcon_core.shell:Skip shell extension 'powershell' for command environment: Not usable outside of PowerShell
[0.429s] DEBUG:colcon.colcon_core.shell:Skip shell extension 'dsv' for command environment
[0.444s] DEBUG:colcon.colcon_core.event_handler.log_command:Invoking command in '/home/byd/dros/data_collection_service/build/data_collection_service': CMAKE_PREFIX_PATH=${CMAKE_PREFIX_PATH}:/opt/ros/humble /usr/bin/cmake /home/byd/dros/data_collection_service -DCMAKE_INSTALL_PREFIX=/home/byd/dros/data_collection_service/install/data_collection_service
[2.955s] DEBUG:colcon.colcon_core.event_handler.log_command:Invoked command in '/home/byd/dros/data_collection_service/build/data_collection_service' returned '0': CMAKE_PREFIX_PATH=${CMAKE_PREFIX_PATH}:/opt/ros/humble /usr/bin/cmake /home/byd/dros/data_collection_service -DCMAKE_INSTALL_PREFIX=/home/byd/dros/data_collection_service/install/data_collection_service
[2.958s] DEBUG:colcon.colcon_core.event_handler.log_command:Invoking command in '/home/byd/dros/data_collection_service/build/data_collection_service': CMAKE_PREFIX_PATH=${CMAKE_PREFIX_PATH}:/opt/ros/humble /usr/bin/cmake --build /home/byd/dros/data_collection_service/build/data_collection_service -- -j8 -l8
[9.417s] DEBUG:colcon.colcon_core.event_handler.log_command:Invoked command in '/home/byd/dros/data_collection_service/build/data_collection_service' returned '0': CMAKE_PREFIX_PATH=${CMAKE_PREFIX_PATH}:/opt/ros/humble /usr/bin/cmake --build /home/byd/dros/data_collection_service/build/data_collection_service -- -j8 -l8
[9.439s] DEBUG:colcon.colcon_core.event_handler.log_command:Invoking command in '/home/byd/dros/data_collection_service/build/data_collection_service': CMAKE_PREFIX_PATH=${CMAKE_PREFIX_PATH}:/opt/ros/humble /usr/bin/cmake --install /home/byd/dros/data_collection_service/build/data_collection_service
[9.462s] Level 1:colcon.colcon_core.environment:create_environment_scripts_only(data_collection_service)
[9.464s] DEBUG:colcon.colcon_core.event_handler.log_command:Invoked command in '/home/byd/dros/data_collection_service/build/data_collection_service' returned '0': CMAKE_PREFIX_PATH=${CMAKE_PREFIX_PATH}:/opt/ros/humble /usr/bin/cmake --install /home/byd/dros/data_collection_service/build/data_collection_service
[9.473s] Level 1:colcon.colcon_core.environment:checking '/home/byd/dros/data_collection_service/install/data_collection_service' for CMake module files
[9.475s] Level 1:colcon.colcon_core.environment:checking '/home/byd/dros/data_collection_service/install/data_collection_service' for CMake config files
[9.476s] Level 1:colcon.colcon_core.shell:create_environment_hook('data_collection_service', 'cmake_prefix_path')
[9.477s] INFO:colcon.colcon_core.shell:Creating environment hook '/home/byd/dros/data_collection_service/install/data_collection_service/share/data_collection_service/hook/cmake_prefix_path.ps1'
[9.479s] INFO:colcon.colcon_core.shell:Creating environment descriptor '/home/byd/dros/data_collection_service/install/data_collection_service/share/data_collection_service/hook/cmake_prefix_path.dsv'
[9.481s] INFO:colcon.colcon_core.shell:Creating environment hook '/home/byd/dros/data_collection_service/install/data_collection_service/share/data_collection_service/hook/cmake_prefix_path.sh'
[9.484s] Level 1:colcon.colcon_core.environment:checking '/home/byd/dros/data_collection_service/install/data_collection_service/lib'
[9.485s] Level 1:colcon.colcon_core.environment:checking '/home/byd/dros/data_collection_service/install/data_collection_service/bin'
[9.485s] Level 1:colcon.colcon_core.environment:checking '/home/byd/dros/data_collection_service/install/data_collection_service/lib/pkgconfig/data_collection_service.pc'
[9.486s] Level 1:colcon.colcon_core.environment:checking '/home/byd/dros/data_collection_service/install/data_collection_service/lib/python3.10/site-packages'
[9.487s] Level 1:colcon.colcon_core.environment:checking '/home/byd/dros/data_collection_service/install/data_collection_service/bin'
[9.488s] INFO:colcon.colcon_core.shell:Creating package script '/home/byd/dros/data_collection_service/install/data_collection_service/share/data_collection_service/package.ps1'
[9.491s] INFO:colcon.colcon_core.shell:Creating package descriptor '/home/byd/dros/data_collection_service/install/data_collection_service/share/data_collection_service/package.dsv'
[9.493s] INFO:colcon.colcon_core.shell:Creating package script '/home/byd/dros/data_collection_service/install/data_collection_service/share/data_collection_service/package.sh'
[9.495s] INFO:colcon.colcon_core.shell:Creating package script '/home/byd/dros/data_collection_service/install/data_collection_service/share/data_collection_service/package.bash'
[9.498s] INFO:colcon.colcon_core.shell:Creating package script '/home/byd/dros/data_collection_service/install/data_collection_service/share/data_collection_service/package.zsh'
[9.500s] Level 1:colcon.colcon_core.environment:create_file_with_runtime_dependencies(/home/byd/dros/data_collection_service/install/data_collection_service/share/colcon-core/packages/data_collection_service)
[9.503s] Level 1:colcon.colcon_core.environment:create_environment_scripts_only(data_collection_service)
[9.503s] Level 1:colcon.colcon_core.environment:checking '/home/byd/dros/data_collection_service/install/data_collection_service' for CMake module files
[9.505s] Level 1:colcon.colcon_core.environment:checking '/home/byd/dros/data_collection_service/install/data_collection_service' for CMake config files
[9.506s] Level 1:colcon.colcon_core.shell:create_environment_hook('data_collection_service', 'cmake_prefix_path')
[9.507s] INFO:colcon.colcon_core.shell:Creating environment hook '/home/byd/dros/data_collection_service/install/data_collection_service/share/data_collection_service/hook/cmake_prefix_path.ps1'
[9.508s] INFO:colcon.colcon_core.shell:Creating environment descriptor '/home/byd/dros/data_collection_service/install/data_collection_service/share/data_collection_service/hook/cmake_prefix_path.dsv'
[9.509s] INFO:colcon.colcon_core.shell:Creating environment hook '/home/byd/dros/data_collection_service/install/data_collection_service/share/data_collection_service/hook/cmake_prefix_path.sh'
[9.511s] Level 1:colcon.colcon_core.environment:checking '/home/byd/dros/data_collection_service/install/data_collection_service/lib'
[9.512s] Level 1:colcon.colcon_core.environment:checking '/home/byd/dros/data_collection_service/install/data_collection_service/bin'
[9.512s] Level 1:colcon.colcon_core.environment:checking '/home/byd/dros/data_collection_service/install/data_collection_service/lib/pkgconfig/data_collection_service.pc'
[9.513s] Level 1:colcon.colcon_core.environment:checking '/home/byd/dros/data_collection_service/install/data_collection_service/lib/python3.10/site-packages'
[9.513s] Level 1:colcon.colcon_core.environment:checking '/home/byd/dros/data_collection_service/install/data_collection_service/bin'
[9.514s] INFO:colcon.colcon_core.shell:Creating package script '/home/byd/dros/data_collection_service/install/data_collection_service/share/data_collection_service/package.ps1'
[9.516s] INFO:colcon.colcon_core.shell:Creating package descriptor '/home/byd/dros/data_collection_service/install/data_collection_service/share/data_collection_service/package.dsv'
[9.518s] INFO:colcon.colcon_core.shell:Creating package script '/home/byd/dros/data_collection_service/install/data_collection_service/share/data_collection_service/package.sh'
[9.519s] INFO:colcon.colcon_core.shell:Creating package script '/home/byd/dros/data_collection_service/install/data_collection_service/share/data_collection_service/package.bash'
[9.520s] INFO:colcon.colcon_core.shell:Creating package script '/home/byd/dros/data_collection_service/install/data_collection_service/share/data_collection_service/package.zsh'
[9.521s] Level 1:colcon.colcon_core.environment:create_file_with_runtime_dependencies(/home/byd/dros/data_collection_service/install/data_collection_service/share/colcon-core/packages/data_collection_service)
[9.522s] DEBUG:colcon.colcon_parallel_executor.executor.parallel:closing loop
[9.523s] DEBUG:colcon.colcon_parallel_executor.executor.parallel:loop closed
[9.523s] DEBUG:colcon.colcon_parallel_executor.executor.parallel:run_until_complete finished with '0'
[9.523s] DEBUG:colcon.colcon_core.event_reactor:joining thread
[9.542s] INFO:colcon.colcon_core.plugin_system:Skipping extension 'colcon_notification.desktop_notification.terminal_notifier': Not used on non-Darwin systems
[9.542s] INFO:colcon.colcon_core.plugin_system:Skipping extension 'colcon_notification.desktop_notification.win32': Not used on non-Windows systems
[9.542s] INFO:colcon.colcon_notification.desktop_notification:Sending desktop notification using 'notify2'
[9.583s] DEBUG:colcon.colcon_core.event_reactor:joined thread
[9.584s] INFO:colcon.colcon_core.shell:Creating prefix script '/home/byd/dros/data_collection_service/install/local_setup.ps1'
[9.587s] INFO:colcon.colcon_core.shell:Creating prefix util module '/home/byd/dros/data_collection_service/install/_local_setup_util_ps1.py'
[9.589s] INFO:colcon.colcon_core.shell:Creating prefix chain script '/home/byd/dros/data_collection_service/install/setup.ps1'
[9.592s] INFO:colcon.colcon_core.shell:Creating prefix script '/home/byd/dros/data_collection_service/install/local_setup.sh'
[9.593s] INFO:colcon.colcon_core.shell:Creating prefix util module '/home/byd/dros/data_collection_service/install/_local_setup_util_sh.py'
[9.594s] INFO:colcon.colcon_core.shell:Creating prefix chain script '/home/byd/dros/data_collection_service/install/setup.sh'
[9.596s] INFO:colcon.colcon_core.shell:Creating prefix script '/home/byd/dros/data_collection_service/install/local_setup.bash'
[9.597s] INFO:colcon.colcon_core.shell:Creating prefix chain script '/home/byd/dros/data_collection_service/install/setup.bash'
[9.599s] INFO:colcon.colcon_core.shell:Creating prefix script '/home/byd/dros/data_collection_service/install/local_setup.zsh'
[9.600s] INFO:colcon.colcon_core.shell:Creating prefix chain script '/home/byd/dros/data_collection_service/install/setup.zsh'
