[0.019s] Invoking command in '/home/byd/src/ros2/action_ws/build/action_ws': CMAKE_PREFIX_PATH=${CMAKE_PREFIX_PATH}:/opt/ros/humble /usr/bin/cmake --build /home/byd/src/ros2/action_ws/build/action_ws -- -j8 -l8
[0.061s] -- Found ament_cmake: 1.3.10 (/opt/ros/humble/share/ament_cmake/cmake)
[0.298s] -- Found rclcpp: 16.0.10 (/opt/ros/humble/share/rclcpp/cmake)
[0.349s] -- Found rosidl_generator_c: 3.1.5 (/opt/ros/humble/share/rosidl_generator_c/cmake)
[0.352s] -- Found rosidl_adapter: 3.1.5 (/opt/ros/humble/share/rosidl_adapter/cmake)
[0.362s] -- Found rosidl_generator_cpp: 3.1.5 (/opt/ros/humble/share/rosidl_generator_cpp/cmake)
[0.377s] -- Using all available rosidl_typesupport_c: rosidl_typesupport_fastrtps_c;rosidl_typesupport_introspection_c
[0.397s] -- Using all available rosidl_typesupport_cpp: rosidl_typesupport_fastrtps_cpp;rosidl_typesupport_introspection_cpp
[0.449s] -- Found rmw_implementation_cmake: 6.1.2 (/opt/ros/humble/share/rmw_implementation_cmake/cmake)
[0.451s] -- Found rmw_fastrtps_cpp: 6.2.7 (/opt/ros/humble/share/rmw_fastrtps_cpp/cmake)
[0.630s] -- Using RMW implementation 'rmw_fastrtps_cpp' as default
[0.708s] -- Found rclcpp_action: 16.0.10 (/opt/ros/humble/share/rclcpp_action/cmake)
[0.756s] -- Found action_interface_ws: 0.0.0 (/home/byd/src/ros2/action_interface_ws/install/action_interface_ws/share/action_interface_ws/cmake)
[0.779s] -- Found ament_lint_auto: 0.12.11 (/opt/ros/humble/share/ament_lint_auto/cmake)
[0.934s] -- Added test 'cppcheck' to perform static code analysis on C / C++ code
[0.934s] -- Configured cppcheck include dirs: $<BUILD_INTERFACE:/home/byd/src/ros2/action_ws/include>
[0.934s] -- Configured cppcheck exclude dirs and/or files: 
[0.937s] -- Added test 'flake8' to check Python code syntax and style conventions
[0.943s] -- Added test 'lint_cmake' to check CMake code style
[0.946s] -- Added test 'pep257' to check Python code against some of the docstring style conventions in PEP 257
[0.967s] -- Added test 'uncrustify' to check C / C++ code style
[0.968s] -- Configured uncrustify additional arguments: 
[0.970s] -- Added test 'xmllint' to check XML markup files
[0.972s] -- Configuring done
[0.983s] [31mCMake Error at CMakeLists.txt:16 (add_executable):
[0.983s]   Cannot find source file:
[0.984s] 
[0.984s]     action_ws/books.hpp
[0.984s] 
[0.984s]   Tried extensions .c .C .c++ .cc .cpp .cxx .cu .mpp .m .M .mm .ixx .cppm .h
[0.985s]   .hh .h++ .hm .hpp .hxx .in .txx .f .F .for .f77 .f90 .f95 .f03 .hip .ispc
[0.985s] 
[0.985s] [0m
[0.985s] [31mCMake Error at CMakeLists.txt:16 (add_executable):
[0.986s]   No SOURCES given to target: action_ser
[0.986s] 
[0.986s] [0m
[0.986s] [0mCMake Generate step failed.  Build files cannot be regenerated correctly.[0m
[1.002s] gmake: *** [Makefile:267：cmake_check_build_system] 错误 1
[1.006s] Invoked command in '/home/byd/src/ros2/action_ws/build/action_ws' returned '2': CMAKE_PREFIX_PATH=${CMAKE_PREFIX_PATH}:/opt/ros/humble /usr/bin/cmake --build /home/byd/src/ros2/action_ws/build/action_ws -- -j8 -l8
