[0.195s] DEBUG:colcon:Command line arguments: ['/usr/bin/colcon', 'build']
[0.195s] DEBUG:colcon:Parsed command line arguments: Namespace(log_base=None, log_level=None, verb_name='build', build_base='build', install_base='install', merge_install=False, symlink_install=False, test_result_base=None, continue_on_error=False, executor='parallel', parallel_workers=8, event_handlers=None, ignore_user_meta=False, metas=['./colcon.meta'], base_paths=['.'], packages_ignore=None, packages_ignore_regex=None, paths=None, packages_up_to=None, packages_up_to_regex=None, packages_above=None, packages_above_and_dependencies=None, packages_above_depth=None, packages_select_by_dep=None, packages_skip_by_dep=None, packages_skip_up_to=None, packages_select_build_failed=False, packages_skip_build_finished=False, packages_select_test_failures=False, packages_skip_test_passed=False, packages_select=None, packages_skip=None, packages_select_regex=None, packages_skip_regex=None, packages_start=None, packages_end=None, allow_overriding=[], cmake_args=None, cmake_target=None, cmake_target_skip_unavailable=False, cmake_clean_cache=False, cmake_clean_first=False, cmake_force_configure=False, ament_cmake_args=None, catkin_cmake_args=None, catkin_skip_building_tests=False, verb_parser=<colcon_defaults.argument_parser.defaults.DefaultArgumentsDecorator object at 0xffff841ad600>, verb_extension=<colcon_core.verb.build.BuildVerb object at 0xffff843429e0>, main=<bound method BuildVerb.main of <colcon_core.verb.build.BuildVerb object at 0xffff843429e0>>)
[0.269s] Level 1:colcon.colcon_core.package_discovery:discover_packages(colcon_meta) check parameters
[0.269s] Level 1:colcon.colcon_core.package_discovery:discover_packages(recursive) check parameters
[0.269s] Level 1:colcon.colcon_core.package_discovery:discover_packages(ignore) check parameters
[0.269s] Level 1:colcon.colcon_core.package_discovery:discover_packages(path) check parameters
[0.270s] Level 1:colcon.colcon_core.package_discovery:discover_packages(colcon_meta) discover
[0.270s] Level 1:colcon.colcon_core.package_discovery:discover_packages(recursive) discover
[0.270s] INFO:colcon.colcon_core.package_discovery:Crawling recursively for packages in '/home/byd/github/ros2/dros/data_collection_service'
[0.270s] Level 1:colcon.colcon_core.package_identification:_identify(.) by extensions ['ignore', 'ignore_ament_install']
[0.270s] Level 1:colcon.colcon_core.package_identification:_identify(.) by extension 'ignore'
[0.270s] Level 1:colcon.colcon_core.package_identification:_identify(.) by extension 'ignore_ament_install'
[0.270s] Level 1:colcon.colcon_core.package_identification:_identify(.) by extensions ['colcon_pkg']
[0.271s] Level 1:colcon.colcon_core.package_identification:_identify(.) by extension 'colcon_pkg'
[0.271s] Level 1:colcon.colcon_core.package_identification:_identify(.) by extensions ['colcon_meta']
[0.271s] Level 1:colcon.colcon_core.package_identification:_identify(.) by extension 'colcon_meta'
[0.271s] Level 1:colcon.colcon_core.package_identification:_identify(.) by extensions ['ros']
[0.271s] Level 1:colcon.colcon_core.package_identification:_identify(.) by extension 'ros'
[0.305s] DEBUG:colcon.colcon_core.package_identification:Package '.' with type 'ros.ament_cmake' and name 'data_collection_service'
[0.306s] Level 1:colcon.colcon_core.package_discovery:discover_packages(recursive) using defaults
[0.306s] Level 1:colcon.colcon_core.package_discovery:discover_packages(ignore) discover
[0.306s] Level 1:colcon.colcon_core.package_discovery:discover_packages(ignore) using defaults
[0.306s] Level 1:colcon.colcon_core.package_discovery:discover_packages(path) discover
[0.306s] Level 1:colcon.colcon_core.package_discovery:discover_packages(path) using defaults
[0.342s] Level 1:colcon.colcon_core.package_discovery:discover_packages(prefix_path) check parameters
[0.342s] Level 1:colcon.colcon_core.package_discovery:discover_packages(prefix_path) discover
[0.346s] DEBUG:colcon.colcon_installed_package_information.package_discovery:Found 1 installed packages in /home/byd/github/ros2/dros/data_collection_service/install
[0.347s] DEBUG:colcon.colcon_installed_package_information.package_discovery:Found 1 installed packages in /home/byd/github/ros2/dros/dros_common_interfaces/install
[0.349s] DEBUG:colcon.colcon_installed_package_information.package_discovery:Found 271 installed packages in /opt/ros/humble
[0.351s] Level 1:colcon.colcon_core.package_discovery:discover_packages(prefix_path) using defaults
[0.416s] Level 5:colcon.colcon_core.verb:set package 'data_collection_service' build argument 'cmake_args' from command line to 'None'
[0.416s] Level 5:colcon.colcon_core.verb:set package 'data_collection_service' build argument 'cmake_target' from command line to 'None'
[0.416s] Level 5:colcon.colcon_core.verb:set package 'data_collection_service' build argument 'cmake_target_skip_unavailable' from command line to 'False'
[0.416s] Level 5:colcon.colcon_core.verb:set package 'data_collection_service' build argument 'cmake_clean_cache' from command line to 'False'
[0.416s] Level 5:colcon.colcon_core.verb:set package 'data_collection_service' build argument 'cmake_clean_first' from command line to 'False'
[0.416s] Level 5:colcon.colcon_core.verb:set package 'data_collection_service' build argument 'cmake_force_configure' from command line to 'False'
[0.416s] Level 5:colcon.colcon_core.verb:set package 'data_collection_service' build argument 'ament_cmake_args' from command line to 'None'
[0.416s] Level 5:colcon.colcon_core.verb:set package 'data_collection_service' build argument 'catkin_cmake_args' from command line to 'None'
[0.416s] Level 5:colcon.colcon_core.verb:set package 'data_collection_service' build argument 'catkin_skip_building_tests' from command line to 'False'
[0.416s] DEBUG:colcon.colcon_core.verb:Building package 'data_collection_service' with the following arguments: {'ament_cmake_args': None, 'build_base': '/home/byd/github/ros2/dros/data_collection_service/build/data_collection_service', 'catkin_cmake_args': None, 'catkin_skip_building_tests': False, 'cmake_args': None, 'cmake_clean_cache': False, 'cmake_clean_first': False, 'cmake_force_configure': False, 'cmake_target': None, 'cmake_target_skip_unavailable': False, 'install_base': '/home/byd/github/ros2/dros/data_collection_service/install/data_collection_service', 'merge_install': False, 'path': '/home/byd/github/ros2/dros/data_collection_service', 'symlink_install': False, 'test_result_base': None}
[0.417s] INFO:colcon.colcon_core.executor:Executing jobs using 'parallel' executor
[0.419s] DEBUG:colcon.colcon_parallel_executor.executor.parallel:run_until_complete
[0.420s] INFO:colcon.colcon_ros.task.ament_cmake.build:Building ROS package in '/home/byd/github/ros2/dros/data_collection_service' with build type 'ament_cmake'
[0.420s] INFO:colcon.colcon_cmake.task.cmake.build:Building CMake package in '/home/byd/github/ros2/dros/data_collection_service'
[0.423s] INFO:colcon.colcon_core.plugin_system:Skipping extension 'colcon_core.shell.bat': Not used on non-Windows systems
[0.424s] INFO:colcon.colcon_core.shell:Skip shell extension 'powershell' for command environment: Not usable outside of PowerShell
[0.424s] DEBUG:colcon.colcon_core.shell:Skip shell extension 'dsv' for command environment
[0.440s] DEBUG:colcon.colcon_core.event_handler.log_command:Invoking command in '/home/byd/github/ros2/dros/data_collection_service/build/data_collection_service': CMAKE_PREFIX_PATH=${CMAKE_PREFIX_PATH}:/opt/ros/humble /usr/bin/cmake --build /home/byd/github/ros2/dros/data_collection_service/build/data_collection_service -- -j8 -l8
[17.028s] DEBUG:colcon.colcon_core.event_handler.log_command:Invoked command in '/home/byd/github/ros2/dros/data_collection_service/build/data_collection_service' returned '0': CMAKE_PREFIX_PATH=${CMAKE_PREFIX_PATH}:/opt/ros/humble /usr/bin/cmake --build /home/byd/github/ros2/dros/data_collection_service/build/data_collection_service -- -j8 -l8
[17.050s] DEBUG:colcon.colcon_core.event_handler.log_command:Invoking command in '/home/byd/github/ros2/dros/data_collection_service/build/data_collection_service': CMAKE_PREFIX_PATH=${CMAKE_PREFIX_PATH}:/opt/ros/humble /usr/bin/cmake --install /home/byd/github/ros2/dros/data_collection_service/build/data_collection_service
[17.102s] Level 1:colcon.colcon_core.environment:create_environment_scripts_only(data_collection_service)
[17.113s] DEBUG:colcon.colcon_core.event_handler.log_command:Invoked command in '/home/byd/github/ros2/dros/data_collection_service/build/data_collection_service' returned '0': CMAKE_PREFIX_PATH=${CMAKE_PREFIX_PATH}:/opt/ros/humble /usr/bin/cmake --install /home/byd/github/ros2/dros/data_collection_service/build/data_collection_service
[17.118s] Level 1:colcon.colcon_core.environment:checking '/home/byd/github/ros2/dros/data_collection_service/install/data_collection_service' for CMake module files
[17.120s] Level 1:colcon.colcon_core.environment:checking '/home/byd/github/ros2/dros/data_collection_service/install/data_collection_service' for CMake config files
[17.120s] Level 1:colcon.colcon_core.shell:create_environment_hook('data_collection_service', 'cmake_prefix_path')
[17.121s] INFO:colcon.colcon_core.shell:Creating environment hook '/home/byd/github/ros2/dros/data_collection_service/install/data_collection_service/share/data_collection_service/hook/cmake_prefix_path.ps1'
[17.124s] INFO:colcon.colcon_core.shell:Creating environment descriptor '/home/byd/github/ros2/dros/data_collection_service/install/data_collection_service/share/data_collection_service/hook/cmake_prefix_path.dsv'
[17.125s] INFO:colcon.colcon_core.shell:Creating environment hook '/home/byd/github/ros2/dros/data_collection_service/install/data_collection_service/share/data_collection_service/hook/cmake_prefix_path.sh'
[17.129s] Level 1:colcon.colcon_core.environment:checking '/home/byd/github/ros2/dros/data_collection_service/install/data_collection_service/lib'
[17.129s] Level 1:colcon.colcon_core.shell:create_environment_hook('data_collection_service', 'ld_library_path_lib')
[17.130s] INFO:colcon.colcon_core.shell:Creating environment hook '/home/byd/github/ros2/dros/data_collection_service/install/data_collection_service/share/data_collection_service/hook/ld_library_path_lib.ps1'
[17.132s] INFO:colcon.colcon_core.shell:Creating environment descriptor '/home/byd/github/ros2/dros/data_collection_service/install/data_collection_service/share/data_collection_service/hook/ld_library_path_lib.dsv'
[17.133s] INFO:colcon.colcon_core.shell:Creating environment hook '/home/byd/github/ros2/dros/data_collection_service/install/data_collection_service/share/data_collection_service/hook/ld_library_path_lib.sh'
[17.135s] Level 1:colcon.colcon_core.environment:checking '/home/byd/github/ros2/dros/data_collection_service/install/data_collection_service/bin'
[17.135s] Level 1:colcon.colcon_core.environment:checking '/home/byd/github/ros2/dros/data_collection_service/install/data_collection_service/lib/pkgconfig/data_collection_service.pc'
[17.136s] Level 1:colcon.colcon_core.environment:checking '/home/byd/github/ros2/dros/data_collection_service/install/data_collection_service/lib/python3.10/site-packages'
[17.137s] Level 1:colcon.colcon_core.environment:checking '/home/byd/github/ros2/dros/data_collection_service/install/data_collection_service/bin'
[17.138s] INFO:colcon.colcon_core.shell:Creating package script '/home/byd/github/ros2/dros/data_collection_service/install/data_collection_service/share/data_collection_service/package.ps1'
[17.142s] INFO:colcon.colcon_core.shell:Creating package descriptor '/home/byd/github/ros2/dros/data_collection_service/install/data_collection_service/share/data_collection_service/package.dsv'
[17.144s] INFO:colcon.colcon_core.shell:Creating package script '/home/byd/github/ros2/dros/data_collection_service/install/data_collection_service/share/data_collection_service/package.sh'
[17.147s] INFO:colcon.colcon_core.shell:Creating package script '/home/byd/github/ros2/dros/data_collection_service/install/data_collection_service/share/data_collection_service/package.bash'
[17.149s] INFO:colcon.colcon_core.shell:Creating package script '/home/byd/github/ros2/dros/data_collection_service/install/data_collection_service/share/data_collection_service/package.zsh'
[17.152s] Level 1:colcon.colcon_core.environment:create_file_with_runtime_dependencies(/home/byd/github/ros2/dros/data_collection_service/install/data_collection_service/share/colcon-core/packages/data_collection_service)
[17.155s] Level 1:colcon.colcon_core.environment:create_environment_scripts_only(data_collection_service)
[17.156s] Level 1:colcon.colcon_core.environment:checking '/home/byd/github/ros2/dros/data_collection_service/install/data_collection_service' for CMake module files
[17.157s] Level 1:colcon.colcon_core.environment:checking '/home/byd/github/ros2/dros/data_collection_service/install/data_collection_service' for CMake config files
[17.158s] Level 1:colcon.colcon_core.shell:create_environment_hook('data_collection_service', 'cmake_prefix_path')
[17.159s] INFO:colcon.colcon_core.shell:Creating environment hook '/home/byd/github/ros2/dros/data_collection_service/install/data_collection_service/share/data_collection_service/hook/cmake_prefix_path.ps1'
[17.160s] INFO:colcon.colcon_core.shell:Creating environment descriptor '/home/byd/github/ros2/dros/data_collection_service/install/data_collection_service/share/data_collection_service/hook/cmake_prefix_path.dsv'
[17.160s] INFO:colcon.colcon_core.shell:Creating environment hook '/home/byd/github/ros2/dros/data_collection_service/install/data_collection_service/share/data_collection_service/hook/cmake_prefix_path.sh'
[17.161s] Level 1:colcon.colcon_core.environment:checking '/home/byd/github/ros2/dros/data_collection_service/install/data_collection_service/lib'
[17.162s] Level 1:colcon.colcon_core.shell:create_environment_hook('data_collection_service', 'ld_library_path_lib')
[17.162s] INFO:colcon.colcon_core.shell:Creating environment hook '/home/byd/github/ros2/dros/data_collection_service/install/data_collection_service/share/data_collection_service/hook/ld_library_path_lib.ps1'
[17.163s] INFO:colcon.colcon_core.shell:Creating environment descriptor '/home/byd/github/ros2/dros/data_collection_service/install/data_collection_service/share/data_collection_service/hook/ld_library_path_lib.dsv'
[17.164s] INFO:colcon.colcon_core.shell:Creating environment hook '/home/byd/github/ros2/dros/data_collection_service/install/data_collection_service/share/data_collection_service/hook/ld_library_path_lib.sh'
[17.166s] Level 1:colcon.colcon_core.environment:checking '/home/byd/github/ros2/dros/data_collection_service/install/data_collection_service/bin'
[17.166s] Level 1:colcon.colcon_core.environment:checking '/home/byd/github/ros2/dros/data_collection_service/install/data_collection_service/lib/pkgconfig/data_collection_service.pc'
[17.167s] Level 1:colcon.colcon_core.environment:checking '/home/byd/github/ros2/dros/data_collection_service/install/data_collection_service/lib/python3.10/site-packages'
[17.168s] Level 1:colcon.colcon_core.environment:checking '/home/byd/github/ros2/dros/data_collection_service/install/data_collection_service/bin'
[17.169s] INFO:colcon.colcon_core.shell:Creating package script '/home/byd/github/ros2/dros/data_collection_service/install/data_collection_service/share/data_collection_service/package.ps1'
[17.171s] INFO:colcon.colcon_core.shell:Creating package descriptor '/home/byd/github/ros2/dros/data_collection_service/install/data_collection_service/share/data_collection_service/package.dsv'
[17.173s] INFO:colcon.colcon_core.shell:Creating package script '/home/byd/github/ros2/dros/data_collection_service/install/data_collection_service/share/data_collection_service/package.sh'
[17.175s] INFO:colcon.colcon_core.shell:Creating package script '/home/byd/github/ros2/dros/data_collection_service/install/data_collection_service/share/data_collection_service/package.bash'
[17.176s] INFO:colcon.colcon_core.shell:Creating package script '/home/byd/github/ros2/dros/data_collection_service/install/data_collection_service/share/data_collection_service/package.zsh'
[17.177s] Level 1:colcon.colcon_core.environment:create_file_with_runtime_dependencies(/home/byd/github/ros2/dros/data_collection_service/install/data_collection_service/share/colcon-core/packages/data_collection_service)
[17.178s] DEBUG:colcon.colcon_parallel_executor.executor.parallel:closing loop
[17.179s] DEBUG:colcon.colcon_parallel_executor.executor.parallel:loop closed
[17.180s] DEBUG:colcon.colcon_parallel_executor.executor.parallel:run_until_complete finished with '0'
[17.180s] DEBUG:colcon.colcon_core.event_reactor:joining thread
[17.197s] INFO:colcon.colcon_core.plugin_system:Skipping extension 'colcon_notification.desktop_notification.terminal_notifier': Not used on non-Darwin systems
[17.197s] INFO:colcon.colcon_core.plugin_system:Skipping extension 'colcon_notification.desktop_notification.win32': Not used on non-Windows systems
[17.197s] INFO:colcon.colcon_notification.desktop_notification:Sending desktop notification using 'notify2'
[17.243s] DEBUG:colcon.colcon_core.event_reactor:joined thread
[17.244s] INFO:colcon.colcon_core.shell:Creating prefix script '/home/byd/github/ros2/dros/data_collection_service/install/local_setup.ps1'
[17.248s] INFO:colcon.colcon_core.shell:Creating prefix util module '/home/byd/github/ros2/dros/data_collection_service/install/_local_setup_util_ps1.py'
[17.253s] INFO:colcon.colcon_core.shell:Creating prefix chain script '/home/byd/github/ros2/dros/data_collection_service/install/setup.ps1'
[17.257s] INFO:colcon.colcon_core.shell:Creating prefix script '/home/byd/github/ros2/dros/data_collection_service/install/local_setup.sh'
[17.259s] INFO:colcon.colcon_core.shell:Creating prefix util module '/home/byd/github/ros2/dros/data_collection_service/install/_local_setup_util_sh.py'
[17.261s] INFO:colcon.colcon_core.shell:Creating prefix chain script '/home/byd/github/ros2/dros/data_collection_service/install/setup.sh'
[17.265s] INFO:colcon.colcon_core.shell:Creating prefix script '/home/byd/github/ros2/dros/data_collection_service/install/local_setup.bash'
[17.266s] INFO:colcon.colcon_core.shell:Creating prefix chain script '/home/byd/github/ros2/dros/data_collection_service/install/setup.bash'
[17.270s] INFO:colcon.colcon_core.shell:Creating prefix script '/home/byd/github/ros2/dros/data_collection_service/install/local_setup.zsh'
[17.272s] INFO:colcon.colcon_core.shell:Creating prefix chain script '/home/byd/github/ros2/dros/data_collection_service/install/setup.zsh'
