[0.201s] DEBUG:colcon:Command line arguments: ['/usr/bin/colcon', 'build']
[0.201s] DEBUG:colcon:Parsed command line arguments: Namespace(log_base=None, log_level=None, verb_name='build', build_base='build', install_base='install', merge_install=False, symlink_install=False, test_result_base=None, continue_on_error=False, executor='parallel', parallel_workers=8, event_handlers=None, ignore_user_meta=False, metas=['./colcon.meta'], base_paths=['.'], packages_ignore=None, packages_ignore_regex=None, paths=None, packages_up_to=None, packages_up_to_regex=None, packages_above=None, packages_above_and_dependencies=None, packages_above_depth=None, packages_select_by_dep=None, packages_skip_by_dep=None, packages_skip_up_to=None, packages_select_build_failed=False, packages_skip_build_finished=False, packages_select_test_failures=False, packages_skip_test_passed=False, packages_select=None, packages_skip=None, packages_select_regex=None, packages_skip_regex=None, packages_start=None, packages_end=None, allow_overriding=[], cmake_args=None, cmake_target=None, cmake_target_skip_unavailable=False, cmake_clean_cache=False, cmake_clean_first=False, cmake_force_configure=False, ament_cmake_args=None, catkin_cmake_args=None, catkin_skip_building_tests=False, mixin_files=None, mixin=None, verb_parser=<colcon_mixin.mixin.mixin_argument.MixinArgumentDecorator object at 0xffff88952b30>, verb_extension=<colcon_core.verb.build.BuildVerb object at 0xffff88952650>, main=<bound method BuildVerb.main of <colcon_core.verb.build.BuildVerb object at 0xffff88952650>>, mixin_verb=('build',))
[0.504s] Level 1:colcon.colcon_core.package_discovery:discover_packages(colcon_meta) check parameters
[0.504s] Level 1:colcon.colcon_core.package_discovery:discover_packages(recursive) check parameters
[0.504s] Level 1:colcon.colcon_core.package_discovery:discover_packages(ignore) check parameters
[0.505s] Level 1:colcon.colcon_core.package_discovery:discover_packages(path) check parameters
[0.505s] Level 1:colcon.colcon_core.package_discovery:discover_packages(colcon_meta) discover
[0.505s] Level 1:colcon.colcon_core.package_discovery:discover_packages(recursive) discover
[0.505s] INFO:colcon.colcon_core.package_discovery:Crawling recursively for packages in '/home/byd/src/ros2/point_cloud_ws/point_cloud_pub'
[0.505s] Level 1:colcon.colcon_core.package_identification:_identify(.) by extensions ['ignore', 'ignore_ament_install']
[0.505s] Level 1:colcon.colcon_core.package_identification:_identify(.) by extension 'ignore'
[0.506s] Level 1:colcon.colcon_core.package_identification:_identify(.) by extension 'ignore_ament_install'
[0.506s] Level 1:colcon.colcon_core.package_identification:_identify(.) by extensions ['colcon_pkg']
[0.506s] Level 1:colcon.colcon_core.package_identification:_identify(.) by extension 'colcon_pkg'
[0.506s] Level 1:colcon.colcon_core.package_identification:_identify(.) by extensions ['colcon_meta']
[0.506s] Level 1:colcon.colcon_core.package_identification:_identify(.) by extension 'colcon_meta'
[0.506s] Level 1:colcon.colcon_core.package_identification:_identify(.) by extensions ['ros']
[0.506s] Level 1:colcon.colcon_core.package_identification:_identify(.) by extension 'ros'
[0.531s] DEBUG:colcon.colcon_core.package_identification:Found ROS schema reference in package manifest in '.'
[0.531s] WARNING:colcon.colcon_core.package_identification:Failed to parse ROS package manifest in '.': Error(s) in package './package.xml':
Error(s):
- The generic dependency on 'sensor_msgs' is redundant with: build_depend
- The generic dependency on 'std_msgs' is redundant with: build_depend
[0.531s] Level 1:colcon.colcon_core.package_identification:_identify(.) by extensions ['cmake', 'python']
[0.532s] Level 1:colcon.colcon_core.package_identification:_identify(.) by extension 'cmake'
[0.532s] Level 1:colcon.colcon_core.package_identification:_identify(.) by extension 'python'
[0.532s] DEBUG:colcon.colcon_core.package_identification:Python package in '.' passes arguments to the setup() function which requires a different identification extension than 'python'
[0.532s] Level 1:colcon.colcon_core.package_identification:_identify(.) by extensions ['python_setup_py']
[0.532s] Level 1:colcon.colcon_core.package_identification:_identify(.) by extension 'python_setup_py'
[1.002s] DEBUG:colcon.colcon_core.package_identification:Package '.' with type 'python' and name 'point_cloud_pub'
[1.002s] Level 1:colcon.colcon_core.package_discovery:discover_packages(recursive) using defaults
[1.002s] Level 1:colcon.colcon_core.package_discovery:discover_packages(ignore) discover
[1.002s] Level 1:colcon.colcon_core.package_discovery:discover_packages(ignore) using defaults
[1.002s] Level 1:colcon.colcon_core.package_discovery:discover_packages(path) discover
[1.002s] Level 1:colcon.colcon_core.package_discovery:discover_packages(path) using defaults
[1.038s] Level 1:colcon.colcon_core.package_discovery:discover_packages(prefix_path) check parameters
[1.038s] Level 1:colcon.colcon_core.package_discovery:discover_packages(prefix_path) discover
[1.041s] DEBUG:colcon.colcon_installed_package_information.package_discovery:Found 1 installed packages in /home/byd/src/ros2/point_cloud_ws/point_cloud_pub/install
[1.043s] DEBUG:colcon.colcon_installed_package_information.package_discovery:Found 271 installed packages in /opt/ros/humble
[1.048s] Level 1:colcon.colcon_core.package_discovery:discover_packages(prefix_path) using defaults
[1.144s] Level 5:colcon.colcon_core.verb:set package 'point_cloud_pub' build argument 'cmake_args' from command line to 'None'
[1.144s] Level 5:colcon.colcon_core.verb:set package 'point_cloud_pub' build argument 'cmake_target' from command line to 'None'
[1.144s] Level 5:colcon.colcon_core.verb:set package 'point_cloud_pub' build argument 'cmake_target_skip_unavailable' from command line to 'False'
[1.144s] Level 5:colcon.colcon_core.verb:set package 'point_cloud_pub' build argument 'cmake_clean_cache' from command line to 'False'
[1.144s] Level 5:colcon.colcon_core.verb:set package 'point_cloud_pub' build argument 'cmake_clean_first' from command line to 'False'
[1.144s] Level 5:colcon.colcon_core.verb:set package 'point_cloud_pub' build argument 'cmake_force_configure' from command line to 'False'
[1.144s] Level 5:colcon.colcon_core.verb:set package 'point_cloud_pub' build argument 'ament_cmake_args' from command line to 'None'
[1.144s] Level 5:colcon.colcon_core.verb:set package 'point_cloud_pub' build argument 'catkin_cmake_args' from command line to 'None'
[1.144s] Level 5:colcon.colcon_core.verb:set package 'point_cloud_pub' build argument 'catkin_skip_building_tests' from command line to 'False'
[1.144s] DEBUG:colcon.colcon_core.verb:Building package 'point_cloud_pub' with the following arguments: {'ament_cmake_args': None, 'build_base': '/home/byd/src/ros2/point_cloud_ws/point_cloud_pub/build/point_cloud_pub', 'catkin_cmake_args': None, 'catkin_skip_building_tests': False, 'cmake_args': None, 'cmake_clean_cache': False, 'cmake_clean_first': False, 'cmake_force_configure': False, 'cmake_target': None, 'cmake_target_skip_unavailable': False, 'install_base': '/home/byd/src/ros2/point_cloud_ws/point_cloud_pub/install/point_cloud_pub', 'merge_install': False, 'path': '/home/byd/src/ros2/point_cloud_ws/point_cloud_pub', 'symlink_install': False, 'test_result_base': None}
[1.145s] INFO:colcon.colcon_core.executor:Executing jobs using 'parallel' executor
[1.147s] DEBUG:colcon.colcon_parallel_executor.executor.parallel:run_until_complete
[1.147s] INFO:colcon.colcon_core.task.python.build:Building Python package in '/home/byd/src/ros2/point_cloud_ws/point_cloud_pub'
[1.151s] INFO:colcon.colcon_core.plugin_system:Skipping extension 'colcon_core.shell.bat': Not used on non-Windows systems
[1.152s] INFO:colcon.colcon_core.shell:Skip shell extension 'powershell' for command environment: Not usable outside of PowerShell
[1.152s] DEBUG:colcon.colcon_core.shell:Skip shell extension 'dsv' for command environment
[2.254s] DEBUG:colcon.colcon_core.event_handler.log_command:Invoking command in '/home/byd/src/ros2/point_cloud_ws/point_cloud_pub': PYTHONPATH=/home/byd/src/ros2/point_cloud_ws/point_cloud_pub/build/point_cloud_pub/prefix_override:/usr/lib/python3/dist-packages/colcon_core/task/python/colcon_distutils_commands:/home/byd/src/ros2/point_cloud_ws/point_cloud_pub/install/point_cloud_pub/lib/python3.10/site-packages:${PYTHONPATH} /usr/bin/python3 -W ignore:setup.py install is deprecated setup.py egg_info --egg-base build/point_cloud_pub build --build-base /home/byd/src/ros2/point_cloud_ws/point_cloud_pub/build/point_cloud_pub/build install --record /home/byd/src/ros2/point_cloud_ws/point_cloud_pub/build/point_cloud_pub/install.log --single-version-externally-managed install_data
[2.798s] DEBUG:colcon.colcon_core.event_handler.log_command:Invoked command in '/home/byd/src/ros2/point_cloud_ws/point_cloud_pub' returned '0': PYTHONPATH=/home/byd/src/ros2/point_cloud_ws/point_cloud_pub/build/point_cloud_pub/prefix_override:/usr/lib/python3/dist-packages/colcon_core/task/python/colcon_distutils_commands:/home/byd/src/ros2/point_cloud_ws/point_cloud_pub/install/point_cloud_pub/lib/python3.10/site-packages:${PYTHONPATH} /usr/bin/python3 -W ignore:setup.py install is deprecated setup.py egg_info --egg-base build/point_cloud_pub build --build-base /home/byd/src/ros2/point_cloud_ws/point_cloud_pub/build/point_cloud_pub/build install --record /home/byd/src/ros2/point_cloud_ws/point_cloud_pub/build/point_cloud_pub/install.log --single-version-externally-managed install_data
[2.805s] Level 1:colcon.colcon_core.environment:checking '/home/byd/src/ros2/point_cloud_ws/point_cloud_pub/install/point_cloud_pub' for CMake module files
[2.806s] Level 1:colcon.colcon_core.environment:checking '/home/byd/src/ros2/point_cloud_ws/point_cloud_pub/install/point_cloud_pub' for CMake config files
[2.808s] Level 1:colcon.colcon_core.environment:checking '/home/byd/src/ros2/point_cloud_ws/point_cloud_pub/install/point_cloud_pub/lib'
[2.809s] Level 1:colcon.colcon_core.environment:checking '/home/byd/src/ros2/point_cloud_ws/point_cloud_pub/install/point_cloud_pub/bin'
[2.809s] Level 1:colcon.colcon_core.environment:checking '/home/byd/src/ros2/point_cloud_ws/point_cloud_pub/install/point_cloud_pub/lib/pkgconfig/point_cloud_pub.pc'
[2.810s] Level 1:colcon.colcon_core.environment:checking '/home/byd/src/ros2/point_cloud_ws/point_cloud_pub/install/point_cloud_pub/lib/python3.10/site-packages'
[2.810s] Level 1:colcon.colcon_core.shell:create_environment_hook('point_cloud_pub', 'pythonpath')
[2.811s] INFO:colcon.colcon_core.shell:Creating environment hook '/home/byd/src/ros2/point_cloud_ws/point_cloud_pub/install/point_cloud_pub/share/point_cloud_pub/hook/pythonpath.ps1'
[2.814s] INFO:colcon.colcon_core.shell:Creating environment descriptor '/home/byd/src/ros2/point_cloud_ws/point_cloud_pub/install/point_cloud_pub/share/point_cloud_pub/hook/pythonpath.dsv'
[2.815s] INFO:colcon.colcon_core.shell:Creating environment hook '/home/byd/src/ros2/point_cloud_ws/point_cloud_pub/install/point_cloud_pub/share/point_cloud_pub/hook/pythonpath.sh'
[2.818s] Level 1:colcon.colcon_core.environment:checking '/home/byd/src/ros2/point_cloud_ws/point_cloud_pub/install/point_cloud_pub/bin'
[2.818s] Level 1:colcon.colcon_core.environment:create_environment_scripts_only(point_cloud_pub)
[2.819s] INFO:colcon.colcon_core.shell:Creating package script '/home/byd/src/ros2/point_cloud_ws/point_cloud_pub/install/point_cloud_pub/share/point_cloud_pub/package.ps1'
[2.822s] INFO:colcon.colcon_core.shell:Creating package descriptor '/home/byd/src/ros2/point_cloud_ws/point_cloud_pub/install/point_cloud_pub/share/point_cloud_pub/package.dsv'
[2.824s] INFO:colcon.colcon_core.shell:Creating package script '/home/byd/src/ros2/point_cloud_ws/point_cloud_pub/install/point_cloud_pub/share/point_cloud_pub/package.sh'
[2.827s] INFO:colcon.colcon_core.shell:Creating package script '/home/byd/src/ros2/point_cloud_ws/point_cloud_pub/install/point_cloud_pub/share/point_cloud_pub/package.bash'
[2.829s] INFO:colcon.colcon_core.shell:Creating package script '/home/byd/src/ros2/point_cloud_ws/point_cloud_pub/install/point_cloud_pub/share/point_cloud_pub/package.zsh'
[2.832s] Level 1:colcon.colcon_core.environment:create_file_with_runtime_dependencies(/home/byd/src/ros2/point_cloud_ws/point_cloud_pub/install/point_cloud_pub/share/colcon-core/packages/point_cloud_pub)
[2.833s] DEBUG:colcon.colcon_parallel_executor.executor.parallel:closing loop
[2.834s] DEBUG:colcon.colcon_parallel_executor.executor.parallel:loop closed
[2.834s] DEBUG:colcon.colcon_parallel_executor.executor.parallel:run_until_complete finished with '0'
[2.835s] DEBUG:colcon.colcon_core.event_reactor:joining thread
[2.852s] INFO:colcon.colcon_core.plugin_system:Skipping extension 'colcon_notification.desktop_notification.terminal_notifier': Not used on non-Darwin systems
[2.853s] INFO:colcon.colcon_core.plugin_system:Skipping extension 'colcon_notification.desktop_notification.win32': Not used on non-Windows systems
[2.853s] INFO:colcon.colcon_notification.desktop_notification:Sending desktop notification using 'notify2'
[2.898s] DEBUG:colcon.colcon_core.event_reactor:joined thread
[2.899s] INFO:colcon.colcon_core.shell:Creating prefix script '/home/byd/src/ros2/point_cloud_ws/point_cloud_pub/install/local_setup.ps1'
[2.901s] INFO:colcon.colcon_core.shell:Creating prefix util module '/home/byd/src/ros2/point_cloud_ws/point_cloud_pub/install/_local_setup_util_ps1.py'
[2.906s] INFO:colcon.colcon_core.shell:Creating prefix chain script '/home/byd/src/ros2/point_cloud_ws/point_cloud_pub/install/setup.ps1'
[2.908s] INFO:colcon.colcon_core.shell:Creating prefix script '/home/byd/src/ros2/point_cloud_ws/point_cloud_pub/install/local_setup.sh'
[2.911s] INFO:colcon.colcon_core.shell:Creating prefix util module '/home/byd/src/ros2/point_cloud_ws/point_cloud_pub/install/_local_setup_util_sh.py'
[2.913s] INFO:colcon.colcon_core.shell:Creating prefix chain script '/home/byd/src/ros2/point_cloud_ws/point_cloud_pub/install/setup.sh'
[2.915s] INFO:colcon.colcon_core.shell:Creating prefix script '/home/byd/src/ros2/point_cloud_ws/point_cloud_pub/install/local_setup.bash'
[2.916s] INFO:colcon.colcon_core.shell:Creating prefix chain script '/home/byd/src/ros2/point_cloud_ws/point_cloud_pub/install/setup.bash'
[2.918s] INFO:colcon.colcon_core.shell:Creating prefix script '/home/byd/src/ros2/point_cloud_ws/point_cloud_pub/install/local_setup.zsh'
[2.920s] INFO:colcon.colcon_core.shell:Creating prefix chain script '/home/byd/src/ros2/point_cloud_ws/point_cloud_pub/install/setup.zsh'
