[0.008s] Invoking command in '/home/hawrk/Documents/GitHub/hawrk/ros2/dros_common_interfaces/build/dros_common_interfaces': /usr/bin/cmake /home/hawrk/Documents/GitHub/hawrk/ros2/dros_common_interfaces -DCMAKE_INSTALL_PREFIX=/home/hawrk/Documents/GitHub/hawrk/ros2/dros_common_interfaces/install/dros_common_interfaces
[0.019s] [31mCMake Error at CMakeLists.txt:11 (find_package):
[0.019s]   By not providing "Findament_cmake.cmake" in CMAKE_MODULE_PATH this project
[0.019s]   has asked CMake to find a package configuration file provided by
[0.019s]   "ament_cmake", but CMake did not find one.
[0.019s] 
[0.019s]   Could not find a package configuration file provided by "ament_cmake" with
[0.019s]   any of the following names:
[0.019s] 
[0.020s]     ament_cmakeConfig.cmake
[0.020s]     ament_cmake-config.cmake
[0.020s] 
[0.020s]   Add the installation prefix of "ament_cmake" to CMAKE_PREFIX_PATH or set
[0.020s]   "ament_cmake_DIR" to a directory containing one of the above files.  If
[0.020s]   "ament_cmake" provides a separate development package or SDK, be sure it
[0.020s]   has been installed.
[0.020s] 
[0.020s] [0m
[0.020s] -- Configuring incomplete, errors occurred!
[0.021s] See also "/home/hawrk/Documents/GitHub/hawrk/ros2/dros_common_interfaces/build/dros_common_interfaces/CMakeFiles/CMakeOutput.log".
[0.022s] Invoked command in '/home/hawrk/Documents/GitHub/hawrk/ros2/dros_common_interfaces/build/dros_common_interfaces' returned '1': /usr/bin/cmake /home/hawrk/Documents/GitHub/hawrk/ros2/dros_common_interfaces -DCMAKE_INSTALL_PREFIX=/home/hawrk/Documents/GitHub/hawrk/ros2/dros_common_interfaces/install/dros_common_interfaces
