[0.027s] Invoking command in '/home/byd/src/ros2/hk_camera_ws/build/hk_camera_ws': CMAKE_PREFIX_PATH=${CMAKE_PREFIX_PATH}:/opt/ros/humble /usr/bin/cmake --build /home/byd/src/ros2/hk_camera_ws/build/hk_camera_ws -- -j8 -l8
[0.113s] [35m[1mConsolidate compiler generated dependencies of target camera[0m
[0.152s] [ 50%] [32mBuilding CXX object CMakeFiles/camera.dir/src/camera.cpp.o[0m
[18.796s] [100%] [32m[1mLinking CXX executable camera[0m
[19.843s] [100%] Built target camera
[19.866s] Invoked command in '/home/byd/src/ros2/hk_camera_ws/build/hk_camera_ws' returned '0': CMAKE_PREFIX_PATH=${CMAKE_PREFIX_PATH}:/opt/ros/humble /usr/bin/cmake --build /home/byd/src/ros2/hk_camera_ws/build/hk_camera_ws -- -j8 -l8
[19.927s] Invoking command in '/home/byd/src/ros2/hk_camera_ws/build/hk_camera_ws': CMAKE_PREFIX_PATH=${CMAKE_PREFIX_PATH}:/opt/ros/humble /usr/bin/cmake --install /home/byd/src/ros2/hk_camera_ws/build/hk_camera_ws
[19.942s] -- Install configuration: ""
[19.943s] -- Installing: /home/byd/src/ros2/hk_camera_ws/install/hk_camera_ws/lib/hk_camera_ws/camera
[19.951s] -- Set runtime path of "/home/byd/src/ros2/hk_camera_ws/install/hk_camera_ws/lib/hk_camera_ws/camera" to ""
[19.951s] -- Up-to-date: /home/byd/src/ros2/hk_camera_ws/install/hk_camera_ws/share/ament_index/resource_index/package_run_dependencies/hk_camera_ws
[19.951s] -- Up-to-date: /home/byd/src/ros2/hk_camera_ws/install/hk_camera_ws/share/ament_index/resource_index/parent_prefix_path/hk_camera_ws
[19.952s] -- Up-to-date: /home/byd/src/ros2/hk_camera_ws/install/hk_camera_ws/share/hk_camera_ws/environment/ament_prefix_path.sh
[19.952s] -- Up-to-date: /home/byd/src/ros2/hk_camera_ws/install/hk_camera_ws/share/hk_camera_ws/environment/ament_prefix_path.dsv
[19.952s] -- Up-to-date: /home/byd/src/ros2/hk_camera_ws/install/hk_camera_ws/share/hk_camera_ws/environment/path.sh
[19.952s] -- Up-to-date: /home/byd/src/ros2/hk_camera_ws/install/hk_camera_ws/share/hk_camera_ws/environment/path.dsv
[19.952s] -- Up-to-date: /home/byd/src/ros2/hk_camera_ws/install/hk_camera_ws/share/hk_camera_ws/local_setup.bash
[19.952s] -- Up-to-date: /home/byd/src/ros2/hk_camera_ws/install/hk_camera_ws/share/hk_camera_ws/local_setup.sh
[19.953s] -- Up-to-date: /home/byd/src/ros2/hk_camera_ws/install/hk_camera_ws/share/hk_camera_ws/local_setup.zsh
[19.953s] -- Up-to-date: /home/byd/src/ros2/hk_camera_ws/install/hk_camera_ws/share/hk_camera_ws/local_setup.dsv
[19.953s] -- Installing: /home/byd/src/ros2/hk_camera_ws/install/hk_camera_ws/share/hk_camera_ws/package.dsv
[19.953s] -- Up-to-date: /home/byd/src/ros2/hk_camera_ws/install/hk_camera_ws/share/ament_index/resource_index/packages/hk_camera_ws
[19.953s] -- Up-to-date: /home/byd/src/ros2/hk_camera_ws/install/hk_camera_ws/share/hk_camera_ws/cmake/hk_camera_wsConfig.cmake
[19.953s] -- Up-to-date: /home/byd/src/ros2/hk_camera_ws/install/hk_camera_ws/share/hk_camera_ws/cmake/hk_camera_wsConfig-version.cmake
[19.953s] -- Up-to-date: /home/byd/src/ros2/hk_camera_ws/install/hk_camera_ws/share/hk_camera_ws/package.xml
[19.957s] Invoked command in '/home/byd/src/ros2/hk_camera_ws/build/hk_camera_ws' returned '0': CMAKE_PREFIX_PATH=${CMAKE_PREFIX_PATH}:/opt/ros/humble /usr/bin/cmake --install /home/byd/src/ros2/hk_camera_ws/build/hk_camera_ws
