[35m[1mConsolidate compiler generated dependencies of target action_ser[0m
[ 25%] [32mBuilding CXX object CMakeFiles/action_cli.dir/src/action_cli.cpp.o[0m
[ 75%] Built target action_ser
[01m[K/home/byd/src/ros2/action_ws/src/action_cli.cpp:[m[K In member function ‘[01m[Kvoid SanTzuChingClient::send_goal(int, char**)[m[K’:
[01m[K/home/byd/src/ros2/action_ws/src/action_cli.cpp:23:39:[m[K [01;35m[Kwarning: [m[Kunused parameter ‘[01m[Kargv[m[K’ [[01;35m[K]8;;https://gcc.gnu.org/onlinedocs/gcc/Warning-Options.html#index-Wunused-parameter-Wunused-parameter]8;;[m[K]
   23 |         void send_goal(int argc,[01;35m[Kchar* argv[][m[K) {
      |                                 [01;35m[K~~~~~~^~~~~~[m[K
[100%] [32m[1mLinking CXX executable action_cli[0m
[100%] Built target action_cli
-- Install configuration: ""
-- Up-to-date: /home/byd/src/ros2/action_ws/install/action_ws/lib/action_ws/action_ser
-- Installing: /home/byd/src/ros2/action_ws/install/action_ws/lib/action_ws/action_cli
-- Set runtime path of "/home/byd/src/ros2/action_ws/install/action_ws/lib/action_ws/action_cli" to ""
-- Up-to-date: /home/byd/src/ros2/action_ws/install/action_ws/share/ament_index/resource_index/package_run_dependencies/action_ws
-- Up-to-date: /home/byd/src/ros2/action_ws/install/action_ws/share/ament_index/resource_index/parent_prefix_path/action_ws
-- Up-to-date: /home/byd/src/ros2/action_ws/install/action_ws/share/action_ws/environment/ament_prefix_path.sh
-- Up-to-date: /home/byd/src/ros2/action_ws/install/action_ws/share/action_ws/environment/ament_prefix_path.dsv
-- Up-to-date: /home/byd/src/ros2/action_ws/install/action_ws/share/action_ws/environment/path.sh
-- Up-to-date: /home/byd/src/ros2/action_ws/install/action_ws/share/action_ws/environment/path.dsv
-- Up-to-date: /home/byd/src/ros2/action_ws/install/action_ws/share/action_ws/local_setup.bash
-- Up-to-date: /home/byd/src/ros2/action_ws/install/action_ws/share/action_ws/local_setup.sh
-- Up-to-date: /home/byd/src/ros2/action_ws/install/action_ws/share/action_ws/local_setup.zsh
-- Up-to-date: /home/byd/src/ros2/action_ws/install/action_ws/share/action_ws/local_setup.dsv
-- Installing: /home/byd/src/ros2/action_ws/install/action_ws/share/action_ws/package.dsv
-- Up-to-date: /home/byd/src/ros2/action_ws/install/action_ws/share/ament_index/resource_index/packages/action_ws
-- Up-to-date: /home/byd/src/ros2/action_ws/install/action_ws/share/action_ws/cmake/action_wsConfig.cmake
-- Up-to-date: /home/byd/src/ros2/action_ws/install/action_ws/share/action_ws/cmake/action_wsConfig-version.cmake
-- Up-to-date: /home/byd/src/ros2/action_ws/install/action_ws/share/action_ws/package.xml
