[0.020s] Invoking command in '/home/byd/src/ros2/action_ws/build/action_ws': CMAKE_PREFIX_PATH=${CMAKE_PREFIX_PATH}:/opt/ros/humble /usr/bin/cmake --build /home/byd/src/ros2/action_ws/build/action_ws -- -j8 -l8
[0.095s] [35m[1mConsolidate compiler generated dependencies of target action_ser[0m
[0.118s] [ 25%] [32mBuilding CXX object CMakeFiles/action_cli.dir/src/action_cli.cpp.o[0m
[0.139s] [ 75%] Built target action_ser
[5.163s] [01m[K/home/byd/src/ros2/action_ws/src/action_cli.cpp:[m[K In member function ‘[01m[Kvoid SanTzuChingClient::send_goal(int, char**)[m[K’:
[5.164s] [01m[K/home/byd/src/ros2/action_ws/src/action_cli.cpp:23:39:[m[K [01;35m[Kwarning: [m[Kunused parameter ‘[01m[Kargv[m[K’ [[01;35m[K]8;;https://gcc.gnu.org/onlinedocs/gcc/Warning-Options.html#index-Wunused-parameter-Wunused-parameter]8;;[m[K]
[5.164s]    23 |         void send_goal(int argc,[01;35m[Kchar* argv[][m[K) {
[5.164s]       |                                 [01;35m[K~~~~~~^~~~~~[m[K
[8.341s] [100%] [32m[1mLinking CXX executable action_cli[0m
[8.663s] [100%] Built target action_cli
[8.686s] Invoked command in '/home/byd/src/ros2/action_ws/build/action_ws' returned '0': CMAKE_PREFIX_PATH=${CMAKE_PREFIX_PATH}:/opt/ros/humble /usr/bin/cmake --build /home/byd/src/ros2/action_ws/build/action_ws -- -j8 -l8
[8.742s] Invoking command in '/home/byd/src/ros2/action_ws/build/action_ws': CMAKE_PREFIX_PATH=${CMAKE_PREFIX_PATH}:/opt/ros/humble /usr/bin/cmake --install /home/byd/src/ros2/action_ws/build/action_ws
[8.756s] -- Install configuration: ""
[8.757s] -- Up-to-date: /home/byd/src/ros2/action_ws/install/action_ws/lib/action_ws/action_ser
[8.757s] -- Installing: /home/byd/src/ros2/action_ws/install/action_ws/lib/action_ws/action_cli
[8.759s] -- Set runtime path of "/home/byd/src/ros2/action_ws/install/action_ws/lib/action_ws/action_cli" to ""
[8.760s] -- Up-to-date: /home/byd/src/ros2/action_ws/install/action_ws/share/ament_index/resource_index/package_run_dependencies/action_ws
[8.760s] -- Up-to-date: /home/byd/src/ros2/action_ws/install/action_ws/share/ament_index/resource_index/parent_prefix_path/action_ws
[8.760s] -- Up-to-date: /home/byd/src/ros2/action_ws/install/action_ws/share/action_ws/environment/ament_prefix_path.sh
[8.760s] -- Up-to-date: /home/byd/src/ros2/action_ws/install/action_ws/share/action_ws/environment/ament_prefix_path.dsv
[8.760s] -- Up-to-date: /home/byd/src/ros2/action_ws/install/action_ws/share/action_ws/environment/path.sh
[8.760s] -- Up-to-date: /home/byd/src/ros2/action_ws/install/action_ws/share/action_ws/environment/path.dsv
[8.760s] -- Up-to-date: /home/byd/src/ros2/action_ws/install/action_ws/share/action_ws/local_setup.bash
[8.761s] -- Up-to-date: /home/byd/src/ros2/action_ws/install/action_ws/share/action_ws/local_setup.sh
[8.761s] -- Up-to-date: /home/byd/src/ros2/action_ws/install/action_ws/share/action_ws/local_setup.zsh
[8.761s] -- Up-to-date: /home/byd/src/ros2/action_ws/install/action_ws/share/action_ws/local_setup.dsv
[8.761s] -- Installing: /home/byd/src/ros2/action_ws/install/action_ws/share/action_ws/package.dsv
[8.761s] -- Up-to-date: /home/byd/src/ros2/action_ws/install/action_ws/share/ament_index/resource_index/packages/action_ws
[8.761s] -- Up-to-date: /home/byd/src/ros2/action_ws/install/action_ws/share/action_ws/cmake/action_wsConfig.cmake
[8.761s] -- Up-to-date: /home/byd/src/ros2/action_ws/install/action_ws/share/action_ws/cmake/action_wsConfig-version.cmake
[8.761s] -- Up-to-date: /home/byd/src/ros2/action_ws/install/action_ws/share/action_ws/package.xml
[8.767s] Invoked command in '/home/byd/src/ros2/action_ws/build/action_ws' returned '0': CMAKE_PREFIX_PATH=${CMAKE_PREFIX_PATH}:/opt/ros/humble /usr/bin/cmake --install /home/byd/src/ros2/action_ws/build/action_ws
