[0.189s] DEBUG:colcon:Command line arguments: ['/usr/bin/colcon', 'build']
[0.189s] DEBUG:colcon:Parsed command line arguments: Namespace(log_base=None, log_level=None, verb_name='build', build_base='build', install_base='install', merge_install=False, symlink_install=False, test_result_base=None, continue_on_error=False, executor='parallel', parallel_workers=8, event_handlers=None, ignore_user_meta=False, metas=['./colcon.meta'], base_paths=['.'], packages_ignore=None, packages_ignore_regex=None, paths=None, packages_up_to=None, packages_up_to_regex=None, packages_above=None, packages_above_and_dependencies=None, packages_above_depth=None, packages_select_by_dep=None, packages_skip_by_dep=None, packages_skip_up_to=None, packages_select_build_failed=False, packages_skip_build_finished=False, packages_select_test_failures=False, packages_skip_test_passed=False, packages_select=None, packages_skip=None, packages_select_regex=None, packages_skip_regex=None, packages_start=None, packages_end=None, allow_overriding=[], cmake_args=None, cmake_target=None, cmake_target_skip_unavailable=False, cmake_clean_cache=False, cmake_clean_first=False, cmake_force_configure=False, ament_cmake_args=None, catkin_cmake_args=None, catkin_skip_building_tests=False, verb_parser=<colcon_defaults.argument_parser.defaults.DefaultArgumentsDecorator object at 0xffff8c323d30>, verb_extension=<colcon_core.verb.build.BuildVerb object at 0xffff8c3238b0>, main=<bound method BuildVerb.main of <colcon_core.verb.build.BuildVerb object at 0xffff8c3238b0>>)
[0.471s] Level 1:colcon.colcon_core.package_discovery:discover_packages(colcon_meta) check parameters
[0.471s] Level 1:colcon.colcon_core.package_discovery:discover_packages(recursive) check parameters
[0.472s] Level 1:colcon.colcon_core.package_discovery:discover_packages(ignore) check parameters
[0.472s] Level 1:colcon.colcon_core.package_discovery:discover_packages(path) check parameters
[0.472s] Level 1:colcon.colcon_core.package_discovery:discover_packages(colcon_meta) discover
[0.472s] Level 1:colcon.colcon_core.package_discovery:discover_packages(recursive) discover
[0.472s] INFO:colcon.colcon_core.package_discovery:Crawling recursively for packages in '/home/byd/src/ros2/hk_camera_ws'
[0.472s] Level 1:colcon.colcon_core.package_identification:_identify(.) by extensions ['ignore', 'ignore_ament_install']
[0.472s] Level 1:colcon.colcon_core.package_identification:_identify(.) by extension 'ignore'
[0.473s] Level 1:colcon.colcon_core.package_identification:_identify(.) by extension 'ignore_ament_install'
[0.473s] Level 1:colcon.colcon_core.package_identification:_identify(.) by extensions ['colcon_pkg']
[0.473s] Level 1:colcon.colcon_core.package_identification:_identify(.) by extension 'colcon_pkg'
[0.473s] Level 1:colcon.colcon_core.package_identification:_identify(.) by extensions ['colcon_meta']
[0.473s] Level 1:colcon.colcon_core.package_identification:_identify(.) by extension 'colcon_meta'
[0.473s] Level 1:colcon.colcon_core.package_identification:_identify(.) by extensions ['ros']
[0.473s] Level 1:colcon.colcon_core.package_identification:_identify(.) by extension 'ros'
[0.501s] DEBUG:colcon.colcon_core.package_identification:Package '.' with type 'ros.ament_cmake' and name 'hk_camera_ws'
[0.501s] Level 1:colcon.colcon_core.package_discovery:discover_packages(recursive) using defaults
[0.501s] Level 1:colcon.colcon_core.package_discovery:discover_packages(ignore) discover
[0.501s] Level 1:colcon.colcon_core.package_discovery:discover_packages(ignore) using defaults
[0.501s] Level 1:colcon.colcon_core.package_discovery:discover_packages(path) discover
[0.501s] Level 1:colcon.colcon_core.package_discovery:discover_packages(path) using defaults
[0.536s] Level 1:colcon.colcon_core.package_discovery:discover_packages(prefix_path) check parameters
[0.536s] Level 1:colcon.colcon_core.package_discovery:discover_packages(prefix_path) discover
[0.541s] DEBUG:colcon.colcon_installed_package_information.package_discovery:Found 270 installed packages in /opt/ros/humble
[0.543s] Level 1:colcon.colcon_core.package_discovery:discover_packages(prefix_path) using defaults
[0.638s] Level 5:colcon.colcon_core.verb:set package 'hk_camera_ws' build argument 'cmake_args' from command line to 'None'
[0.639s] Level 5:colcon.colcon_core.verb:set package 'hk_camera_ws' build argument 'cmake_target' from command line to 'None'
[0.639s] Level 5:colcon.colcon_core.verb:set package 'hk_camera_ws' build argument 'cmake_target_skip_unavailable' from command line to 'False'
[0.639s] Level 5:colcon.colcon_core.verb:set package 'hk_camera_ws' build argument 'cmake_clean_cache' from command line to 'False'
[0.639s] Level 5:colcon.colcon_core.verb:set package 'hk_camera_ws' build argument 'cmake_clean_first' from command line to 'False'
[0.639s] Level 5:colcon.colcon_core.verb:set package 'hk_camera_ws' build argument 'cmake_force_configure' from command line to 'False'
[0.639s] Level 5:colcon.colcon_core.verb:set package 'hk_camera_ws' build argument 'ament_cmake_args' from command line to 'None'
[0.639s] Level 5:colcon.colcon_core.verb:set package 'hk_camera_ws' build argument 'catkin_cmake_args' from command line to 'None'
[0.639s] Level 5:colcon.colcon_core.verb:set package 'hk_camera_ws' build argument 'catkin_skip_building_tests' from command line to 'False'
[0.639s] DEBUG:colcon.colcon_core.verb:Building package 'hk_camera_ws' with the following arguments: {'ament_cmake_args': None, 'build_base': '/home/byd/src/ros2/hk_camera_ws/build/hk_camera_ws', 'catkin_cmake_args': None, 'catkin_skip_building_tests': False, 'cmake_args': None, 'cmake_clean_cache': False, 'cmake_clean_first': False, 'cmake_force_configure': False, 'cmake_target': None, 'cmake_target_skip_unavailable': False, 'install_base': '/home/byd/src/ros2/hk_camera_ws/install/hk_camera_ws', 'merge_install': False, 'path': '/home/byd/src/ros2/hk_camera_ws', 'symlink_install': False, 'test_result_base': None}
[0.639s] INFO:colcon.colcon_core.executor:Executing jobs using 'parallel' executor
[0.642s] DEBUG:colcon.colcon_parallel_executor.executor.parallel:run_until_complete
[0.643s] INFO:colcon.colcon_ros.task.ament_cmake.build:Building ROS package in '/home/byd/src/ros2/hk_camera_ws' with build type 'ament_cmake'
[0.643s] INFO:colcon.colcon_cmake.task.cmake.build:Building CMake package in '/home/byd/src/ros2/hk_camera_ws'
[0.646s] INFO:colcon.colcon_core.plugin_system:Skipping extension 'colcon_core.shell.bat': Not used on non-Windows systems
[0.647s] INFO:colcon.colcon_core.shell:Skip shell extension 'powershell' for command environment: Not usable outside of PowerShell
[0.647s] DEBUG:colcon.colcon_core.shell:Skip shell extension 'dsv' for command environment
[0.666s] DEBUG:colcon.colcon_core.event_handler.log_command:Invoking command in '/home/byd/src/ros2/hk_camera_ws/build/hk_camera_ws': CMAKE_PREFIX_PATH=/opt/ros/humble /usr/bin/cmake --build /home/byd/src/ros2/hk_camera_ws/build/hk_camera_ws -- -j8 -l8
[19.697s] DEBUG:colcon.colcon_core.event_handler.log_command:Invoked command in '/home/byd/src/ros2/hk_camera_ws/build/hk_camera_ws' returned '0': CMAKE_PREFIX_PATH=/opt/ros/humble /usr/bin/cmake --build /home/byd/src/ros2/hk_camera_ws/build/hk_camera_ws -- -j8 -l8
[19.764s] DEBUG:colcon.colcon_core.event_handler.log_command:Invoking command in '/home/byd/src/ros2/hk_camera_ws/build/hk_camera_ws': CMAKE_PREFIX_PATH=/opt/ros/humble /usr/bin/cmake --install /home/byd/src/ros2/hk_camera_ws/build/hk_camera_ws
[19.794s] Level 1:colcon.colcon_core.environment:create_environment_scripts_only(hk_camera_ws)
[19.796s] DEBUG:colcon.colcon_core.event_handler.log_command:Invoked command in '/home/byd/src/ros2/hk_camera_ws/build/hk_camera_ws' returned '0': CMAKE_PREFIX_PATH=/opt/ros/humble /usr/bin/cmake --install /home/byd/src/ros2/hk_camera_ws/build/hk_camera_ws
[19.800s] Level 1:colcon.colcon_core.environment:checking '/home/byd/src/ros2/hk_camera_ws/install/hk_camera_ws' for CMake module files
[19.801s] Level 1:colcon.colcon_core.environment:checking '/home/byd/src/ros2/hk_camera_ws/install/hk_camera_ws' for CMake config files
[19.802s] Level 1:colcon.colcon_core.shell:create_environment_hook('hk_camera_ws', 'cmake_prefix_path')
[19.803s] INFO:colcon.colcon_core.shell:Creating environment hook '/home/byd/src/ros2/hk_camera_ws/install/hk_camera_ws/share/hk_camera_ws/hook/cmake_prefix_path.ps1'
[19.804s] INFO:colcon.colcon_core.shell:Creating environment descriptor '/home/byd/src/ros2/hk_camera_ws/install/hk_camera_ws/share/hk_camera_ws/hook/cmake_prefix_path.dsv'
[19.805s] INFO:colcon.colcon_core.shell:Creating environment hook '/home/byd/src/ros2/hk_camera_ws/install/hk_camera_ws/share/hk_camera_ws/hook/cmake_prefix_path.sh'
[19.807s] Level 1:colcon.colcon_core.environment:checking '/home/byd/src/ros2/hk_camera_ws/install/hk_camera_ws/lib'
[19.808s] Level 1:colcon.colcon_core.environment:checking '/home/byd/src/ros2/hk_camera_ws/install/hk_camera_ws/bin'
[19.808s] Level 1:colcon.colcon_core.environment:checking '/home/byd/src/ros2/hk_camera_ws/install/hk_camera_ws/lib/pkgconfig/hk_camera_ws.pc'
[19.808s] Level 1:colcon.colcon_core.environment:checking '/home/byd/src/ros2/hk_camera_ws/install/hk_camera_ws/lib/python3.10/site-packages'
[19.809s] Level 1:colcon.colcon_core.environment:checking '/home/byd/src/ros2/hk_camera_ws/install/hk_camera_ws/bin'
[19.810s] INFO:colcon.colcon_core.shell:Creating package script '/home/byd/src/ros2/hk_camera_ws/install/hk_camera_ws/share/hk_camera_ws/package.ps1'
[19.811s] INFO:colcon.colcon_core.shell:Creating package descriptor '/home/byd/src/ros2/hk_camera_ws/install/hk_camera_ws/share/hk_camera_ws/package.dsv'
[19.812s] INFO:colcon.colcon_core.shell:Creating package script '/home/byd/src/ros2/hk_camera_ws/install/hk_camera_ws/share/hk_camera_ws/package.sh'
[19.814s] INFO:colcon.colcon_core.shell:Creating package script '/home/byd/src/ros2/hk_camera_ws/install/hk_camera_ws/share/hk_camera_ws/package.bash'
[19.815s] INFO:colcon.colcon_core.shell:Creating package script '/home/byd/src/ros2/hk_camera_ws/install/hk_camera_ws/share/hk_camera_ws/package.zsh'
[19.817s] Level 1:colcon.colcon_core.environment:create_file_with_runtime_dependencies(/home/byd/src/ros2/hk_camera_ws/install/hk_camera_ws/share/colcon-core/packages/hk_camera_ws)
[19.860s] Level 1:colcon.colcon_core.environment:create_environment_scripts_only(hk_camera_ws)
[19.860s] Level 1:colcon.colcon_core.environment:checking '/home/byd/src/ros2/hk_camera_ws/install/hk_camera_ws' for CMake module files
[19.861s] Level 1:colcon.colcon_core.environment:checking '/home/byd/src/ros2/hk_camera_ws/install/hk_camera_ws' for CMake config files
[19.862s] Level 1:colcon.colcon_core.shell:create_environment_hook('hk_camera_ws', 'cmake_prefix_path')
[19.862s] INFO:colcon.colcon_core.shell:Creating environment hook '/home/byd/src/ros2/hk_camera_ws/install/hk_camera_ws/share/hk_camera_ws/hook/cmake_prefix_path.ps1'
[19.863s] INFO:colcon.colcon_core.shell:Creating environment descriptor '/home/byd/src/ros2/hk_camera_ws/install/hk_camera_ws/share/hk_camera_ws/hook/cmake_prefix_path.dsv'
[19.864s] INFO:colcon.colcon_core.shell:Creating environment hook '/home/byd/src/ros2/hk_camera_ws/install/hk_camera_ws/share/hk_camera_ws/hook/cmake_prefix_path.sh'
[19.865s] Level 1:colcon.colcon_core.environment:checking '/home/byd/src/ros2/hk_camera_ws/install/hk_camera_ws/lib'
[19.865s] Level 1:colcon.colcon_core.environment:checking '/home/byd/src/ros2/hk_camera_ws/install/hk_camera_ws/bin'
[19.865s] Level 1:colcon.colcon_core.environment:checking '/home/byd/src/ros2/hk_camera_ws/install/hk_camera_ws/lib/pkgconfig/hk_camera_ws.pc'
[19.866s] Level 1:colcon.colcon_core.environment:checking '/home/byd/src/ros2/hk_camera_ws/install/hk_camera_ws/lib/python3.10/site-packages'
[19.866s] Level 1:colcon.colcon_core.environment:checking '/home/byd/src/ros2/hk_camera_ws/install/hk_camera_ws/bin'
[19.867s] INFO:colcon.colcon_core.shell:Creating package script '/home/byd/src/ros2/hk_camera_ws/install/hk_camera_ws/share/hk_camera_ws/package.ps1'
[19.868s] INFO:colcon.colcon_core.shell:Creating package descriptor '/home/byd/src/ros2/hk_camera_ws/install/hk_camera_ws/share/hk_camera_ws/package.dsv'
[19.869s] INFO:colcon.colcon_core.shell:Creating package script '/home/byd/src/ros2/hk_camera_ws/install/hk_camera_ws/share/hk_camera_ws/package.sh'
[19.870s] INFO:colcon.colcon_core.shell:Creating package script '/home/byd/src/ros2/hk_camera_ws/install/hk_camera_ws/share/hk_camera_ws/package.bash'
[19.870s] INFO:colcon.colcon_core.shell:Creating package script '/home/byd/src/ros2/hk_camera_ws/install/hk_camera_ws/share/hk_camera_ws/package.zsh'
[19.871s] Level 1:colcon.colcon_core.environment:create_file_with_runtime_dependencies(/home/byd/src/ros2/hk_camera_ws/install/hk_camera_ws/share/colcon-core/packages/hk_camera_ws)
[19.872s] DEBUG:colcon.colcon_parallel_executor.executor.parallel:closing loop
[19.872s] DEBUG:colcon.colcon_parallel_executor.executor.parallel:loop closed
[19.873s] DEBUG:colcon.colcon_parallel_executor.executor.parallel:run_until_complete finished with '0'
[19.874s] DEBUG:colcon.colcon_core.event_reactor:joining thread
[19.883s] INFO:colcon.colcon_core.plugin_system:Skipping extension 'colcon_notification.desktop_notification.terminal_notifier': Not used on non-Darwin systems
[19.883s] INFO:colcon.colcon_core.plugin_system:Skipping extension 'colcon_notification.desktop_notification.win32': Not used on non-Windows systems
[19.884s] INFO:colcon.colcon_notification.desktop_notification:Sending desktop notification using 'notify2'
[19.936s] DEBUG:colcon.colcon_core.event_reactor:joined thread
[19.937s] INFO:colcon.colcon_core.shell:Creating prefix script '/home/byd/src/ros2/hk_camera_ws/install/local_setup.ps1'
[19.939s] INFO:colcon.colcon_core.shell:Creating prefix util module '/home/byd/src/ros2/hk_camera_ws/install/_local_setup_util_ps1.py'
[19.942s] INFO:colcon.colcon_core.shell:Creating prefix chain script '/home/byd/src/ros2/hk_camera_ws/install/setup.ps1'
[19.944s] INFO:colcon.colcon_core.shell:Creating prefix script '/home/byd/src/ros2/hk_camera_ws/install/local_setup.sh'
[19.945s] INFO:colcon.colcon_core.shell:Creating prefix util module '/home/byd/src/ros2/hk_camera_ws/install/_local_setup_util_sh.py'
[19.946s] INFO:colcon.colcon_core.shell:Creating prefix chain script '/home/byd/src/ros2/hk_camera_ws/install/setup.sh'
[19.948s] INFO:colcon.colcon_core.shell:Creating prefix script '/home/byd/src/ros2/hk_camera_ws/install/local_setup.bash'
[19.949s] INFO:colcon.colcon_core.shell:Creating prefix chain script '/home/byd/src/ros2/hk_camera_ws/install/setup.bash'
[19.950s] INFO:colcon.colcon_core.shell:Creating prefix script '/home/byd/src/ros2/hk_camera_ws/install/local_setup.zsh'
[19.951s] INFO:colcon.colcon_core.shell:Creating prefix chain script '/home/byd/src/ros2/hk_camera_ws/install/setup.zsh'
