[0.014s] Invoking command in '/home/byd/src/ros2/action_interface_ws/build/action_interface_ws': CMAKE_PREFIX_PATH=/opt/ros/humble /usr/bin/cmake /home/byd/src/ros2/action_interface_ws -DCMAKE_INSTALL_PREFIX=/home/byd/src/ros2/action_interface_ws/install/action_interface_ws
[0.101s] -- The C compiler identification is GNU 11.4.0
[0.187s] -- The CXX compiler identification is GNU 11.4.0
[0.201s] -- Detecting C compiler ABI info
[0.313s] -- Detecting C compiler ABI info - done
[0.329s] -- Check for working C compiler: /usr/bin/cc - skipped
[0.330s] -- Detecting C compile features
[0.331s] -- Detecting C compile features - done
[0.335s] -- Detecting CXX compiler ABI info
[0.457s] -- Detecting CXX compiler ABI info - done
[0.478s] -- Check for working CXX compiler: /usr/bin/c++ - skipped
[0.478s] -- Detecting CXX compile features
[0.479s] -- Detecting CXX compile features - done
[0.484s] -- Found ament_cmake: 1.3.10 (/opt/ros/humble/share/ament_cmake/cmake)
[0.750s] -- Found Python3: /usr/bin/python3 (found version "3.10.12") found components: Interpreter 
[0.922s] -- Found ament_lint_auto: 0.12.11 (/opt/ros/humble/share/ament_lint_auto/cmake)
[1.066s] -- Added test 'cppcheck' to perform static code analysis on C / C++ code
[1.066s] -- Configured cppcheck include dirs: 
[1.067s] -- Configured cppcheck exclude dirs and/or files: 
[1.067s] -- Added test 'flake8' to check Python code syntax and style conventions
[1.070s] -- Added test 'lint_cmake' to check CMake code style
[1.071s] -- Added test 'pep257' to check Python code against some of the docstring style conventions in PEP 257
[1.079s] -- Added test 'uncrustify' to check C / C++ code style
[1.080s] -- Configured uncrustify additional arguments: 
[1.081s] -- Added test 'xmllint' to check XML markup files
[1.083s] -- Configuring done
[1.089s] -- Generating done
[1.091s] -- Build files have been written to: /home/byd/src/ros2/action_interface_ws/build/action_interface_ws
[1.102s] Invoked command in '/home/byd/src/ros2/action_interface_ws/build/action_interface_ws' returned '0': CMAKE_PREFIX_PATH=/opt/ros/humble /usr/bin/cmake /home/byd/src/ros2/action_interface_ws -DCMAKE_INSTALL_PREFIX=/home/byd/src/ros2/action_interface_ws/install/action_interface_ws
[1.105s] Invoking command in '/home/byd/src/ros2/action_interface_ws/build/action_interface_ws': CMAKE_PREFIX_PATH=/opt/ros/humble /usr/bin/cmake --build /home/byd/src/ros2/action_interface_ws/build/action_interface_ws -- -j8 -l8
[1.170s] Invoked command in '/home/byd/src/ros2/action_interface_ws/build/action_interface_ws' returned '0': CMAKE_PREFIX_PATH=/opt/ros/humble /usr/bin/cmake --build /home/byd/src/ros2/action_interface_ws/build/action_interface_ws -- -j8 -l8
[1.219s] Invoking command in '/home/byd/src/ros2/action_interface_ws/build/action_interface_ws': CMAKE_PREFIX_PATH=/opt/ros/humble /usr/bin/cmake --install /home/byd/src/ros2/action_interface_ws/build/action_interface_ws
[1.233s] -- Install configuration: ""
[1.233s] -- Installing: /home/byd/src/ros2/action_interface_ws/install/action_interface_ws/share/ament_index/resource_index/package_run_dependencies/action_interface_ws
[1.234s] -- Installing: /home/byd/src/ros2/action_interface_ws/install/action_interface_ws/share/ament_index/resource_index/parent_prefix_path/action_interface_ws
[1.235s] -- Installing: /home/byd/src/ros2/action_interface_ws/install/action_interface_ws/share/action_interface_ws/environment/ament_prefix_path.sh
[1.235s] -- Installing: /home/byd/src/ros2/action_interface_ws/install/action_interface_ws/share/action_interface_ws/environment/ament_prefix_path.dsv
[1.235s] -- Installing: /home/byd/src/ros2/action_interface_ws/install/action_interface_ws/share/action_interface_ws/environment/path.sh
[1.236s] -- Installing: /home/byd/src/ros2/action_interface_ws/install/action_interface_ws/share/action_interface_ws/environment/path.dsv
[1.236s] -- Installing: /home/byd/src/ros2/action_interface_ws/install/action_interface_ws/share/action_interface_ws/local_setup.bash
[1.237s] -- Installing: /home/byd/src/ros2/action_interface_ws/install/action_interface_ws/share/action_interface_ws/local_setup.sh
[1.237s] -- Installing: /home/byd/src/ros2/action_interface_ws/install/action_interface_ws/share/action_interface_ws/local_setup.zsh
[1.238s] -- Installing: /home/byd/src/ros2/action_interface_ws/install/action_interface_ws/share/action_interface_ws/local_setup.dsv
[1.238s] -- Installing: /home/byd/src/ros2/action_interface_ws/install/action_interface_ws/share/action_interface_ws/package.dsv
[1.239s] -- Installing: /home/byd/src/ros2/action_interface_ws/install/action_interface_ws/share/ament_index/resource_index/packages/action_interface_ws
[1.239s] -- Installing: /home/byd/src/ros2/action_interface_ws/install/action_interface_ws/share/action_interface_ws/cmake/action_interface_wsConfig.cmake
[1.239s] -- Installing: /home/byd/src/ros2/action_interface_ws/install/action_interface_ws/share/action_interface_ws/cmake/action_interface_wsConfig-version.cmake
[1.239s] -- Installing: /home/byd/src/ros2/action_interface_ws/install/action_interface_ws/share/action_interface_ws/package.xml
[1.245s] Invoked command in '/home/byd/src/ros2/action_interface_ws/build/action_interface_ws' returned '0': CMAKE_PREFIX_PATH=/opt/ros/humble /usr/bin/cmake --install /home/byd/src/ros2/action_interface_ws/build/action_interface_ws
