[0.186s] DEBUG:colcon:Command line arguments: ['/usr/bin/colcon', 'build']
[0.186s] DEBUG:colcon:Parsed command line arguments: Namespace(log_base=None, log_level=None, verb_name='build', build_base='build', install_base='install', merge_install=False, symlink_install=False, test_result_base=None, continue_on_error=False, executor='parallel', parallel_workers=8, event_handlers=None, ignore_user_meta=False, metas=['./colcon.meta'], base_paths=['.'], packages_ignore=None, packages_ignore_regex=None, paths=None, packages_up_to=None, packages_up_to_regex=None, packages_above=None, packages_above_and_dependencies=None, packages_above_depth=None, packages_select_by_dep=None, packages_skip_by_dep=None, packages_skip_up_to=None, packages_select_build_failed=False, packages_skip_build_finished=False, packages_select_test_failures=False, packages_skip_test_passed=False, packages_select=None, packages_skip=None, packages_select_regex=None, packages_skip_regex=None, packages_start=None, packages_end=None, allow_overriding=[], cmake_args=None, cmake_target=None, cmake_target_skip_unavailable=False, cmake_clean_cache=False, cmake_clean_first=False, cmake_force_configure=False, ament_cmake_args=None, catkin_cmake_args=None, catkin_skip_building_tests=False, verb_parser=<colcon_defaults.argument_parser.defaults.DefaultArgumentsDecorator object at 0xffffb315bdc0>, verb_extension=<colcon_core.verb.build.BuildVerb object at 0xffffb3340520>, main=<bound method BuildVerb.main of <colcon_core.verb.build.BuildVerb object at 0xffffb3340520>>)
[0.467s] Level 1:colcon.colcon_core.package_discovery:discover_packages(colcon_meta) check parameters
[0.468s] Level 1:colcon.colcon_core.package_discovery:discover_packages(recursive) check parameters
[0.468s] Level 1:colcon.colcon_core.package_discovery:discover_packages(ignore) check parameters
[0.468s] Level 1:colcon.colcon_core.package_discovery:discover_packages(path) check parameters
[0.468s] Level 1:colcon.colcon_core.package_discovery:discover_packages(colcon_meta) discover
[0.468s] Level 1:colcon.colcon_core.package_discovery:discover_packages(recursive) discover
[0.468s] INFO:colcon.colcon_core.package_discovery:Crawling recursively for packages in '/home/byd/src/ros2/topic_ws'
[0.468s] Level 1:colcon.colcon_core.package_identification:_identify(.) by extensions ['ignore', 'ignore_ament_install']
[0.469s] Level 1:colcon.colcon_core.package_identification:_identify(.) by extension 'ignore'
[0.469s] Level 1:colcon.colcon_core.package_identification:_identify(.) by extension 'ignore_ament_install'
[0.469s] Level 1:colcon.colcon_core.package_identification:_identify(.) by extensions ['colcon_pkg']
[0.469s] Level 1:colcon.colcon_core.package_identification:_identify(.) by extension 'colcon_pkg'
[0.469s] Level 1:colcon.colcon_core.package_identification:_identify(.) by extensions ['colcon_meta']
[0.469s] Level 1:colcon.colcon_core.package_identification:_identify(.) by extension 'colcon_meta'
[0.469s] Level 1:colcon.colcon_core.package_identification:_identify(.) by extensions ['ros']
[0.469s] Level 1:colcon.colcon_core.package_identification:_identify(.) by extension 'ros'
[0.496s] DEBUG:colcon.colcon_core.package_identification:Package '.' with type 'ros.ament_cmake' and name 'topic_ws'
[0.497s] Level 1:colcon.colcon_core.package_discovery:discover_packages(recursive) using defaults
[0.497s] Level 1:colcon.colcon_core.package_discovery:discover_packages(ignore) discover
[0.497s] Level 1:colcon.colcon_core.package_discovery:discover_packages(ignore) using defaults
[0.497s] Level 1:colcon.colcon_core.package_discovery:discover_packages(path) discover
[0.497s] Level 1:colcon.colcon_core.package_discovery:discover_packages(path) using defaults
[0.536s] Level 1:colcon.colcon_core.package_discovery:discover_packages(prefix_path) check parameters
[0.537s] Level 1:colcon.colcon_core.package_discovery:discover_packages(prefix_path) discover
[0.540s] DEBUG:colcon.colcon_installed_package_information.package_discovery:Found 1 installed packages in /home/byd/src/ros2/topic_ws/install
[0.542s] DEBUG:colcon.colcon_installed_package_information.package_discovery:Found 270 installed packages in /opt/ros/humble
[0.545s] Level 1:colcon.colcon_core.package_discovery:discover_packages(prefix_path) using defaults
[0.645s] Level 5:colcon.colcon_core.verb:set package 'topic_ws' build argument 'cmake_args' from command line to 'None'
[0.645s] Level 5:colcon.colcon_core.verb:set package 'topic_ws' build argument 'cmake_target' from command line to 'None'
[0.645s] Level 5:colcon.colcon_core.verb:set package 'topic_ws' build argument 'cmake_target_skip_unavailable' from command line to 'False'
[0.645s] Level 5:colcon.colcon_core.verb:set package 'topic_ws' build argument 'cmake_clean_cache' from command line to 'False'
[0.645s] Level 5:colcon.colcon_core.verb:set package 'topic_ws' build argument 'cmake_clean_first' from command line to 'False'
[0.645s] Level 5:colcon.colcon_core.verb:set package 'topic_ws' build argument 'cmake_force_configure' from command line to 'False'
[0.645s] Level 5:colcon.colcon_core.verb:set package 'topic_ws' build argument 'ament_cmake_args' from command line to 'None'
[0.645s] Level 5:colcon.colcon_core.verb:set package 'topic_ws' build argument 'catkin_cmake_args' from command line to 'None'
[0.645s] Level 5:colcon.colcon_core.verb:set package 'topic_ws' build argument 'catkin_skip_building_tests' from command line to 'False'
[0.645s] DEBUG:colcon.colcon_core.verb:Building package 'topic_ws' with the following arguments: {'ament_cmake_args': None, 'build_base': '/home/byd/src/ros2/topic_ws/build/topic_ws', 'catkin_cmake_args': None, 'catkin_skip_building_tests': False, 'cmake_args': None, 'cmake_clean_cache': False, 'cmake_clean_first': False, 'cmake_force_configure': False, 'cmake_target': None, 'cmake_target_skip_unavailable': False, 'install_base': '/home/byd/src/ros2/topic_ws/install/topic_ws', 'merge_install': False, 'path': '/home/byd/src/ros2/topic_ws', 'symlink_install': False, 'test_result_base': None}
[0.646s] INFO:colcon.colcon_core.executor:Executing jobs using 'parallel' executor
[0.648s] DEBUG:colcon.colcon_parallel_executor.executor.parallel:run_until_complete
[0.648s] INFO:colcon.colcon_ros.task.ament_cmake.build:Building ROS package in '/home/byd/src/ros2/topic_ws' with build type 'ament_cmake'
[0.648s] INFO:colcon.colcon_cmake.task.cmake.build:Building CMake package in '/home/byd/src/ros2/topic_ws'
[0.652s] INFO:colcon.colcon_core.plugin_system:Skipping extension 'colcon_core.shell.bat': Not used on non-Windows systems
[0.652s] INFO:colcon.colcon_core.shell:Skip shell extension 'powershell' for command environment: Not usable outside of PowerShell
[0.652s] DEBUG:colcon.colcon_core.shell:Skip shell extension 'dsv' for command environment
[0.668s] DEBUG:colcon.colcon_core.event_handler.log_command:Invoking command in '/home/byd/src/ros2/topic_ws/build/topic_ws': CMAKE_PREFIX_PATH=${CMAKE_PREFIX_PATH}:/opt/ros/humble /usr/bin/cmake --build /home/byd/src/ros2/topic_ws/build/topic_ws -- -j8 -l8
[9.848s] DEBUG:colcon.colcon_core.event_handler.log_command:Invoked command in '/home/byd/src/ros2/topic_ws/build/topic_ws' returned '0': CMAKE_PREFIX_PATH=${CMAKE_PREFIX_PATH}:/opt/ros/humble /usr/bin/cmake --build /home/byd/src/ros2/topic_ws/build/topic_ws -- -j8 -l8
[9.913s] DEBUG:colcon.colcon_core.event_handler.log_command:Invoking command in '/home/byd/src/ros2/topic_ws/build/topic_ws': CMAKE_PREFIX_PATH=${CMAKE_PREFIX_PATH}:/opt/ros/humble /usr/bin/cmake --install /home/byd/src/ros2/topic_ws/build/topic_ws
[9.943s] Level 1:colcon.colcon_core.environment:create_environment_scripts_only(topic_ws)
[9.945s] DEBUG:colcon.colcon_core.event_handler.log_command:Invoked command in '/home/byd/src/ros2/topic_ws/build/topic_ws' returned '0': CMAKE_PREFIX_PATH=${CMAKE_PREFIX_PATH}:/opt/ros/humble /usr/bin/cmake --install /home/byd/src/ros2/topic_ws/build/topic_ws
[9.951s] Level 1:colcon.colcon_core.environment:checking '/home/byd/src/ros2/topic_ws/install/topic_ws' for CMake module files
[9.953s] Level 1:colcon.colcon_core.environment:checking '/home/byd/src/ros2/topic_ws/install/topic_ws' for CMake config files
[9.953s] Level 1:colcon.colcon_core.shell:create_environment_hook('topic_ws', 'cmake_prefix_path')
[9.954s] INFO:colcon.colcon_core.shell:Creating environment hook '/home/byd/src/ros2/topic_ws/install/topic_ws/share/topic_ws/hook/cmake_prefix_path.ps1'
[9.956s] INFO:colcon.colcon_core.shell:Creating environment descriptor '/home/byd/src/ros2/topic_ws/install/topic_ws/share/topic_ws/hook/cmake_prefix_path.dsv'
[9.959s] INFO:colcon.colcon_core.shell:Creating environment hook '/home/byd/src/ros2/topic_ws/install/topic_ws/share/topic_ws/hook/cmake_prefix_path.sh'
[9.963s] Level 1:colcon.colcon_core.environment:checking '/home/byd/src/ros2/topic_ws/install/topic_ws/lib'
[9.964s] Level 1:colcon.colcon_core.environment:checking '/home/byd/src/ros2/topic_ws/install/topic_ws/bin'
[9.964s] Level 1:colcon.colcon_core.environment:checking '/home/byd/src/ros2/topic_ws/install/topic_ws/lib/pkgconfig/topic_ws.pc'
[9.965s] Level 1:colcon.colcon_core.environment:checking '/home/byd/src/ros2/topic_ws/install/topic_ws/lib/python3.10/site-packages'
[9.965s] Level 1:colcon.colcon_core.environment:checking '/home/byd/src/ros2/topic_ws/install/topic_ws/bin'
[9.966s] INFO:colcon.colcon_core.shell:Creating package script '/home/byd/src/ros2/topic_ws/install/topic_ws/share/topic_ws/package.ps1'
[9.968s] INFO:colcon.colcon_core.shell:Creating package descriptor '/home/byd/src/ros2/topic_ws/install/topic_ws/share/topic_ws/package.dsv'
[9.970s] INFO:colcon.colcon_core.shell:Creating package script '/home/byd/src/ros2/topic_ws/install/topic_ws/share/topic_ws/package.sh'
[9.971s] INFO:colcon.colcon_core.shell:Creating package script '/home/byd/src/ros2/topic_ws/install/topic_ws/share/topic_ws/package.bash'
[9.973s] INFO:colcon.colcon_core.shell:Creating package script '/home/byd/src/ros2/topic_ws/install/topic_ws/share/topic_ws/package.zsh'
[9.974s] Level 1:colcon.colcon_core.environment:create_file_with_runtime_dependencies(/home/byd/src/ros2/topic_ws/install/topic_ws/share/colcon-core/packages/topic_ws)
[10.016s] Level 1:colcon.colcon_core.environment:create_environment_scripts_only(topic_ws)
[10.017s] Level 1:colcon.colcon_core.environment:checking '/home/byd/src/ros2/topic_ws/install/topic_ws' for CMake module files
[10.018s] Level 1:colcon.colcon_core.environment:checking '/home/byd/src/ros2/topic_ws/install/topic_ws' for CMake config files
[10.019s] Level 1:colcon.colcon_core.shell:create_environment_hook('topic_ws', 'cmake_prefix_path')
[10.019s] INFO:colcon.colcon_core.shell:Creating environment hook '/home/byd/src/ros2/topic_ws/install/topic_ws/share/topic_ws/hook/cmake_prefix_path.ps1'
[10.021s] INFO:colcon.colcon_core.shell:Creating environment descriptor '/home/byd/src/ros2/topic_ws/install/topic_ws/share/topic_ws/hook/cmake_prefix_path.dsv'
[10.021s] INFO:colcon.colcon_core.shell:Creating environment hook '/home/byd/src/ros2/topic_ws/install/topic_ws/share/topic_ws/hook/cmake_prefix_path.sh'
[10.024s] Level 1:colcon.colcon_core.environment:checking '/home/byd/src/ros2/topic_ws/install/topic_ws/lib'
[10.024s] Level 1:colcon.colcon_core.environment:checking '/home/byd/src/ros2/topic_ws/install/topic_ws/bin'
[10.024s] Level 1:colcon.colcon_core.environment:checking '/home/byd/src/ros2/topic_ws/install/topic_ws/lib/pkgconfig/topic_ws.pc'
[10.025s] Level 1:colcon.colcon_core.environment:checking '/home/byd/src/ros2/topic_ws/install/topic_ws/lib/python3.10/site-packages'
[10.025s] Level 1:colcon.colcon_core.environment:checking '/home/byd/src/ros2/topic_ws/install/topic_ws/bin'
[10.026s] INFO:colcon.colcon_core.shell:Creating package script '/home/byd/src/ros2/topic_ws/install/topic_ws/share/topic_ws/package.ps1'
[10.027s] INFO:colcon.colcon_core.shell:Creating package descriptor '/home/byd/src/ros2/topic_ws/install/topic_ws/share/topic_ws/package.dsv'
[10.028s] INFO:colcon.colcon_core.shell:Creating package script '/home/byd/src/ros2/topic_ws/install/topic_ws/share/topic_ws/package.sh'
[10.029s] INFO:colcon.colcon_core.shell:Creating package script '/home/byd/src/ros2/topic_ws/install/topic_ws/share/topic_ws/package.bash'
[10.030s] INFO:colcon.colcon_core.shell:Creating package script '/home/byd/src/ros2/topic_ws/install/topic_ws/share/topic_ws/package.zsh'
[10.031s] Level 1:colcon.colcon_core.environment:create_file_with_runtime_dependencies(/home/byd/src/ros2/topic_ws/install/topic_ws/share/colcon-core/packages/topic_ws)
[10.032s] DEBUG:colcon.colcon_parallel_executor.executor.parallel:closing loop
[10.032s] DEBUG:colcon.colcon_parallel_executor.executor.parallel:loop closed
[10.033s] DEBUG:colcon.colcon_parallel_executor.executor.parallel:run_until_complete finished with '0'
[10.033s] DEBUG:colcon.colcon_core.event_reactor:joining thread
[10.045s] INFO:colcon.colcon_core.plugin_system:Skipping extension 'colcon_notification.desktop_notification.terminal_notifier': Not used on non-Darwin systems
[10.045s] INFO:colcon.colcon_core.plugin_system:Skipping extension 'colcon_notification.desktop_notification.win32': Not used on non-Windows systems
[10.045s] INFO:colcon.colcon_notification.desktop_notification:Sending desktop notification using 'notify2'
[10.086s] DEBUG:colcon.colcon_core.event_reactor:joined thread
[10.088s] INFO:colcon.colcon_core.shell:Creating prefix script '/home/byd/src/ros2/topic_ws/install/local_setup.ps1'
[10.091s] INFO:colcon.colcon_core.shell:Creating prefix util module '/home/byd/src/ros2/topic_ws/install/_local_setup_util_ps1.py'
[10.095s] INFO:colcon.colcon_core.shell:Creating prefix chain script '/home/byd/src/ros2/topic_ws/install/setup.ps1'
[10.097s] INFO:colcon.colcon_core.shell:Creating prefix script '/home/byd/src/ros2/topic_ws/install/local_setup.sh'
[10.098s] INFO:colcon.colcon_core.shell:Creating prefix util module '/home/byd/src/ros2/topic_ws/install/_local_setup_util_sh.py'
[10.099s] INFO:colcon.colcon_core.shell:Creating prefix chain script '/home/byd/src/ros2/topic_ws/install/setup.sh'
[10.102s] INFO:colcon.colcon_core.shell:Creating prefix script '/home/byd/src/ros2/topic_ws/install/local_setup.bash'
[10.103s] INFO:colcon.colcon_core.shell:Creating prefix chain script '/home/byd/src/ros2/topic_ws/install/setup.bash'
[10.105s] INFO:colcon.colcon_core.shell:Creating prefix script '/home/byd/src/ros2/topic_ws/install/local_setup.zsh'
[10.105s] INFO:colcon.colcon_core.shell:Creating prefix chain script '/home/byd/src/ros2/topic_ws/install/setup.zsh'
