In file included from [01m[K/opt/ros/humble/include/rclcpp/rclcpp/logging.hpp:24[m[K,
                 from [01m[K/opt/ros/humble/include/rclcpp/rclcpp/client.hpp:40[m[K,
                 from [01m[K/opt/ros/humble/include/rclcpp/rclcpp/callback_group.hpp:24[m[K,
                 from [01m[K/opt/ros/humble/include/rclcpp/rclcpp/any_executable.hpp:20[m[K,
                 from [01m[K/opt/ros/humble/include/rclcpp/rclcpp/memory_strategy.hpp:25[m[K,
                 from [01m[K/opt/ros/humble/include/rclcpp/rclcpp/memory_strategies.hpp:18[m[K,
                 from [01m[K/opt/ros/humble/include/rclcpp/rclcpp/executor_options.hpp:20[m[K,
                 from [01m[K/opt/ros/humble/include/rclcpp/rclcpp/executor.hpp:37[m[K,
                 from [01m[K/opt/ros/humble/include/rclcpp/rclcpp/executors/multi_threaded_executor.hpp:25[m[K,
                 from [01m[K/opt/ros/humble/include/rclcpp/rclcpp/executors.hpp:21[m[K,
                 from [01m[K/opt/ros/humble/include/rclcpp/rclcpp/rclcpp.hpp:155[m[K,
                 from [01m[K/home/byd/src/ros2/service_ws/src/service.cpp:11[m[K:
[01m[K/home/byd/src/ros2/service_ws/src/service.cpp:[m[K In member function ‘[01m[Kvoid BlackMonkeySerivce::black_monkey_cb(service_interface_ws::srv::BlackMonkey_Request_<std::allocator<void> >::SharedPtr, service_interface_ws::srv::BlackMonkey_Response_<std::allocator<void> >::SharedPtr)[m[K’:
[01m[K/home/byd/src/ros2/service_ws/src/service.cpp:46:48:[m[K [01;35m[Kwarning: [m[Kformat ‘[01m[K%d[m[K’ expects argument of type ‘[01m[Kint[m[K’, but argument 5 has type ‘[01m[Ksize_t[m[K’ {aka ‘[01m[Klong unsigned int[m[K’} [[01;35m[K]8;;https://gcc.gnu.org/onlinedocs/gcc/Warning-Options.html#index-Wformat=-Wformat=]8;;[m[K]
   46 |         RCLCPP_INFO(rclcpp::get_logger("node"),[01;35m[K"小菜鸡,没吃饭吗,打人都不疼,剩余血量[%d]"[m[K, [32m[Khp[m[K);
      |                                                [01;35m[K^~~~~~~~~~~~~~~~~~~~~~~~~~~~~~~~~~~~~~~~~[m[K  [32m[K~~[m[K
      |                                                                                           [32m[K|[m[K
      |                                                                                           [32m[Ksize_t {aka long unsigned int}[m[K
[01m[K/home/byd/src/ros2/service_ws/src/service.cpp:46:86:[m[K [01;36m[Knote: [m[Kformat string is defined here
   46 |         RCLCPP_INFO(rclcpp::get_logger("node"),"小菜鸡,没吃饭吗,打人都不疼,剩余血量[[01;36m[K%d[m[K]", hp);
      |                                                                                     [01;36m[K~^[m[K
      |                                                                                      [01;36m[K|[m[K
      |                                                                                      [01;36m[Kint[m[K
      |                                                                                     [32m[K%ld[m[K
