[35m[1mConsolidate compiler generated dependencies of target client[0m
[ 25%] [32mBuilding CXX object CMakeFiles/service.dir/src/service.cpp.o[0m
[ 75%] Built target client
[100%] [32m[1mLinking CXX executable service[0m
[100%] Built target service
-- Install configuration: ""
-- Installing: /home/byd/src/ros2/service_ws/install/service_ws/lib/service_ws/service
-- Set runtime path of "/home/byd/src/ros2/service_ws/install/service_ws/lib/service_ws/service" to ""
-- Up-to-date: /home/byd/src/ros2/service_ws/install/service_ws/lib/service_ws/client
-- Up-to-date: /home/byd/src/ros2/service_ws/install/service_ws/share/ament_index/resource_index/package_run_dependencies/service_ws
-- Up-to-date: /home/byd/src/ros2/service_ws/install/service_ws/share/ament_index/resource_index/parent_prefix_path/service_ws
-- Up-to-date: /home/byd/src/ros2/service_ws/install/service_ws/share/service_ws/environment/ament_prefix_path.sh
-- Up-to-date: /home/byd/src/ros2/service_ws/install/service_ws/share/service_ws/environment/ament_prefix_path.dsv
-- Up-to-date: /home/byd/src/ros2/service_ws/install/service_ws/share/service_ws/environment/path.sh
-- Up-to-date: /home/byd/src/ros2/service_ws/install/service_ws/share/service_ws/environment/path.dsv
-- Up-to-date: /home/byd/src/ros2/service_ws/install/service_ws/share/service_ws/local_setup.bash
-- Up-to-date: /home/byd/src/ros2/service_ws/install/service_ws/share/service_ws/local_setup.sh
-- Up-to-date: /home/byd/src/ros2/service_ws/install/service_ws/share/service_ws/local_setup.zsh
-- Up-to-date: /home/byd/src/ros2/service_ws/install/service_ws/share/service_ws/local_setup.dsv
-- Installing: /home/byd/src/ros2/service_ws/install/service_ws/share/service_ws/package.dsv
-- Up-to-date: /home/byd/src/ros2/service_ws/install/service_ws/share/ament_index/resource_index/packages/service_ws
-- Up-to-date: /home/byd/src/ros2/service_ws/install/service_ws/share/service_ws/cmake/service_wsConfig.cmake
-- Up-to-date: /home/byd/src/ros2/service_ws/install/service_ws/share/service_ws/cmake/service_wsConfig-version.cmake
-- Up-to-date: /home/byd/src/ros2/service_ws/install/service_ws/share/service_ws/package.xml
