[35m[1mConsolidate compiler generated dependencies of target client[0m
[ 25%] [32mBuilding CXX object CMakeFiles/service.dir/src/service.cpp.o[0m
[ 75%] Built target client
In file included from [01m[K/opt/ros/humble/include/rclcpp/rclcpp/logging.hpp:24[m[K,
                 from [01m[K/opt/ros/humble/include/rclcpp/rclcpp/client.hpp:40[m[K,
                 from [01m[K/opt/ros/humble/include/rclcpp/rclcpp/callback_group.hpp:24[m[K,
                 from [01m[K/opt/ros/humble/include/rclcpp/rclcpp/any_executable.hpp:20[m[K,
                 from [01m[K/opt/ros/humble/include/rclcpp/rclcpp/memory_strategy.hpp:25[m[K,
                 from [01m[K/opt/ros/humble/include/rclcpp/rclcpp/memory_strategies.hpp:18[m[K,
                 from [01m[K/opt/ros/humble/include/rclcpp/rclcpp/executor_options.hpp:20[m[K,
                 from [01m[K/opt/ros/humble/include/rclcpp/rclcpp/executor.hpp:37[m[K,
                 from [01m[K/opt/ros/humble/include/rclcpp/rclcpp/executors/multi_threaded_executor.hpp:25[m[K,
                 from [01m[K/opt/ros/humble/include/rclcpp/rclcpp/executors.hpp:21[m[K,
                 from [01m[K/opt/ros/humble/include/rclcpp/rclcpp/rclcpp.hpp:155[m[K,
                 from [01m[K/home/byd/src/ros2/service_ws/src/service.cpp:11[m[K:
[01m[K/home/byd/src/ros2/service_ws/src/service.cpp:[m[K In member function ‘[01m[Kvoid BlackMonkeySerivce::black_monkey_cb(service_interface_ws::srv::BlackMonkey_Request_<std::allocator<void> >::SharedPtr, service_interface_ws::srv::BlackMonkey_Response_<std::allocator<void> >::SharedPtr)[m[K’:
[01m[K/home/byd/src/ros2/service_ws/src/service.cpp:46:48:[m[K [01;35m[Kwarning: [m[Kformat ‘[01m[K%d[m[K’ expects argument of type ‘[01m[Kint[m[K’, but argument 5 has type ‘[01m[Ksize_t[m[K’ {aka ‘[01m[Klong unsigned int[m[K’} [[01;35m[K]8;;https://gcc.gnu.org/onlinedocs/gcc/Warning-Options.html#index-Wformat=-Wformat=]8;;[m[K]
   46 |         RCLCPP_INFO(rclcpp::get_logger("node"),[01;35m[K"小菜鸡,没吃饭吗,打人都不疼,剩余血量[%d]"[m[K, [32m[Khp[m[K);
      |                                                [01;35m[K^~~~~~~~~~~~~~~~~~~~~~~~~~~~~~~~~~~~~~~~~[m[K  [32m[K~~[m[K
      |                                                                                           [32m[K|[m[K
      |                                                                                           [32m[Ksize_t {aka long unsigned int}[m[K
[01m[K/home/byd/src/ros2/service_ws/src/service.cpp:46:86:[m[K [01;36m[Knote: [m[Kformat string is defined here
   46 |         RCLCPP_INFO(rclcpp::get_logger("node"),"小菜鸡,没吃饭吗,打人都不疼,剩余血量[[01;36m[K%d[m[K]", hp);
      |                                                                                     [01;36m[K~^[m[K
      |                                                                                      [01;36m[K|[m[K
      |                                                                                      [01;36m[Kint[m[K
      |                                                                                     [32m[K%ld[m[K
[100%] [32m[1mLinking CXX executable service[0m
[100%] Built target service
-- Install configuration: ""
-- Installing: /home/byd/src/ros2/service_ws/install/service_ws/lib/service_ws/service
-- Set runtime path of "/home/byd/src/ros2/service_ws/install/service_ws/lib/service_ws/service" to ""
-- Up-to-date: /home/byd/src/ros2/service_ws/install/service_ws/lib/service_ws/client
-- Up-to-date: /home/byd/src/ros2/service_ws/install/service_ws/share/ament_index/resource_index/package_run_dependencies/service_ws
-- Up-to-date: /home/byd/src/ros2/service_ws/install/service_ws/share/ament_index/resource_index/parent_prefix_path/service_ws
-- Up-to-date: /home/byd/src/ros2/service_ws/install/service_ws/share/service_ws/environment/ament_prefix_path.sh
-- Up-to-date: /home/byd/src/ros2/service_ws/install/service_ws/share/service_ws/environment/ament_prefix_path.dsv
-- Up-to-date: /home/byd/src/ros2/service_ws/install/service_ws/share/service_ws/environment/path.sh
-- Up-to-date: /home/byd/src/ros2/service_ws/install/service_ws/share/service_ws/environment/path.dsv
-- Up-to-date: /home/byd/src/ros2/service_ws/install/service_ws/share/service_ws/local_setup.bash
-- Up-to-date: /home/byd/src/ros2/service_ws/install/service_ws/share/service_ws/local_setup.sh
-- Up-to-date: /home/byd/src/ros2/service_ws/install/service_ws/share/service_ws/local_setup.zsh
-- Up-to-date: /home/byd/src/ros2/service_ws/install/service_ws/share/service_ws/local_setup.dsv
-- Installing: /home/byd/src/ros2/service_ws/install/service_ws/share/service_ws/package.dsv
-- Up-to-date: /home/byd/src/ros2/service_ws/install/service_ws/share/ament_index/resource_index/packages/service_ws
-- Up-to-date: /home/byd/src/ros2/service_ws/install/service_ws/share/service_ws/cmake/service_wsConfig.cmake
-- Up-to-date: /home/byd/src/ros2/service_ws/install/service_ws/share/service_ws/cmake/service_wsConfig-version.cmake
-- Up-to-date: /home/byd/src/ros2/service_ws/install/service_ws/share/service_ws/package.xml
