[0.022s] Invoking command in '/home/byd/src/ros2/param_ws/build/param_ws': CMAKE_PREFIX_PATH=${CMAKE_PREFIX_PATH}:/opt/ros/humble /usr/bin/cmake --build /home/byd/src/ros2/param_ws/build/param_ws -- -j8 -l8
[0.066s] -- Found ament_cmake: 1.3.10 (/opt/ros/humble/share/ament_cmake/cmake)
[0.308s] -- Found rclcpp: 16.0.10 (/opt/ros/humble/share/rclcpp/cmake)
[0.358s] -- Found rosidl_generator_c: 3.1.5 (/opt/ros/humble/share/rosidl_generator_c/cmake)
[0.361s] -- Found rosidl_adapter: 3.1.5 (/opt/ros/humble/share/rosidl_adapter/cmake)
[0.371s] -- Found rosidl_generator_cpp: 3.1.5 (/opt/ros/humble/share/rosidl_generator_cpp/cmake)
[0.386s] -- Using all available rosidl_typesupport_c: rosidl_typesupport_fastrtps_c;rosidl_typesupport_introspection_c
[0.407s] -- Using all available rosidl_typesupport_cpp: rosidl_typesupport_fastrtps_cpp;rosidl_typesupport_introspection_cpp
[0.459s] -- Found rmw_implementation_cmake: 6.1.2 (/opt/ros/humble/share/rmw_implementation_cmake/cmake)
[0.461s] -- Found rmw_fastrtps_cpp: 6.2.7 (/opt/ros/humble/share/rmw_fastrtps_cpp/cmake)
[0.646s] -- Using RMW implementation 'rmw_fastrtps_cpp' as default
[0.727s] -- Found ament_lint_auto: 0.12.11 (/opt/ros/humble/share/ament_lint_auto/cmake)
[0.872s] -- Added test 'cppcheck' to perform static code analysis on C / C++ code
[0.873s] -- Configured cppcheck include dirs: $<BUILD_INTERFACE:/home/byd/src/ros2/param_ws/include>
[0.873s] -- Configured cppcheck exclude dirs and/or files: 
[0.875s] -- Added test 'flake8' to check Python code syntax and style conventions
[0.880s] -- Added test 'lint_cmake' to check CMake code style
[0.881s] -- Added test 'pep257' to check Python code against some of the docstring style conventions in PEP 257
[0.897s] -- Added test 'uncrustify' to check C / C++ code style
[0.897s] -- Configured uncrustify additional arguments: 
[0.899s] -- Added test 'xmllint' to check XML markup files
[0.900s] -- Configuring done
[0.920s] -- Generating done
[0.923s] -- Build files have been written to: /home/byd/src/ros2/param_ws/build/param_ws
[0.975s] [35m[1mConsolidate compiler generated dependencies of target param[0m
[1.006s] [ 50%] [32mBuilding CXX object CMakeFiles/param.dir/src/param.cpp.o[0m
[6.009s] In file included from [01m[K/opt/ros/humble/include/rclcpp/rclcpp/logging.hpp:24[m[K,
[6.009s]                  from [01m[K/opt/ros/humble/include/rclcpp/rclcpp/client.hpp:40[m[K,
[6.009s]                  from [01m[K/opt/ros/humble/include/rclcpp/rclcpp/callback_group.hpp:24[m[K,
[6.009s]                  from [01m[K/opt/ros/humble/include/rclcpp/rclcpp/any_executable.hpp:20[m[K,
[6.010s]                  from [01m[K/opt/ros/humble/include/rclcpp/rclcpp/memory_strategy.hpp:25[m[K,
[6.010s]                  from [01m[K/opt/ros/humble/include/rclcpp/rclcpp/memory_strategies.hpp:18[m[K,
[6.010s]                  from [01m[K/opt/ros/humble/include/rclcpp/rclcpp/executor_options.hpp:20[m[K,
[6.010s]                  from [01m[K/opt/ros/humble/include/rclcpp/rclcpp/executor.hpp:37[m[K,
[6.010s]                  from [01m[K/opt/ros/humble/include/rclcpp/rclcpp/executors/multi_threaded_executor.hpp:25[m[K,
[6.010s]                  from [01m[K/opt/ros/humble/include/rclcpp/rclcpp/executors.hpp:21[m[K,
[6.010s]                  from [01m[K/opt/ros/humble/include/rclcpp/rclcpp/rclcpp.hpp:155[m[K,
[6.010s]                  from [01m[K/home/byd/src/ros2/param_ws/src/param.cpp:11[m[K:
[6.011s] [01m[K/home/byd/src/ros2/param_ws/src/param.cpp:[m[K In constructor ‘[01m[KParamMonitor::ParamMonitor(const string&)[m[K’:
[6.011s] [01m[K/home/byd/src/ros2/param_ws/src/param.cpp:23:39:[m[K [01;35m[Kwarning: [m[Kformat ‘[01m[K%d[m[K’ expects argument of type ‘[01m[Kint[m[K’, but argument 6 has type ‘[01m[Kint64_t[m[K’ {aka ‘[01m[Klong int[m[K’} [[01;35m[K]8;;https://gcc.gnu.org/onlinedocs/gcc/Warning-Options.html#index-Wformat=-Wformat=]8;;[m[K]
[6.011s]    23 |       RCLCPP_INFO(this->get_logger(), [01;35m[K"rank:{%s}\t salary[%d]\t, venhicle:[%s]"[m[K,
[6.011s]       |                                       [01;35m[K^~~~~~~~~~~~~~~~~~~~~~~~~~~~~~~~~~~~~~~~~[m[K
[6.011s]    24 |        this->get_parameter("my_rank").as_string().c_str(),
[6.011s]    25 |        [32m[Kthis->get_parameter("salary").as_int()[m[K,
[6.011s]       |        [32m[K~~~~~~~~~~~~~~~~~~~~~~~~~~~~~~~~~~~~~~[m[K
[6.011s]       |                                            [32m[K|[m[K
[6.012s]       |                                            [32m[Kint64_t {aka long int}[m[K
[6.012s] [01m[K/home/byd/src/ros2/param_ws/src/param.cpp:23:60:[m[K [01;36m[Knote: [m[Kformat string is defined here
[6.012s]    23 |       RCLCPP_INFO(this->get_logger(), "rank:{%s}\t salary[[01;36m[K%d[m[K]\t, venhicle:[%s]",
[6.012s]       |                                                           [01;36m[K~^[m[K
[6.012s]       |                                                            [01;36m[K|[m[K
[6.012s]       |                                                            [01;36m[Kint[m[K
[6.012s]       |                                                           [32m[K%ld[m[K
[6.014s] [01m[K/home/byd/src/ros2/param_ws/src/param.cpp:34:31:[m[K [01;31m[Kerror: [m[Kduplicate ‘[01m[Kconst[m[K’
[6.014s]    34 |       auto cb2 = [this](const [01;31m[Kconst[m[K rclcpp::Parameter& p) {
[6.014s]       |                               [01;31m[K^~~~~[m[K
[6.015s]       |                               [31m[K-----[m[K
[6.015s] In file included from [01m[K/opt/ros/humble/include/rclcpp/rclcpp/logging.hpp:24[m[K,
[6.015s]                  from [01m[K/opt/ros/humble/include/rclcpp/rclcpp/client.hpp:40[m[K,
[6.015s]                  from [01m[K/opt/ros/humble/include/rclcpp/rclcpp/callback_group.hpp:24[m[K,
[6.015s]                  from [01m[K/opt/ros/humble/include/rclcpp/rclcpp/any_executable.hpp:20[m[K,
[6.015s]                  from [01m[K/opt/ros/humble/include/rclcpp/rclcpp/memory_strategy.hpp:25[m[K,
[6.015s]                  from [01m[K/opt/ros/humble/include/rclcpp/rclcpp/memory_strategies.hpp:18[m[K,
[6.015s]                  from [01m[K/opt/ros/humble/include/rclcpp/rclcpp/executor_options.hpp:20[m[K,
[6.015s]                  from [01m[K/opt/ros/humble/include/rclcpp/rclcpp/executor.hpp:37[m[K,
[6.016s]                  from [01m[K/opt/ros/humble/include/rclcpp/rclcpp/executors/multi_threaded_executor.hpp:25[m[K,
[6.016s]                  from [01m[K/opt/ros/humble/include/rclcpp/rclcpp/executors.hpp:21[m[K,
[6.016s]                  from [01m[K/opt/ros/humble/include/rclcpp/rclcpp/rclcpp.hpp:155[m[K,
[6.016s]                  from [01m[K/home/byd/src/ros2/param_ws/src/param.cpp:11[m[K:
[6.016s] [01m[K/home/byd/src/ros2/param_ws/src/param.cpp:[m[K In lambda function:
[6.016s] [01m[K/home/byd/src/ros2/param_ws/src/param.cpp:35:41:[m[K [01;35m[Kwarning: [m[Kformat ‘[01m[K%d[m[K’ expects argument of type ‘[01m[Kint[m[K’, but argument 5 has type ‘[01m[Kint64_t[m[K’ {aka ‘[01m[Klong int[m[K’} [[01;35m[K]8;;https://gcc.gnu.org/onlinedocs/gcc/Warning-Options.html#index-Wformat=-Wformat=]8;;[m[K]
[6.016s]    35 |         RCLCPP_INFO(this->get_logger(), [01;35m[K"目前薪酬:[%d]"[m[K,
[6.016s]       |                                         [01;35m[K^~~~~~~~~~~~~~~[m[K
[6.016s]    36 |         [32m[Kp.as_int()[m[K);
[6.017s]       |         [32m[K~~~~~~~~~~[m[K                       
[6.017s]       |                 [32m[K|[m[K
[6.017s]       |                 [32m[Kint64_t {aka long int}[m[K
[6.017s] [01m[K/home/byd/src/ros2/param_ws/src/param.cpp:35:53:[m[K [01;36m[Knote: [m[Kformat string is defined here
[6.017s]    35 |         RCLCPP_INFO(this->get_logger(), "目前薪酬:[[01;36m[K%d[m[K]",
[6.017s]       |                                                    [01;36m[K~^[m[K
[6.017s]       |                                                     [01;36m[K|[m[K
[6.017s]       |                                                     [01;36m[Kint[m[K
[6.018s]       |                                                    [32m[K%ld[m[K
[6.018s] [01m[K/home/byd/src/ros2/param_ws/src/param.cpp:[m[K In constructor ‘[01m[KParamMonitor::ParamMonitor(const string&)[m[K’:
[6.018s] [01m[K/home/byd/src/ros2/param_ws/src/param.cpp:39:31:[m[K [01;31m[Kerror: [m[Kduplicate ‘[01m[Kconst[m[K’
[6.018s]    39 |       auto cb3 = [this](const [01;31m[Kconst[m[K rclcpp::Parameter& p) {
[6.018s]       |                               [01;31m[K^~~~~[m[K
[6.018s]       |                               [31m[K-----[m[K
[13.345s] gmake[2]: *** [CMakeFiles/param.dir/build.make:76：CMakeFiles/param.dir/src/param.cpp.o] 错误 1
[13.346s] gmake[1]: *** [CMakeFiles/Makefile2:137：CMakeFiles/param.dir/all] 错误 2
[13.346s] gmake: *** [Makefile:146：all] 错误 2
[13.354s] Invoked command in '/home/byd/src/ros2/param_ws/build/param_ws' returned '2': CMAKE_PREFIX_PATH=${CMAKE_PREFIX_PATH}:/opt/ros/humble /usr/bin/cmake --build /home/byd/src/ros2/param_ws/build/param_ws -- -j8 -l8
