-- Found ament_cmake: 1.3.10 (/opt/ros/humble/share/ament_cmake/cmake)
-- Found rosidl_default_generators: 1.2.0 (/opt/ros/humble/share/rosidl_default_generators/cmake)
-- Using all available rosidl_typesupport_c: rosidl_typesupport_fastrtps_c;rosidl_typesupport_introspection_c
-- Found rosidl_adapter: 3.1.5 (/opt/ros/humble/share/rosidl_adapter/cmake)
-- Using all available rosidl_typesupport_cpp: rosidl_typesupport_fastrtps_cpp;rosidl_typesupport_introspection_cpp
-- Found ament_cmake_ros: 0.10.0 (/opt/ros/humble/share/ament_cmake_ros/cmake)
-- Using all available rosidl_typesupport_c: rosidl_typesupport_fastrtps_c;rosidl_typesupport_introspection_c
-- Using all available rosidl_typesupport_cpp: rosidl_typesupport_fastrtps_cpp;rosidl_typesupport_introspection_cpp
-- Found PythonInterp: /usr/bin/python3 (found suitable version "3.10.12", minimum required is "3.6") 
-- Found python_cmake_module: 0.10.0 (/opt/ros/humble/share/python_cmake_module/cmake)
-- Found PythonLibs: /usr/lib/aarch64-linux-gnu/libpython3.10.so (found suitable version "3.10.12", minimum required is "3.5") 
-- Using PYTHON_EXECUTABLE: /usr/bin/python3
-- Using PYTHON_INCLUDE_DIRS: /usr/include/python3.10
-- Using PYTHON_LIBRARIES: /usr/lib/aarch64-linux-gnu/libpython3.10.so
-- Found PythonExtra: .so  
-- Found ament_lint_auto: 0.12.11 (/opt/ros/humble/share/ament_lint_auto/cmake)
-- Added test 'cppcheck' to perform static code analysis on C / C++ code
-- Configured cppcheck include dirs: $<BUILD_INTERFACE:/home/byd/src/ros2/action_interface_ws/build/action_interface_ws/rosidl_generator_c>;$<BUILD_INTERFACE:/home/byd/src/ros2/action_interface_ws/build/action_interface_ws/rosidl_typesupport_fastrtps_c>;$<BUILD_INTERFACE:/home/byd/src/ros2/action_interface_ws/build/action_interface_ws/rosidl_typesupport_introspection_c>;$<BUILD_INTERFACE:/home/byd/src/ros2/action_interface_ws/build/action_interface_ws/rosidl_generator_cpp>;$<BUILD_INTERFACE:/home/byd/src/ros2/action_interface_ws/build/action_interface_ws/rosidl_typesupport_fastrtps_cpp>;$<BUILD_INTERFACE:/home/byd/src/ros2/action_interface_ws/build/action_interface_ws/rosidl_typesupport_introspection_cpp>;/home/byd/src/ros2/action_interface_ws/build/action_interface_ws/rosidl_generator_c;/home/byd/src/ros2/action_interface_ws/build/action_interface_ws/rosidl_generator_py
-- Configured cppcheck exclude dirs and/or files: 
-- Added test 'flake8' to check Python code syntax and style conventions
-- Added test 'lint_cmake' to check CMake code style
-- Added test 'pep257' to check Python code against some of the docstring style conventions in PEP 257
-- Added test 'uncrustify' to check C / C++ code style
-- Configured uncrustify additional arguments: 
-- Added test 'xmllint' to check XML markup files
-- Configuring done
-- Generating done
-- Build files have been written to: /home/byd/src/ros2/action_interface_ws/build/action_interface_ws
[  3%] [34m[1mGenerating C code for ROS interfaces[0m
[  6%] [34m[1mGenerating C++ code for ROS interfaces[0m
[  6%] Built target ament_cmake_python_copy_action_interface_ws
running egg_info
creating action_interface_ws.egg-info
writing action_interface_ws.egg-info/PKG-INFO
writing dependency_links to action_interface_ws.egg-info/dependency_links.txt
writing top-level names to action_interface_ws.egg-info/top_level.txt
writing manifest file 'action_interface_ws.egg-info/SOURCES.txt'
reading manifest file 'action_interface_ws.egg-info/SOURCES.txt'
writing manifest file 'action_interface_ws.egg-info/SOURCES.txt'
[  6%] Built target ament_cmake_python_build_action_interface_ws_egg
[  9%] [32mBuilding C object CMakeFiles/action_interface_ws__rosidl_generator_c.dir/rosidl_generator_c/action_interface_ws/action/detail/book__functions.c.o[0m
[  9%] Built target action_interface_ws__cpp
[ 19%] [34m[1mGenerating C++ type support for eProsima Fast-RTPS[0m
[ 19%] [34m[1mGenerating C++ type support dispatch for ROS interfaces[0m
[ 19%] [34m[1mGenerating C++ introspection for ROS interfaces[0m
[ 22%] [32m[1mLinking C shared library libaction_interface_ws__rosidl_generator_c.so[0m
[ 22%] Built target action_interface_ws__rosidl_generator_c
[ 32%] [34m[1mGenerating C type support dispatch for ROS interfaces[0m
[ 32%] [34m[1mGenerating C type support for eProsima Fast-RTPS[0m
[ 32%] [34m[1mGenerating C introspection for ROS interfaces[0m
[ 35%] [32mBuilding CXX object CMakeFiles/action_interface_ws__rosidl_typesupport_cpp.dir/rosidl_typesupport_cpp/action_interface_ws/action/book__type_support.cpp.o[0m
[ 38%] [32mBuilding CXX object CMakeFiles/action_interface_ws__rosidl_typesupport_introspection_cpp.dir/rosidl_typesupport_introspection_cpp/action_interface_ws/action/detail/book__type_support.cpp.o[0m
[ 41%] [32mBuilding CXX object CMakeFiles/action_interface_ws__rosidl_typesupport_fastrtps_cpp.dir/rosidl_typesupport_fastrtps_cpp/action_interface_ws/action/detail/dds_fastrtps/book__type_support.cpp.o[0m
[ 45%] [32mBuilding CXX object CMakeFiles/action_interface_ws__rosidl_typesupport_c.dir/rosidl_typesupport_c/action_interface_ws/action/book__type_support.cpp.o[0m
[ 48%] [32m[1mLinking CXX shared library libaction_interface_ws__rosidl_typesupport_c.so[0m
[ 51%] [32mBuilding C object CMakeFiles/action_interface_ws__rosidl_typesupport_introspection_c.dir/rosidl_typesupport_introspection_c/action_interface_ws/action/detail/book__type_support.c.o[0m
[ 51%] Built target action_interface_ws__rosidl_typesupport_c
[ 54%] [32mBuilding CXX object CMakeFiles/action_interface_ws__rosidl_typesupport_fastrtps_c.dir/rosidl_typesupport_fastrtps_c/action_interface_ws/action/detail/book__type_support_c.cpp.o[0m
[ 58%] [32m[1mLinking C shared library libaction_interface_ws__rosidl_typesupport_introspection_c.so[0m
[ 58%] Built target action_interface_ws__rosidl_typesupport_introspection_c
[ 61%] [32m[1mLinking CXX shared library libaction_interface_ws__rosidl_typesupport_cpp.so[0m
[ 61%] Built target action_interface_ws__rosidl_typesupport_cpp
[ 64%] [32m[1mLinking CXX shared library libaction_interface_ws__rosidl_typesupport_introspection_cpp.so[0m
[ 70%] [32m[1mLinking CXX shared library libaction_interface_ws__rosidl_typesupport_fastrtps_c.so[0m
[ 70%] [32m[1mLinking CXX shared library libaction_interface_ws__rosidl_typesupport_fastrtps_cpp.so[0m
[ 70%] Built target action_interface_ws__rosidl_typesupport_introspection_cpp
[ 70%] Built target action_interface_ws__rosidl_typesupport_fastrtps_cpp
[ 70%] Built target action_interface_ws__rosidl_typesupport_fastrtps_c
[ 70%] Built target action_interface_ws
[ 74%] [34m[1mGenerating Python code for ROS interfaces[0m
[ 74%] Built target action_interface_ws__py
[ 77%] [32mBuilding C object CMakeFiles/action_interface_ws__rosidl_generator_py.dir/rosidl_generator_py/action_interface_ws/action/_book_s.c.o[0m
[ 80%] [32m[1mLinking C shared library rosidl_generator_py/action_interface_ws/libaction_interface_ws__rosidl_generator_py.so[0m
[ 80%] Built target action_interface_ws__rosidl_generator_py
[ 90%] [32mBuilding C object CMakeFiles/action_interface_ws__rosidl_typesupport_fastrtps_c__pyext.dir/rosidl_generator_py/action_interface_ws/_action_interface_ws_s.ep.rosidl_typesupport_fastrtps_c.c.o[0m
[ 90%] [32mBuilding C object CMakeFiles/action_interface_ws__rosidl_typesupport_c__pyext.dir/rosidl_generator_py/action_interface_ws/_action_interface_ws_s.ep.rosidl_typesupport_c.c.o[0m
[ 90%] [32mBuilding C object CMakeFiles/action_interface_ws__rosidl_typesupport_introspection_c__pyext.dir/rosidl_generator_py/action_interface_ws/_action_interface_ws_s.ep.rosidl_typesupport_introspection_c.c.o[0m
[ 96%] [32m[1mLinking C shared library rosidl_generator_py/action_interface_ws/action_interface_ws_s__rosidl_typesupport_introspection_c.cpython-310-aarch64-linux-gnu.so[0m
[ 96%] [32m[1mLinking C shared library rosidl_generator_py/action_interface_ws/action_interface_ws_s__rosidl_typesupport_fastrtps_c.cpython-310-aarch64-linux-gnu.so[0m
[100%] [32m[1mLinking C shared library rosidl_generator_py/action_interface_ws/action_interface_ws_s__rosidl_typesupport_c.cpython-310-aarch64-linux-gnu.so[0m
[100%] Built target action_interface_ws__rosidl_typesupport_introspection_c__pyext
[100%] Built target action_interface_ws__rosidl_typesupport_c__pyext
[100%] Built target action_interface_ws__rosidl_typesupport_fastrtps_c__pyext
-- Install configuration: ""
-- Installing: /home/byd/src/ros2/action_interface_ws/install/action_interface_ws/share/ament_index/resource_index/rosidl_interfaces/action_interface_ws
-- Installing: /home/byd/src/ros2/action_interface_ws/install/action_interface_ws/include/action_interface_ws/action_interface_ws
-- Installing: /home/byd/src/ros2/action_interface_ws/install/action_interface_ws/include/action_interface_ws/action_interface_ws/action
-- Installing: /home/byd/src/ros2/action_interface_ws/install/action_interface_ws/include/action_interface_ws/action_interface_ws/action/book.h
-- Installing: /home/byd/src/ros2/action_interface_ws/install/action_interface_ws/include/action_interface_ws/action_interface_ws/action/detail
-- Installing: /home/byd/src/ros2/action_interface_ws/install/action_interface_ws/include/action_interface_ws/action_interface_ws/action/detail/book__functions.h
-- Installing: /home/byd/src/ros2/action_interface_ws/install/action_interface_ws/include/action_interface_ws/action_interface_ws/action/detail/book__struct.h
-- Installing: /home/byd/src/ros2/action_interface_ws/install/action_interface_ws/include/action_interface_ws/action_interface_ws/action/detail/book__functions.c
-- Installing: /home/byd/src/ros2/action_interface_ws/install/action_interface_ws/include/action_interface_ws/action_interface_ws/action/detail/book__type_support.h
-- Installing: /home/byd/src/ros2/action_interface_ws/install/action_interface_ws/include/action_interface_ws/action_interface_ws/msg
-- Installing: /home/byd/src/ros2/action_interface_ws/install/action_interface_ws/include/action_interface_ws/action_interface_ws/msg/rosidl_generator_c__visibility_control.h
-- Installing: /home/byd/src/ros2/action_interface_ws/install/action_interface_ws/share/action_interface_ws/environment/library_path.sh
-- Installing: /home/byd/src/ros2/action_interface_ws/install/action_interface_ws/share/action_interface_ws/environment/library_path.dsv
-- Installing: /home/byd/src/ros2/action_interface_ws/install/action_interface_ws/lib/libaction_interface_ws__rosidl_generator_c.so
-- Set runtime path of "/home/byd/src/ros2/action_interface_ws/install/action_interface_ws/lib/libaction_interface_ws__rosidl_generator_c.so" to ""
-- Up-to-date: /home/byd/src/ros2/action_interface_ws/install/action_interface_ws/include/action_interface_ws/action_interface_ws
-- Up-to-date: /home/byd/src/ros2/action_interface_ws/install/action_interface_ws/include/action_interface_ws/action_interface_ws/action
-- Up-to-date: /home/byd/src/ros2/action_interface_ws/install/action_interface_ws/include/action_interface_ws/action_interface_ws/action/detail
-- Installing: /home/byd/src/ros2/action_interface_ws/install/action_interface_ws/include/action_interface_ws/action_interface_ws/action/detail/book__rosidl_typesupport_fastrtps_c.h
-- Up-to-date: /home/byd/src/ros2/action_interface_ws/install/action_interface_ws/include/action_interface_ws/action_interface_ws/msg
-- Installing: /home/byd/src/ros2/action_interface_ws/install/action_interface_ws/include/action_interface_ws/action_interface_ws/msg/rosidl_typesupport_fastrtps_c__visibility_control.h
-- Installing: /home/byd/src/ros2/action_interface_ws/install/action_interface_ws/lib/libaction_interface_ws__rosidl_typesupport_fastrtps_c.so
-- Set runtime path of "/home/byd/src/ros2/action_interface_ws/install/action_interface_ws/lib/libaction_interface_ws__rosidl_typesupport_fastrtps_c.so" to ""
-- Up-to-date: /home/byd/src/ros2/action_interface_ws/install/action_interface_ws/include/action_interface_ws/action_interface_ws
-- Up-to-date: /home/byd/src/ros2/action_interface_ws/install/action_interface_ws/include/action_interface_ws/action_interface_ws/action
-- Up-to-date: /home/byd/src/ros2/action_interface_ws/install/action_interface_ws/include/action_interface_ws/action_interface_ws/action/detail
-- Installing: /home/byd/src/ros2/action_interface_ws/install/action_interface_ws/include/action_interface_ws/action_interface_ws/action/detail/book__type_support.c
-- Installing: /home/byd/src/ros2/action_interface_ws/install/action_interface_ws/include/action_interface_ws/action_interface_ws/action/detail/book__rosidl_typesupport_introspection_c.h
-- Up-to-date: /home/byd/src/ros2/action_interface_ws/install/action_interface_ws/include/action_interface_ws/action_interface_ws/msg
-- Installing: /home/byd/src/ros2/action_interface_ws/install/action_interface_ws/include/action_interface_ws/action_interface_ws/msg/rosidl_typesupport_introspection_c__visibility_control.h
-- Installing: /home/byd/src/ros2/action_interface_ws/install/action_interface_ws/lib/libaction_interface_ws__rosidl_typesupport_introspection_c.so
-- Set runtime path of "/home/byd/src/ros2/action_interface_ws/install/action_interface_ws/lib/libaction_interface_ws__rosidl_typesupport_introspection_c.so" to ""
-- Installing: /home/byd/src/ros2/action_interface_ws/install/action_interface_ws/lib/libaction_interface_ws__rosidl_typesupport_c.so
-- Set runtime path of "/home/byd/src/ros2/action_interface_ws/install/action_interface_ws/lib/libaction_interface_ws__rosidl_typesupport_c.so" to ""
-- Up-to-date: /home/byd/src/ros2/action_interface_ws/install/action_interface_ws/include/action_interface_ws/action_interface_ws
-- Up-to-date: /home/byd/src/ros2/action_interface_ws/install/action_interface_ws/include/action_interface_ws/action_interface_ws/action
-- Installing: /home/byd/src/ros2/action_interface_ws/install/action_interface_ws/include/action_interface_ws/action_interface_ws/action/book.hpp
-- Up-to-date: /home/byd/src/ros2/action_interface_ws/install/action_interface_ws/include/action_interface_ws/action_interface_ws/action/detail
-- Installing: /home/byd/src/ros2/action_interface_ws/install/action_interface_ws/include/action_interface_ws/action_interface_ws/action/detail/book__builder.hpp
-- Installing: /home/byd/src/ros2/action_interface_ws/install/action_interface_ws/include/action_interface_ws/action_interface_ws/action/detail/book__traits.hpp
-- Installing: /home/byd/src/ros2/action_interface_ws/install/action_interface_ws/include/action_interface_ws/action_interface_ws/action/detail/book__struct.hpp
-- Up-to-date: /home/byd/src/ros2/action_interface_ws/install/action_interface_ws/include/action_interface_ws/action_interface_ws
-- Up-to-date: /home/byd/src/ros2/action_interface_ws/install/action_interface_ws/include/action_interface_ws/action_interface_ws/action
-- Up-to-date: /home/byd/src/ros2/action_interface_ws/install/action_interface_ws/include/action_interface_ws/action_interface_ws/action/detail
-- Installing: /home/byd/src/ros2/action_interface_ws/install/action_interface_ws/include/action_interface_ws/action_interface_ws/action/detail/dds_fastrtps
-- Installing: /home/byd/src/ros2/action_interface_ws/install/action_interface_ws/include/action_interface_ws/action_interface_ws/action/detail/book__rosidl_typesupport_fastrtps_cpp.hpp
-- Up-to-date: /home/byd/src/ros2/action_interface_ws/install/action_interface_ws/include/action_interface_ws/action_interface_ws/msg
-- Installing: /home/byd/src/ros2/action_interface_ws/install/action_interface_ws/include/action_interface_ws/action_interface_ws/msg/rosidl_typesupport_fastrtps_cpp__visibility_control.h
-- Installing: /home/byd/src/ros2/action_interface_ws/install/action_interface_ws/lib/libaction_interface_ws__rosidl_typesupport_fastrtps_cpp.so
-- Set runtime path of "/home/byd/src/ros2/action_interface_ws/install/action_interface_ws/lib/libaction_interface_ws__rosidl_typesupport_fastrtps_cpp.so" to ""
-- Up-to-date: /home/byd/src/ros2/action_interface_ws/install/action_interface_ws/include/action_interface_ws/action_interface_ws
-- Up-to-date: /home/byd/src/ros2/action_interface_ws/install/action_interface_ws/include/action_interface_ws/action_interface_ws/action
-- Up-to-date: /home/byd/src/ros2/action_interface_ws/install/action_interface_ws/include/action_interface_ws/action_interface_ws/action/detail
-- Installing: /home/byd/src/ros2/action_interface_ws/install/action_interface_ws/include/action_interface_ws/action_interface_ws/action/detail/book__rosidl_typesupport_introspection_cpp.hpp
-- Installing: /home/byd/src/ros2/action_interface_ws/install/action_interface_ws/include/action_interface_ws/action_interface_ws/action/detail/book__type_support.cpp
-- Installing: /home/byd/src/ros2/action_interface_ws/install/action_interface_ws/lib/libaction_interface_ws__rosidl_typesupport_introspection_cpp.so
-- Set runtime path of "/home/byd/src/ros2/action_interface_ws/install/action_interface_ws/lib/libaction_interface_ws__rosidl_typesupport_introspection_cpp.so" to ""
-- Installing: /home/byd/src/ros2/action_interface_ws/install/action_interface_ws/lib/libaction_interface_ws__rosidl_typesupport_cpp.so
-- Set runtime path of "/home/byd/src/ros2/action_interface_ws/install/action_interface_ws/lib/libaction_interface_ws__rosidl_typesupport_cpp.so" to ""
-- Installing: /home/byd/src/ros2/action_interface_ws/install/action_interface_ws/share/action_interface_ws/environment/pythonpath.sh
-- Installing: /home/byd/src/ros2/action_interface_ws/install/action_interface_ws/share/action_interface_ws/environment/pythonpath.dsv
-- Installing: /home/byd/src/ros2/action_interface_ws/install/action_interface_ws/local/lib/python3.10/dist-packages/action_interface_ws-0.0.0-py3.10.egg-info
-- Installing: /home/byd/src/ros2/action_interface_ws/install/action_interface_ws/local/lib/python3.10/dist-packages/action_interface_ws-0.0.0-py3.10.egg-info/SOURCES.txt
-- Installing: /home/byd/src/ros2/action_interface_ws/install/action_interface_ws/local/lib/python3.10/dist-packages/action_interface_ws-0.0.0-py3.10.egg-info/PKG-INFO
-- Installing: /home/byd/src/ros2/action_interface_ws/install/action_interface_ws/local/lib/python3.10/dist-packages/action_interface_ws-0.0.0-py3.10.egg-info/top_level.txt
-- Installing: /home/byd/src/ros2/action_interface_ws/install/action_interface_ws/local/lib/python3.10/dist-packages/action_interface_ws-0.0.0-py3.10.egg-info/dependency_links.txt
-- Installing: /home/byd/src/ros2/action_interface_ws/install/action_interface_ws/local/lib/python3.10/dist-packages/action_interface_ws
-- Installing: /home/byd/src/ros2/action_interface_ws/install/action_interface_ws/local/lib/python3.10/dist-packages/action_interface_ws/__init__.py
-- Installing: /home/byd/src/ros2/action_interface_ws/install/action_interface_ws/local/lib/python3.10/dist-packages/action_interface_ws/action
-- Installing: /home/byd/src/ros2/action_interface_ws/install/action_interface_ws/local/lib/python3.10/dist-packages/action_interface_ws/action/__init__.py
-- Installing: /home/byd/src/ros2/action_interface_ws/install/action_interface_ws/local/lib/python3.10/dist-packages/action_interface_ws/action/_book.py
-- Installing: /home/byd/src/ros2/action_interface_ws/install/action_interface_ws/local/lib/python3.10/dist-packages/action_interface_ws/action/_book_s.c
-- Installing: /home/byd/src/ros2/action_interface_ws/install/action_interface_ws/local/lib/python3.10/dist-packages/action_interface_ws/action_interface_ws_s__rosidl_typesupport_fastrtps_c.cpython-310-aarch64-linux-gnu.so
-- Installing: /home/byd/src/ros2/action_interface_ws/install/action_interface_ws/local/lib/python3.10/dist-packages/action_interface_ws/libaction_interface_ws__rosidl_generator_py.so
-- Installing: /home/byd/src/ros2/action_interface_ws/install/action_interface_ws/local/lib/python3.10/dist-packages/action_interface_ws/_action_interface_ws_s.ep.rosidl_typesupport_fastrtps_c.c
-- Installing: /home/byd/src/ros2/action_interface_ws/install/action_interface_ws/local/lib/python3.10/dist-packages/action_interface_ws/_action_interface_ws_s.ep.rosidl_typesupport_introspection_c.c
-- Installing: /home/byd/src/ros2/action_interface_ws/install/action_interface_ws/local/lib/python3.10/dist-packages/action_interface_ws/action_interface_ws_s__rosidl_typesupport_introspection_c.cpython-310-aarch64-linux-gnu.so
-- Installing: /home/byd/src/ros2/action_interface_ws/install/action_interface_ws/local/lib/python3.10/dist-packages/action_interface_ws/action_interface_ws_s__rosidl_typesupport_c.cpython-310-aarch64-linux-gnu.so
-- Installing: /home/byd/src/ros2/action_interface_ws/install/action_interface_ws/local/lib/python3.10/dist-packages/action_interface_ws/_action_interface_ws_s.ep.rosidl_typesupport_c.c
Listing '/home/byd/src/ros2/action_interface_ws/install/action_interface_ws/local/lib/python3.10/dist-packages/action_interface_ws'...
Compiling '/home/byd/src/ros2/action_interface_ws/install/action_interface_ws/local/lib/python3.10/dist-packages/action_interface_ws/__init__.py'...
Listing '/home/byd/src/ros2/action_interface_ws/install/action_interface_ws/local/lib/python3.10/dist-packages/action_interface_ws/action'...
Compiling '/home/byd/src/ros2/action_interface_ws/install/action_interface_ws/local/lib/python3.10/dist-packages/action_interface_ws/action/__init__.py'...
Compiling '/home/byd/src/ros2/action_interface_ws/install/action_interface_ws/local/lib/python3.10/dist-packages/action_interface_ws/action/_book.py'...
-- Installing: /home/byd/src/ros2/action_interface_ws/install/action_interface_ws/local/lib/python3.10/dist-packages/action_interface_ws/action_interface_ws_s__rosidl_typesupport_fastrtps_c.cpython-310-aarch64-linux-gnu.so
-- Set runtime path of "/home/byd/src/ros2/action_interface_ws/install/action_interface_ws/local/lib/python3.10/dist-packages/action_interface_ws/action_interface_ws_s__rosidl_typesupport_fastrtps_c.cpython-310-aarch64-linux-gnu.so" to ""
-- Installing: /home/byd/src/ros2/action_interface_ws/install/action_interface_ws/local/lib/python3.10/dist-packages/action_interface_ws/action_interface_ws_s__rosidl_typesupport_introspection_c.cpython-310-aarch64-linux-gnu.so
-- Set runtime path of "/home/byd/src/ros2/action_interface_ws/install/action_interface_ws/local/lib/python3.10/dist-packages/action_interface_ws/action_interface_ws_s__rosidl_typesupport_introspection_c.cpython-310-aarch64-linux-gnu.so" to ""
-- Installing: /home/byd/src/ros2/action_interface_ws/install/action_interface_ws/local/lib/python3.10/dist-packages/action_interface_ws/action_interface_ws_s__rosidl_typesupport_c.cpython-310-aarch64-linux-gnu.so
-- Set runtime path of "/home/byd/src/ros2/action_interface_ws/install/action_interface_ws/local/lib/python3.10/dist-packages/action_interface_ws/action_interface_ws_s__rosidl_typesupport_c.cpython-310-aarch64-linux-gnu.so" to ""
-- Installing: /home/byd/src/ros2/action_interface_ws/install/action_interface_ws/lib/libaction_interface_ws__rosidl_generator_py.so
-- Set runtime path of "/home/byd/src/ros2/action_interface_ws/install/action_interface_ws/lib/libaction_interface_ws__rosidl_generator_py.so" to ""
-- Installing: /home/byd/src/ros2/action_interface_ws/install/action_interface_ws/share/action_interface_ws/action/Book.idl
-- Installing: /home/byd/src/ros2/action_interface_ws/install/action_interface_ws/share/action_interface_ws/action/Book.action
-- Installing: /home/byd/src/ros2/action_interface_ws/install/action_interface_ws/share/ament_index/resource_index/package_run_dependencies/action_interface_ws
-- Installing: /home/byd/src/ros2/action_interface_ws/install/action_interface_ws/share/ament_index/resource_index/parent_prefix_path/action_interface_ws
-- Up-to-date: /home/byd/src/ros2/action_interface_ws/install/action_interface_ws/share/action_interface_ws/environment/ament_prefix_path.sh
-- Installing: /home/byd/src/ros2/action_interface_ws/install/action_interface_ws/share/action_interface_ws/environment/ament_prefix_path.dsv
-- Up-to-date: /home/byd/src/ros2/action_interface_ws/install/action_interface_ws/share/action_interface_ws/environment/path.sh
-- Installing: /home/byd/src/ros2/action_interface_ws/install/action_interface_ws/share/action_interface_ws/environment/path.dsv
-- Up-to-date: /home/byd/src/ros2/action_interface_ws/install/action_interface_ws/share/action_interface_ws/local_setup.bash
-- Installing: /home/byd/src/ros2/action_interface_ws/install/action_interface_ws/share/action_interface_ws/local_setup.sh
-- Up-to-date: /home/byd/src/ros2/action_interface_ws/install/action_interface_ws/share/action_interface_ws/local_setup.zsh
-- Installing: /home/byd/src/ros2/action_interface_ws/install/action_interface_ws/share/action_interface_ws/local_setup.dsv
-- Installing: /home/byd/src/ros2/action_interface_ws/install/action_interface_ws/share/action_interface_ws/package.dsv
-- Up-to-date: /home/byd/src/ros2/action_interface_ws/install/action_interface_ws/share/ament_index/resource_index/packages/action_interface_ws
-- Installing: /home/byd/src/ros2/action_interface_ws/install/action_interface_ws/share/action_interface_ws/cmake/export_action_interface_ws__rosidl_generator_cExport.cmake
-- Installing: /home/byd/src/ros2/action_interface_ws/install/action_interface_ws/share/action_interface_ws/cmake/export_action_interface_ws__rosidl_generator_cExport-noconfig.cmake
-- Installing: /home/byd/src/ros2/action_interface_ws/install/action_interface_ws/share/action_interface_ws/cmake/export_action_interface_ws__rosidl_typesupport_fastrtps_cExport.cmake
-- Installing: /home/byd/src/ros2/action_interface_ws/install/action_interface_ws/share/action_interface_ws/cmake/export_action_interface_ws__rosidl_typesupport_fastrtps_cExport-noconfig.cmake
-- Installing: /home/byd/src/ros2/action_interface_ws/install/action_interface_ws/share/action_interface_ws/cmake/action_interface_ws__rosidl_typesupport_introspection_cExport.cmake
-- Installing: /home/byd/src/ros2/action_interface_ws/install/action_interface_ws/share/action_interface_ws/cmake/action_interface_ws__rosidl_typesupport_introspection_cExport-noconfig.cmake
-- Installing: /home/byd/src/ros2/action_interface_ws/install/action_interface_ws/share/action_interface_ws/cmake/action_interface_ws__rosidl_typesupport_cExport.cmake
-- Installing: /home/byd/src/ros2/action_interface_ws/install/action_interface_ws/share/action_interface_ws/cmake/action_interface_ws__rosidl_typesupport_cExport-noconfig.cmake
-- Installing: /home/byd/src/ros2/action_interface_ws/install/action_interface_ws/share/action_interface_ws/cmake/export_action_interface_ws__rosidl_generator_cppExport.cmake
-- Installing: /home/byd/src/ros2/action_interface_ws/install/action_interface_ws/share/action_interface_ws/cmake/export_action_interface_ws__rosidl_typesupport_fastrtps_cppExport.cmake
-- Installing: /home/byd/src/ros2/action_interface_ws/install/action_interface_ws/share/action_interface_ws/cmake/export_action_interface_ws__rosidl_typesupport_fastrtps_cppExport-noconfig.cmake
-- Installing: /home/byd/src/ros2/action_interface_ws/install/action_interface_ws/share/action_interface_ws/cmake/action_interface_ws__rosidl_typesupport_introspection_cppExport.cmake
-- Installing: /home/byd/src/ros2/action_interface_ws/install/action_interface_ws/share/action_interface_ws/cmake/action_interface_ws__rosidl_typesupport_introspection_cppExport-noconfig.cmake
-- Installing: /home/byd/src/ros2/action_interface_ws/install/action_interface_ws/share/action_interface_ws/cmake/action_interface_ws__rosidl_typesupport_cppExport.cmake
-- Installing: /home/byd/src/ros2/action_interface_ws/install/action_interface_ws/share/action_interface_ws/cmake/action_interface_ws__rosidl_typesupport_cppExport-noconfig.cmake
-- Installing: /home/byd/src/ros2/action_interface_ws/install/action_interface_ws/share/action_interface_ws/cmake/export_action_interface_ws__rosidl_generator_pyExport.cmake
-- Installing: /home/byd/src/ros2/action_interface_ws/install/action_interface_ws/share/action_interface_ws/cmake/export_action_interface_ws__rosidl_generator_pyExport-noconfig.cmake
-- Installing: /home/byd/src/ros2/action_interface_ws/install/action_interface_ws/share/action_interface_ws/cmake/rosidl_cmake-extras.cmake
-- Installing: /home/byd/src/ros2/action_interface_ws/install/action_interface_ws/share/action_interface_ws/cmake/ament_cmake_export_dependencies-extras.cmake
-- Installing: /home/byd/src/ros2/action_interface_ws/install/action_interface_ws/share/action_interface_ws/cmake/ament_cmake_export_include_directories-extras.cmake
-- Installing: /home/byd/src/ros2/action_interface_ws/install/action_interface_ws/share/action_interface_ws/cmake/ament_cmake_export_libraries-extras.cmake
-- Installing: /home/byd/src/ros2/action_interface_ws/install/action_interface_ws/share/action_interface_ws/cmake/ament_cmake_export_targets-extras.cmake
-- Installing: /home/byd/src/ros2/action_interface_ws/install/action_interface_ws/share/action_interface_ws/cmake/rosidl_cmake_export_typesupport_targets-extras.cmake
-- Installing: /home/byd/src/ros2/action_interface_ws/install/action_interface_ws/share/action_interface_ws/cmake/rosidl_cmake_export_typesupport_libraries-extras.cmake
-- Installing: /home/byd/src/ros2/action_interface_ws/install/action_interface_ws/share/action_interface_ws/cmake/action_interface_wsConfig.cmake
-- Up-to-date: /home/byd/src/ros2/action_interface_ws/install/action_interface_ws/share/action_interface_ws/cmake/action_interface_wsConfig-version.cmake
-- Installing: /home/byd/src/ros2/action_interface_ws/install/action_interface_ws/share/action_interface_ws/package.xml
