[0.020s] Invoking command in '/home/byd/src/ros2/action_interface_ws/build/action_interface_ws': CMAKE_PREFIX_PATH=${CMAKE_PREFIX_PATH}:/opt/ros/humble /usr/bin/cmake --build /home/byd/src/ros2/action_interface_ws/build/action_interface_ws -- -j8 -l8
[0.055s] -- Found ament_cmake: 1.3.10 (/opt/ros/humble/share/ament_cmake/cmake)
[0.285s] -- Found rosidl_default_generators: 1.2.0 (/opt/ros/humble/share/rosidl_default_generators/cmake)
[0.289s] -- Using all available rosidl_typesupport_c: rosidl_typesupport_fastrtps_c;rosidl_typesupport_introspection_c
[0.298s] -- Found rosidl_adapter: 3.1.5 (/opt/ros/humble/share/rosidl_adapter/cmake)
[0.358s] -- Using all available rosidl_typesupport_cpp: rosidl_typesupport_fastrtps_cpp;rosidl_typesupport_introspection_cpp
[0.934s] -- Found ament_cmake_ros: 0.10.0 (/opt/ros/humble/share/ament_cmake_ros/cmake)
[1.281s] -- Using all available rosidl_typesupport_c: rosidl_typesupport_fastrtps_c;rosidl_typesupport_introspection_c
[1.743s] -- Using all available rosidl_typesupport_cpp: rosidl_typesupport_fastrtps_cpp;rosidl_typesupport_introspection_cpp
[1.786s] -- Found PythonInterp: /usr/bin/python3 (found suitable version "3.10.12", minimum required is "3.6") 
[1.791s] -- Found python_cmake_module: 0.10.0 (/opt/ros/humble/share/python_cmake_module/cmake)
[1.844s] -- Found PythonLibs: /usr/lib/aarch64-linux-gnu/libpython3.10.so (found suitable version "3.10.12", minimum required is "3.5") 
[1.845s] -- Using PYTHON_EXECUTABLE: /usr/bin/python3
[1.845s] -- Using PYTHON_INCLUDE_DIRS: /usr/include/python3.10
[1.845s] -- Using PYTHON_LIBRARIES: /usr/lib/aarch64-linux-gnu/libpython3.10.so
[1.882s] -- Found PythonExtra: .so  
[1.951s] -- Found ament_lint_auto: 0.12.11 (/opt/ros/humble/share/ament_lint_auto/cmake)
[1.991s] -- Added test 'cppcheck' to perform static code analysis on C / C++ code
[1.992s] -- Configured cppcheck include dirs: $<BUILD_INTERFACE:/home/byd/src/ros2/action_interface_ws/build/action_interface_ws/rosidl_generator_c>;$<BUILD_INTERFACE:/home/byd/src/ros2/action_interface_ws/build/action_interface_ws/rosidl_typesupport_fastrtps_c>;$<BUILD_INTERFACE:/home/byd/src/ros2/action_interface_ws/build/action_interface_ws/rosidl_typesupport_introspection_c>;$<BUILD_INTERFACE:/home/byd/src/ros2/action_interface_ws/build/action_interface_ws/rosidl_generator_cpp>;$<BUILD_INTERFACE:/home/byd/src/ros2/action_interface_ws/build/action_interface_ws/rosidl_typesupport_fastrtps_cpp>;$<BUILD_INTERFACE:/home/byd/src/ros2/action_interface_ws/build/action_interface_ws/rosidl_typesupport_introspection_cpp>;/home/byd/src/ros2/action_interface_ws/build/action_interface_ws/rosidl_generator_c;/home/byd/src/ros2/action_interface_ws/build/action_interface_ws/rosidl_generator_py
[1.992s] -- Configured cppcheck exclude dirs and/or files: 
[1.995s] -- Added test 'flake8' to check Python code syntax and style conventions
[2.000s] -- Added test 'lint_cmake' to check CMake code style
[2.002s] -- Added test 'pep257' to check Python code against some of the docstring style conventions in PEP 257
[2.020s] -- Added test 'uncrustify' to check C / C++ code style
[2.021s] -- Configured uncrustify additional arguments: 
[2.023s] -- Added test 'xmllint' to check XML markup files
[2.027s] -- Configuring done
[2.095s] -- Generating done
[2.101s] -- Build files have been written to: /home/byd/src/ros2/action_interface_ws/build/action_interface_ws
[2.147s] [  3%] [34m[1mGenerating C code for ROS interfaces[0m
[2.162s] [  6%] [34m[1mGenerating C++ code for ROS interfaces[0m
[2.175s] [  6%] Built target ament_cmake_python_copy_action_interface_ws
[2.612s] running egg_info
[2.613s] creating action_interface_ws.egg-info
[2.613s] writing action_interface_ws.egg-info/PKG-INFO
[2.614s] writing dependency_links to action_interface_ws.egg-info/dependency_links.txt
[2.614s] writing top-level names to action_interface_ws.egg-info/top_level.txt
[2.614s] writing manifest file 'action_interface_ws.egg-info/SOURCES.txt'
[2.618s] reading manifest file 'action_interface_ws.egg-info/SOURCES.txt'
[2.619s] writing manifest file 'action_interface_ws.egg-info/SOURCES.txt'
[2.683s] [  6%] Built target ament_cmake_python_build_action_interface_ws_egg
[2.942s] [  9%] [32mBuilding C object CMakeFiles/action_interface_ws__rosidl_generator_c.dir/rosidl_generator_c/action_interface_ws/action/detail/book__functions.c.o[0m
[2.952s] [  9%] Built target action_interface_ws__cpp
[2.971s] [ 19%] [34m[1mGenerating C++ type support for eProsima Fast-RTPS[0m
[2.972s] [ 19%] [34m[1mGenerating C++ type support dispatch for ROS interfaces[0m
[2.972s] [ 19%] [34m[1mGenerating C++ introspection for ROS interfaces[0m
[3.226s] [ 22%] [32m[1mLinking C shared library libaction_interface_ws__rosidl_generator_c.so[0m
[3.290s] [ 22%] Built target action_interface_ws__rosidl_generator_c
[3.308s] [ 32%] [34m[1mGenerating C type support dispatch for ROS interfaces[0m
[3.309s] [ 32%] [34m[1mGenerating C type support for eProsima Fast-RTPS[0m
[3.309s] [ 32%] [34m[1mGenerating C introspection for ROS interfaces[0m
[3.524s] [ 35%] [32mBuilding CXX object CMakeFiles/action_interface_ws__rosidl_typesupport_cpp.dir/rosidl_typesupport_cpp/action_interface_ws/action/book__type_support.cpp.o[0m
[3.609s] [ 38%] [32mBuilding CXX object CMakeFiles/action_interface_ws__rosidl_typesupport_introspection_cpp.dir/rosidl_typesupport_introspection_cpp/action_interface_ws/action/detail/book__type_support.cpp.o[0m
[3.704s] [ 41%] [32mBuilding CXX object CMakeFiles/action_interface_ws__rosidl_typesupport_fastrtps_cpp.dir/rosidl_typesupport_fastrtps_cpp/action_interface_ws/action/detail/dds_fastrtps/book__type_support.cpp.o[0m
[3.862s] [ 45%] [32mBuilding CXX object CMakeFiles/action_interface_ws__rosidl_typesupport_c.dir/rosidl_typesupport_c/action_interface_ws/action/book__type_support.cpp.o[0m
[3.958s] [ 48%] [32m[1mLinking CXX shared library libaction_interface_ws__rosidl_typesupport_c.so[0m
[4.049s] [ 51%] [32mBuilding C object CMakeFiles/action_interface_ws__rosidl_typesupport_introspection_c.dir/rosidl_typesupport_introspection_c/action_interface_ws/action/detail/book__type_support.c.o[0m
[4.049s] [ 51%] Built target action_interface_ws__rosidl_typesupport_c
[4.066s] [ 54%] [32mBuilding CXX object CMakeFiles/action_interface_ws__rosidl_typesupport_fastrtps_c.dir/rosidl_typesupport_fastrtps_c/action_interface_ws/action/detail/book__type_support_c.cpp.o[0m
[4.148s] [ 58%] [32m[1mLinking C shared library libaction_interface_ws__rosidl_typesupport_introspection_c.so[0m
[4.215s] [ 58%] Built target action_interface_ws__rosidl_typesupport_introspection_c
[4.447s] [ 61%] [32m[1mLinking CXX shared library libaction_interface_ws__rosidl_typesupport_cpp.so[0m
[4.523s] [ 61%] Built target action_interface_ws__rosidl_typesupport_cpp
[4.777s] [ 64%] [32m[1mLinking CXX shared library libaction_interface_ws__rosidl_typesupport_introspection_cpp.so[0m
[4.831s] [ 70%] [32m[1mLinking CXX shared library libaction_interface_ws__rosidl_typesupport_fastrtps_c.so[0m
[4.831s] [ 70%] [32m[1mLinking CXX shared library libaction_interface_ws__rosidl_typesupport_fastrtps_cpp.so[0m
[4.908s] [ 70%] Built target action_interface_ws__rosidl_typesupport_introspection_cpp
[4.976s] [ 70%] Built target action_interface_ws__rosidl_typesupport_fastrtps_cpp
[4.976s] [ 70%] Built target action_interface_ws__rosidl_typesupport_fastrtps_c
[5.008s] [ 70%] Built target action_interface_ws
[5.039s] [ 74%] [34m[1mGenerating Python code for ROS interfaces[0m
[6.336s] [ 74%] Built target action_interface_ws__py
[6.370s] [ 77%] [32mBuilding C object CMakeFiles/action_interface_ws__rosidl_generator_py.dir/rosidl_generator_py/action_interface_ws/action/_book_s.c.o[0m
[6.648s] [ 80%] [32m[1mLinking C shared library rosidl_generator_py/action_interface_ws/libaction_interface_ws__rosidl_generator_py.so[0m
[6.722s] [ 80%] Built target action_interface_ws__rosidl_generator_py
[6.755s] [ 90%] [32mBuilding C object CMakeFiles/action_interface_ws__rosidl_typesupport_fastrtps_c__pyext.dir/rosidl_generator_py/action_interface_ws/_action_interface_ws_s.ep.rosidl_typesupport_fastrtps_c.c.o[0m
[6.756s] [ 90%] [32mBuilding C object CMakeFiles/action_interface_ws__rosidl_typesupport_c__pyext.dir/rosidl_generator_py/action_interface_ws/_action_interface_ws_s.ep.rosidl_typesupport_c.c.o[0m
[6.756s] [ 90%] [32mBuilding C object CMakeFiles/action_interface_ws__rosidl_typesupport_introspection_c__pyext.dir/rosidl_generator_py/action_interface_ws/_action_interface_ws_s.ep.rosidl_typesupport_introspection_c.c.o[0m
[6.973s] [ 96%] [32m[1mLinking C shared library rosidl_generator_py/action_interface_ws/action_interface_ws_s__rosidl_typesupport_introspection_c.cpython-310-aarch64-linux-gnu.so[0m
[6.973s] [ 96%] [32m[1mLinking C shared library rosidl_generator_py/action_interface_ws/action_interface_ws_s__rosidl_typesupport_fastrtps_c.cpython-310-aarch64-linux-gnu.so[0m
[6.973s] [100%] [32m[1mLinking C shared library rosidl_generator_py/action_interface_ws/action_interface_ws_s__rosidl_typesupport_c.cpython-310-aarch64-linux-gnu.so[0m
[7.040s] [100%] Built target action_interface_ws__rosidl_typesupport_introspection_c__pyext
[7.040s] [100%] Built target action_interface_ws__rosidl_typesupport_c__pyext
[7.040s] [100%] Built target action_interface_ws__rosidl_typesupport_fastrtps_c__pyext
[7.062s] Invoked command in '/home/byd/src/ros2/action_interface_ws/build/action_interface_ws' returned '0': CMAKE_PREFIX_PATH=${CMAKE_PREFIX_PATH}:/opt/ros/humble /usr/bin/cmake --build /home/byd/src/ros2/action_interface_ws/build/action_interface_ws -- -j8 -l8
[7.172s] Invoking command in '/home/byd/src/ros2/action_interface_ws/build/action_interface_ws': CMAKE_PREFIX_PATH=${CMAKE_PREFIX_PATH}:/opt/ros/humble /usr/bin/cmake --install /home/byd/src/ros2/action_interface_ws/build/action_interface_ws
[7.184s] -- Install configuration: ""
[7.185s] -- Installing: /home/byd/src/ros2/action_interface_ws/install/action_interface_ws/share/ament_index/resource_index/rosidl_interfaces/action_interface_ws
[7.185s] -- Installing: /home/byd/src/ros2/action_interface_ws/install/action_interface_ws/include/action_interface_ws/action_interface_ws
[7.185s] -- Installing: /home/byd/src/ros2/action_interface_ws/install/action_interface_ws/include/action_interface_ws/action_interface_ws/action
[7.185s] -- Installing: /home/byd/src/ros2/action_interface_ws/install/action_interface_ws/include/action_interface_ws/action_interface_ws/action/book.h
[7.185s] -- Installing: /home/byd/src/ros2/action_interface_ws/install/action_interface_ws/include/action_interface_ws/action_interface_ws/action/detail
[7.186s] -- Installing: /home/byd/src/ros2/action_interface_ws/install/action_interface_ws/include/action_interface_ws/action_interface_ws/action/detail/book__functions.h
[7.186s] -- Installing: /home/byd/src/ros2/action_interface_ws/install/action_interface_ws/include/action_interface_ws/action_interface_ws/action/detail/book__struct.h
[7.186s] -- Installing: /home/byd/src/ros2/action_interface_ws/install/action_interface_ws/include/action_interface_ws/action_interface_ws/action/detail/book__functions.c
[7.186s] -- Installing: /home/byd/src/ros2/action_interface_ws/install/action_interface_ws/include/action_interface_ws/action_interface_ws/action/detail/book__type_support.h
[7.186s] -- Installing: /home/byd/src/ros2/action_interface_ws/install/action_interface_ws/include/action_interface_ws/action_interface_ws/msg
[7.187s] -- Installing: /home/byd/src/ros2/action_interface_ws/install/action_interface_ws/include/action_interface_ws/action_interface_ws/msg/rosidl_generator_c__visibility_control.h
[7.187s] -- Installing: /home/byd/src/ros2/action_interface_ws/install/action_interface_ws/share/action_interface_ws/environment/library_path.sh
[7.187s] -- Installing: /home/byd/src/ros2/action_interface_ws/install/action_interface_ws/share/action_interface_ws/environment/library_path.dsv
[7.187s] -- Installing: /home/byd/src/ros2/action_interface_ws/install/action_interface_ws/lib/libaction_interface_ws__rosidl_generator_c.so
[7.188s] -- Set runtime path of "/home/byd/src/ros2/action_interface_ws/install/action_interface_ws/lib/libaction_interface_ws__rosidl_generator_c.so" to ""
[7.189s] -- Up-to-date: /home/byd/src/ros2/action_interface_ws/install/action_interface_ws/include/action_interface_ws/action_interface_ws
[7.189s] -- Up-to-date: /home/byd/src/ros2/action_interface_ws/install/action_interface_ws/include/action_interface_ws/action_interface_ws/action
[7.189s] -- Up-to-date: /home/byd/src/ros2/action_interface_ws/install/action_interface_ws/include/action_interface_ws/action_interface_ws/action/detail
[7.189s] -- Installing: /home/byd/src/ros2/action_interface_ws/install/action_interface_ws/include/action_interface_ws/action_interface_ws/action/detail/book__rosidl_typesupport_fastrtps_c.h
[7.189s] -- Up-to-date: /home/byd/src/ros2/action_interface_ws/install/action_interface_ws/include/action_interface_ws/action_interface_ws/msg
[7.190s] -- Installing: /home/byd/src/ros2/action_interface_ws/install/action_interface_ws/include/action_interface_ws/action_interface_ws/msg/rosidl_typesupport_fastrtps_c__visibility_control.h
[7.190s] -- Installing: /home/byd/src/ros2/action_interface_ws/install/action_interface_ws/lib/libaction_interface_ws__rosidl_typesupport_fastrtps_c.so
[7.190s] -- Set runtime path of "/home/byd/src/ros2/action_interface_ws/install/action_interface_ws/lib/libaction_interface_ws__rosidl_typesupport_fastrtps_c.so" to ""
[7.190s] -- Up-to-date: /home/byd/src/ros2/action_interface_ws/install/action_interface_ws/include/action_interface_ws/action_interface_ws
[7.190s] -- Up-to-date: /home/byd/src/ros2/action_interface_ws/install/action_interface_ws/include/action_interface_ws/action_interface_ws/action
[7.190s] -- Up-to-date: /home/byd/src/ros2/action_interface_ws/install/action_interface_ws/include/action_interface_ws/action_interface_ws/action/detail
[7.190s] -- Installing: /home/byd/src/ros2/action_interface_ws/install/action_interface_ws/include/action_interface_ws/action_interface_ws/action/detail/book__type_support.c
[7.191s] -- Installing: /home/byd/src/ros2/action_interface_ws/install/action_interface_ws/include/action_interface_ws/action_interface_ws/action/detail/book__rosidl_typesupport_introspection_c.h
[7.191s] -- Up-to-date: /home/byd/src/ros2/action_interface_ws/install/action_interface_ws/include/action_interface_ws/action_interface_ws/msg
[7.191s] -- Installing: /home/byd/src/ros2/action_interface_ws/install/action_interface_ws/include/action_interface_ws/action_interface_ws/msg/rosidl_typesupport_introspection_c__visibility_control.h
[7.191s] -- Installing: /home/byd/src/ros2/action_interface_ws/install/action_interface_ws/lib/libaction_interface_ws__rosidl_typesupport_introspection_c.so
[7.191s] -- Set runtime path of "/home/byd/src/ros2/action_interface_ws/install/action_interface_ws/lib/libaction_interface_ws__rosidl_typesupport_introspection_c.so" to ""
[7.191s] -- Installing: /home/byd/src/ros2/action_interface_ws/install/action_interface_ws/lib/libaction_interface_ws__rosidl_typesupport_c.so
[7.192s] -- Set runtime path of "/home/byd/src/ros2/action_interface_ws/install/action_interface_ws/lib/libaction_interface_ws__rosidl_typesupport_c.so" to ""
[7.192s] -- Up-to-date: /home/byd/src/ros2/action_interface_ws/install/action_interface_ws/include/action_interface_ws/action_interface_ws
[7.192s] -- Up-to-date: /home/byd/src/ros2/action_interface_ws/install/action_interface_ws/include/action_interface_ws/action_interface_ws/action
[7.192s] -- Installing: /home/byd/src/ros2/action_interface_ws/install/action_interface_ws/include/action_interface_ws/action_interface_ws/action/book.hpp
[7.193s] -- Up-to-date: /home/byd/src/ros2/action_interface_ws/install/action_interface_ws/include/action_interface_ws/action_interface_ws/action/detail
[7.193s] -- Installing: /home/byd/src/ros2/action_interface_ws/install/action_interface_ws/include/action_interface_ws/action_interface_ws/action/detail/book__builder.hpp
[7.193s] -- Installing: /home/byd/src/ros2/action_interface_ws/install/action_interface_ws/include/action_interface_ws/action_interface_ws/action/detail/book__traits.hpp
[7.193s] -- Installing: /home/byd/src/ros2/action_interface_ws/install/action_interface_ws/include/action_interface_ws/action_interface_ws/action/detail/book__struct.hpp
[7.193s] -- Up-to-date: /home/byd/src/ros2/action_interface_ws/install/action_interface_ws/include/action_interface_ws/action_interface_ws
[7.193s] -- Up-to-date: /home/byd/src/ros2/action_interface_ws/install/action_interface_ws/include/action_interface_ws/action_interface_ws/action
[7.194s] -- Up-to-date: /home/byd/src/ros2/action_interface_ws/install/action_interface_ws/include/action_interface_ws/action_interface_ws/action/detail
[7.194s] -- Installing: /home/byd/src/ros2/action_interface_ws/install/action_interface_ws/include/action_interface_ws/action_interface_ws/action/detail/dds_fastrtps
[7.194s] -- Installing: /home/byd/src/ros2/action_interface_ws/install/action_interface_ws/include/action_interface_ws/action_interface_ws/action/detail/book__rosidl_typesupport_fastrtps_cpp.hpp
[7.194s] -- Up-to-date: /home/byd/src/ros2/action_interface_ws/install/action_interface_ws/include/action_interface_ws/action_interface_ws/msg
[7.194s] -- Installing: /home/byd/src/ros2/action_interface_ws/install/action_interface_ws/include/action_interface_ws/action_interface_ws/msg/rosidl_typesupport_fastrtps_cpp__visibility_control.h
[7.194s] -- Installing: /home/byd/src/ros2/action_interface_ws/install/action_interface_ws/lib/libaction_interface_ws__rosidl_typesupport_fastrtps_cpp.so
[7.195s] -- Set runtime path of "/home/byd/src/ros2/action_interface_ws/install/action_interface_ws/lib/libaction_interface_ws__rosidl_typesupport_fastrtps_cpp.so" to ""
[7.195s] -- Up-to-date: /home/byd/src/ros2/action_interface_ws/install/action_interface_ws/include/action_interface_ws/action_interface_ws
[7.195s] -- Up-to-date: /home/byd/src/ros2/action_interface_ws/install/action_interface_ws/include/action_interface_ws/action_interface_ws/action
[7.195s] -- Up-to-date: /home/byd/src/ros2/action_interface_ws/install/action_interface_ws/include/action_interface_ws/action_interface_ws/action/detail
[7.196s] -- Installing: /home/byd/src/ros2/action_interface_ws/install/action_interface_ws/include/action_interface_ws/action_interface_ws/action/detail/book__rosidl_typesupport_introspection_cpp.hpp
[7.196s] -- Installing: /home/byd/src/ros2/action_interface_ws/install/action_interface_ws/include/action_interface_ws/action_interface_ws/action/detail/book__type_support.cpp
[7.196s] -- Installing: /home/byd/src/ros2/action_interface_ws/install/action_interface_ws/lib/libaction_interface_ws__rosidl_typesupport_introspection_cpp.so
[7.196s] -- Set runtime path of "/home/byd/src/ros2/action_interface_ws/install/action_interface_ws/lib/libaction_interface_ws__rosidl_typesupport_introspection_cpp.so" to ""
[7.196s] -- Installing: /home/byd/src/ros2/action_interface_ws/install/action_interface_ws/lib/libaction_interface_ws__rosidl_typesupport_cpp.so
[7.197s] -- Set runtime path of "/home/byd/src/ros2/action_interface_ws/install/action_interface_ws/lib/libaction_interface_ws__rosidl_typesupport_cpp.so" to ""
[7.197s] -- Installing: /home/byd/src/ros2/action_interface_ws/install/action_interface_ws/share/action_interface_ws/environment/pythonpath.sh
[7.197s] -- Installing: /home/byd/src/ros2/action_interface_ws/install/action_interface_ws/share/action_interface_ws/environment/pythonpath.dsv
[7.198s] -- Installing: /home/byd/src/ros2/action_interface_ws/install/action_interface_ws/local/lib/python3.10/dist-packages/action_interface_ws-0.0.0-py3.10.egg-info
[7.198s] -- Installing: /home/byd/src/ros2/action_interface_ws/install/action_interface_ws/local/lib/python3.10/dist-packages/action_interface_ws-0.0.0-py3.10.egg-info/SOURCES.txt
[7.198s] -- Installing: /home/byd/src/ros2/action_interface_ws/install/action_interface_ws/local/lib/python3.10/dist-packages/action_interface_ws-0.0.0-py3.10.egg-info/PKG-INFO
[7.198s] -- Installing: /home/byd/src/ros2/action_interface_ws/install/action_interface_ws/local/lib/python3.10/dist-packages/action_interface_ws-0.0.0-py3.10.egg-info/top_level.txt
[7.198s] -- Installing: /home/byd/src/ros2/action_interface_ws/install/action_interface_ws/local/lib/python3.10/dist-packages/action_interface_ws-0.0.0-py3.10.egg-info/dependency_links.txt
[7.199s] -- Installing: /home/byd/src/ros2/action_interface_ws/install/action_interface_ws/local/lib/python3.10/dist-packages/action_interface_ws
[7.199s] -- Installing: /home/byd/src/ros2/action_interface_ws/install/action_interface_ws/local/lib/python3.10/dist-packages/action_interface_ws/__init__.py
[7.199s] -- Installing: /home/byd/src/ros2/action_interface_ws/install/action_interface_ws/local/lib/python3.10/dist-packages/action_interface_ws/action
[7.199s] -- Installing: /home/byd/src/ros2/action_interface_ws/install/action_interface_ws/local/lib/python3.10/dist-packages/action_interface_ws/action/__init__.py
[7.199s] -- Installing: /home/byd/src/ros2/action_interface_ws/install/action_interface_ws/local/lib/python3.10/dist-packages/action_interface_ws/action/_book.py
[7.200s] -- Installing: /home/byd/src/ros2/action_interface_ws/install/action_interface_ws/local/lib/python3.10/dist-packages/action_interface_ws/action/_book_s.c
[7.200s] -- Installing: /home/byd/src/ros2/action_interface_ws/install/action_interface_ws/local/lib/python3.10/dist-packages/action_interface_ws/action_interface_ws_s__rosidl_typesupport_fastrtps_c.cpython-310-aarch64-linux-gnu.so
[7.200s] -- Installing: /home/byd/src/ros2/action_interface_ws/install/action_interface_ws/local/lib/python3.10/dist-packages/action_interface_ws/libaction_interface_ws__rosidl_generator_py.so
[7.200s] -- Installing: /home/byd/src/ros2/action_interface_ws/install/action_interface_ws/local/lib/python3.10/dist-packages/action_interface_ws/_action_interface_ws_s.ep.rosidl_typesupport_fastrtps_c.c
[7.201s] -- Installing: /home/byd/src/ros2/action_interface_ws/install/action_interface_ws/local/lib/python3.10/dist-packages/action_interface_ws/_action_interface_ws_s.ep.rosidl_typesupport_introspection_c.c
[7.201s] -- Installing: /home/byd/src/ros2/action_interface_ws/install/action_interface_ws/local/lib/python3.10/dist-packages/action_interface_ws/action_interface_ws_s__rosidl_typesupport_introspection_c.cpython-310-aarch64-linux-gnu.so
[7.202s] -- Installing: /home/byd/src/ros2/action_interface_ws/install/action_interface_ws/local/lib/python3.10/dist-packages/action_interface_ws/action_interface_ws_s__rosidl_typesupport_c.cpython-310-aarch64-linux-gnu.so
[7.202s] -- Installing: /home/byd/src/ros2/action_interface_ws/install/action_interface_ws/local/lib/python3.10/dist-packages/action_interface_ws/_action_interface_ws_s.ep.rosidl_typesupport_c.c
[7.264s] Listing '/home/byd/src/ros2/action_interface_ws/install/action_interface_ws/local/lib/python3.10/dist-packages/action_interface_ws'...
[7.265s] Compiling '/home/byd/src/ros2/action_interface_ws/install/action_interface_ws/local/lib/python3.10/dist-packages/action_interface_ws/__init__.py'...
[7.265s] Listing '/home/byd/src/ros2/action_interface_ws/install/action_interface_ws/local/lib/python3.10/dist-packages/action_interface_ws/action'...
[7.265s] Compiling '/home/byd/src/ros2/action_interface_ws/install/action_interface_ws/local/lib/python3.10/dist-packages/action_interface_ws/action/__init__.py'...
[7.266s] Compiling '/home/byd/src/ros2/action_interface_ws/install/action_interface_ws/local/lib/python3.10/dist-packages/action_interface_ws/action/_book.py'...
[7.276s] -- Installing: /home/byd/src/ros2/action_interface_ws/install/action_interface_ws/local/lib/python3.10/dist-packages/action_interface_ws/action_interface_ws_s__rosidl_typesupport_fastrtps_c.cpython-310-aarch64-linux-gnu.so
[7.276s] -- Set runtime path of "/home/byd/src/ros2/action_interface_ws/install/action_interface_ws/local/lib/python3.10/dist-packages/action_interface_ws/action_interface_ws_s__rosidl_typesupport_fastrtps_c.cpython-310-aarch64-linux-gnu.so" to ""
[7.277s] -- Installing: /home/byd/src/ros2/action_interface_ws/install/action_interface_ws/local/lib/python3.10/dist-packages/action_interface_ws/action_interface_ws_s__rosidl_typesupport_introspection_c.cpython-310-aarch64-linux-gnu.so
[7.277s] -- Set runtime path of "/home/byd/src/ros2/action_interface_ws/install/action_interface_ws/local/lib/python3.10/dist-packages/action_interface_ws/action_interface_ws_s__rosidl_typesupport_introspection_c.cpython-310-aarch64-linux-gnu.so" to ""
[7.277s] -- Installing: /home/byd/src/ros2/action_interface_ws/install/action_interface_ws/local/lib/python3.10/dist-packages/action_interface_ws/action_interface_ws_s__rosidl_typesupport_c.cpython-310-aarch64-linux-gnu.so
[7.278s] -- Set runtime path of "/home/byd/src/ros2/action_interface_ws/install/action_interface_ws/local/lib/python3.10/dist-packages/action_interface_ws/action_interface_ws_s__rosidl_typesupport_c.cpython-310-aarch64-linux-gnu.so" to ""
[7.278s] -- Installing: /home/byd/src/ros2/action_interface_ws/install/action_interface_ws/lib/libaction_interface_ws__rosidl_generator_py.so
[7.279s] -- Set runtime path of "/home/byd/src/ros2/action_interface_ws/install/action_interface_ws/lib/libaction_interface_ws__rosidl_generator_py.so" to ""
[7.279s] -- Installing: /home/byd/src/ros2/action_interface_ws/install/action_interface_ws/share/action_interface_ws/action/Book.idl
[7.279s] -- Installing: /home/byd/src/ros2/action_interface_ws/install/action_interface_ws/share/action_interface_ws/action/Book.action
[7.279s] -- Installing: /home/byd/src/ros2/action_interface_ws/install/action_interface_ws/share/ament_index/resource_index/package_run_dependencies/action_interface_ws
[7.280s] -- Installing: /home/byd/src/ros2/action_interface_ws/install/action_interface_ws/share/ament_index/resource_index/parent_prefix_path/action_interface_ws
[7.280s] -- Up-to-date: /home/byd/src/ros2/action_interface_ws/install/action_interface_ws/share/action_interface_ws/environment/ament_prefix_path.sh
[7.280s] -- Installing: /home/byd/src/ros2/action_interface_ws/install/action_interface_ws/share/action_interface_ws/environment/ament_prefix_path.dsv
[7.280s] -- Up-to-date: /home/byd/src/ros2/action_interface_ws/install/action_interface_ws/share/action_interface_ws/environment/path.sh
[7.281s] -- Installing: /home/byd/src/ros2/action_interface_ws/install/action_interface_ws/share/action_interface_ws/environment/path.dsv
[7.281s] -- Up-to-date: /home/byd/src/ros2/action_interface_ws/install/action_interface_ws/share/action_interface_ws/local_setup.bash
[7.281s] -- Installing: /home/byd/src/ros2/action_interface_ws/install/action_interface_ws/share/action_interface_ws/local_setup.sh
[7.281s] -- Up-to-date: /home/byd/src/ros2/action_interface_ws/install/action_interface_ws/share/action_interface_ws/local_setup.zsh
[7.282s] -- Installing: /home/byd/src/ros2/action_interface_ws/install/action_interface_ws/share/action_interface_ws/local_setup.dsv
[7.282s] -- Installing: /home/byd/src/ros2/action_interface_ws/install/action_interface_ws/share/action_interface_ws/package.dsv
[7.282s] -- Up-to-date: /home/byd/src/ros2/action_interface_ws/install/action_interface_ws/share/ament_index/resource_index/packages/action_interface_ws
[7.282s] -- Installing: /home/byd/src/ros2/action_interface_ws/install/action_interface_ws/share/action_interface_ws/cmake/export_action_interface_ws__rosidl_generator_cExport.cmake
[7.283s] -- Installing: /home/byd/src/ros2/action_interface_ws/install/action_interface_ws/share/action_interface_ws/cmake/export_action_interface_ws__rosidl_generator_cExport-noconfig.cmake
[7.283s] -- Installing: /home/byd/src/ros2/action_interface_ws/install/action_interface_ws/share/action_interface_ws/cmake/export_action_interface_ws__rosidl_typesupport_fastrtps_cExport.cmake
[7.283s] -- Installing: /home/byd/src/ros2/action_interface_ws/install/action_interface_ws/share/action_interface_ws/cmake/export_action_interface_ws__rosidl_typesupport_fastrtps_cExport-noconfig.cmake
[7.283s] -- Installing: /home/byd/src/ros2/action_interface_ws/install/action_interface_ws/share/action_interface_ws/cmake/action_interface_ws__rosidl_typesupport_introspection_cExport.cmake
[7.283s] -- Installing: /home/byd/src/ros2/action_interface_ws/install/action_interface_ws/share/action_interface_ws/cmake/action_interface_ws__rosidl_typesupport_introspection_cExport-noconfig.cmake
[7.283s] -- Installing: /home/byd/src/ros2/action_interface_ws/install/action_interface_ws/share/action_interface_ws/cmake/action_interface_ws__rosidl_typesupport_cExport.cmake
[7.283s] -- Installing: /home/byd/src/ros2/action_interface_ws/install/action_interface_ws/share/action_interface_ws/cmake/action_interface_ws__rosidl_typesupport_cExport-noconfig.cmake
[7.284s] -- Installing: /home/byd/src/ros2/action_interface_ws/install/action_interface_ws/share/action_interface_ws/cmake/export_action_interface_ws__rosidl_generator_cppExport.cmake
[7.284s] -- Installing: /home/byd/src/ros2/action_interface_ws/install/action_interface_ws/share/action_interface_ws/cmake/export_action_interface_ws__rosidl_typesupport_fastrtps_cppExport.cmake
[7.284s] -- Installing: /home/byd/src/ros2/action_interface_ws/install/action_interface_ws/share/action_interface_ws/cmake/export_action_interface_ws__rosidl_typesupport_fastrtps_cppExport-noconfig.cmake
[7.284s] -- Installing: /home/byd/src/ros2/action_interface_ws/install/action_interface_ws/share/action_interface_ws/cmake/action_interface_ws__rosidl_typesupport_introspection_cppExport.cmake
[7.285s] -- Installing: /home/byd/src/ros2/action_interface_ws/install/action_interface_ws/share/action_interface_ws/cmake/action_interface_ws__rosidl_typesupport_introspection_cppExport-noconfig.cmake
[7.285s] -- Installing: /home/byd/src/ros2/action_interface_ws/install/action_interface_ws/share/action_interface_ws/cmake/action_interface_ws__rosidl_typesupport_cppExport.cmake
[7.285s] -- Installing: /home/byd/src/ros2/action_interface_ws/install/action_interface_ws/share/action_interface_ws/cmake/action_interface_ws__rosidl_typesupport_cppExport-noconfig.cmake
[7.286s] -- Installing: /home/byd/src/ros2/action_interface_ws/install/action_interface_ws/share/action_interface_ws/cmake/export_action_interface_ws__rosidl_generator_pyExport.cmake
[7.286s] -- Installing: /home/byd/src/ros2/action_interface_ws/install/action_interface_ws/share/action_interface_ws/cmake/export_action_interface_ws__rosidl_generator_pyExport-noconfig.cmake
[7.286s] -- Installing: /home/byd/src/ros2/action_interface_ws/install/action_interface_ws/share/action_interface_ws/cmake/rosidl_cmake-extras.cmake
[7.286s] -- Installing: /home/byd/src/ros2/action_interface_ws/install/action_interface_ws/share/action_interface_ws/cmake/ament_cmake_export_dependencies-extras.cmake
[7.287s] -- Installing: /home/byd/src/ros2/action_interface_ws/install/action_interface_ws/share/action_interface_ws/cmake/ament_cmake_export_include_directories-extras.cmake
[7.287s] -- Installing: /home/byd/src/ros2/action_interface_ws/install/action_interface_ws/share/action_interface_ws/cmake/ament_cmake_export_libraries-extras.cmake
[7.287s] -- Installing: /home/byd/src/ros2/action_interface_ws/install/action_interface_ws/share/action_interface_ws/cmake/ament_cmake_export_targets-extras.cmake
[7.287s] -- Installing: /home/byd/src/ros2/action_interface_ws/install/action_interface_ws/share/action_interface_ws/cmake/rosidl_cmake_export_typesupport_targets-extras.cmake
[7.288s] -- Installing: /home/byd/src/ros2/action_interface_ws/install/action_interface_ws/share/action_interface_ws/cmake/rosidl_cmake_export_typesupport_libraries-extras.cmake
[7.288s] -- Installing: /home/byd/src/ros2/action_interface_ws/install/action_interface_ws/share/action_interface_ws/cmake/action_interface_wsConfig.cmake
[7.288s] -- Up-to-date: /home/byd/src/ros2/action_interface_ws/install/action_interface_ws/share/action_interface_ws/cmake/action_interface_wsConfig-version.cmake
[7.288s] -- Installing: /home/byd/src/ros2/action_interface_ws/install/action_interface_ws/share/action_interface_ws/package.xml
[7.295s] Invoked command in '/home/byd/src/ros2/action_interface_ws/build/action_interface_ws' returned '0': CMAKE_PREFIX_PATH=${CMAKE_PREFIX_PATH}:/opt/ros/humble /usr/bin/cmake --install /home/byd/src/ros2/action_interface_ws/build/action_interface_ws
