[0.023s] Invoking command in '/home/byd/src/ros2/action_ws/build/action_ws': CMAKE_PREFIX_PATH=${CMAKE_PREFIX_PATH}:/opt/ros/humble /usr/bin/cmake --build /home/byd/src/ros2/action_ws/build/action_ws -- -j8 -l8
[0.096s] [35m[1mConsolidate compiler generated dependencies of target action_ser[0m
[0.118s] [ 25%] [32mBuilding CXX object CMakeFiles/action_cli.dir/src/action_cli.cpp.o[0m
[0.131s] [ 75%] Built target action_ser
[8.064s] [100%] [32m[1mLinking CXX executable action_cli[0m
[8.364s] [100%] Built target action_cli
[8.385s] Invoked command in '/home/byd/src/ros2/action_ws/build/action_ws' returned '0': CMAKE_PREFIX_PATH=${CMAKE_PREFIX_PATH}:/opt/ros/humble /usr/bin/cmake --build /home/byd/src/ros2/action_ws/build/action_ws -- -j8 -l8
[8.443s] Invoking command in '/home/byd/src/ros2/action_ws/build/action_ws': CMAKE_PREFIX_PATH=${CMAKE_PREFIX_PATH}:/opt/ros/humble /usr/bin/cmake --install /home/byd/src/ros2/action_ws/build/action_ws
[8.456s] -- Install configuration: ""
[8.457s] -- Up-to-date: /home/byd/src/ros2/action_ws/install/action_ws/lib/action_ws/action_ser
[8.457s] -- Installing: /home/byd/src/ros2/action_ws/install/action_ws/lib/action_ws/action_cli
[8.459s] -- Set runtime path of "/home/byd/src/ros2/action_ws/install/action_ws/lib/action_ws/action_cli" to ""
[8.460s] -- Up-to-date: /home/byd/src/ros2/action_ws/install/action_ws/share/ament_index/resource_index/package_run_dependencies/action_ws
[8.460s] -- Up-to-date: /home/byd/src/ros2/action_ws/install/action_ws/share/ament_index/resource_index/parent_prefix_path/action_ws
[8.460s] -- Up-to-date: /home/byd/src/ros2/action_ws/install/action_ws/share/action_ws/environment/ament_prefix_path.sh
[8.461s] -- Up-to-date: /home/byd/src/ros2/action_ws/install/action_ws/share/action_ws/environment/ament_prefix_path.dsv
[8.461s] -- Up-to-date: /home/byd/src/ros2/action_ws/install/action_ws/share/action_ws/environment/path.sh
[8.461s] -- Up-to-date: /home/byd/src/ros2/action_ws/install/action_ws/share/action_ws/environment/path.dsv
[8.461s] -- Up-to-date: /home/byd/src/ros2/action_ws/install/action_ws/share/action_ws/local_setup.bash
[8.461s] -- Up-to-date: /home/byd/src/ros2/action_ws/install/action_ws/share/action_ws/local_setup.sh
[8.461s] -- Up-to-date: /home/byd/src/ros2/action_ws/install/action_ws/share/action_ws/local_setup.zsh
[8.462s] -- Up-to-date: /home/byd/src/ros2/action_ws/install/action_ws/share/action_ws/local_setup.dsv
[8.462s] -- Installing: /home/byd/src/ros2/action_ws/install/action_ws/share/action_ws/package.dsv
[8.462s] -- Up-to-date: /home/byd/src/ros2/action_ws/install/action_ws/share/ament_index/resource_index/packages/action_ws
[8.462s] -- Up-to-date: /home/byd/src/ros2/action_ws/install/action_ws/share/action_ws/cmake/action_wsConfig.cmake
[8.462s] -- Up-to-date: /home/byd/src/ros2/action_ws/install/action_ws/share/action_ws/cmake/action_wsConfig-version.cmake
[8.462s] -- Up-to-date: /home/byd/src/ros2/action_ws/install/action_ws/share/action_ws/package.xml
[8.471s] Invoked command in '/home/byd/src/ros2/action_ws/build/action_ws' returned '0': CMAKE_PREFIX_PATH=${CMAKE_PREFIX_PATH}:/opt/ros/humble /usr/bin/cmake --install /home/byd/src/ros2/action_ws/build/action_ws
