[0.191s] DEBUG:colcon:Command line arguments: ['/usr/bin/colcon', 'build']
[0.191s] DEBUG:colcon:Parsed command line arguments: Namespace(log_base=None, log_level=None, verb_name='build', build_base='build', install_base='install', merge_install=False, symlink_install=False, test_result_base=None, continue_on_error=False, executor='parallel', parallel_workers=8, event_handlers=None, ignore_user_meta=False, metas=['./colcon.meta'], base_paths=['.'], packages_ignore=None, packages_ignore_regex=None, paths=None, packages_up_to=None, packages_up_to_regex=None, packages_above=None, packages_above_and_dependencies=None, packages_above_depth=None, packages_select_by_dep=None, packages_skip_by_dep=None, packages_skip_up_to=None, packages_select_build_failed=False, packages_skip_build_finished=False, packages_select_test_failures=False, packages_skip_test_passed=False, packages_select=None, packages_skip=None, packages_select_regex=None, packages_skip_regex=None, packages_start=None, packages_end=None, allow_overriding=[], cmake_args=None, cmake_target=None, cmake_target_skip_unavailable=False, cmake_clean_cache=False, cmake_clean_first=False, cmake_force_configure=False, ament_cmake_args=None, catkin_cmake_args=None, catkin_skip_building_tests=False, verb_parser=<colcon_defaults.argument_parser.defaults.DefaultArgumentsDecorator object at 0xffff9e824250>, verb_extension=<colcon_core.verb.build.BuildVerb object at 0xffff9e9d4790>, main=<bound method BuildVerb.main of <colcon_core.verb.build.BuildVerb object at 0xffff9e9d4790>>)
[0.478s] Level 1:colcon.colcon_core.package_discovery:discover_packages(colcon_meta) check parameters
[0.478s] Level 1:colcon.colcon_core.package_discovery:discover_packages(recursive) check parameters
[0.478s] Level 1:colcon.colcon_core.package_discovery:discover_packages(ignore) check parameters
[0.478s] Level 1:colcon.colcon_core.package_discovery:discover_packages(path) check parameters
[0.478s] Level 1:colcon.colcon_core.package_discovery:discover_packages(colcon_meta) discover
[0.479s] Level 1:colcon.colcon_core.package_discovery:discover_packages(recursive) discover
[0.479s] INFO:colcon.colcon_core.package_discovery:Crawling recursively for packages in '/home/byd/src/ros2/service_ws'
[0.479s] Level 1:colcon.colcon_core.package_identification:_identify(.) by extensions ['ignore', 'ignore_ament_install']
[0.479s] Level 1:colcon.colcon_core.package_identification:_identify(.) by extension 'ignore'
[0.479s] Level 1:colcon.colcon_core.package_identification:_identify(.) by extension 'ignore_ament_install'
[0.479s] Level 1:colcon.colcon_core.package_identification:_identify(.) by extensions ['colcon_pkg']
[0.479s] Level 1:colcon.colcon_core.package_identification:_identify(.) by extension 'colcon_pkg'
[0.480s] Level 1:colcon.colcon_core.package_identification:_identify(.) by extensions ['colcon_meta']
[0.480s] Level 1:colcon.colcon_core.package_identification:_identify(.) by extension 'colcon_meta'
[0.480s] Level 1:colcon.colcon_core.package_identification:_identify(.) by extensions ['ros']
[0.480s] Level 1:colcon.colcon_core.package_identification:_identify(.) by extension 'ros'
[0.507s] DEBUG:colcon.colcon_core.package_identification:Package '.' with type 'ros.ament_cmake' and name 'service_ws'
[0.507s] Level 1:colcon.colcon_core.package_discovery:discover_packages(recursive) using defaults
[0.507s] Level 1:colcon.colcon_core.package_discovery:discover_packages(ignore) discover
[0.507s] Level 1:colcon.colcon_core.package_discovery:discover_packages(ignore) using defaults
[0.507s] Level 1:colcon.colcon_core.package_discovery:discover_packages(path) discover
[0.507s] Level 1:colcon.colcon_core.package_discovery:discover_packages(path) using defaults
[0.541s] Level 1:colcon.colcon_core.package_discovery:discover_packages(prefix_path) check parameters
[0.541s] Level 1:colcon.colcon_core.package_discovery:discover_packages(prefix_path) discover
[0.544s] DEBUG:colcon.colcon_installed_package_information.package_discovery:Found 1 installed packages in /home/byd/src/ros2/service_ws/install
[0.545s] DEBUG:colcon.colcon_installed_package_information.package_discovery:Found 1 installed packages in /home/byd/src/ros2/service_interface_ws/install
[0.546s] DEBUG:colcon.colcon_installed_package_information.package_discovery:Found 1 installed packages in /home/byd/src/ros2/topic_ws/install
[0.548s] DEBUG:colcon.colcon_installed_package_information.package_discovery:Found 270 installed packages in /opt/ros/humble
[0.550s] Level 1:colcon.colcon_core.package_discovery:discover_packages(prefix_path) using defaults
[0.644s] Level 5:colcon.colcon_core.verb:set package 'service_ws' build argument 'cmake_args' from command line to 'None'
[0.644s] Level 5:colcon.colcon_core.verb:set package 'service_ws' build argument 'cmake_target' from command line to 'None'
[0.644s] Level 5:colcon.colcon_core.verb:set package 'service_ws' build argument 'cmake_target_skip_unavailable' from command line to 'False'
[0.644s] Level 5:colcon.colcon_core.verb:set package 'service_ws' build argument 'cmake_clean_cache' from command line to 'False'
[0.644s] Level 5:colcon.colcon_core.verb:set package 'service_ws' build argument 'cmake_clean_first' from command line to 'False'
[0.645s] Level 5:colcon.colcon_core.verb:set package 'service_ws' build argument 'cmake_force_configure' from command line to 'False'
[0.645s] Level 5:colcon.colcon_core.verb:set package 'service_ws' build argument 'ament_cmake_args' from command line to 'None'
[0.645s] Level 5:colcon.colcon_core.verb:set package 'service_ws' build argument 'catkin_cmake_args' from command line to 'None'
[0.645s] Level 5:colcon.colcon_core.verb:set package 'service_ws' build argument 'catkin_skip_building_tests' from command line to 'False'
[0.645s] DEBUG:colcon.colcon_core.verb:Building package 'service_ws' with the following arguments: {'ament_cmake_args': None, 'build_base': '/home/byd/src/ros2/service_ws/build/service_ws', 'catkin_cmake_args': None, 'catkin_skip_building_tests': False, 'cmake_args': None, 'cmake_clean_cache': False, 'cmake_clean_first': False, 'cmake_force_configure': False, 'cmake_target': None, 'cmake_target_skip_unavailable': False, 'install_base': '/home/byd/src/ros2/service_ws/install/service_ws', 'merge_install': False, 'path': '/home/byd/src/ros2/service_ws', 'symlink_install': False, 'test_result_base': None}
[0.645s] INFO:colcon.colcon_core.executor:Executing jobs using 'parallel' executor
[0.647s] DEBUG:colcon.colcon_parallel_executor.executor.parallel:run_until_complete
[0.647s] INFO:colcon.colcon_ros.task.ament_cmake.build:Building ROS package in '/home/byd/src/ros2/service_ws' with build type 'ament_cmake'
[0.648s] INFO:colcon.colcon_cmake.task.cmake.build:Building CMake package in '/home/byd/src/ros2/service_ws'
[0.651s] INFO:colcon.colcon_core.plugin_system:Skipping extension 'colcon_core.shell.bat': Not used on non-Windows systems
[0.652s] INFO:colcon.colcon_core.shell:Skip shell extension 'powershell' for command environment: Not usable outside of PowerShell
[0.652s] DEBUG:colcon.colcon_core.shell:Skip shell extension 'dsv' for command environment
[0.668s] DEBUG:colcon.colcon_core.event_handler.log_command:Invoking command in '/home/byd/src/ros2/service_ws/build/service_ws': CMAKE_PREFIX_PATH=${CMAKE_PREFIX_PATH}:/opt/ros/humble /usr/bin/cmake --build /home/byd/src/ros2/service_ws/build/service_ws -- -j8 -l8
[8.476s] DEBUG:colcon.colcon_core.event_handler.log_command:Invoked command in '/home/byd/src/ros2/service_ws/build/service_ws' returned '0': CMAKE_PREFIX_PATH=${CMAKE_PREFIX_PATH}:/opt/ros/humble /usr/bin/cmake --build /home/byd/src/ros2/service_ws/build/service_ws -- -j8 -l8
[8.532s] DEBUG:colcon.colcon_core.event_handler.log_command:Invoking command in '/home/byd/src/ros2/service_ws/build/service_ws': CMAKE_PREFIX_PATH=${CMAKE_PREFIX_PATH}:/opt/ros/humble /usr/bin/cmake --install /home/byd/src/ros2/service_ws/build/service_ws
[8.555s] Level 1:colcon.colcon_core.environment:create_environment_scripts_only(service_ws)
[8.556s] DEBUG:colcon.colcon_core.event_handler.log_command:Invoked command in '/home/byd/src/ros2/service_ws/build/service_ws' returned '0': CMAKE_PREFIX_PATH=${CMAKE_PREFIX_PATH}:/opt/ros/humble /usr/bin/cmake --install /home/byd/src/ros2/service_ws/build/service_ws
[8.560s] Level 1:colcon.colcon_core.environment:checking '/home/byd/src/ros2/service_ws/install/service_ws' for CMake module files
[8.561s] Level 1:colcon.colcon_core.environment:checking '/home/byd/src/ros2/service_ws/install/service_ws' for CMake config files
[8.561s] Level 1:colcon.colcon_core.shell:create_environment_hook('service_ws', 'cmake_prefix_path')
[8.562s] INFO:colcon.colcon_core.shell:Creating environment hook '/home/byd/src/ros2/service_ws/install/service_ws/share/service_ws/hook/cmake_prefix_path.ps1'
[8.563s] INFO:colcon.colcon_core.shell:Creating environment descriptor '/home/byd/src/ros2/service_ws/install/service_ws/share/service_ws/hook/cmake_prefix_path.dsv'
[8.564s] INFO:colcon.colcon_core.shell:Creating environment hook '/home/byd/src/ros2/service_ws/install/service_ws/share/service_ws/hook/cmake_prefix_path.sh'
[8.566s] Level 1:colcon.colcon_core.environment:checking '/home/byd/src/ros2/service_ws/install/service_ws/lib'
[8.566s] Level 1:colcon.colcon_core.environment:checking '/home/byd/src/ros2/service_ws/install/service_ws/bin'
[8.566s] Level 1:colcon.colcon_core.environment:checking '/home/byd/src/ros2/service_ws/install/service_ws/lib/pkgconfig/service_ws.pc'
[8.567s] Level 1:colcon.colcon_core.environment:checking '/home/byd/src/ros2/service_ws/install/service_ws/lib/python3.10/site-packages'
[8.567s] Level 1:colcon.colcon_core.environment:checking '/home/byd/src/ros2/service_ws/install/service_ws/bin'
[8.568s] INFO:colcon.colcon_core.shell:Creating package script '/home/byd/src/ros2/service_ws/install/service_ws/share/service_ws/package.ps1'
[8.569s] INFO:colcon.colcon_core.shell:Creating package descriptor '/home/byd/src/ros2/service_ws/install/service_ws/share/service_ws/package.dsv'
[8.570s] INFO:colcon.colcon_core.shell:Creating package script '/home/byd/src/ros2/service_ws/install/service_ws/share/service_ws/package.sh'
[8.572s] INFO:colcon.colcon_core.shell:Creating package script '/home/byd/src/ros2/service_ws/install/service_ws/share/service_ws/package.bash'
[8.573s] INFO:colcon.colcon_core.shell:Creating package script '/home/byd/src/ros2/service_ws/install/service_ws/share/service_ws/package.zsh'
[8.574s] Level 1:colcon.colcon_core.environment:create_file_with_runtime_dependencies(/home/byd/src/ros2/service_ws/install/service_ws/share/colcon-core/packages/service_ws)
[8.612s] Level 1:colcon.colcon_core.environment:create_environment_scripts_only(service_ws)
[8.613s] Level 1:colcon.colcon_core.environment:checking '/home/byd/src/ros2/service_ws/install/service_ws' for CMake module files
[8.613s] Level 1:colcon.colcon_core.environment:checking '/home/byd/src/ros2/service_ws/install/service_ws' for CMake config files
[8.614s] Level 1:colcon.colcon_core.shell:create_environment_hook('service_ws', 'cmake_prefix_path')
[8.614s] INFO:colcon.colcon_core.shell:Creating environment hook '/home/byd/src/ros2/service_ws/install/service_ws/share/service_ws/hook/cmake_prefix_path.ps1'
[8.615s] INFO:colcon.colcon_core.shell:Creating environment descriptor '/home/byd/src/ros2/service_ws/install/service_ws/share/service_ws/hook/cmake_prefix_path.dsv'
[8.617s] INFO:colcon.colcon_core.shell:Creating environment hook '/home/byd/src/ros2/service_ws/install/service_ws/share/service_ws/hook/cmake_prefix_path.sh'
[8.618s] Level 1:colcon.colcon_core.environment:checking '/home/byd/src/ros2/service_ws/install/service_ws/lib'
[8.618s] Level 1:colcon.colcon_core.environment:checking '/home/byd/src/ros2/service_ws/install/service_ws/bin'
[8.618s] Level 1:colcon.colcon_core.environment:checking '/home/byd/src/ros2/service_ws/install/service_ws/lib/pkgconfig/service_ws.pc'
[8.619s] Level 1:colcon.colcon_core.environment:checking '/home/byd/src/ros2/service_ws/install/service_ws/lib/python3.10/site-packages'
[8.619s] Level 1:colcon.colcon_core.environment:checking '/home/byd/src/ros2/service_ws/install/service_ws/bin'
[8.620s] INFO:colcon.colcon_core.shell:Creating package script '/home/byd/src/ros2/service_ws/install/service_ws/share/service_ws/package.ps1'
[8.621s] INFO:colcon.colcon_core.shell:Creating package descriptor '/home/byd/src/ros2/service_ws/install/service_ws/share/service_ws/package.dsv'
[8.622s] INFO:colcon.colcon_core.shell:Creating package script '/home/byd/src/ros2/service_ws/install/service_ws/share/service_ws/package.sh'
[8.622s] INFO:colcon.colcon_core.shell:Creating package script '/home/byd/src/ros2/service_ws/install/service_ws/share/service_ws/package.bash'
[8.624s] INFO:colcon.colcon_core.shell:Creating package script '/home/byd/src/ros2/service_ws/install/service_ws/share/service_ws/package.zsh'
[8.625s] Level 1:colcon.colcon_core.environment:create_file_with_runtime_dependencies(/home/byd/src/ros2/service_ws/install/service_ws/share/colcon-core/packages/service_ws)
[8.626s] DEBUG:colcon.colcon_parallel_executor.executor.parallel:closing loop
[8.626s] DEBUG:colcon.colcon_parallel_executor.executor.parallel:loop closed
[8.627s] DEBUG:colcon.colcon_parallel_executor.executor.parallel:run_until_complete finished with '0'
[8.627s] DEBUG:colcon.colcon_core.event_reactor:joining thread
[8.637s] INFO:colcon.colcon_core.plugin_system:Skipping extension 'colcon_notification.desktop_notification.terminal_notifier': Not used on non-Darwin systems
[8.637s] INFO:colcon.colcon_core.plugin_system:Skipping extension 'colcon_notification.desktop_notification.win32': Not used on non-Windows systems
[8.638s] INFO:colcon.colcon_notification.desktop_notification:Sending desktop notification using 'notify2'
[8.666s] DEBUG:colcon.colcon_core.event_reactor:joined thread
[8.668s] INFO:colcon.colcon_core.shell:Creating prefix script '/home/byd/src/ros2/service_ws/install/local_setup.ps1'
[8.670s] INFO:colcon.colcon_core.shell:Creating prefix util module '/home/byd/src/ros2/service_ws/install/_local_setup_util_ps1.py'
[8.673s] INFO:colcon.colcon_core.shell:Creating prefix chain script '/home/byd/src/ros2/service_ws/install/setup.ps1'
[8.675s] INFO:colcon.colcon_core.shell:Creating prefix script '/home/byd/src/ros2/service_ws/install/local_setup.sh'
[8.676s] INFO:colcon.colcon_core.shell:Creating prefix util module '/home/byd/src/ros2/service_ws/install/_local_setup_util_sh.py'
[8.677s] INFO:colcon.colcon_core.shell:Creating prefix chain script '/home/byd/src/ros2/service_ws/install/setup.sh'
[8.680s] INFO:colcon.colcon_core.shell:Creating prefix script '/home/byd/src/ros2/service_ws/install/local_setup.bash'
[8.680s] INFO:colcon.colcon_core.shell:Creating prefix chain script '/home/byd/src/ros2/service_ws/install/setup.bash'
[8.682s] INFO:colcon.colcon_core.shell:Creating prefix script '/home/byd/src/ros2/service_ws/install/local_setup.zsh'
[8.683s] INFO:colcon.colcon_core.shell:Creating prefix chain script '/home/byd/src/ros2/service_ws/install/setup.zsh'
