[0.012s] Invoking command in '/home/hawrk/github/hawrk/ros2/param_ws/build/param_ws': CMAKE_PREFIX_PATH=/opt/ros/galactic /usr/bin/cmake /home/hawrk/github/hawrk/ros2/param_ws -DCMAKE_INSTALL_PREFIX=/home/hawrk/github/hawrk/ros2/param_ws/install/param_ws
[0.052s] -- The C compiler identification is GNU 9.4.0
[0.084s] -- The CXX compiler identification is GNU 9.4.0
[0.086s] -- Check for working C compiler: /usr/bin/cc
[0.132s] -- Check for working C compiler: /usr/bin/cc -- works
[0.132s] -- Detecting C compiler ABI info
[0.177s] -- Detecting C compiler ABI info - done
[0.183s] -- Detecting C compile features
[0.184s] -- Detecting C compile features - done
[0.185s] -- Check for working CXX compiler: /usr/bin/c++
[0.235s] -- Check for working CXX compiler: /usr/bin/c++ -- works
[0.235s] -- Detecting CXX compiler ABI info
[0.286s] -- Detecting CXX compiler ABI info - done
[0.292s] -- Detecting CXX compile features
[0.293s] -- Detecting CXX compile features - done
[0.294s] -- Found ament_cmake: 1.1.6 (/opt/ros/galactic/share/ament_cmake/cmake)
[0.308s] -- Found PythonInterp: /usr/bin/python3 (found suitable version "3.8.10", minimum required is "3") 
[0.309s] -- Using PYTHON_EXECUTABLE: /usr/bin/python3
[0.356s] -- Found rclcpp: 9.2.2 (/opt/ros/galactic/share/rclcpp/cmake)
[0.382s] -- Using all available rosidl_typesupport_c: rosidl_typesupport_fastrtps_c;rosidl_typesupport_introspection_c
[0.386s] -- Found rosidl_adapter: 2.2.3 (/opt/ros/galactic/share/rosidl_adapter/cmake)
[0.438s] -- Found OpenSSL: /usr/lib/x86_64-linux-gnu/libcrypto.so (found version "1.1.1f")  
[0.456s] -- Found FastRTPS: /opt/ros/galactic/include  
[0.503s] -- Using all available rosidl_typesupport_cpp: rosidl_typesupport_fastrtps_cpp;rosidl_typesupport_introspection_cpp
[0.536s] -- Found rmw_implementation_cmake: 3.3.1 (/opt/ros/galactic/share/rmw_implementation_cmake/cmake)
[0.538s] -- Found rmw_cyclonedds_cpp: 0.22.6 (/opt/ros/galactic/share/rmw_cyclonedds_cpp/cmake)
[0.549s] -- Using RMW implementation 'rmw_cyclonedds_cpp' as default
[0.550s] -- Looking for pthread.h
[0.605s] -- Looking for pthread.h - found
[0.605s] -- Performing Test CMAKE_HAVE_LIBC_PTHREAD
[0.651s] -- Performing Test CMAKE_HAVE_LIBC_PTHREAD - Failed
[0.651s] -- Looking for pthread_create in pthreads
[0.691s] -- Looking for pthread_create in pthreads - not found
[0.691s] -- Looking for pthread_create in pthread
[0.732s] -- Looking for pthread_create in pthread - found
[0.733s] -- Found Threads: TRUE  
[0.816s] -- Found ament_lint_auto: 0.10.7 (/opt/ros/galactic/share/ament_lint_auto/cmake)
[0.867s] -- Added test 'cppcheck' to perform static code analysis on C / C++ code
[0.868s] -- Configured cppcheck include dirs: $<BUILD_INTERFACE:/home/hawrk/github/hawrk/ros2/param_ws/include>
[0.868s] -- Configured cppcheck exclude dirs and/or files: 
[0.871s] -- Added test 'lint_cmake' to check CMake code style
[0.880s] -- Added test 'uncrustify' to check C / C++ code style
[0.880s] -- Configured uncrustify additional arguments: 
[0.883s] -- Added test 'xmllint' to check XML markup files
[0.886s] -- Configuring done
[0.890s] -- Generating done
[0.891s] -- Build files have been written to: /home/hawrk/github/hawrk/ros2/param_ws/build/param_ws
[0.898s] Invoked command in '/home/hawrk/github/hawrk/ros2/param_ws/build/param_ws' returned '0': CMAKE_PREFIX_PATH=/opt/ros/galactic /usr/bin/cmake /home/hawrk/github/hawrk/ros2/param_ws -DCMAKE_INSTALL_PREFIX=/home/hawrk/github/hawrk/ros2/param_ws/install/param_ws
[0.902s] Invoking command in '/home/hawrk/github/hawrk/ros2/param_ws/build/param_ws': CMAKE_PREFIX_PATH=/opt/ros/galactic /usr/bin/cmake --build /home/hawrk/github/hawrk/ros2/param_ws/build/param_ws -- -j8 -l8
[0.931s] [35m[1mScanning dependencies of target param[0m
[0.955s] [ 50%] [32mBuilding CXX object CMakeFiles/param.dir/src/param.cpp.o[0m
[5.279s] [100%] [32m[1mLinking CXX executable param[0m
[5.676s] [100%] Built target param
[5.685s] Invoked command in '/home/hawrk/github/hawrk/ros2/param_ws/build/param_ws' returned '0': CMAKE_PREFIX_PATH=/opt/ros/galactic /usr/bin/cmake --build /home/hawrk/github/hawrk/ros2/param_ws/build/param_ws -- -j8 -l8
[5.712s] Invoking command in '/home/hawrk/github/hawrk/ros2/param_ws/build/param_ws': CMAKE_PREFIX_PATH=/opt/ros/galactic /usr/bin/cmake --install /home/hawrk/github/hawrk/ros2/param_ws/build/param_ws
[5.717s] -- Install configuration: ""
[5.717s] -- Installing: /home/hawrk/github/hawrk/ros2/param_ws/install/param_ws/lib/param_ws/param
[5.719s] -- Set runtime path of "/home/hawrk/github/hawrk/ros2/param_ws/install/param_ws/lib/param_ws/param" to ""
[5.719s] -- Installing: /home/hawrk/github/hawrk/ros2/param_ws/install/param_ws/share/ament_index/resource_index/package_run_dependencies/param_ws
[5.719s] -- Installing: /home/hawrk/github/hawrk/ros2/param_ws/install/param_ws/share/ament_index/resource_index/parent_prefix_path/param_ws
[5.719s] -- Installing: /home/hawrk/github/hawrk/ros2/param_ws/install/param_ws/share/param_ws/environment/ament_prefix_path.sh
[5.719s] -- Installing: /home/hawrk/github/hawrk/ros2/param_ws/install/param_ws/share/param_ws/environment/ament_prefix_path.dsv
[5.719s] -- Installing: /home/hawrk/github/hawrk/ros2/param_ws/install/param_ws/share/param_ws/environment/path.sh
[5.719s] -- Installing: /home/hawrk/github/hawrk/ros2/param_ws/install/param_ws/share/param_ws/environment/path.dsv
[5.720s] -- Installing: /home/hawrk/github/hawrk/ros2/param_ws/install/param_ws/share/param_ws/local_setup.bash
[5.720s] -- Installing: /home/hawrk/github/hawrk/ros2/param_ws/install/param_ws/share/param_ws/local_setup.sh
[5.720s] -- Installing: /home/hawrk/github/hawrk/ros2/param_ws/install/param_ws/share/param_ws/local_setup.zsh
[5.720s] -- Installing: /home/hawrk/github/hawrk/ros2/param_ws/install/param_ws/share/param_ws/local_setup.dsv
[5.720s] -- Installing: /home/hawrk/github/hawrk/ros2/param_ws/install/param_ws/share/param_ws/package.dsv
[5.720s] -- Installing: /home/hawrk/github/hawrk/ros2/param_ws/install/param_ws/share/ament_index/resource_index/packages/param_ws
[5.720s] -- Installing: /home/hawrk/github/hawrk/ros2/param_ws/install/param_ws/share/param_ws/cmake/param_wsConfig.cmake
[5.720s] -- Installing: /home/hawrk/github/hawrk/ros2/param_ws/install/param_ws/share/param_ws/cmake/param_wsConfig-version.cmake
[5.720s] -- Installing: /home/hawrk/github/hawrk/ros2/param_ws/install/param_ws/share/param_ws/package.xml
[5.722s] Invoked command in '/home/hawrk/github/hawrk/ros2/param_ws/build/param_ws' returned '0': CMAKE_PREFIX_PATH=/opt/ros/galactic /usr/bin/cmake --install /home/hawrk/github/hawrk/ros2/param_ws/build/param_ws
