[0.021s] Invoking command in '/home/byd/src/ros2/point_cloud_ws/point_cloud_sub_cpp/build/point_cloud_sub_cpp': CMAKE_PREFIX_PATH=/home/byd/src/ros2/point_cloud_ws/point_cloud_pub/install/point_cloud_pub:/opt/ros/humble /usr/bin/cmake --build /home/byd/src/ros2/point_cloud_ws/point_cloud_sub_cpp/build/point_cloud_sub_cpp -- -j8 -l8
[0.076s] -- Found ament_cmake: 1.3.10 (/opt/ros/humble/share/ament_cmake/cmake)
[0.331s] -- Found rclcpp: 16.0.10 (/opt/ros/humble/share/rclcpp/cmake)
[0.396s] -- Found rosidl_generator_c: 3.1.5 (/opt/ros/humble/share/rosidl_generator_c/cmake)
[0.400s] -- Found rosidl_adapter: 3.1.5 (/opt/ros/humble/share/rosidl_adapter/cmake)
[0.411s] -- Found rosidl_generator_cpp: 3.1.5 (/opt/ros/humble/share/rosidl_generator_cpp/cmake)
[0.428s] -- Using all available rosidl_typesupport_c: rosidl_typesupport_fastrtps_c;rosidl_typesupport_introspection_c
[0.450s] -- Using all available rosidl_typesupport_cpp: rosidl_typesupport_fastrtps_cpp;rosidl_typesupport_introspection_cpp
[0.503s] -- Found rmw_implementation_cmake: 6.1.2 (/opt/ros/humble/share/rmw_implementation_cmake/cmake)
[0.505s] -- Found rmw_fastrtps_cpp: 6.2.7 (/opt/ros/humble/share/rmw_fastrtps_cpp/cmake)
[0.681s] -- Using RMW implementation 'rmw_fastrtps_cpp' as default
[0.763s] -- Found sensor_msgs: 4.2.4 (/opt/ros/humble/share/sensor_msgs/cmake)
[0.809s] -- Found message_filters: 4.3.5 (/opt/ros/humble/share/message_filters/cmake)
[0.836s] -- Eigen found (include: /usr/include/eigen3, version: 3.4.0)
[0.888s] -- FLANN found (include: /usr/include, lib: /usr/lib/aarch64-linux-gnu/libflann_cpp.so)
[1.403s] -- OpenNI found (version: 1.5.4.0, include: /usr/include/ni, lib: /usr/lib/libOpenNI.so;libusb::libusb)
[1.414s] -- OpenNI2 found (version: 2.2.0.33, include: /usr/include/openni2, lib: /usr/lib/aarch64-linux-gnu/libOpenNI2.so;libusb::libusb)
[1.415s] [0m** WARNING ** io features related to pcap will be disabled[0m
[1.668s] -- Eigen found (include: /usr/include/eigen3, version: 3.4.0)
[1.679s] -- OpenNI found (version: 1.5.4.0, include: /usr/include/ni, lib: /usr/lib/libOpenNI.so;libusb::libusb)
[1.689s] -- OpenNI2 found (version: 2.2.0.33, include: /usr/include/openni2, lib: /usr/lib/aarch64-linux-gnu/libOpenNI2.so;libusb::libusb)
[1.938s] -- Found Qhull version 8.0.2
[2.199s] -- OpenNI found (version: 1.5.4.0, include: /usr/include/ni, lib: /usr/lib/libOpenNI.so;libusb::libusb)
[2.439s] -- looking for PCL_COMMON
[2.440s] -- looking for PCL_KDTREE
[2.440s] -- looking for PCL_OCTREE
[2.441s] -- looking for PCL_SEARCH
[2.441s] -- looking for PCL_SAMPLE_CONSENSUS
[2.442s] -- looking for PCL_FILTERS
[2.443s] -- looking for PCL_2D
[2.443s] -- looking for PCL_GEOMETRY
[2.444s] -- looking for PCL_IO
[2.444s] -- looking for PCL_FEATURES
[2.445s] -- looking for PCL_ML
[2.445s] -- looking for PCL_SEGMENTATION
[2.446s] -- looking for PCL_VISUALIZATION
[2.447s] -- looking for PCL_SURFACE
[2.447s] -- looking for PCL_REGISTRATION
[2.448s] -- looking for PCL_KEYPOINTS
[2.449s] -- looking for PCL_TRACKING
[2.449s] -- looking for PCL_RECOGNITION
[2.450s] -- looking for PCL_STEREO
[2.451s] -- looking for PCL_APPS
[2.452s] -- looking for PCL_IN_HAND_SCANNER
[2.453s] -- looking for PCL_MODELER
[2.453s] -- looking for PCL_POINT_CLOUD_EDITOR
[2.454s] -- looking for PCL_OUTOFCORE
[2.454s] -- looking for PCL_PEOPLE
[2.456s] -- Found pcl_conversions: 2.4.5 (/opt/ros/humble/share/pcl_conversions/cmake)
[2.494s] -- Found ament_lint_auto: 0.12.11 (/opt/ros/humble/share/ament_lint_auto/cmake)
[2.646s] -- Added test 'cppcheck' to perform static code analysis on C / C++ code
[2.646s] -- Configured cppcheck include dirs: $<BUILD_INTERFACE:/home/byd/src/ros2/point_cloud_ws/point_cloud_sub_cpp/include>
[2.646s] -- Configured cppcheck exclude dirs and/or files: 
[2.648s] -- Added test 'flake8' to check Python code syntax and style conventions
[2.653s] -- Added test 'lint_cmake' to check CMake code style
[2.656s] -- Added test 'pep257' to check Python code against some of the docstring style conventions in PEP 257
[2.673s] -- Added test 'uncrustify' to check C / C++ code style
[2.673s] -- Configured uncrustify additional arguments: 
[2.675s] -- Added test 'xmllint' to check XML markup files
[2.677s] -- Configuring done
[2.727s] -- Generating done
[2.733s] -- Build files have been written to: /home/byd/src/ros2/point_cloud_ws/point_cloud_sub_cpp/build/point_cloud_sub_cpp
[2.824s] [ 50%] [32mBuilding CXX object CMakeFiles/pc_sub.dir/src/pc_sub.cpp.o[0m
[4.688s] In file included from [01m[K/home/byd/src/ros2/point_cloud_ws/point_cloud_sub_cpp/src/pc_sub.cpp:16[m[K:
[4.688s] [01m[K/opt/ros/humble/include/pcl_conversions/pcl_conversions/pcl_conversions.h:44:10:[m[K [01;31m[Kfatal error: [m[Kmessage_filters/message_event.h: 没有那个文件或目录
[4.688s]    44 | #include [01;31m[K<message_filters/message_event.h>[m[K
[4.688s]       |          [01;31m[K^~~~~~~~~~~~~~~~~~~~~~~~~~~~~~~~~[m[K
[4.688s] compilation terminated.
[4.716s] gmake[2]: *** [CMakeFiles/pc_sub.dir/build.make:76：CMakeFiles/pc_sub.dir/src/pc_sub.cpp.o] 错误 1
[4.717s] gmake[1]: *** [CMakeFiles/Makefile2:137：CMakeFiles/pc_sub.dir/all] 错误 2
[4.717s] gmake: *** [Makefile:146：all] 错误 2
[4.723s] Invoked command in '/home/byd/src/ros2/point_cloud_ws/point_cloud_sub_cpp/build/point_cloud_sub_cpp' returned '2': CMAKE_PREFIX_PATH=/home/byd/src/ros2/point_cloud_ws/point_cloud_pub/install/point_cloud_pub:/opt/ros/humble /usr/bin/cmake --build /home/byd/src/ros2/point_cloud_ws/point_cloud_sub_cpp/build/point_cloud_sub_cpp -- -j8 -l8
