[0.147s] DEBUG:colcon:Command line arguments: ['/usr/bin/colcon', 'build']
[0.147s] DEBUG:colcon:Parsed command line arguments: Namespace(log_base=None, log_level=None, verb_name='build', build_base='build', install_base='install', merge_install=False, symlink_install=False, test_result_base=None, continue_on_error=False, executor='parallel', parallel_workers=12, event_handlers=None, ignore_user_meta=False, metas=['./colcon.meta'], base_paths=['.'], packages_ignore=None, packages_ignore_regex=None, paths=None, packages_up_to=None, packages_up_to_regex=None, packages_above=None, packages_above_and_dependencies=None, packages_above_depth=None, packages_select_by_dep=None, packages_skip_by_dep=None, packages_skip_up_to=None, packages_select_build_failed=False, packages_skip_build_finished=False, packages_select_test_failures=False, packages_skip_test_passed=False, packages_select=None, packages_skip=None, packages_select_regex=None, packages_skip_regex=None, packages_start=None, packages_end=None, allow_overriding=[], cmake_args=None, cmake_target=None, cmake_target_skip_unavailable=False, cmake_clean_cache=False, cmake_clean_first=False, cmake_force_configure=False, ament_cmake_args=None, catkin_cmake_args=None, catkin_skip_building_tests=False, verb_parser=<colcon_defaults.argument_parser.defaults.DefaultArgumentsDecorator object at 0xffff9a3db820>, verb_extension=<colcon_core.verb.build.BuildVerb object at 0xffff9a650fd0>, main=<bound method BuildVerb.main of <colcon_core.verb.build.BuildVerb object at 0xffff9a650fd0>>)
[0.372s] Level 1:colcon.colcon_core.package_discovery:discover_packages(colcon_meta) check parameters
[0.372s] Level 1:colcon.colcon_core.package_discovery:discover_packages(recursive) check parameters
[0.372s] Level 1:colcon.colcon_core.package_discovery:discover_packages(ignore) check parameters
[0.372s] Level 1:colcon.colcon_core.package_discovery:discover_packages(path) check parameters
[0.373s] Level 1:colcon.colcon_core.package_discovery:discover_packages(colcon_meta) discover
[0.373s] Level 1:colcon.colcon_core.package_discovery:discover_packages(recursive) discover
[0.373s] INFO:colcon.colcon_core.package_discovery:Crawling recursively for packages in '/home/byd/hawrk/ros2/dros_common_interfaces'
[0.373s] Level 1:colcon.colcon_core.package_identification:_identify(.) by extensions ['ignore', 'ignore_ament_install']
[0.373s] Level 1:colcon.colcon_core.package_identification:_identify(.) by extension 'ignore'
[0.373s] Level 1:colcon.colcon_core.package_identification:_identify(.) by extension 'ignore_ament_install'
[0.373s] Level 1:colcon.colcon_core.package_identification:_identify(.) by extensions ['colcon_pkg']
[0.373s] Level 1:colcon.colcon_core.package_identification:_identify(.) by extension 'colcon_pkg'
[0.373s] Level 1:colcon.colcon_core.package_identification:_identify(.) by extensions ['colcon_meta']
[0.373s] Level 1:colcon.colcon_core.package_identification:_identify(.) by extension 'colcon_meta'
[0.373s] Level 1:colcon.colcon_core.package_identification:_identify(.) by extensions ['ros']
[0.373s] Level 1:colcon.colcon_core.package_identification:_identify(.) by extension 'ros'
[0.393s] DEBUG:colcon.colcon_core.package_identification:Package '.' with type 'ros.ament_cmake' and name 'dros_common_interfaces'
[0.393s] Level 1:colcon.colcon_core.package_discovery:discover_packages(recursive) using defaults
[0.393s] Level 1:colcon.colcon_core.package_discovery:discover_packages(ignore) discover
[0.393s] Level 1:colcon.colcon_core.package_discovery:discover_packages(ignore) using defaults
[0.393s] Level 1:colcon.colcon_core.package_discovery:discover_packages(path) discover
[0.393s] Level 1:colcon.colcon_core.package_discovery:discover_packages(path) using defaults
[0.420s] Level 1:colcon.colcon_core.package_discovery:discover_packages(prefix_path) check parameters
[0.420s] Level 1:colcon.colcon_core.package_discovery:discover_packages(prefix_path) discover
[0.423s] DEBUG:colcon.colcon_installed_package_information.package_discovery:Found 275 installed packages in /opt/ros/humble
[0.426s] Level 1:colcon.colcon_core.package_discovery:discover_packages(prefix_path) using defaults
[0.497s] Level 5:colcon.colcon_core.verb:set package 'dros_common_interfaces' build argument 'cmake_args' from command line to 'None'
[0.497s] Level 5:colcon.colcon_core.verb:set package 'dros_common_interfaces' build argument 'cmake_target' from command line to 'None'
[0.497s] Level 5:colcon.colcon_core.verb:set package 'dros_common_interfaces' build argument 'cmake_target_skip_unavailable' from command line to 'False'
[0.497s] Level 5:colcon.colcon_core.verb:set package 'dros_common_interfaces' build argument 'cmake_clean_cache' from command line to 'False'
[0.497s] Level 5:colcon.colcon_core.verb:set package 'dros_common_interfaces' build argument 'cmake_clean_first' from command line to 'False'
[0.497s] Level 5:colcon.colcon_core.verb:set package 'dros_common_interfaces' build argument 'cmake_force_configure' from command line to 'False'
[0.497s] Level 5:colcon.colcon_core.verb:set package 'dros_common_interfaces' build argument 'ament_cmake_args' from command line to 'None'
[0.497s] Level 5:colcon.colcon_core.verb:set package 'dros_common_interfaces' build argument 'catkin_cmake_args' from command line to 'None'
[0.497s] Level 5:colcon.colcon_core.verb:set package 'dros_common_interfaces' build argument 'catkin_skip_building_tests' from command line to 'False'
[0.498s] DEBUG:colcon.colcon_core.verb:Building package 'dros_common_interfaces' with the following arguments: {'ament_cmake_args': None, 'build_base': '/home/byd/hawrk/ros2/dros_common_interfaces/build/dros_common_interfaces', 'catkin_cmake_args': None, 'catkin_skip_building_tests': False, 'cmake_args': None, 'cmake_clean_cache': False, 'cmake_clean_first': False, 'cmake_force_configure': False, 'cmake_target': None, 'cmake_target_skip_unavailable': False, 'install_base': '/home/byd/hawrk/ros2/dros_common_interfaces/install/dros_common_interfaces', 'merge_install': False, 'path': '/home/byd/hawrk/ros2/dros_common_interfaces', 'symlink_install': False, 'test_result_base': None}
[0.498s] INFO:colcon.colcon_core.executor:Executing jobs using 'parallel' executor
[0.499s] DEBUG:colcon.colcon_parallel_executor.executor.parallel:run_until_complete
[0.500s] INFO:colcon.colcon_ros.task.ament_cmake.build:Building ROS package in '/home/byd/hawrk/ros2/dros_common_interfaces' with build type 'ament_cmake'
[0.500s] INFO:colcon.colcon_cmake.task.cmake.build:Building CMake package in '/home/byd/hawrk/ros2/dros_common_interfaces'
[0.503s] INFO:colcon.colcon_core.plugin_system:Skipping extension 'colcon_core.shell.bat': Not used on non-Windows systems
[0.503s] INFO:colcon.colcon_core.shell:Skip shell extension 'powershell' for command environment: Not usable outside of PowerShell
[0.503s] DEBUG:colcon.colcon_core.shell:Skip shell extension 'dsv' for command environment
[0.515s] DEBUG:colcon.colcon_core.event_handler.log_command:Invoking command in '/home/byd/hawrk/ros2/dros_common_interfaces/build/dros_common_interfaces': CMAKE_PREFIX_PATH=/opt/ros/humble /usr/bin/cmake /home/byd/hawrk/ros2/dros_common_interfaces -DCMAKE_INSTALL_PREFIX=/home/byd/hawrk/ros2/dros_common_interfaces/install/dros_common_interfaces
[3.520s] DEBUG:colcon.colcon_core.event_handler.log_command:Invoked command in '/home/byd/hawrk/ros2/dros_common_interfaces/build/dros_common_interfaces' returned '0': CMAKE_PREFIX_PATH=/opt/ros/humble /usr/bin/cmake /home/byd/hawrk/ros2/dros_common_interfaces -DCMAKE_INSTALL_PREFIX=/home/byd/hawrk/ros2/dros_common_interfaces/install/dros_common_interfaces
[3.523s] DEBUG:colcon.colcon_core.event_handler.log_command:Invoking command in '/home/byd/hawrk/ros2/dros_common_interfaces/build/dros_common_interfaces': CMAKE_PREFIX_PATH=/opt/ros/humble /usr/bin/cmake --build /home/byd/hawrk/ros2/dros_common_interfaces/build/dros_common_interfaces -- -j12 -l12
[11.223s] DEBUG:colcon.colcon_core.event_handler.log_command:Invoked command in '/home/byd/hawrk/ros2/dros_common_interfaces/build/dros_common_interfaces' returned '0': CMAKE_PREFIX_PATH=/opt/ros/humble /usr/bin/cmake --build /home/byd/hawrk/ros2/dros_common_interfaces/build/dros_common_interfaces -- -j12 -l12
[11.242s] DEBUG:colcon.colcon_core.event_handler.log_command:Invoking command in '/home/byd/hawrk/ros2/dros_common_interfaces/build/dros_common_interfaces': CMAKE_PREFIX_PATH=/opt/ros/humble /usr/bin/cmake --install /home/byd/hawrk/ros2/dros_common_interfaces/build/dros_common_interfaces
[11.409s] Level 1:colcon.colcon_core.environment:create_environment_scripts_only(dros_common_interfaces)
[11.412s] DEBUG:colcon.colcon_core.event_handler.log_command:Invoked command in '/home/byd/hawrk/ros2/dros_common_interfaces/build/dros_common_interfaces' returned '0': CMAKE_PREFIX_PATH=/opt/ros/humble /usr/bin/cmake --install /home/byd/hawrk/ros2/dros_common_interfaces/build/dros_common_interfaces
[11.420s] Level 1:colcon.colcon_core.environment:checking '/home/byd/hawrk/ros2/dros_common_interfaces/install/dros_common_interfaces' for CMake module files
[11.422s] Level 1:colcon.colcon_core.environment:checking '/home/byd/hawrk/ros2/dros_common_interfaces/install/dros_common_interfaces' for CMake config files
[11.423s] Level 1:colcon.colcon_core.shell:create_environment_hook('dros_common_interfaces', 'cmake_prefix_path')
[11.424s] INFO:colcon.colcon_core.shell:Creating environment hook '/home/byd/hawrk/ros2/dros_common_interfaces/install/dros_common_interfaces/share/dros_common_interfaces/hook/cmake_prefix_path.ps1'
[11.428s] INFO:colcon.colcon_core.shell:Creating environment descriptor '/home/byd/hawrk/ros2/dros_common_interfaces/install/dros_common_interfaces/share/dros_common_interfaces/hook/cmake_prefix_path.dsv'
[11.430s] INFO:colcon.colcon_core.shell:Creating environment hook '/home/byd/hawrk/ros2/dros_common_interfaces/install/dros_common_interfaces/share/dros_common_interfaces/hook/cmake_prefix_path.sh'
[11.433s] Level 1:colcon.colcon_core.environment:checking '/home/byd/hawrk/ros2/dros_common_interfaces/install/dros_common_interfaces/lib'
[11.434s] Level 1:colcon.colcon_core.shell:create_environment_hook('dros_common_interfaces', 'ld_library_path_lib')
[11.435s] INFO:colcon.colcon_core.shell:Creating environment hook '/home/byd/hawrk/ros2/dros_common_interfaces/install/dros_common_interfaces/share/dros_common_interfaces/hook/ld_library_path_lib.ps1'
[11.436s] INFO:colcon.colcon_core.shell:Creating environment descriptor '/home/byd/hawrk/ros2/dros_common_interfaces/install/dros_common_interfaces/share/dros_common_interfaces/hook/ld_library_path_lib.dsv'
[11.437s] INFO:colcon.colcon_core.shell:Creating environment hook '/home/byd/hawrk/ros2/dros_common_interfaces/install/dros_common_interfaces/share/dros_common_interfaces/hook/ld_library_path_lib.sh'
[11.439s] Level 1:colcon.colcon_core.environment:checking '/home/byd/hawrk/ros2/dros_common_interfaces/install/dros_common_interfaces/bin'
[11.439s] Level 1:colcon.colcon_core.environment:checking '/home/byd/hawrk/ros2/dros_common_interfaces/install/dros_common_interfaces/lib/pkgconfig/dros_common_interfaces.pc'
[11.440s] Level 1:colcon.colcon_core.environment:checking '/home/byd/hawrk/ros2/dros_common_interfaces/install/dros_common_interfaces/lib/python3.10/site-packages'
[11.441s] Level 1:colcon.colcon_core.environment:checking '/home/byd/hawrk/ros2/dros_common_interfaces/install/dros_common_interfaces/bin'
[11.442s] INFO:colcon.colcon_core.shell:Creating package script '/home/byd/hawrk/ros2/dros_common_interfaces/install/dros_common_interfaces/share/dros_common_interfaces/package.ps1'
[11.445s] INFO:colcon.colcon_core.shell:Creating package descriptor '/home/byd/hawrk/ros2/dros_common_interfaces/install/dros_common_interfaces/share/dros_common_interfaces/package.dsv'
[11.447s] INFO:colcon.colcon_core.shell:Creating package script '/home/byd/hawrk/ros2/dros_common_interfaces/install/dros_common_interfaces/share/dros_common_interfaces/package.sh'
[11.450s] INFO:colcon.colcon_core.shell:Creating package script '/home/byd/hawrk/ros2/dros_common_interfaces/install/dros_common_interfaces/share/dros_common_interfaces/package.bash'
[11.453s] INFO:colcon.colcon_core.shell:Creating package script '/home/byd/hawrk/ros2/dros_common_interfaces/install/dros_common_interfaces/share/dros_common_interfaces/package.zsh'
[11.456s] Level 1:colcon.colcon_core.environment:create_file_with_runtime_dependencies(/home/byd/hawrk/ros2/dros_common_interfaces/install/dros_common_interfaces/share/colcon-core/packages/dros_common_interfaces)
[11.458s] Level 1:colcon.colcon_core.environment:create_environment_scripts_only(dros_common_interfaces)
[11.459s] Level 1:colcon.colcon_core.environment:checking '/home/byd/hawrk/ros2/dros_common_interfaces/install/dros_common_interfaces' for CMake module files
[11.461s] Level 1:colcon.colcon_core.environment:checking '/home/byd/hawrk/ros2/dros_common_interfaces/install/dros_common_interfaces' for CMake config files
[11.462s] Level 1:colcon.colcon_core.shell:create_environment_hook('dros_common_interfaces', 'cmake_prefix_path')
[11.462s] INFO:colcon.colcon_core.shell:Creating environment hook '/home/byd/hawrk/ros2/dros_common_interfaces/install/dros_common_interfaces/share/dros_common_interfaces/hook/cmake_prefix_path.ps1'
[11.464s] INFO:colcon.colcon_core.shell:Creating environment descriptor '/home/byd/hawrk/ros2/dros_common_interfaces/install/dros_common_interfaces/share/dros_common_interfaces/hook/cmake_prefix_path.dsv'
[11.465s] INFO:colcon.colcon_core.shell:Creating environment hook '/home/byd/hawrk/ros2/dros_common_interfaces/install/dros_common_interfaces/share/dros_common_interfaces/hook/cmake_prefix_path.sh'
[11.466s] Level 1:colcon.colcon_core.environment:checking '/home/byd/hawrk/ros2/dros_common_interfaces/install/dros_common_interfaces/lib'
[11.466s] Level 1:colcon.colcon_core.shell:create_environment_hook('dros_common_interfaces', 'ld_library_path_lib')
[11.467s] INFO:colcon.colcon_core.shell:Creating environment hook '/home/byd/hawrk/ros2/dros_common_interfaces/install/dros_common_interfaces/share/dros_common_interfaces/hook/ld_library_path_lib.ps1'
[11.468s] INFO:colcon.colcon_core.shell:Creating environment descriptor '/home/byd/hawrk/ros2/dros_common_interfaces/install/dros_common_interfaces/share/dros_common_interfaces/hook/ld_library_path_lib.dsv'
[11.469s] INFO:colcon.colcon_core.shell:Creating environment hook '/home/byd/hawrk/ros2/dros_common_interfaces/install/dros_common_interfaces/share/dros_common_interfaces/hook/ld_library_path_lib.sh'
[11.470s] Level 1:colcon.colcon_core.environment:checking '/home/byd/hawrk/ros2/dros_common_interfaces/install/dros_common_interfaces/bin'
[11.471s] Level 1:colcon.colcon_core.environment:checking '/home/byd/hawrk/ros2/dros_common_interfaces/install/dros_common_interfaces/lib/pkgconfig/dros_common_interfaces.pc'
[11.471s] Level 1:colcon.colcon_core.environment:checking '/home/byd/hawrk/ros2/dros_common_interfaces/install/dros_common_interfaces/lib/python3.10/site-packages'
[11.472s] Level 1:colcon.colcon_core.environment:checking '/home/byd/hawrk/ros2/dros_common_interfaces/install/dros_common_interfaces/bin'
[11.473s] INFO:colcon.colcon_core.shell:Creating package script '/home/byd/hawrk/ros2/dros_common_interfaces/install/dros_common_interfaces/share/dros_common_interfaces/package.ps1'
[11.474s] INFO:colcon.colcon_core.shell:Creating package descriptor '/home/byd/hawrk/ros2/dros_common_interfaces/install/dros_common_interfaces/share/dros_common_interfaces/package.dsv'
[11.476s] INFO:colcon.colcon_core.shell:Creating package script '/home/byd/hawrk/ros2/dros_common_interfaces/install/dros_common_interfaces/share/dros_common_interfaces/package.sh'
[11.477s] INFO:colcon.colcon_core.shell:Creating package script '/home/byd/hawrk/ros2/dros_common_interfaces/install/dros_common_interfaces/share/dros_common_interfaces/package.bash'
[11.478s] INFO:colcon.colcon_core.shell:Creating package script '/home/byd/hawrk/ros2/dros_common_interfaces/install/dros_common_interfaces/share/dros_common_interfaces/package.zsh'
[11.479s] Level 1:colcon.colcon_core.environment:create_file_with_runtime_dependencies(/home/byd/hawrk/ros2/dros_common_interfaces/install/dros_common_interfaces/share/colcon-core/packages/dros_common_interfaces)
[11.480s] DEBUG:colcon.colcon_parallel_executor.executor.parallel:closing loop
[11.481s] DEBUG:colcon.colcon_parallel_executor.executor.parallel:loop closed
[11.481s] DEBUG:colcon.colcon_parallel_executor.executor.parallel:run_until_complete finished with '0'
[11.481s] DEBUG:colcon.colcon_core.event_reactor:joining thread
[11.496s] INFO:colcon.colcon_core.plugin_system:Skipping extension 'colcon_notification.desktop_notification.terminal_notifier': Not used on non-Darwin systems
[11.496s] INFO:colcon.colcon_core.plugin_system:Skipping extension 'colcon_notification.desktop_notification.win32': Not used on non-Windows systems
[11.496s] INFO:colcon.colcon_notification.desktop_notification:Sending desktop notification using 'notify2'
[11.526s] DEBUG:colcon.colcon_core.event_reactor:joined thread
[11.527s] INFO:colcon.colcon_core.shell:Creating prefix script '/home/byd/hawrk/ros2/dros_common_interfaces/install/local_setup.ps1'
[11.531s] INFO:colcon.colcon_core.shell:Creating prefix util module '/home/byd/hawrk/ros2/dros_common_interfaces/install/_local_setup_util_ps1.py'
[11.536s] INFO:colcon.colcon_core.shell:Creating prefix chain script '/home/byd/hawrk/ros2/dros_common_interfaces/install/setup.ps1'
[11.539s] INFO:colcon.colcon_core.shell:Creating prefix script '/home/byd/hawrk/ros2/dros_common_interfaces/install/local_setup.sh'
[11.540s] INFO:colcon.colcon_core.shell:Creating prefix util module '/home/byd/hawrk/ros2/dros_common_interfaces/install/_local_setup_util_sh.py'
[11.542s] INFO:colcon.colcon_core.shell:Creating prefix chain script '/home/byd/hawrk/ros2/dros_common_interfaces/install/setup.sh'
[11.545s] INFO:colcon.colcon_core.shell:Creating prefix script '/home/byd/hawrk/ros2/dros_common_interfaces/install/local_setup.bash'
[11.547s] INFO:colcon.colcon_core.shell:Creating prefix chain script '/home/byd/hawrk/ros2/dros_common_interfaces/install/setup.bash'
[11.550s] INFO:colcon.colcon_core.shell:Creating prefix script '/home/byd/hawrk/ros2/dros_common_interfaces/install/local_setup.zsh'
[11.551s] INFO:colcon.colcon_core.shell:Creating prefix chain script '/home/byd/hawrk/ros2/dros_common_interfaces/install/setup.zsh'
