[0.024s] Invoking command in '/home/byd/src/ros2/param_ws/build/param_ws': CMAKE_PREFIX_PATH=${CMAKE_PREFIX_PATH}:/opt/ros/humble /usr/bin/cmake /home/byd/src/ros2/param_ws -DCMAKE_INSTALL_PREFIX=/home/byd/src/ros2/param_ws/install/param_ws
[0.148s] -- The C compiler identification is GNU 11.4.0
[0.252s] -- The CXX compiler identification is GNU 11.4.0
[0.268s] -- Detecting C compiler ABI info
[0.412s] -- Detecting C compiler ABI info - done
[0.424s] -- Check for working C compiler: /usr/bin/cc - skipped
[0.425s] -- Detecting C compile features
[0.425s] -- Detecting C compile features - done
[0.432s] -- Detecting CXX compiler ABI info
[0.600s] -- Detecting CXX compiler ABI info - done
[0.612s] -- Check for working CXX compiler: /usr/bin/c++ - skipped
[0.612s] -- Detecting CXX compile features
[0.613s] -- Detecting CXX compile features - done
[0.619s] -- Found ament_cmake: 1.3.10 (/opt/ros/humble/share/ament_cmake/cmake)
[0.933s] -- Found Python3: /usr/bin/python3 (found version "3.10.12") found components: Interpreter 
[1.116s] -- Found rclcpp: 16.0.10 (/opt/ros/humble/share/rclcpp/cmake)
[1.190s] -- Found rosidl_generator_c: 3.1.5 (/opt/ros/humble/share/rosidl_generator_c/cmake)
[1.199s] -- Found rosidl_adapter: 3.1.5 (/opt/ros/humble/share/rosidl_adapter/cmake)
[1.213s] -- Found rosidl_generator_cpp: 3.1.5 (/opt/ros/humble/share/rosidl_generator_cpp/cmake)
[1.234s] -- Using all available rosidl_typesupport_c: rosidl_typesupport_fastrtps_c;rosidl_typesupport_introspection_c
[1.261s] -- Using all available rosidl_typesupport_cpp: rosidl_typesupport_fastrtps_cpp;rosidl_typesupport_introspection_cpp
[1.335s] -- Found rmw_implementation_cmake: 6.1.2 (/opt/ros/humble/share/rmw_implementation_cmake/cmake)
[1.340s] -- Found rmw_fastrtps_cpp: 6.2.7 (/opt/ros/humble/share/rmw_fastrtps_cpp/cmake)
[1.469s] -- Found OpenSSL: /usr/lib/aarch64-linux-gnu/libcrypto.so (found version "3.0.2")  
[1.517s] -- Found FastRTPS: /opt/ros/humble/include  
[1.590s] -- Using RMW implementation 'rmw_fastrtps_cpp' as default
[1.606s] -- Looking for pthread.h
[1.729s] -- Looking for pthread.h - found
[1.729s] -- Performing Test CMAKE_HAVE_LIBC_PTHREAD
[1.857s] -- Performing Test CMAKE_HAVE_LIBC_PTHREAD - Success
[1.859s] -- Found Threads: TRUE  
[1.956s] -- Found ament_lint_auto: 0.12.11 (/opt/ros/humble/share/ament_lint_auto/cmake)
[2.107s] -- Added test 'cppcheck' to perform static code analysis on C / C++ code
[2.107s] -- Configured cppcheck include dirs: $<BUILD_INTERFACE:/home/byd/src/ros2/param_ws/include>
[2.107s] -- Configured cppcheck exclude dirs and/or files: 
[2.110s] -- Added test 'lint_cmake' to check CMake code style
[2.119s] -- Added test 'uncrustify' to check C / C++ code style
[2.119s] -- Configured uncrustify additional arguments: 
[2.120s] -- Added test 'xmllint' to check XML markup files
[2.123s] -- Configuring done
[2.141s] -- Generating done
[2.144s] -- Build files have been written to: /home/byd/src/ros2/param_ws/build/param_ws
[2.167s] Invoked command in '/home/byd/src/ros2/param_ws/build/param_ws' returned '0': CMAKE_PREFIX_PATH=${CMAKE_PREFIX_PATH}:/opt/ros/humble /usr/bin/cmake /home/byd/src/ros2/param_ws -DCMAKE_INSTALL_PREFIX=/home/byd/src/ros2/param_ws/install/param_ws
[2.171s] Invoking command in '/home/byd/src/ros2/param_ws/build/param_ws': CMAKE_PREFIX_PATH=${CMAKE_PREFIX_PATH}:/opt/ros/humble /usr/bin/cmake --build /home/byd/src/ros2/param_ws/build/param_ws -- -j8 -l8
[2.252s] [ 50%] [32mBuilding CXX object CMakeFiles/param.dir/src/param.cpp.o[0m
[9.070s] [100%] [32m[1mLinking CXX executable param[0m
[9.335s] [100%] Built target param
[9.366s] Invoked command in '/home/byd/src/ros2/param_ws/build/param_ws' returned '0': CMAKE_PREFIX_PATH=${CMAKE_PREFIX_PATH}:/opt/ros/humble /usr/bin/cmake --build /home/byd/src/ros2/param_ws/build/param_ws -- -j8 -l8
[9.439s] Invoking command in '/home/byd/src/ros2/param_ws/build/param_ws': CMAKE_PREFIX_PATH=${CMAKE_PREFIX_PATH}:/opt/ros/humble /usr/bin/cmake --install /home/byd/src/ros2/param_ws/build/param_ws
[9.457s] -- Install configuration: ""
[9.457s] -- Installing: /home/byd/src/ros2/param_ws/install/param_ws/lib/param_ws/param
[9.457s] -- Set runtime path of "/home/byd/src/ros2/param_ws/install/param_ws/lib/param_ws/param" to ""
[9.458s] -- Installing: /home/byd/src/ros2/param_ws/install/param_ws/share/ament_index/resource_index/package_run_dependencies/param_ws
[9.458s] -- Installing: /home/byd/src/ros2/param_ws/install/param_ws/share/ament_index/resource_index/parent_prefix_path/param_ws
[9.458s] -- Installing: /home/byd/src/ros2/param_ws/install/param_ws/share/param_ws/environment/ament_prefix_path.sh
[9.458s] -- Installing: /home/byd/src/ros2/param_ws/install/param_ws/share/param_ws/environment/ament_prefix_path.dsv
[9.459s] -- Installing: /home/byd/src/ros2/param_ws/install/param_ws/share/param_ws/environment/path.sh
[9.459s] -- Installing: /home/byd/src/ros2/param_ws/install/param_ws/share/param_ws/environment/path.dsv
[9.459s] -- Installing: /home/byd/src/ros2/param_ws/install/param_ws/share/param_ws/local_setup.bash
[9.459s] -- Installing: /home/byd/src/ros2/param_ws/install/param_ws/share/param_ws/local_setup.sh
[9.460s] -- Installing: /home/byd/src/ros2/param_ws/install/param_ws/share/param_ws/local_setup.zsh
[9.460s] -- Installing: /home/byd/src/ros2/param_ws/install/param_ws/share/param_ws/local_setup.dsv
[9.460s] -- Installing: /home/byd/src/ros2/param_ws/install/param_ws/share/param_ws/package.dsv
[9.460s] -- Installing: /home/byd/src/ros2/param_ws/install/param_ws/share/ament_index/resource_index/packages/param_ws
[9.461s] -- Installing: /home/byd/src/ros2/param_ws/install/param_ws/share/param_ws/cmake/param_wsConfig.cmake
[9.461s] -- Installing: /home/byd/src/ros2/param_ws/install/param_ws/share/param_ws/cmake/param_wsConfig-version.cmake
[9.461s] -- Installing: /home/byd/src/ros2/param_ws/install/param_ws/share/param_ws/package.xml
[9.468s] Invoked command in '/home/byd/src/ros2/param_ws/build/param_ws' returned '0': CMAKE_PREFIX_PATH=${CMAKE_PREFIX_PATH}:/opt/ros/humble /usr/bin/cmake --install /home/byd/src/ros2/param_ws/build/param_ws
