[0.152s] DEBUG:colcon:Command line arguments: ['/usr/bin/colcon', 'build']
[0.152s] DEBUG:colcon:Parsed command line arguments: Namespace(log_base=None, log_level=None, verb_name='build', build_base='build', install_base='install', merge_install=False, symlink_install=False, test_result_base=None, continue_on_error=False, executor='parallel', parallel_workers=12, event_handlers=None, ignore_user_meta=False, metas=['./colcon.meta'], base_paths=['.'], packages_ignore=None, packages_ignore_regex=None, paths=None, packages_up_to=None, packages_up_to_regex=None, packages_above=None, packages_above_and_dependencies=None, packages_above_depth=None, packages_select_by_dep=None, packages_skip_by_dep=None, packages_skip_up_to=None, packages_select_build_failed=False, packages_skip_build_finished=False, packages_select_test_failures=False, packages_skip_test_passed=False, packages_select=None, packages_skip=None, packages_select_regex=None, packages_skip_regex=None, packages_start=None, packages_end=None, allow_overriding=[], cmake_args=None, cmake_target=None, cmake_target_skip_unavailable=False, cmake_clean_cache=False, cmake_clean_first=False, cmake_force_configure=False, ament_cmake_args=None, catkin_cmake_args=None, catkin_skip_building_tests=False, verb_parser=<colcon_defaults.argument_parser.defaults.DefaultArgumentsDecorator object at 0xffffb27eba60>, verb_extension=<colcon_core.verb.build.BuildVerb object at 0xffffb2a5d210>, main=<bound method BuildVerb.main of <colcon_core.verb.build.BuildVerb object at 0xffffb2a5d210>>)
[0.399s] Level 1:colcon.colcon_core.package_discovery:discover_packages(colcon_meta) check parameters
[0.399s] Level 1:colcon.colcon_core.package_discovery:discover_packages(recursive) check parameters
[0.400s] Level 1:colcon.colcon_core.package_discovery:discover_packages(ignore) check parameters
[0.400s] Level 1:colcon.colcon_core.package_discovery:discover_packages(path) check parameters
[0.400s] Level 1:colcon.colcon_core.package_discovery:discover_packages(colcon_meta) discover
[0.400s] Level 1:colcon.colcon_core.package_discovery:discover_packages(recursive) discover
[0.400s] INFO:colcon.colcon_core.package_discovery:Crawling recursively for packages in '/home/byd/hawrk/ros2/dros_dispatch_service'
[0.400s] Level 1:colcon.colcon_core.package_identification:_identify(.) by extensions ['ignore', 'ignore_ament_install']
[0.401s] Level 1:colcon.colcon_core.package_identification:_identify(.) by extension 'ignore'
[0.401s] Level 1:colcon.colcon_core.package_identification:_identify(.) by extension 'ignore_ament_install'
[0.401s] Level 1:colcon.colcon_core.package_identification:_identify(.) by extensions ['colcon_pkg']
[0.401s] Level 1:colcon.colcon_core.package_identification:_identify(.) by extension 'colcon_pkg'
[0.401s] Level 1:colcon.colcon_core.package_identification:_identify(.) by extensions ['colcon_meta']
[0.401s] Level 1:colcon.colcon_core.package_identification:_identify(.) by extension 'colcon_meta'
[0.401s] Level 1:colcon.colcon_core.package_identification:_identify(.) by extensions ['ros']
[0.401s] Level 1:colcon.colcon_core.package_identification:_identify(.) by extension 'ros'
[0.424s] DEBUG:colcon.colcon_core.package_identification:Package '.' with type 'ros.ament_cmake' and name 'dros_dispatch_service'
[0.424s] Level 1:colcon.colcon_core.package_discovery:discover_packages(recursive) using defaults
[0.424s] Level 1:colcon.colcon_core.package_discovery:discover_packages(ignore) discover
[0.424s] Level 1:colcon.colcon_core.package_discovery:discover_packages(ignore) using defaults
[0.424s] Level 1:colcon.colcon_core.package_discovery:discover_packages(path) discover
[0.424s] Level 1:colcon.colcon_core.package_discovery:discover_packages(path) using defaults
[0.453s] Level 1:colcon.colcon_core.package_discovery:discover_packages(prefix_path) check parameters
[0.453s] Level 1:colcon.colcon_core.package_discovery:discover_packages(prefix_path) discover
[0.456s] DEBUG:colcon.colcon_installed_package_information.package_discovery:Found 1 installed packages in /home/byd/hawrk/ros2/dros_dispatch_service/install
[0.457s] DEBUG:colcon.colcon_installed_package_information.package_discovery:Found 1 installed packages in /home/byd/hawrk/ros2/dros_common_interfaces/install
[0.458s] DEBUG:colcon.colcon_installed_package_information.package_discovery:Found 275 installed packages in /opt/ros/humble
[0.461s] Level 1:colcon.colcon_core.package_discovery:discover_packages(prefix_path) using defaults
[0.539s] Level 5:colcon.colcon_core.verb:set package 'dros_dispatch_service' build argument 'cmake_args' from command line to 'None'
[0.539s] Level 5:colcon.colcon_core.verb:set package 'dros_dispatch_service' build argument 'cmake_target' from command line to 'None'
[0.539s] Level 5:colcon.colcon_core.verb:set package 'dros_dispatch_service' build argument 'cmake_target_skip_unavailable' from command line to 'False'
[0.539s] Level 5:colcon.colcon_core.verb:set package 'dros_dispatch_service' build argument 'cmake_clean_cache' from command line to 'False'
[0.539s] Level 5:colcon.colcon_core.verb:set package 'dros_dispatch_service' build argument 'cmake_clean_first' from command line to 'False'
[0.539s] Level 5:colcon.colcon_core.verb:set package 'dros_dispatch_service' build argument 'cmake_force_configure' from command line to 'False'
[0.539s] Level 5:colcon.colcon_core.verb:set package 'dros_dispatch_service' build argument 'ament_cmake_args' from command line to 'None'
[0.539s] Level 5:colcon.colcon_core.verb:set package 'dros_dispatch_service' build argument 'catkin_cmake_args' from command line to 'None'
[0.539s] Level 5:colcon.colcon_core.verb:set package 'dros_dispatch_service' build argument 'catkin_skip_building_tests' from command line to 'False'
[0.539s] DEBUG:colcon.colcon_core.verb:Building package 'dros_dispatch_service' with the following arguments: {'ament_cmake_args': None, 'build_base': '/home/byd/hawrk/ros2/dros_dispatch_service/build/dros_dispatch_service', 'catkin_cmake_args': None, 'catkin_skip_building_tests': False, 'cmake_args': None, 'cmake_clean_cache': False, 'cmake_clean_first': False, 'cmake_force_configure': False, 'cmake_target': None, 'cmake_target_skip_unavailable': False, 'install_base': '/home/byd/hawrk/ros2/dros_dispatch_service/install/dros_dispatch_service', 'merge_install': False, 'path': '/home/byd/hawrk/ros2/dros_dispatch_service', 'symlink_install': False, 'test_result_base': None}
[0.539s] INFO:colcon.colcon_core.executor:Executing jobs using 'parallel' executor
[0.541s] DEBUG:colcon.colcon_parallel_executor.executor.parallel:run_until_complete
[0.542s] INFO:colcon.colcon_ros.task.ament_cmake.build:Building ROS package in '/home/byd/hawrk/ros2/dros_dispatch_service' with build type 'ament_cmake'
[0.542s] INFO:colcon.colcon_cmake.task.cmake.build:Building CMake package in '/home/byd/hawrk/ros2/dros_dispatch_service'
[0.545s] INFO:colcon.colcon_core.plugin_system:Skipping extension 'colcon_core.shell.bat': Not used on non-Windows systems
[0.545s] INFO:colcon.colcon_core.shell:Skip shell extension 'powershell' for command environment: Not usable outside of PowerShell
[0.545s] DEBUG:colcon.colcon_core.shell:Skip shell extension 'dsv' for command environment
[0.560s] DEBUG:colcon.colcon_core.event_handler.log_command:Invoking command in '/home/byd/hawrk/ros2/dros_dispatch_service/build/dros_dispatch_service': CMAKE_PREFIX_PATH=${CMAKE_PREFIX_PATH}:/opt/ros/humble /usr/bin/cmake --build /home/byd/hawrk/ros2/dros_dispatch_service/build/dros_dispatch_service -- -j12 -l12
[25.116s] DEBUG:colcon.colcon_core.event_handler.log_command:Invoked command in '/home/byd/hawrk/ros2/dros_dispatch_service/build/dros_dispatch_service' returned '0': CMAKE_PREFIX_PATH=${CMAKE_PREFIX_PATH}:/opt/ros/humble /usr/bin/cmake --build /home/byd/hawrk/ros2/dros_dispatch_service/build/dros_dispatch_service -- -j12 -l12
[25.136s] DEBUG:colcon.colcon_core.event_handler.log_command:Invoking command in '/home/byd/hawrk/ros2/dros_dispatch_service/build/dros_dispatch_service': CMAKE_PREFIX_PATH=${CMAKE_PREFIX_PATH}:/opt/ros/humble /usr/bin/cmake --install /home/byd/hawrk/ros2/dros_dispatch_service/build/dros_dispatch_service
[25.172s] Level 1:colcon.colcon_core.environment:create_environment_scripts_only(dros_dispatch_service)
[25.176s] DEBUG:colcon.colcon_core.event_handler.log_command:Invoked command in '/home/byd/hawrk/ros2/dros_dispatch_service/build/dros_dispatch_service' returned '0': CMAKE_PREFIX_PATH=${CMAKE_PREFIX_PATH}:/opt/ros/humble /usr/bin/cmake --install /home/byd/hawrk/ros2/dros_dispatch_service/build/dros_dispatch_service
[25.183s] Level 1:colcon.colcon_core.environment:checking '/home/byd/hawrk/ros2/dros_dispatch_service/install/dros_dispatch_service' for CMake module files
[25.185s] Level 1:colcon.colcon_core.environment:checking '/home/byd/hawrk/ros2/dros_dispatch_service/install/dros_dispatch_service' for CMake config files
[25.186s] Level 1:colcon.colcon_core.shell:create_environment_hook('dros_dispatch_service', 'cmake_prefix_path')
[25.186s] INFO:colcon.colcon_core.shell:Creating environment hook '/home/byd/hawrk/ros2/dros_dispatch_service/install/dros_dispatch_service/share/dros_dispatch_service/hook/cmake_prefix_path.ps1'
[25.189s] INFO:colcon.colcon_core.shell:Creating environment descriptor '/home/byd/hawrk/ros2/dros_dispatch_service/install/dros_dispatch_service/share/dros_dispatch_service/hook/cmake_prefix_path.dsv'
[25.191s] INFO:colcon.colcon_core.shell:Creating environment hook '/home/byd/hawrk/ros2/dros_dispatch_service/install/dros_dispatch_service/share/dros_dispatch_service/hook/cmake_prefix_path.sh'
[25.194s] Level 1:colcon.colcon_core.environment:checking '/home/byd/hawrk/ros2/dros_dispatch_service/install/dros_dispatch_service/lib'
[25.195s] Level 1:colcon.colcon_core.environment:checking '/home/byd/hawrk/ros2/dros_dispatch_service/install/dros_dispatch_service/bin'
[25.195s] Level 1:colcon.colcon_core.environment:checking '/home/byd/hawrk/ros2/dros_dispatch_service/install/dros_dispatch_service/lib/pkgconfig/dros_dispatch_service.pc'
[25.196s] Level 1:colcon.colcon_core.environment:checking '/home/byd/hawrk/ros2/dros_dispatch_service/install/dros_dispatch_service/lib/python3.10/site-packages'
[25.197s] Level 1:colcon.colcon_core.environment:checking '/home/byd/hawrk/ros2/dros_dispatch_service/install/dros_dispatch_service/bin'
[25.198s] INFO:colcon.colcon_core.shell:Creating package script '/home/byd/hawrk/ros2/dros_dispatch_service/install/dros_dispatch_service/share/dros_dispatch_service/package.ps1'
[25.201s] INFO:colcon.colcon_core.shell:Creating package descriptor '/home/byd/hawrk/ros2/dros_dispatch_service/install/dros_dispatch_service/share/dros_dispatch_service/package.dsv'
[25.203s] INFO:colcon.colcon_core.shell:Creating package script '/home/byd/hawrk/ros2/dros_dispatch_service/install/dros_dispatch_service/share/dros_dispatch_service/package.sh'
[25.206s] INFO:colcon.colcon_core.shell:Creating package script '/home/byd/hawrk/ros2/dros_dispatch_service/install/dros_dispatch_service/share/dros_dispatch_service/package.bash'
[25.208s] INFO:colcon.colcon_core.shell:Creating package script '/home/byd/hawrk/ros2/dros_dispatch_service/install/dros_dispatch_service/share/dros_dispatch_service/package.zsh'
[25.211s] Level 1:colcon.colcon_core.environment:create_file_with_runtime_dependencies(/home/byd/hawrk/ros2/dros_dispatch_service/install/dros_dispatch_service/share/colcon-core/packages/dros_dispatch_service)
[25.214s] Level 1:colcon.colcon_core.environment:create_environment_scripts_only(dros_dispatch_service)
[25.215s] Level 1:colcon.colcon_core.environment:checking '/home/byd/hawrk/ros2/dros_dispatch_service/install/dros_dispatch_service' for CMake module files
[25.216s] Level 1:colcon.colcon_core.environment:checking '/home/byd/hawrk/ros2/dros_dispatch_service/install/dros_dispatch_service' for CMake config files
[25.217s] Level 1:colcon.colcon_core.shell:create_environment_hook('dros_dispatch_service', 'cmake_prefix_path')
[25.218s] INFO:colcon.colcon_core.shell:Creating environment hook '/home/byd/hawrk/ros2/dros_dispatch_service/install/dros_dispatch_service/share/dros_dispatch_service/hook/cmake_prefix_path.ps1'
[25.219s] INFO:colcon.colcon_core.shell:Creating environment descriptor '/home/byd/hawrk/ros2/dros_dispatch_service/install/dros_dispatch_service/share/dros_dispatch_service/hook/cmake_prefix_path.dsv'
[25.221s] INFO:colcon.colcon_core.shell:Creating environment hook '/home/byd/hawrk/ros2/dros_dispatch_service/install/dros_dispatch_service/share/dros_dispatch_service/hook/cmake_prefix_path.sh'
[25.223s] Level 1:colcon.colcon_core.environment:checking '/home/byd/hawrk/ros2/dros_dispatch_service/install/dros_dispatch_service/lib'
[25.223s] Level 1:colcon.colcon_core.environment:checking '/home/byd/hawrk/ros2/dros_dispatch_service/install/dros_dispatch_service/bin'
[25.223s] Level 1:colcon.colcon_core.environment:checking '/home/byd/hawrk/ros2/dros_dispatch_service/install/dros_dispatch_service/lib/pkgconfig/dros_dispatch_service.pc'
[25.224s] Level 1:colcon.colcon_core.environment:checking '/home/byd/hawrk/ros2/dros_dispatch_service/install/dros_dispatch_service/lib/python3.10/site-packages'
[25.225s] Level 1:colcon.colcon_core.environment:checking '/home/byd/hawrk/ros2/dros_dispatch_service/install/dros_dispatch_service/bin'
[25.226s] INFO:colcon.colcon_core.shell:Creating package script '/home/byd/hawrk/ros2/dros_dispatch_service/install/dros_dispatch_service/share/dros_dispatch_service/package.ps1'
[25.228s] INFO:colcon.colcon_core.shell:Creating package descriptor '/home/byd/hawrk/ros2/dros_dispatch_service/install/dros_dispatch_service/share/dros_dispatch_service/package.dsv'
[25.229s] INFO:colcon.colcon_core.shell:Creating package script '/home/byd/hawrk/ros2/dros_dispatch_service/install/dros_dispatch_service/share/dros_dispatch_service/package.sh'
[25.231s] INFO:colcon.colcon_core.shell:Creating package script '/home/byd/hawrk/ros2/dros_dispatch_service/install/dros_dispatch_service/share/dros_dispatch_service/package.bash'
[25.232s] INFO:colcon.colcon_core.shell:Creating package script '/home/byd/hawrk/ros2/dros_dispatch_service/install/dros_dispatch_service/share/dros_dispatch_service/package.zsh'
[25.234s] Level 1:colcon.colcon_core.environment:create_file_with_runtime_dependencies(/home/byd/hawrk/ros2/dros_dispatch_service/install/dros_dispatch_service/share/colcon-core/packages/dros_dispatch_service)
[25.235s] DEBUG:colcon.colcon_parallel_executor.executor.parallel:closing loop
[25.236s] DEBUG:colcon.colcon_parallel_executor.executor.parallel:loop closed
[25.236s] DEBUG:colcon.colcon_parallel_executor.executor.parallel:run_until_complete finished with '0'
[25.236s] DEBUG:colcon.colcon_core.event_reactor:joining thread
[25.253s] INFO:colcon.colcon_core.plugin_system:Skipping extension 'colcon_notification.desktop_notification.terminal_notifier': Not used on non-Darwin systems
[25.254s] INFO:colcon.colcon_core.plugin_system:Skipping extension 'colcon_notification.desktop_notification.win32': Not used on non-Windows systems
[25.254s] INFO:colcon.colcon_notification.desktop_notification:Sending desktop notification using 'notify2'
[25.288s] DEBUG:colcon.colcon_core.event_reactor:joined thread
[25.289s] INFO:colcon.colcon_core.shell:Creating prefix script '/home/byd/hawrk/ros2/dros_dispatch_service/install/local_setup.ps1'
[25.293s] INFO:colcon.colcon_core.shell:Creating prefix util module '/home/byd/hawrk/ros2/dros_dispatch_service/install/_local_setup_util_ps1.py'
[25.298s] INFO:colcon.colcon_core.shell:Creating prefix chain script '/home/byd/hawrk/ros2/dros_dispatch_service/install/setup.ps1'
[25.302s] INFO:colcon.colcon_core.shell:Creating prefix script '/home/byd/hawrk/ros2/dros_dispatch_service/install/local_setup.sh'
[25.304s] INFO:colcon.colcon_core.shell:Creating prefix util module '/home/byd/hawrk/ros2/dros_dispatch_service/install/_local_setup_util_sh.py'
[25.306s] INFO:colcon.colcon_core.shell:Creating prefix chain script '/home/byd/hawrk/ros2/dros_dispatch_service/install/setup.sh'
[25.309s] INFO:colcon.colcon_core.shell:Creating prefix script '/home/byd/hawrk/ros2/dros_dispatch_service/install/local_setup.bash'
[25.311s] INFO:colcon.colcon_core.shell:Creating prefix chain script '/home/byd/hawrk/ros2/dros_dispatch_service/install/setup.bash'
[25.314s] INFO:colcon.colcon_core.shell:Creating prefix script '/home/byd/hawrk/ros2/dros_dispatch_service/install/local_setup.zsh'
[25.316s] INFO:colcon.colcon_core.shell:Creating prefix chain script '/home/byd/hawrk/ros2/dros_dispatch_service/install/setup.zsh'
