[35m[1mConsolidate compiler generated dependencies of target param[0m
[ 50%] [32mBuilding CXX object CMakeFiles/param.dir/src/param.cpp.o[0m
[100%] [32m[1mLinking CXX executable param[0m
[100%] Built target param
-- Install configuration: ""
-- Installing: /home/byd/src/ros2/param_ws/install/param_ws/lib/param_ws/param
-- Set runtime path of "/home/byd/src/ros2/param_ws/install/param_ws/lib/param_ws/param" to ""
-- Up-to-date: /home/byd/src/ros2/param_ws/install/param_ws/share/ament_index/resource_index/package_run_dependencies/param_ws
-- Up-to-date: /home/byd/src/ros2/param_ws/install/param_ws/share/ament_index/resource_index/parent_prefix_path/param_ws
-- Up-to-date: /home/byd/src/ros2/param_ws/install/param_ws/share/param_ws/environment/ament_prefix_path.sh
-- Up-to-date: /home/byd/src/ros2/param_ws/install/param_ws/share/param_ws/environment/ament_prefix_path.dsv
-- Up-to-date: /home/byd/src/ros2/param_ws/install/param_ws/share/param_ws/environment/path.sh
-- Up-to-date: /home/byd/src/ros2/param_ws/install/param_ws/share/param_ws/environment/path.dsv
-- Up-to-date: /home/byd/src/ros2/param_ws/install/param_ws/share/param_ws/local_setup.bash
-- Up-to-date: /home/byd/src/ros2/param_ws/install/param_ws/share/param_ws/local_setup.sh
-- Up-to-date: /home/byd/src/ros2/param_ws/install/param_ws/share/param_ws/local_setup.zsh
-- Up-to-date: /home/byd/src/ros2/param_ws/install/param_ws/share/param_ws/local_setup.dsv
-- Installing: /home/byd/src/ros2/param_ws/install/param_ws/share/param_ws/package.dsv
-- Up-to-date: /home/byd/src/ros2/param_ws/install/param_ws/share/ament_index/resource_index/packages/param_ws
-- Up-to-date: /home/byd/src/ros2/param_ws/install/param_ws/share/param_ws/cmake/param_wsConfig.cmake
-- Up-to-date: /home/byd/src/ros2/param_ws/install/param_ws/share/param_ws/cmake/param_wsConfig-version.cmake
-- Up-to-date: /home/byd/src/ros2/param_ws/install/param_ws/share/param_ws/package.xml
