[0.024s] Invoking command in '/home/byd/github/ros/hawrk/ros2/param_ws/build/param_ws': CMAKE_PREFIX_PATH=/opt/ros/humble /usr/bin/cmake /home/byd/github/ros/hawrk/ros2/param_ws -DCMAKE_INSTALL_PREFIX=/home/byd/github/ros/hawrk/ros2/param_ws/install/param_ws
[0.047s] -- Found ament_cmake: 1.3.10 (/opt/ros/humble/share/ament_cmake/cmake)
[0.347s] -- Found Python3: /usr/bin/python3 (found version "3.10.12") found components: Interpreter 
[0.530s] -- Found rclcpp: 16.0.10 (/opt/ros/humble/share/rclcpp/cmake)
[0.607s] -- Found rosidl_generator_c: 3.1.5 (/opt/ros/humble/share/rosidl_generator_c/cmake)
[0.614s] -- Found rosidl_adapter: 3.1.5 (/opt/ros/humble/share/rosidl_adapter/cmake)
[0.627s] -- Found rosidl_generator_cpp: 3.1.5 (/opt/ros/humble/share/rosidl_generator_cpp/cmake)
[0.646s] -- Using all available rosidl_typesupport_c: rosidl_typesupport_fastrtps_c;rosidl_typesupport_introspection_c
[0.681s] -- Using all available rosidl_typesupport_cpp: rosidl_typesupport_fastrtps_cpp;rosidl_typesupport_introspection_cpp
[0.748s] -- Found rmw_implementation_cmake: 6.1.2 (/opt/ros/humble/share/rmw_implementation_cmake/cmake)
[0.751s] -- Found rmw_fastrtps_cpp: 6.2.7 (/opt/ros/humble/share/rmw_fastrtps_cpp/cmake)
[0.909s] -- Found OpenSSL: /usr/lib/aarch64-linux-gnu/libcrypto.so (found version "3.0.2")  
[0.972s] -- Found FastRTPS: /opt/ros/humble/include  
[1.048s] -- Using RMW implementation 'rmw_fastrtps_cpp' as default
[1.060s] -- Looking for pthread.h
[1.209s] -- Looking for pthread.h - found
[1.210s] -- Performing Test CMAKE_HAVE_LIBC_PTHREAD
[1.364s] -- Performing Test CMAKE_HAVE_LIBC_PTHREAD - Success
[1.365s] -- Found Threads: TRUE  
[1.475s] -- Found ament_lint_auto: 0.12.11 (/opt/ros/humble/share/ament_lint_auto/cmake)
[1.628s] -- Added test 'cppcheck' to perform static code analysis on C / C++ code
[1.628s] -- Configured cppcheck include dirs: $<BUILD_INTERFACE:/home/byd/github/ros/hawrk/ros2/param_ws/include>
[1.628s] -- Configured cppcheck exclude dirs and/or files: 
[1.630s] -- Added test 'flake8' to check Python code syntax and style conventions
[1.634s] -- Added test 'lint_cmake' to check CMake code style
[1.635s] -- Added test 'pep257' to check Python code against some of the docstring style conventions in PEP 257
[1.646s] -- Added test 'uncrustify' to check C / C++ code style
[1.646s] -- Configured uncrustify additional arguments: 
[1.649s] -- Added test 'xmllint' to check XML markup files
[1.651s] -- Configuring done
[1.668s] -- Generating done
[1.671s] -- Build files have been written to: /home/byd/github/ros/hawrk/ros2/param_ws/build/param_ws
[1.688s] Invoked command in '/home/byd/github/ros/hawrk/ros2/param_ws/build/param_ws' returned '0': CMAKE_PREFIX_PATH=/opt/ros/humble /usr/bin/cmake /home/byd/github/ros/hawrk/ros2/param_ws -DCMAKE_INSTALL_PREFIX=/home/byd/github/ros/hawrk/ros2/param_ws/install/param_ws
[1.694s] Invoking command in '/home/byd/github/ros/hawrk/ros2/param_ws/build/param_ws': CMAKE_PREFIX_PATH=/opt/ros/humble /usr/bin/cmake --build /home/byd/github/ros/hawrk/ros2/param_ws/build/param_ws -- -j8 -l8
[1.816s] [ 50%] [32mBuilding CXX object CMakeFiles/param.dir/src/param.cpp.o[0m
[18.368s] [100%] [32m[1mLinking CXX executable param[0m
[19.107s] [100%] Built target param
[19.137s] Invoked command in '/home/byd/github/ros/hawrk/ros2/param_ws/build/param_ws' returned '0': CMAKE_PREFIX_PATH=/opt/ros/humble /usr/bin/cmake --build /home/byd/github/ros/hawrk/ros2/param_ws/build/param_ws -- -j8 -l8
[19.216s] Invoking command in '/home/byd/github/ros/hawrk/ros2/param_ws/build/param_ws': CMAKE_PREFIX_PATH=/opt/ros/humble /usr/bin/cmake --install /home/byd/github/ros/hawrk/ros2/param_ws/build/param_ws
[19.233s] -- Install configuration: ""
[19.234s] -- Installing: /home/byd/github/ros/hawrk/ros2/param_ws/install/param_ws/lib/param_ws/param
[19.246s] -- Set runtime path of "/home/byd/github/ros/hawrk/ros2/param_ws/install/param_ws/lib/param_ws/param" to ""
[19.246s] -- Installing: /home/byd/github/ros/hawrk/ros2/param_ws/install/param_ws/share/ament_index/resource_index/package_run_dependencies/param_ws
[19.246s] -- Installing: /home/byd/github/ros/hawrk/ros2/param_ws/install/param_ws/share/ament_index/resource_index/parent_prefix_path/param_ws
[19.246s] -- Installing: /home/byd/github/ros/hawrk/ros2/param_ws/install/param_ws/share/param_ws/environment/ament_prefix_path.sh
[19.247s] -- Installing: /home/byd/github/ros/hawrk/ros2/param_ws/install/param_ws/share/param_ws/environment/ament_prefix_path.dsv
[19.247s] -- Installing: /home/byd/github/ros/hawrk/ros2/param_ws/install/param_ws/share/param_ws/environment/path.sh
[19.248s] -- Installing: /home/byd/github/ros/hawrk/ros2/param_ws/install/param_ws/share/param_ws/environment/path.dsv
[19.248s] -- Installing: /home/byd/github/ros/hawrk/ros2/param_ws/install/param_ws/share/param_ws/local_setup.bash
[19.248s] -- Installing: /home/byd/github/ros/hawrk/ros2/param_ws/install/param_ws/share/param_ws/local_setup.sh
[19.248s] -- Installing: /home/byd/github/ros/hawrk/ros2/param_ws/install/param_ws/share/param_ws/local_setup.zsh
[19.249s] -- Installing: /home/byd/github/ros/hawrk/ros2/param_ws/install/param_ws/share/param_ws/local_setup.dsv
[19.249s] -- Installing: /home/byd/github/ros/hawrk/ros2/param_ws/install/param_ws/share/param_ws/package.dsv
[19.249s] -- Installing: /home/byd/github/ros/hawrk/ros2/param_ws/install/param_ws/share/ament_index/resource_index/packages/param_ws
[19.250s] -- Installing: /home/byd/github/ros/hawrk/ros2/param_ws/install/param_ws/share/param_ws/cmake/param_wsConfig.cmake
[19.250s] -- Installing: /home/byd/github/ros/hawrk/ros2/param_ws/install/param_ws/share/param_ws/cmake/param_wsConfig-version.cmake
[19.250s] -- Installing: /home/byd/github/ros/hawrk/ros2/param_ws/install/param_ws/share/param_ws/package.xml
[19.257s] Invoked command in '/home/byd/github/ros/hawrk/ros2/param_ws/build/param_ws' returned '0': CMAKE_PREFIX_PATH=/opt/ros/humble /usr/bin/cmake --install /home/byd/github/ros/hawrk/ros2/param_ws/build/param_ws
