-- Found ament_cmake: 1.3.11 (/opt/ros/humble/share/ament_cmake/cmake)
-- Found rosidl_default_generators: 1.2.0 (/opt/ros/humble/share/rosidl_default_generators/cmake)
-- Using all available rosidl_typesupport_c: rosidl_typesupport_fastrtps_c;rosidl_typesupport_introspection_c
-- Found rosidl_adapter: 3.1.6 (/opt/ros/humble/share/rosidl_adapter/cmake)
-- Using all available rosidl_typesupport_cpp: rosidl_typesupport_fastrtps_cpp;rosidl_typesupport_introspection_cpp
-- Found builtin_interfaces: 1.2.1 (/opt/ros/humble/share/builtin_interfaces/cmake)
-- Found std_msgs: 4.2.4 (/opt/ros/humble/share/std_msgs/cmake)
-- Found sensor_msgs: 4.2.4 (/opt/ros/humble/share/sensor_msgs/cmake)
-- Found nav_msgs: 4.8.0 (/opt/ros/humble/share/nav_msgs/cmake)
-- Found geographic_msgs: 1.0.6 (/opt/ros/humble/share/geographic_msgs/cmake)
-- Found action_msgs: 1.2.1 (/opt/ros/humble/share/action_msgs/cmake)
-- Found ament_cmake_cppcheck: 0.12.11 (/opt/ros/humble/share/ament_cmake_cppcheck/cmake)
-- Found ament_cmake_cpplint: 0.12.11 (/opt/ros/humble/share/ament_cmake_cpplint/cmake)
-- Found ament_cmake_uncrustify: 0.12.11 (/opt/ros/humble/share/ament_cmake_uncrustify/cmake)
-- Found ament_cmake_ros: 0.10.0 (/opt/ros/humble/share/ament_cmake_ros/cmake)
-- Using all available rosidl_typesupport_c: rosidl_typesupport_fastrtps_c;rosidl_typesupport_introspection_c
-- Using all available rosidl_typesupport_cpp: rosidl_typesupport_fastrtps_cpp;rosidl_typesupport_introspection_cpp
-- Found python_cmake_module: 0.10.0 (/opt/ros/humble/share/python_cmake_module/cmake)
-- Using PYTHON_EXECUTABLE: /usr/bin/python3
-- Using PYTHON_INCLUDE_DIRS: /usr/include/python3.10
-- Using PYTHON_LIBRARIES: /usr/lib/x86_64-linux-gnu/libpython3.10.so
-- Found ament_cmake_flake8: 0.12.11 (/opt/ros/humble/share/ament_cmake_flake8/cmake)
-- Found ament_cmake_pep257: 0.12.11 (/opt/ros/humble/share/ament_cmake_pep257/cmake)
-- Found ament_lint_auto: 0.12.11 (/opt/ros/humble/share/ament_lint_auto/cmake)
-- Added test 'cppcheck' to perform static code analysis on C / C++ code
-- Configured cppcheck include dirs: $<BUILD_INTERFACE:/home/hawrk/Documents/GitHub/hawrk/ros2/dros_common_interfaces/build/dros_common_interfaces/rosidl_generator_c>;$<BUILD_INTERFACE:/home/hawrk/Documents/GitHub/hawrk/ros2/dros_common_interfaces/build/dros_common_interfaces/rosidl_typesupport_fastrtps_c>;$<BUILD_INTERFACE:/home/hawrk/Documents/GitHub/hawrk/ros2/dros_common_interfaces/build/dros_common_interfaces/rosidl_typesupport_introspection_c>;$<BUILD_INTERFACE:/home/hawrk/Documents/GitHub/hawrk/ros2/dros_common_interfaces/build/dros_common_interfaces/rosidl_generator_cpp>;$<BUILD_INTERFACE:/home/hawrk/Documents/GitHub/hawrk/ros2/dros_common_interfaces/build/dros_common_interfaces/rosidl_typesupport_fastrtps_cpp>;$<BUILD_INTERFACE:/home/hawrk/Documents/GitHub/hawrk/ros2/dros_common_interfaces/build/dros_common_interfaces/rosidl_typesupport_introspection_cpp>;/home/hawrk/Documents/GitHub/hawrk/ros2/dros_common_interfaces/build/dros_common_interfaces/rosidl_generator_c;/home/hawrk/Documents/GitHub/hawrk/ros2/dros_common_interfaces/build/dros_common_interfaces/rosidl_generator_py
-- Configured cppcheck exclude dirs and/or files: 
-- Added test 'cpplint' to check C / C++ code against the Google style
-- Configured cpplint exclude dirs and/or files: 
-- Added test 'uncrustify' to check C / C++ code style
-- Configured uncrustify additional arguments: 
-- Added test 'flake8' to check Python code syntax and style conventions
-- Added test 'pep257' to check Python code against some of the docstring style conventions in PEP 257
-- Added test 'lint_cmake' to check CMake code style
-- Added test 'xmllint' to check XML markup files
-- Configuring done
-- Generating done
-- Build files have been written to: /home/hawrk/Documents/GitHub/hawrk/ros2/dros_common_interfaces/build/dros_common_interfaces
[35m[1mConsolidate compiler generated dependencies of target dros_common_interfaces__rosidl_generator_c[0m
[  1%] Built target dros_common_interfaces__cpp
[ 12%] Built target dros_common_interfaces__rosidl_generator_c
[35m[1mConsolidate compiler generated dependencies of target dros_common_interfaces__rosidl_typesupport_cpp[0m
[ 12%] Built target ament_cmake_python_copy_dros_common_interfaces
[35m[1mConsolidate compiler generated dependencies of target dros_common_interfaces__rosidl_typesupport_fastrtps_cpp[0m
[35m[1mConsolidate compiler generated dependencies of target dros_common_interfaces__rosidl_typesupport_introspection_cpp[0m
[35m[1mConsolidate compiler generated dependencies of target dros_common_interfaces__rosidl_typesupport_c[0m
[35m[1mConsolidate compiler generated dependencies of target dros_common_interfaces__rosidl_typesupport_introspection_c[0m
[35m[1mConsolidate compiler generated dependencies of target dros_common_interfaces__rosidl_typesupport_fastrtps_c[0m
[ 24%] Built target dros_common_interfaces__rosidl_typesupport_cpp
[ 35%] Built target dros_common_interfaces__rosidl_typesupport_c
[ 47%] Built target dros_common_interfaces__rosidl_typesupport_introspection_c
[ 58%] Built target dros_common_interfaces__rosidl_typesupport_fastrtps_cpp
[ 70%] Built target dros_common_interfaces__rosidl_typesupport_introspection_cpp
[ 81%] Built target dros_common_interfaces__rosidl_typesupport_fastrtps_c
[ 81%] Built target dros_common_interfaces
[ 82%] Built target dros_common_interfaces__py
[35m[1mConsolidate compiler generated dependencies of target dros_common_interfaces__rosidl_generator_py[0m
[ 93%] Built target dros_common_interfaces__rosidl_generator_py
[35m[1mConsolidate compiler generated dependencies of target dros_common_interfaces__rosidl_typesupport_fastrtps_c__pyext[0m
[35m[1mConsolidate compiler generated dependencies of target dros_common_interfaces__rosidl_typesupport_introspection_c__pyext[0m
[35m[1mConsolidate compiler generated dependencies of target dros_common_interfaces__rosidl_typesupport_c__pyext[0m
[ 97%] Built target dros_common_interfaces__rosidl_typesupport_introspection_c__pyext
[ 97%] Built target dros_common_interfaces__rosidl_typesupport_c__pyext
[100%] Built target dros_common_interfaces__rosidl_typesupport_fastrtps_c__pyext
running egg_info
writing dros_common_interfaces.egg-info/PKG-INFO
writing dependency_links to dros_common_interfaces.egg-info/dependency_links.txt
writing top-level names to dros_common_interfaces.egg-info/top_level.txt
reading manifest file 'dros_common_interfaces.egg-info/SOURCES.txt'
writing manifest file 'dros_common_interfaces.egg-info/SOURCES.txt'
[100%] Built target ament_cmake_python_build_dros_common_interfaces_egg
-- Install configuration: ""
-- Up-to-date: /home/hawrk/Documents/GitHub/hawrk/ros2/dros_common_interfaces/install/dros_common_interfaces/share/ament_index/resource_index/rosidl_interfaces/dros_common_interfaces
-- Up-to-date: /home/hawrk/Documents/GitHub/hawrk/ros2/dros_common_interfaces/install/dros_common_interfaces/include/dros_common_interfaces/dros_common_interfaces
-- Up-to-date: /home/hawrk/Documents/GitHub/hawrk/ros2/dros_common_interfaces/install/dros_common_interfaces/include/dros_common_interfaces/dros_common_interfaces/srv
-- Up-to-date: /home/hawrk/Documents/GitHub/hawrk/ros2/dros_common_interfaces/install/dros_common_interfaces/include/dros_common_interfaces/dros_common_interfaces/srv/detail
-- Up-to-date: /home/hawrk/Documents/GitHub/hawrk/ros2/dros_common_interfaces/install/dros_common_interfaces/include/dros_common_interfaces/dros_common_interfaces/srv/detail/device_info__functions.c
-- Up-to-date: /home/hawrk/Documents/GitHub/hawrk/ros2/dros_common_interfaces/install/dros_common_interfaces/include/dros_common_interfaces/dros_common_interfaces/srv/detail/device_info__functions.h
-- Up-to-date: /home/hawrk/Documents/GitHub/hawrk/ros2/dros_common_interfaces/install/dros_common_interfaces/include/dros_common_interfaces/dros_common_interfaces/srv/detail/grasp__functions.h
-- Up-to-date: /home/hawrk/Documents/GitHub/hawrk/ros2/dros_common_interfaces/install/dros_common_interfaces/include/dros_common_interfaces/dros_common_interfaces/srv/detail/device_info__struct.h
-- Up-to-date: /home/hawrk/Documents/GitHub/hawrk/ros2/dros_common_interfaces/install/dros_common_interfaces/include/dros_common_interfaces/dros_common_interfaces/srv/detail/grasp__struct.h
-- Up-to-date: /home/hawrk/Documents/GitHub/hawrk/ros2/dros_common_interfaces/install/dros_common_interfaces/include/dros_common_interfaces/dros_common_interfaces/srv/detail/grasp__type_support.h
-- Up-to-date: /home/hawrk/Documents/GitHub/hawrk/ros2/dros_common_interfaces/install/dros_common_interfaces/include/dros_common_interfaces/dros_common_interfaces/srv/detail/grasp__functions.c
-- Up-to-date: /home/hawrk/Documents/GitHub/hawrk/ros2/dros_common_interfaces/install/dros_common_interfaces/include/dros_common_interfaces/dros_common_interfaces/srv/detail/device_info__type_support.h
-- Up-to-date: /home/hawrk/Documents/GitHub/hawrk/ros2/dros_common_interfaces/install/dros_common_interfaces/include/dros_common_interfaces/dros_common_interfaces/srv/device_info.h
-- Up-to-date: /home/hawrk/Documents/GitHub/hawrk/ros2/dros_common_interfaces/install/dros_common_interfaces/include/dros_common_interfaces/dros_common_interfaces/srv/grasp.h
-- Up-to-date: /home/hawrk/Documents/GitHub/hawrk/ros2/dros_common_interfaces/install/dros_common_interfaces/include/dros_common_interfaces/dros_common_interfaces/action
-- Up-to-date: /home/hawrk/Documents/GitHub/hawrk/ros2/dros_common_interfaces/install/dros_common_interfaces/include/dros_common_interfaces/dros_common_interfaces/action/detail
-- Up-to-date: /home/hawrk/Documents/GitHub/hawrk/ros2/dros_common_interfaces/install/dros_common_interfaces/include/dros_common_interfaces/dros_common_interfaces/action/detail/navigate_to_pose__functions.h
-- Up-to-date: /home/hawrk/Documents/GitHub/hawrk/ros2/dros_common_interfaces/install/dros_common_interfaces/include/dros_common_interfaces/dros_common_interfaces/action/detail/navigate_to_pose__type_support.h
-- Up-to-date: /home/hawrk/Documents/GitHub/hawrk/ros2/dros_common_interfaces/install/dros_common_interfaces/include/dros_common_interfaces/dros_common_interfaces/action/detail/dexterous_hand__functions.c
-- Up-to-date: /home/hawrk/Documents/GitHub/hawrk/ros2/dros_common_interfaces/install/dros_common_interfaces/include/dros_common_interfaces/dros_common_interfaces/action/detail/navigate_to_pose__struct.h
-- Up-to-date: /home/hawrk/Documents/GitHub/hawrk/ros2/dros_common_interfaces/install/dros_common_interfaces/include/dros_common_interfaces/dros_common_interfaces/action/detail/navigate_to_pose__functions.c
-- Up-to-date: /home/hawrk/Documents/GitHub/hawrk/ros2/dros_common_interfaces/install/dros_common_interfaces/include/dros_common_interfaces/dros_common_interfaces/action/detail/dexterous_hand__functions.h
-- Up-to-date: /home/hawrk/Documents/GitHub/hawrk/ros2/dros_common_interfaces/install/dros_common_interfaces/include/dros_common_interfaces/dros_common_interfaces/action/detail/dexterous_hand__struct.h
-- Up-to-date: /home/hawrk/Documents/GitHub/hawrk/ros2/dros_common_interfaces/install/dros_common_interfaces/include/dros_common_interfaces/dros_common_interfaces/action/detail/dexterous_hand__type_support.h
-- Up-to-date: /home/hawrk/Documents/GitHub/hawrk/ros2/dros_common_interfaces/install/dros_common_interfaces/include/dros_common_interfaces/dros_common_interfaces/action/dexterous_hand.h
-- Up-to-date: /home/hawrk/Documents/GitHub/hawrk/ros2/dros_common_interfaces/install/dros_common_interfaces/include/dros_common_interfaces/dros_common_interfaces/action/navigate_to_pose.h
-- Up-to-date: /home/hawrk/Documents/GitHub/hawrk/ros2/dros_common_interfaces/install/dros_common_interfaces/include/dros_common_interfaces/dros_common_interfaces/msg
-- Up-to-date: /home/hawrk/Documents/GitHub/hawrk/ros2/dros_common_interfaces/install/dros_common_interfaces/include/dros_common_interfaces/dros_common_interfaces/msg/detail
-- Up-to-date: /home/hawrk/Documents/GitHub/hawrk/ros2/dros_common_interfaces/install/dros_common_interfaces/include/dros_common_interfaces/dros_common_interfaces/msg/detail/rgbd__functions.c
-- Up-to-date: /home/hawrk/Documents/GitHub/hawrk/ros2/dros_common_interfaces/install/dros_common_interfaces/include/dros_common_interfaces/dros_common_interfaces/msg/detail/extrinsics__functions.c
-- Up-to-date: /home/hawrk/Documents/GitHub/hawrk/ros2/dros_common_interfaces/install/dros_common_interfaces/include/dros_common_interfaces/dros_common_interfaces/msg/detail/extrinsics__functions.h
-- Up-to-date: /home/hawrk/Documents/GitHub/hawrk/ros2/dros_common_interfaces/install/dros_common_interfaces/include/dros_common_interfaces/dros_common_interfaces/msg/detail/metadata__type_support.h
-- Up-to-date: /home/hawrk/Documents/GitHub/hawrk/ros2/dros_common_interfaces/install/dros_common_interfaces/include/dros_common_interfaces/dros_common_interfaces/msg/detail/rgbd__struct.h
-- Up-to-date: /home/hawrk/Documents/GitHub/hawrk/ros2/dros_common_interfaces/install/dros_common_interfaces/include/dros_common_interfaces/dros_common_interfaces/msg/detail/imu_info__functions.c
-- Up-to-date: /home/hawrk/Documents/GitHub/hawrk/ros2/dros_common_interfaces/install/dros_common_interfaces/include/dros_common_interfaces/dros_common_interfaces/msg/detail/extrinsics__type_support.h
-- Up-to-date: /home/hawrk/Documents/GitHub/hawrk/ros2/dros_common_interfaces/install/dros_common_interfaces/include/dros_common_interfaces/dros_common_interfaces/msg/detail/metadata__struct.h
-- Up-to-date: /home/hawrk/Documents/GitHub/hawrk/ros2/dros_common_interfaces/install/dros_common_interfaces/include/dros_common_interfaces/dros_common_interfaces/msg/detail/imu_info__functions.h
-- Up-to-date: /home/hawrk/Documents/GitHub/hawrk/ros2/dros_common_interfaces/install/dros_common_interfaces/include/dros_common_interfaces/dros_common_interfaces/msg/detail/rgbd__functions.h
-- Up-to-date: /home/hawrk/Documents/GitHub/hawrk/ros2/dros_common_interfaces/install/dros_common_interfaces/include/dros_common_interfaces/dros_common_interfaces/msg/detail/extrinsics__struct.h
-- Up-to-date: /home/hawrk/Documents/GitHub/hawrk/ros2/dros_common_interfaces/install/dros_common_interfaces/include/dros_common_interfaces/dros_common_interfaces/msg/detail/imu_info__struct.h
-- Up-to-date: /home/hawrk/Documents/GitHub/hawrk/ros2/dros_common_interfaces/install/dros_common_interfaces/include/dros_common_interfaces/dros_common_interfaces/msg/detail/metadata__functions.c
-- Up-to-date: /home/hawrk/Documents/GitHub/hawrk/ros2/dros_common_interfaces/install/dros_common_interfaces/include/dros_common_interfaces/dros_common_interfaces/msg/detail/imu_info__type_support.h
-- Up-to-date: /home/hawrk/Documents/GitHub/hawrk/ros2/dros_common_interfaces/install/dros_common_interfaces/include/dros_common_interfaces/dros_common_interfaces/msg/detail/metadata__functions.h
-- Up-to-date: /home/hawrk/Documents/GitHub/hawrk/ros2/dros_common_interfaces/install/dros_common_interfaces/include/dros_common_interfaces/dros_common_interfaces/msg/detail/rgbd__type_support.h
-- Up-to-date: /home/hawrk/Documents/GitHub/hawrk/ros2/dros_common_interfaces/install/dros_common_interfaces/include/dros_common_interfaces/dros_common_interfaces/msg/rgbd.h
-- Up-to-date: /home/hawrk/Documents/GitHub/hawrk/ros2/dros_common_interfaces/install/dros_common_interfaces/include/dros_common_interfaces/dros_common_interfaces/msg/rosidl_generator_c__visibility_control.h
-- Up-to-date: /home/hawrk/Documents/GitHub/hawrk/ros2/dros_common_interfaces/install/dros_common_interfaces/include/dros_common_interfaces/dros_common_interfaces/msg/imu_info.h
-- Up-to-date: /home/hawrk/Documents/GitHub/hawrk/ros2/dros_common_interfaces/install/dros_common_interfaces/include/dros_common_interfaces/dros_common_interfaces/msg/metadata.h
-- Up-to-date: /home/hawrk/Documents/GitHub/hawrk/ros2/dros_common_interfaces/install/dros_common_interfaces/include/dros_common_interfaces/dros_common_interfaces/msg/extrinsics.h
-- Up-to-date: /home/hawrk/Documents/GitHub/hawrk/ros2/dros_common_interfaces/install/dros_common_interfaces/share/dros_common_interfaces/environment/library_path.sh
-- Installing: /home/hawrk/Documents/GitHub/hawrk/ros2/dros_common_interfaces/install/dros_common_interfaces/share/dros_common_interfaces/environment/library_path.dsv
-- Up-to-date: /home/hawrk/Documents/GitHub/hawrk/ros2/dros_common_interfaces/install/dros_common_interfaces/lib/libdros_common_interfaces__rosidl_generator_c.so
-- Up-to-date: /home/hawrk/Documents/GitHub/hawrk/ros2/dros_common_interfaces/install/dros_common_interfaces/include/dros_common_interfaces/dros_common_interfaces
-- Up-to-date: /home/hawrk/Documents/GitHub/hawrk/ros2/dros_common_interfaces/install/dros_common_interfaces/include/dros_common_interfaces/dros_common_interfaces/srv
-- Up-to-date: /home/hawrk/Documents/GitHub/hawrk/ros2/dros_common_interfaces/install/dros_common_interfaces/include/dros_common_interfaces/dros_common_interfaces/srv/detail
-- Up-to-date: /home/hawrk/Documents/GitHub/hawrk/ros2/dros_common_interfaces/install/dros_common_interfaces/include/dros_common_interfaces/dros_common_interfaces/srv/detail/grasp__rosidl_typesupport_fastrtps_c.h
-- Up-to-date: /home/hawrk/Documents/GitHub/hawrk/ros2/dros_common_interfaces/install/dros_common_interfaces/include/dros_common_interfaces/dros_common_interfaces/srv/detail/device_info__rosidl_typesupport_fastrtps_c.h
-- Up-to-date: /home/hawrk/Documents/GitHub/hawrk/ros2/dros_common_interfaces/install/dros_common_interfaces/include/dros_common_interfaces/dros_common_interfaces/action
-- Up-to-date: /home/hawrk/Documents/GitHub/hawrk/ros2/dros_common_interfaces/install/dros_common_interfaces/include/dros_common_interfaces/dros_common_interfaces/action/detail
-- Up-to-date: /home/hawrk/Documents/GitHub/hawrk/ros2/dros_common_interfaces/install/dros_common_interfaces/include/dros_common_interfaces/dros_common_interfaces/action/detail/navigate_to_pose__rosidl_typesupport_fastrtps_c.h
-- Up-to-date: /home/hawrk/Documents/GitHub/hawrk/ros2/dros_common_interfaces/install/dros_common_interfaces/include/dros_common_interfaces/dros_common_interfaces/action/detail/dexterous_hand__rosidl_typesupport_fastrtps_c.h
-- Up-to-date: /home/hawrk/Documents/GitHub/hawrk/ros2/dros_common_interfaces/install/dros_common_interfaces/include/dros_common_interfaces/dros_common_interfaces/msg
-- Up-to-date: /home/hawrk/Documents/GitHub/hawrk/ros2/dros_common_interfaces/install/dros_common_interfaces/include/dros_common_interfaces/dros_common_interfaces/msg/detail
-- Up-to-date: /home/hawrk/Documents/GitHub/hawrk/ros2/dros_common_interfaces/install/dros_common_interfaces/include/dros_common_interfaces/dros_common_interfaces/msg/detail/rgbd__rosidl_typesupport_fastrtps_c.h
-- Up-to-date: /home/hawrk/Documents/GitHub/hawrk/ros2/dros_common_interfaces/install/dros_common_interfaces/include/dros_common_interfaces/dros_common_interfaces/msg/detail/imu_info__rosidl_typesupport_fastrtps_c.h
-- Up-to-date: /home/hawrk/Documents/GitHub/hawrk/ros2/dros_common_interfaces/install/dros_common_interfaces/include/dros_common_interfaces/dros_common_interfaces/msg/detail/extrinsics__rosidl_typesupport_fastrtps_c.h
-- Up-to-date: /home/hawrk/Documents/GitHub/hawrk/ros2/dros_common_interfaces/install/dros_common_interfaces/include/dros_common_interfaces/dros_common_interfaces/msg/detail/metadata__rosidl_typesupport_fastrtps_c.h
-- Up-to-date: /home/hawrk/Documents/GitHub/hawrk/ros2/dros_common_interfaces/install/dros_common_interfaces/include/dros_common_interfaces/dros_common_interfaces/msg/rosidl_typesupport_fastrtps_c__visibility_control.h
-- Up-to-date: /home/hawrk/Documents/GitHub/hawrk/ros2/dros_common_interfaces/install/dros_common_interfaces/lib/libdros_common_interfaces__rosidl_typesupport_fastrtps_c.so
-- Up-to-date: /home/hawrk/Documents/GitHub/hawrk/ros2/dros_common_interfaces/install/dros_common_interfaces/include/dros_common_interfaces/dros_common_interfaces
-- Up-to-date: /home/hawrk/Documents/GitHub/hawrk/ros2/dros_common_interfaces/install/dros_common_interfaces/include/dros_common_interfaces/dros_common_interfaces/srv
-- Up-to-date: /home/hawrk/Documents/GitHub/hawrk/ros2/dros_common_interfaces/install/dros_common_interfaces/include/dros_common_interfaces/dros_common_interfaces/srv/detail
-- Up-to-date: /home/hawrk/Documents/GitHub/hawrk/ros2/dros_common_interfaces/install/dros_common_interfaces/include/dros_common_interfaces/dros_common_interfaces/srv/detail/grasp__rosidl_typesupport_introspection_c.h
-- Up-to-date: /home/hawrk/Documents/GitHub/hawrk/ros2/dros_common_interfaces/install/dros_common_interfaces/include/dros_common_interfaces/dros_common_interfaces/srv/detail/device_info__rosidl_typesupport_introspection_c.h
-- Up-to-date: /home/hawrk/Documents/GitHub/hawrk/ros2/dros_common_interfaces/install/dros_common_interfaces/include/dros_common_interfaces/dros_common_interfaces/srv/detail/device_info__type_support.c
-- Up-to-date: /home/hawrk/Documents/GitHub/hawrk/ros2/dros_common_interfaces/install/dros_common_interfaces/include/dros_common_interfaces/dros_common_interfaces/srv/detail/grasp__type_support.c
-- Up-to-date: /home/hawrk/Documents/GitHub/hawrk/ros2/dros_common_interfaces/install/dros_common_interfaces/include/dros_common_interfaces/dros_common_interfaces/action
-- Up-to-date: /home/hawrk/Documents/GitHub/hawrk/ros2/dros_common_interfaces/install/dros_common_interfaces/include/dros_common_interfaces/dros_common_interfaces/action/detail
-- Up-to-date: /home/hawrk/Documents/GitHub/hawrk/ros2/dros_common_interfaces/install/dros_common_interfaces/include/dros_common_interfaces/dros_common_interfaces/action/detail/dexterous_hand__rosidl_typesupport_introspection_c.h
-- Up-to-date: /home/hawrk/Documents/GitHub/hawrk/ros2/dros_common_interfaces/install/dros_common_interfaces/include/dros_common_interfaces/dros_common_interfaces/action/detail/navigate_to_pose__type_support.c
-- Up-to-date: /home/hawrk/Documents/GitHub/hawrk/ros2/dros_common_interfaces/install/dros_common_interfaces/include/dros_common_interfaces/dros_common_interfaces/action/detail/navigate_to_pose__rosidl_typesupport_introspection_c.h
-- Up-to-date: /home/hawrk/Documents/GitHub/hawrk/ros2/dros_common_interfaces/install/dros_common_interfaces/include/dros_common_interfaces/dros_common_interfaces/action/detail/dexterous_hand__type_support.c
-- Up-to-date: /home/hawrk/Documents/GitHub/hawrk/ros2/dros_common_interfaces/install/dros_common_interfaces/include/dros_common_interfaces/dros_common_interfaces/msg
-- Up-to-date: /home/hawrk/Documents/GitHub/hawrk/ros2/dros_common_interfaces/install/dros_common_interfaces/include/dros_common_interfaces/dros_common_interfaces/msg/detail
-- Up-to-date: /home/hawrk/Documents/GitHub/hawrk/ros2/dros_common_interfaces/install/dros_common_interfaces/include/dros_common_interfaces/dros_common_interfaces/msg/detail/metadata__rosidl_typesupport_introspection_c.h
-- Up-to-date: /home/hawrk/Documents/GitHub/hawrk/ros2/dros_common_interfaces/install/dros_common_interfaces/include/dros_common_interfaces/dros_common_interfaces/msg/detail/imu_info__rosidl_typesupport_introspection_c.h
-- Up-to-date: /home/hawrk/Documents/GitHub/hawrk/ros2/dros_common_interfaces/install/dros_common_interfaces/include/dros_common_interfaces/dros_common_interfaces/msg/detail/extrinsics__rosidl_typesupport_introspection_c.h
-- Up-to-date: /home/hawrk/Documents/GitHub/hawrk/ros2/dros_common_interfaces/install/dros_common_interfaces/include/dros_common_interfaces/dros_common_interfaces/msg/detail/imu_info__type_support.c
-- Up-to-date: /home/hawrk/Documents/GitHub/hawrk/ros2/dros_common_interfaces/install/dros_common_interfaces/include/dros_common_interfaces/dros_common_interfaces/msg/detail/extrinsics__type_support.c
-- Up-to-date: /home/hawrk/Documents/GitHub/hawrk/ros2/dros_common_interfaces/install/dros_common_interfaces/include/dros_common_interfaces/dros_common_interfaces/msg/detail/rgbd__rosidl_typesupport_introspection_c.h
-- Up-to-date: /home/hawrk/Documents/GitHub/hawrk/ros2/dros_common_interfaces/install/dros_common_interfaces/include/dros_common_interfaces/dros_common_interfaces/msg/detail/rgbd__type_support.c
-- Up-to-date: /home/hawrk/Documents/GitHub/hawrk/ros2/dros_common_interfaces/install/dros_common_interfaces/include/dros_common_interfaces/dros_common_interfaces/msg/detail/metadata__type_support.c
-- Up-to-date: /home/hawrk/Documents/GitHub/hawrk/ros2/dros_common_interfaces/install/dros_common_interfaces/include/dros_common_interfaces/dros_common_interfaces/msg/rosidl_typesupport_introspection_c__visibility_control.h
-- Up-to-date: /home/hawrk/Documents/GitHub/hawrk/ros2/dros_common_interfaces/install/dros_common_interfaces/lib/libdros_common_interfaces__rosidl_typesupport_introspection_c.so
-- Up-to-date: /home/hawrk/Documents/GitHub/hawrk/ros2/dros_common_interfaces/install/dros_common_interfaces/lib/libdros_common_interfaces__rosidl_typesupport_c.so
-- Up-to-date: /home/hawrk/Documents/GitHub/hawrk/ros2/dros_common_interfaces/install/dros_common_interfaces/include/dros_common_interfaces/dros_common_interfaces
-- Up-to-date: /home/hawrk/Documents/GitHub/hawrk/ros2/dros_common_interfaces/install/dros_common_interfaces/include/dros_common_interfaces/dros_common_interfaces/srv
-- Up-to-date: /home/hawrk/Documents/GitHub/hawrk/ros2/dros_common_interfaces/install/dros_common_interfaces/include/dros_common_interfaces/dros_common_interfaces/srv/detail
-- Up-to-date: /home/hawrk/Documents/GitHub/hawrk/ros2/dros_common_interfaces/install/dros_common_interfaces/include/dros_common_interfaces/dros_common_interfaces/srv/detail/grasp__builder.hpp
-- Up-to-date: /home/hawrk/Documents/GitHub/hawrk/ros2/dros_common_interfaces/install/dros_common_interfaces/include/dros_common_interfaces/dros_common_interfaces/srv/detail/device_info__traits.hpp
-- Up-to-date: /home/hawrk/Documents/GitHub/hawrk/ros2/dros_common_interfaces/install/dros_common_interfaces/include/dros_common_interfaces/dros_common_interfaces/srv/detail/grasp__struct.hpp
-- Up-to-date: /home/hawrk/Documents/GitHub/hawrk/ros2/dros_common_interfaces/install/dros_common_interfaces/include/dros_common_interfaces/dros_common_interfaces/srv/detail/device_info__builder.hpp
-- Up-to-date: /home/hawrk/Documents/GitHub/hawrk/ros2/dros_common_interfaces/install/dros_common_interfaces/include/dros_common_interfaces/dros_common_interfaces/srv/detail/device_info__type_support.hpp
-- Up-to-date: /home/hawrk/Documents/GitHub/hawrk/ros2/dros_common_interfaces/install/dros_common_interfaces/include/dros_common_interfaces/dros_common_interfaces/srv/detail/grasp__type_support.hpp
-- Up-to-date: /home/hawrk/Documents/GitHub/hawrk/ros2/dros_common_interfaces/install/dros_common_interfaces/include/dros_common_interfaces/dros_common_interfaces/srv/detail/grasp__traits.hpp
-- Up-to-date: /home/hawrk/Documents/GitHub/hawrk/ros2/dros_common_interfaces/install/dros_common_interfaces/include/dros_common_interfaces/dros_common_interfaces/srv/detail/device_info__struct.hpp
-- Up-to-date: /home/hawrk/Documents/GitHub/hawrk/ros2/dros_common_interfaces/install/dros_common_interfaces/include/dros_common_interfaces/dros_common_interfaces/srv/device_info.hpp
-- Up-to-date: /home/hawrk/Documents/GitHub/hawrk/ros2/dros_common_interfaces/install/dros_common_interfaces/include/dros_common_interfaces/dros_common_interfaces/srv/grasp.hpp
-- Up-to-date: /home/hawrk/Documents/GitHub/hawrk/ros2/dros_common_interfaces/install/dros_common_interfaces/include/dros_common_interfaces/dros_common_interfaces/action
-- Up-to-date: /home/hawrk/Documents/GitHub/hawrk/ros2/dros_common_interfaces/install/dros_common_interfaces/include/dros_common_interfaces/dros_common_interfaces/action/navigate_to_pose.hpp
-- Up-to-date: /home/hawrk/Documents/GitHub/hawrk/ros2/dros_common_interfaces/install/dros_common_interfaces/include/dros_common_interfaces/dros_common_interfaces/action/detail
-- Up-to-date: /home/hawrk/Documents/GitHub/hawrk/ros2/dros_common_interfaces/install/dros_common_interfaces/include/dros_common_interfaces/dros_common_interfaces/action/detail/navigate_to_pose__builder.hpp
-- Up-to-date: /home/hawrk/Documents/GitHub/hawrk/ros2/dros_common_interfaces/install/dros_common_interfaces/include/dros_common_interfaces/dros_common_interfaces/action/detail/dexterous_hand__struct.hpp
-- Up-to-date: /home/hawrk/Documents/GitHub/hawrk/ros2/dros_common_interfaces/install/dros_common_interfaces/include/dros_common_interfaces/dros_common_interfaces/action/detail/navigate_to_pose__struct.hpp
-- Up-to-date: /home/hawrk/Documents/GitHub/hawrk/ros2/dros_common_interfaces/install/dros_common_interfaces/include/dros_common_interfaces/dros_common_interfaces/action/detail/dexterous_hand__builder.hpp
-- Up-to-date: /home/hawrk/Documents/GitHub/hawrk/ros2/dros_common_interfaces/install/dros_common_interfaces/include/dros_common_interfaces/dros_common_interfaces/action/detail/navigate_to_pose__traits.hpp
-- Up-to-date: /home/hawrk/Documents/GitHub/hawrk/ros2/dros_common_interfaces/install/dros_common_interfaces/include/dros_common_interfaces/dros_common_interfaces/action/detail/dexterous_hand__type_support.hpp
-- Up-to-date: /home/hawrk/Documents/GitHub/hawrk/ros2/dros_common_interfaces/install/dros_common_interfaces/include/dros_common_interfaces/dros_common_interfaces/action/detail/navigate_to_pose__type_support.hpp
-- Up-to-date: /home/hawrk/Documents/GitHub/hawrk/ros2/dros_common_interfaces/install/dros_common_interfaces/include/dros_common_interfaces/dros_common_interfaces/action/detail/dexterous_hand__traits.hpp
-- Up-to-date: /home/hawrk/Documents/GitHub/hawrk/ros2/dros_common_interfaces/install/dros_common_interfaces/include/dros_common_interfaces/dros_common_interfaces/action/dexterous_hand.hpp
-- Up-to-date: /home/hawrk/Documents/GitHub/hawrk/ros2/dros_common_interfaces/install/dros_common_interfaces/include/dros_common_interfaces/dros_common_interfaces/msg
-- Up-to-date: /home/hawrk/Documents/GitHub/hawrk/ros2/dros_common_interfaces/install/dros_common_interfaces/include/dros_common_interfaces/dros_common_interfaces/msg/detail
-- Up-to-date: /home/hawrk/Documents/GitHub/hawrk/ros2/dros_common_interfaces/install/dros_common_interfaces/include/dros_common_interfaces/dros_common_interfaces/msg/detail/rgbd__builder.hpp
-- Up-to-date: /home/hawrk/Documents/GitHub/hawrk/ros2/dros_common_interfaces/install/dros_common_interfaces/include/dros_common_interfaces/dros_common_interfaces/msg/detail/extrinsics__traits.hpp
-- Up-to-date: /home/hawrk/Documents/GitHub/hawrk/ros2/dros_common_interfaces/install/dros_common_interfaces/include/dros_common_interfaces/dros_common_interfaces/msg/detail/imu_info__type_support.hpp
-- Up-to-date: /home/hawrk/Documents/GitHub/hawrk/ros2/dros_common_interfaces/install/dros_common_interfaces/include/dros_common_interfaces/dros_common_interfaces/msg/detail/rgbd__traits.hpp
-- Up-to-date: /home/hawrk/Documents/GitHub/hawrk/ros2/dros_common_interfaces/install/dros_common_interfaces/include/dros_common_interfaces/dros_common_interfaces/msg/detail/rgbd__struct.hpp
-- Up-to-date: /home/hawrk/Documents/GitHub/hawrk/ros2/dros_common_interfaces/install/dros_common_interfaces/include/dros_common_interfaces/dros_common_interfaces/msg/detail/extrinsics__builder.hpp
-- Up-to-date: /home/hawrk/Documents/GitHub/hawrk/ros2/dros_common_interfaces/install/dros_common_interfaces/include/dros_common_interfaces/dros_common_interfaces/msg/detail/imu_info__struct.hpp
-- Up-to-date: /home/hawrk/Documents/GitHub/hawrk/ros2/dros_common_interfaces/install/dros_common_interfaces/include/dros_common_interfaces/dros_common_interfaces/msg/detail/extrinsics__type_support.hpp
-- Up-to-date: /home/hawrk/Documents/GitHub/hawrk/ros2/dros_common_interfaces/install/dros_common_interfaces/include/dros_common_interfaces/dros_common_interfaces/msg/detail/imu_info__builder.hpp
-- Up-to-date: /home/hawrk/Documents/GitHub/hawrk/ros2/dros_common_interfaces/install/dros_common_interfaces/include/dros_common_interfaces/dros_common_interfaces/msg/detail/metadata__type_support.hpp
-- Up-to-date: /home/hawrk/Documents/GitHub/hawrk/ros2/dros_common_interfaces/install/dros_common_interfaces/include/dros_common_interfaces/dros_common_interfaces/msg/detail/imu_info__traits.hpp
-- Up-to-date: /home/hawrk/Documents/GitHub/hawrk/ros2/dros_common_interfaces/install/dros_common_interfaces/include/dros_common_interfaces/dros_common_interfaces/msg/detail/metadata__traits.hpp
-- Up-to-date: /home/hawrk/Documents/GitHub/hawrk/ros2/dros_common_interfaces/install/dros_common_interfaces/include/dros_common_interfaces/dros_common_interfaces/msg/detail/rgbd__type_support.hpp
-- Up-to-date: /home/hawrk/Documents/GitHub/hawrk/ros2/dros_common_interfaces/install/dros_common_interfaces/include/dros_common_interfaces/dros_common_interfaces/msg/detail/metadata__builder.hpp
-- Up-to-date: /home/hawrk/Documents/GitHub/hawrk/ros2/dros_common_interfaces/install/dros_common_interfaces/include/dros_common_interfaces/dros_common_interfaces/msg/detail/metadata__struct.hpp
-- Up-to-date: /home/hawrk/Documents/GitHub/hawrk/ros2/dros_common_interfaces/install/dros_common_interfaces/include/dros_common_interfaces/dros_common_interfaces/msg/detail/extrinsics__struct.hpp
-- Up-to-date: /home/hawrk/Documents/GitHub/hawrk/ros2/dros_common_interfaces/install/dros_common_interfaces/include/dros_common_interfaces/dros_common_interfaces/msg/extrinsics.hpp
-- Up-to-date: /home/hawrk/Documents/GitHub/hawrk/ros2/dros_common_interfaces/install/dros_common_interfaces/include/dros_common_interfaces/dros_common_interfaces/msg/imu_info.hpp
-- Up-to-date: /home/hawrk/Documents/GitHub/hawrk/ros2/dros_common_interfaces/install/dros_common_interfaces/include/dros_common_interfaces/dros_common_interfaces/msg/rosidl_generator_cpp__visibility_control.hpp
-- Up-to-date: /home/hawrk/Documents/GitHub/hawrk/ros2/dros_common_interfaces/install/dros_common_interfaces/include/dros_common_interfaces/dros_common_interfaces/msg/metadata.hpp
-- Up-to-date: /home/hawrk/Documents/GitHub/hawrk/ros2/dros_common_interfaces/install/dros_common_interfaces/include/dros_common_interfaces/dros_common_interfaces/msg/rgbd.hpp
-- Up-to-date: /home/hawrk/Documents/GitHub/hawrk/ros2/dros_common_interfaces/install/dros_common_interfaces/include/dros_common_interfaces/dros_common_interfaces
-- Up-to-date: /home/hawrk/Documents/GitHub/hawrk/ros2/dros_common_interfaces/install/dros_common_interfaces/include/dros_common_interfaces/dros_common_interfaces/srv
-- Up-to-date: /home/hawrk/Documents/GitHub/hawrk/ros2/dros_common_interfaces/install/dros_common_interfaces/include/dros_common_interfaces/dros_common_interfaces/srv/detail
-- Up-to-date: /home/hawrk/Documents/GitHub/hawrk/ros2/dros_common_interfaces/install/dros_common_interfaces/include/dros_common_interfaces/dros_common_interfaces/srv/detail/grasp__rosidl_typesupport_fastrtps_cpp.hpp
-- Up-to-date: /home/hawrk/Documents/GitHub/hawrk/ros2/dros_common_interfaces/install/dros_common_interfaces/include/dros_common_interfaces/dros_common_interfaces/srv/detail/dds_fastrtps
-- Up-to-date: /home/hawrk/Documents/GitHub/hawrk/ros2/dros_common_interfaces/install/dros_common_interfaces/include/dros_common_interfaces/dros_common_interfaces/srv/detail/device_info__rosidl_typesupport_fastrtps_cpp.hpp
-- Up-to-date: /home/hawrk/Documents/GitHub/hawrk/ros2/dros_common_interfaces/install/dros_common_interfaces/include/dros_common_interfaces/dros_common_interfaces/action
-- Up-to-date: /home/hawrk/Documents/GitHub/hawrk/ros2/dros_common_interfaces/install/dros_common_interfaces/include/dros_common_interfaces/dros_common_interfaces/action/detail
-- Up-to-date: /home/hawrk/Documents/GitHub/hawrk/ros2/dros_common_interfaces/install/dros_common_interfaces/include/dros_common_interfaces/dros_common_interfaces/action/detail/navigate_to_pose__rosidl_typesupport_fastrtps_cpp.hpp
-- Up-to-date: /home/hawrk/Documents/GitHub/hawrk/ros2/dros_common_interfaces/install/dros_common_interfaces/include/dros_common_interfaces/dros_common_interfaces/action/detail/dds_fastrtps
-- Up-to-date: /home/hawrk/Documents/GitHub/hawrk/ros2/dros_common_interfaces/install/dros_common_interfaces/include/dros_common_interfaces/dros_common_interfaces/action/detail/dexterous_hand__rosidl_typesupport_fastrtps_cpp.hpp
-- Up-to-date: /home/hawrk/Documents/GitHub/hawrk/ros2/dros_common_interfaces/install/dros_common_interfaces/include/dros_common_interfaces/dros_common_interfaces/msg
-- Up-to-date: /home/hawrk/Documents/GitHub/hawrk/ros2/dros_common_interfaces/install/dros_common_interfaces/include/dros_common_interfaces/dros_common_interfaces/msg/detail
-- Up-to-date: /home/hawrk/Documents/GitHub/hawrk/ros2/dros_common_interfaces/install/dros_common_interfaces/include/dros_common_interfaces/dros_common_interfaces/msg/detail/metadata__rosidl_typesupport_fastrtps_cpp.hpp
-- Up-to-date: /home/hawrk/Documents/GitHub/hawrk/ros2/dros_common_interfaces/install/dros_common_interfaces/include/dros_common_interfaces/dros_common_interfaces/msg/detail/dds_fastrtps
-- Up-to-date: /home/hawrk/Documents/GitHub/hawrk/ros2/dros_common_interfaces/install/dros_common_interfaces/include/dros_common_interfaces/dros_common_interfaces/msg/detail/imu_info__rosidl_typesupport_fastrtps_cpp.hpp
-- Up-to-date: /home/hawrk/Documents/GitHub/hawrk/ros2/dros_common_interfaces/install/dros_common_interfaces/include/dros_common_interfaces/dros_common_interfaces/msg/detail/extrinsics__rosidl_typesupport_fastrtps_cpp.hpp
-- Up-to-date: /home/hawrk/Documents/GitHub/hawrk/ros2/dros_common_interfaces/install/dros_common_interfaces/include/dros_common_interfaces/dros_common_interfaces/msg/detail/rgbd__rosidl_typesupport_fastrtps_cpp.hpp
-- Up-to-date: /home/hawrk/Documents/GitHub/hawrk/ros2/dros_common_interfaces/install/dros_common_interfaces/include/dros_common_interfaces/dros_common_interfaces/msg/rosidl_typesupport_fastrtps_cpp__visibility_control.h
-- Up-to-date: /home/hawrk/Documents/GitHub/hawrk/ros2/dros_common_interfaces/install/dros_common_interfaces/lib/libdros_common_interfaces__rosidl_typesupport_fastrtps_cpp.so
-- Up-to-date: /home/hawrk/Documents/GitHub/hawrk/ros2/dros_common_interfaces/install/dros_common_interfaces/include/dros_common_interfaces/dros_common_interfaces
-- Up-to-date: /home/hawrk/Documents/GitHub/hawrk/ros2/dros_common_interfaces/install/dros_common_interfaces/include/dros_common_interfaces/dros_common_interfaces/srv
-- Up-to-date: /home/hawrk/Documents/GitHub/hawrk/ros2/dros_common_interfaces/install/dros_common_interfaces/include/dros_common_interfaces/dros_common_interfaces/srv/detail
-- Up-to-date: /home/hawrk/Documents/GitHub/hawrk/ros2/dros_common_interfaces/install/dros_common_interfaces/include/dros_common_interfaces/dros_common_interfaces/srv/detail/grasp__rosidl_typesupport_introspection_cpp.hpp
-- Up-to-date: /home/hawrk/Documents/GitHub/hawrk/ros2/dros_common_interfaces/install/dros_common_interfaces/include/dros_common_interfaces/dros_common_interfaces/srv/detail/device_info__type_support.cpp
-- Up-to-date: /home/hawrk/Documents/GitHub/hawrk/ros2/dros_common_interfaces/install/dros_common_interfaces/include/dros_common_interfaces/dros_common_interfaces/srv/detail/grasp__type_support.cpp
-- Up-to-date: /home/hawrk/Documents/GitHub/hawrk/ros2/dros_common_interfaces/install/dros_common_interfaces/include/dros_common_interfaces/dros_common_interfaces/srv/detail/device_info__rosidl_typesupport_introspection_cpp.hpp
-- Up-to-date: /home/hawrk/Documents/GitHub/hawrk/ros2/dros_common_interfaces/install/dros_common_interfaces/include/dros_common_interfaces/dros_common_interfaces/action
-- Up-to-date: /home/hawrk/Documents/GitHub/hawrk/ros2/dros_common_interfaces/install/dros_common_interfaces/include/dros_common_interfaces/dros_common_interfaces/action/detail
-- Up-to-date: /home/hawrk/Documents/GitHub/hawrk/ros2/dros_common_interfaces/install/dros_common_interfaces/include/dros_common_interfaces/dros_common_interfaces/action/detail/navigate_to_pose__type_support.cpp
-- Up-to-date: /home/hawrk/Documents/GitHub/hawrk/ros2/dros_common_interfaces/install/dros_common_interfaces/include/dros_common_interfaces/dros_common_interfaces/action/detail/navigate_to_pose__rosidl_typesupport_introspection_cpp.hpp
-- Up-to-date: /home/hawrk/Documents/GitHub/hawrk/ros2/dros_common_interfaces/install/dros_common_interfaces/include/dros_common_interfaces/dros_common_interfaces/action/detail/dexterous_hand__rosidl_typesupport_introspection_cpp.hpp
-- Up-to-date: /home/hawrk/Documents/GitHub/hawrk/ros2/dros_common_interfaces/install/dros_common_interfaces/include/dros_common_interfaces/dros_common_interfaces/action/detail/dexterous_hand__type_support.cpp
-- Up-to-date: /home/hawrk/Documents/GitHub/hawrk/ros2/dros_common_interfaces/install/dros_common_interfaces/include/dros_common_interfaces/dros_common_interfaces/msg
-- Up-to-date: /home/hawrk/Documents/GitHub/hawrk/ros2/dros_common_interfaces/install/dros_common_interfaces/include/dros_common_interfaces/dros_common_interfaces/msg/detail
-- Up-to-date: /home/hawrk/Documents/GitHub/hawrk/ros2/dros_common_interfaces/install/dros_common_interfaces/include/dros_common_interfaces/dros_common_interfaces/msg/detail/extrinsics__rosidl_typesupport_introspection_cpp.hpp
-- Up-to-date: /home/hawrk/Documents/GitHub/hawrk/ros2/dros_common_interfaces/install/dros_common_interfaces/include/dros_common_interfaces/dros_common_interfaces/msg/detail/imu_info__rosidl_typesupport_introspection_cpp.hpp
-- Up-to-date: /home/hawrk/Documents/GitHub/hawrk/ros2/dros_common_interfaces/install/dros_common_interfaces/include/dros_common_interfaces/dros_common_interfaces/msg/detail/rgbd__type_support.cpp
-- Up-to-date: /home/hawrk/Documents/GitHub/hawrk/ros2/dros_common_interfaces/install/dros_common_interfaces/include/dros_common_interfaces/dros_common_interfaces/msg/detail/rgbd__rosidl_typesupport_introspection_cpp.hpp
-- Up-to-date: /home/hawrk/Documents/GitHub/hawrk/ros2/dros_common_interfaces/install/dros_common_interfaces/include/dros_common_interfaces/dros_common_interfaces/msg/detail/extrinsics__type_support.cpp
-- Up-to-date: /home/hawrk/Documents/GitHub/hawrk/ros2/dros_common_interfaces/install/dros_common_interfaces/include/dros_common_interfaces/dros_common_interfaces/msg/detail/metadata__type_support.cpp
-- Up-to-date: /home/hawrk/Documents/GitHub/hawrk/ros2/dros_common_interfaces/install/dros_common_interfaces/include/dros_common_interfaces/dros_common_interfaces/msg/detail/imu_info__type_support.cpp
-- Up-to-date: /home/hawrk/Documents/GitHub/hawrk/ros2/dros_common_interfaces/install/dros_common_interfaces/include/dros_common_interfaces/dros_common_interfaces/msg/detail/metadata__rosidl_typesupport_introspection_cpp.hpp
-- Up-to-date: /home/hawrk/Documents/GitHub/hawrk/ros2/dros_common_interfaces/install/dros_common_interfaces/lib/libdros_common_interfaces__rosidl_typesupport_introspection_cpp.so
-- Up-to-date: /home/hawrk/Documents/GitHub/hawrk/ros2/dros_common_interfaces/install/dros_common_interfaces/lib/libdros_common_interfaces__rosidl_typesupport_cpp.so
-- Up-to-date: /home/hawrk/Documents/GitHub/hawrk/ros2/dros_common_interfaces/install/dros_common_interfaces/share/dros_common_interfaces/environment/pythonpath.sh
-- Installing: /home/hawrk/Documents/GitHub/hawrk/ros2/dros_common_interfaces/install/dros_common_interfaces/share/dros_common_interfaces/environment/pythonpath.dsv
-- Up-to-date: /home/hawrk/Documents/GitHub/hawrk/ros2/dros_common_interfaces/install/dros_common_interfaces/local/lib/python3.10/dist-packages/dros_common_interfaces-0.0.0-py3.10.egg-info
-- Installing: /home/hawrk/Documents/GitHub/hawrk/ros2/dros_common_interfaces/install/dros_common_interfaces/local/lib/python3.10/dist-packages/dros_common_interfaces-0.0.0-py3.10.egg-info/top_level.txt
-- Installing: /home/hawrk/Documents/GitHub/hawrk/ros2/dros_common_interfaces/install/dros_common_interfaces/local/lib/python3.10/dist-packages/dros_common_interfaces-0.0.0-py3.10.egg-info/dependency_links.txt
-- Installing: /home/hawrk/Documents/GitHub/hawrk/ros2/dros_common_interfaces/install/dros_common_interfaces/local/lib/python3.10/dist-packages/dros_common_interfaces-0.0.0-py3.10.egg-info/SOURCES.txt
-- Installing: /home/hawrk/Documents/GitHub/hawrk/ros2/dros_common_interfaces/install/dros_common_interfaces/local/lib/python3.10/dist-packages/dros_common_interfaces-0.0.0-py3.10.egg-info/PKG-INFO
-- Up-to-date: /home/hawrk/Documents/GitHub/hawrk/ros2/dros_common_interfaces/install/dros_common_interfaces/local/lib/python3.10/dist-packages/dros_common_interfaces
-- Up-to-date: /home/hawrk/Documents/GitHub/hawrk/ros2/dros_common_interfaces/install/dros_common_interfaces/local/lib/python3.10/dist-packages/dros_common_interfaces/_dros_common_interfaces_s.ep.rosidl_typesupport_introspection_c.c
-- Up-to-date: /home/hawrk/Documents/GitHub/hawrk/ros2/dros_common_interfaces/install/dros_common_interfaces/local/lib/python3.10/dist-packages/dros_common_interfaces/srv
-- Up-to-date: /home/hawrk/Documents/GitHub/hawrk/ros2/dros_common_interfaces/install/dros_common_interfaces/local/lib/python3.10/dist-packages/dros_common_interfaces/srv/_device_info_s.c
-- Up-to-date: /home/hawrk/Documents/GitHub/hawrk/ros2/dros_common_interfaces/install/dros_common_interfaces/local/lib/python3.10/dist-packages/dros_common_interfaces/srv/_device_info.py
-- Up-to-date: /home/hawrk/Documents/GitHub/hawrk/ros2/dros_common_interfaces/install/dros_common_interfaces/local/lib/python3.10/dist-packages/dros_common_interfaces/srv/_grasp.py
-- Up-to-date: /home/hawrk/Documents/GitHub/hawrk/ros2/dros_common_interfaces/install/dros_common_interfaces/local/lib/python3.10/dist-packages/dros_common_interfaces/srv/__init__.py
-- Up-to-date: /home/hawrk/Documents/GitHub/hawrk/ros2/dros_common_interfaces/install/dros_common_interfaces/local/lib/python3.10/dist-packages/dros_common_interfaces/srv/_grasp_s.c
-- Up-to-date: /home/hawrk/Documents/GitHub/hawrk/ros2/dros_common_interfaces/install/dros_common_interfaces/local/lib/python3.10/dist-packages/dros_common_interfaces/action
-- Up-to-date: /home/hawrk/Documents/GitHub/hawrk/ros2/dros_common_interfaces/install/dros_common_interfaces/local/lib/python3.10/dist-packages/dros_common_interfaces/action/_navigate_to_pose_s.c
-- Up-to-date: /home/hawrk/Documents/GitHub/hawrk/ros2/dros_common_interfaces/install/dros_common_interfaces/local/lib/python3.10/dist-packages/dros_common_interfaces/action/_dexterous_hand_s.c
-- Up-to-date: /home/hawrk/Documents/GitHub/hawrk/ros2/dros_common_interfaces/install/dros_common_interfaces/local/lib/python3.10/dist-packages/dros_common_interfaces/action/__init__.py
-- Up-to-date: /home/hawrk/Documents/GitHub/hawrk/ros2/dros_common_interfaces/install/dros_common_interfaces/local/lib/python3.10/dist-packages/dros_common_interfaces/action/_dexterous_hand.py
-- Up-to-date: /home/hawrk/Documents/GitHub/hawrk/ros2/dros_common_interfaces/install/dros_common_interfaces/local/lib/python3.10/dist-packages/dros_common_interfaces/action/_navigate_to_pose.py
-- Up-to-date: /home/hawrk/Documents/GitHub/hawrk/ros2/dros_common_interfaces/install/dros_common_interfaces/local/lib/python3.10/dist-packages/dros_common_interfaces/libdros_common_interfaces__rosidl_generator_py.so
-- Installing: /home/hawrk/Documents/GitHub/hawrk/ros2/dros_common_interfaces/install/dros_common_interfaces/local/lib/python3.10/dist-packages/dros_common_interfaces/__init__.py
-- Up-to-date: /home/hawrk/Documents/GitHub/hawrk/ros2/dros_common_interfaces/install/dros_common_interfaces/local/lib/python3.10/dist-packages/dros_common_interfaces/msg
-- Up-to-date: /home/hawrk/Documents/GitHub/hawrk/ros2/dros_common_interfaces/install/dros_common_interfaces/local/lib/python3.10/dist-packages/dros_common_interfaces/msg/__init__.py
-- Up-to-date: /home/hawrk/Documents/GitHub/hawrk/ros2/dros_common_interfaces/install/dros_common_interfaces/local/lib/python3.10/dist-packages/dros_common_interfaces/msg/_imu_info.py
-- Up-to-date: /home/hawrk/Documents/GitHub/hawrk/ros2/dros_common_interfaces/install/dros_common_interfaces/local/lib/python3.10/dist-packages/dros_common_interfaces/msg/_extrinsics.py
-- Up-to-date: /home/hawrk/Documents/GitHub/hawrk/ros2/dros_common_interfaces/install/dros_common_interfaces/local/lib/python3.10/dist-packages/dros_common_interfaces/msg/_extrinsics_s.c
-- Up-to-date: /home/hawrk/Documents/GitHub/hawrk/ros2/dros_common_interfaces/install/dros_common_interfaces/local/lib/python3.10/dist-packages/dros_common_interfaces/msg/_metadata.py
-- Up-to-date: /home/hawrk/Documents/GitHub/hawrk/ros2/dros_common_interfaces/install/dros_common_interfaces/local/lib/python3.10/dist-packages/dros_common_interfaces/msg/_metadata_s.c
-- Up-to-date: /home/hawrk/Documents/GitHub/hawrk/ros2/dros_common_interfaces/install/dros_common_interfaces/local/lib/python3.10/dist-packages/dros_common_interfaces/msg/_imu_info_s.c
-- Up-to-date: /home/hawrk/Documents/GitHub/hawrk/ros2/dros_common_interfaces/install/dros_common_interfaces/local/lib/python3.10/dist-packages/dros_common_interfaces/msg/_rgbd_s.c
-- Up-to-date: /home/hawrk/Documents/GitHub/hawrk/ros2/dros_common_interfaces/install/dros_common_interfaces/local/lib/python3.10/dist-packages/dros_common_interfaces/msg/_rgbd.py
-- Up-to-date: /home/hawrk/Documents/GitHub/hawrk/ros2/dros_common_interfaces/install/dros_common_interfaces/local/lib/python3.10/dist-packages/dros_common_interfaces/dros_common_interfaces_s__rosidl_typesupport_fastrtps_c.cpython-310-x86_64-linux-gnu.so
-- Up-to-date: /home/hawrk/Documents/GitHub/hawrk/ros2/dros_common_interfaces/install/dros_common_interfaces/local/lib/python3.10/dist-packages/dros_common_interfaces/_dros_common_interfaces_s.ep.rosidl_typesupport_c.c
-- Up-to-date: /home/hawrk/Documents/GitHub/hawrk/ros2/dros_common_interfaces/install/dros_common_interfaces/local/lib/python3.10/dist-packages/dros_common_interfaces/_dros_common_interfaces_s.ep.rosidl_typesupport_fastrtps_c.c
-- Up-to-date: /home/hawrk/Documents/GitHub/hawrk/ros2/dros_common_interfaces/install/dros_common_interfaces/local/lib/python3.10/dist-packages/dros_common_interfaces/dros_common_interfaces_s__rosidl_typesupport_c.cpython-310-x86_64-linux-gnu.so
-- Up-to-date: /home/hawrk/Documents/GitHub/hawrk/ros2/dros_common_interfaces/install/dros_common_interfaces/local/lib/python3.10/dist-packages/dros_common_interfaces/dros_common_interfaces_s__rosidl_typesupport_introspection_c.cpython-310-x86_64-linux-gnu.so
Listing '/home/hawrk/Documents/GitHub/hawrk/ros2/dros_common_interfaces/install/dros_common_interfaces/local/lib/python3.10/dist-packages/dros_common_interfaces'...
Compiling '/home/hawrk/Documents/GitHub/hawrk/ros2/dros_common_interfaces/install/dros_common_interfaces/local/lib/python3.10/dist-packages/dros_common_interfaces/__init__.py'...
Listing '/home/hawrk/Documents/GitHub/hawrk/ros2/dros_common_interfaces/install/dros_common_interfaces/local/lib/python3.10/dist-packages/dros_common_interfaces/action'...
Listing '/home/hawrk/Documents/GitHub/hawrk/ros2/dros_common_interfaces/install/dros_common_interfaces/local/lib/python3.10/dist-packages/dros_common_interfaces/msg'...
Listing '/home/hawrk/Documents/GitHub/hawrk/ros2/dros_common_interfaces/install/dros_common_interfaces/local/lib/python3.10/dist-packages/dros_common_interfaces/srv'...
-- Up-to-date: /home/hawrk/Documents/GitHub/hawrk/ros2/dros_common_interfaces/install/dros_common_interfaces/local/lib/python3.10/dist-packages/dros_common_interfaces/dros_common_interfaces_s__rosidl_typesupport_fastrtps_c.cpython-310-x86_64-linux-gnu.so
-- Up-to-date: /home/hawrk/Documents/GitHub/hawrk/ros2/dros_common_interfaces/install/dros_common_interfaces/local/lib/python3.10/dist-packages/dros_common_interfaces/dros_common_interfaces_s__rosidl_typesupport_introspection_c.cpython-310-x86_64-linux-gnu.so
-- Up-to-date: /home/hawrk/Documents/GitHub/hawrk/ros2/dros_common_interfaces/install/dros_common_interfaces/local/lib/python3.10/dist-packages/dros_common_interfaces/dros_common_interfaces_s__rosidl_typesupport_c.cpython-310-x86_64-linux-gnu.so
-- Up-to-date: /home/hawrk/Documents/GitHub/hawrk/ros2/dros_common_interfaces/install/dros_common_interfaces/lib/libdros_common_interfaces__rosidl_generator_py.so
-- Up-to-date: /home/hawrk/Documents/GitHub/hawrk/ros2/dros_common_interfaces/install/dros_common_interfaces/share/dros_common_interfaces/msg/IMUInfo.idl
-- Up-to-date: /home/hawrk/Documents/GitHub/hawrk/ros2/dros_common_interfaces/install/dros_common_interfaces/share/dros_common_interfaces/msg/Extrinsics.idl
-- Up-to-date: /home/hawrk/Documents/GitHub/hawrk/ros2/dros_common_interfaces/install/dros_common_interfaces/share/dros_common_interfaces/msg/Metadata.idl
-- Up-to-date: /home/hawrk/Documents/GitHub/hawrk/ros2/dros_common_interfaces/install/dros_common_interfaces/share/dros_common_interfaces/msg/RGBD.idl
-- Up-to-date: /home/hawrk/Documents/GitHub/hawrk/ros2/dros_common_interfaces/install/dros_common_interfaces/share/dros_common_interfaces/srv/DeviceInfo.idl
-- Up-to-date: /home/hawrk/Documents/GitHub/hawrk/ros2/dros_common_interfaces/install/dros_common_interfaces/share/dros_common_interfaces/srv/Grasp.idl
-- Up-to-date: /home/hawrk/Documents/GitHub/hawrk/ros2/dros_common_interfaces/install/dros_common_interfaces/share/dros_common_interfaces/action/NavigateToPose.idl
-- Up-to-date: /home/hawrk/Documents/GitHub/hawrk/ros2/dros_common_interfaces/install/dros_common_interfaces/share/dros_common_interfaces/action/DexterousHand.idl
-- Up-to-date: /home/hawrk/Documents/GitHub/hawrk/ros2/dros_common_interfaces/install/dros_common_interfaces/share/dros_common_interfaces/realsense/IMUInfo.msg
-- Up-to-date: /home/hawrk/Documents/GitHub/hawrk/ros2/dros_common_interfaces/install/dros_common_interfaces/share/dros_common_interfaces/realsense/Extrinsics.msg
-- Up-to-date: /home/hawrk/Documents/GitHub/hawrk/ros2/dros_common_interfaces/install/dros_common_interfaces/share/dros_common_interfaces/realsense/Metadata.msg
-- Up-to-date: /home/hawrk/Documents/GitHub/hawrk/ros2/dros_common_interfaces/install/dros_common_interfaces/share/dros_common_interfaces/realsense/RGBD.msg
-- Up-to-date: /home/hawrk/Documents/GitHub/hawrk/ros2/dros_common_interfaces/install/dros_common_interfaces/share/dros_common_interfaces/realsense/DeviceInfo.srv
-- Up-to-date: /home/hawrk/Documents/GitHub/hawrk/ros2/dros_common_interfaces/install/dros_common_interfaces/share/dros_common_interfaces/realsense/DeviceInfo_Request.msg
-- Up-to-date: /home/hawrk/Documents/GitHub/hawrk/ros2/dros_common_interfaces/install/dros_common_interfaces/share/dros_common_interfaces/realsense/DeviceInfo_Response.msg
-- Up-to-date: /home/hawrk/Documents/GitHub/hawrk/ros2/dros_common_interfaces/install/dros_common_interfaces/share/dros_common_interfaces/srv/Grasp.srv
-- Up-to-date: /home/hawrk/Documents/GitHub/hawrk/ros2/dros_common_interfaces/install/dros_common_interfaces/share/dros_common_interfaces/srv/Grasp_Request.msg
-- Up-to-date: /home/hawrk/Documents/GitHub/hawrk/ros2/dros_common_interfaces/install/dros_common_interfaces/share/dros_common_interfaces/srv/Grasp_Response.msg
-- Up-to-date: /home/hawrk/Documents/GitHub/hawrk/ros2/dros_common_interfaces/install/dros_common_interfaces/share/dros_common_interfaces/nav2/NavigateToPose.action
-- Up-to-date: /home/hawrk/Documents/GitHub/hawrk/ros2/dros_common_interfaces/install/dros_common_interfaces/share/dros_common_interfaces/action/DexterousHand.action
-- Up-to-date: /home/hawrk/Documents/GitHub/hawrk/ros2/dros_common_interfaces/install/dros_common_interfaces/share/ament_index/resource_index/package_run_dependencies/dros_common_interfaces
-- Up-to-date: /home/hawrk/Documents/GitHub/hawrk/ros2/dros_common_interfaces/install/dros_common_interfaces/share/ament_index/resource_index/parent_prefix_path/dros_common_interfaces
-- Up-to-date: /home/hawrk/Documents/GitHub/hawrk/ros2/dros_common_interfaces/install/dros_common_interfaces/share/dros_common_interfaces/environment/ament_prefix_path.sh
-- Installing: /home/hawrk/Documents/GitHub/hawrk/ros2/dros_common_interfaces/install/dros_common_interfaces/share/dros_common_interfaces/environment/ament_prefix_path.dsv
-- Up-to-date: /home/hawrk/Documents/GitHub/hawrk/ros2/dros_common_interfaces/install/dros_common_interfaces/share/dros_common_interfaces/environment/path.sh
-- Installing: /home/hawrk/Documents/GitHub/hawrk/ros2/dros_common_interfaces/install/dros_common_interfaces/share/dros_common_interfaces/environment/path.dsv
-- Up-to-date: /home/hawrk/Documents/GitHub/hawrk/ros2/dros_common_interfaces/install/dros_common_interfaces/share/dros_common_interfaces/local_setup.bash
-- Up-to-date: /home/hawrk/Documents/GitHub/hawrk/ros2/dros_common_interfaces/install/dros_common_interfaces/share/dros_common_interfaces/local_setup.sh
-- Up-to-date: /home/hawrk/Documents/GitHub/hawrk/ros2/dros_common_interfaces/install/dros_common_interfaces/share/dros_common_interfaces/local_setup.zsh
-- Installing: /home/hawrk/Documents/GitHub/hawrk/ros2/dros_common_interfaces/install/dros_common_interfaces/share/dros_common_interfaces/local_setup.dsv
-- Installing: /home/hawrk/Documents/GitHub/hawrk/ros2/dros_common_interfaces/install/dros_common_interfaces/share/dros_common_interfaces/package.dsv
-- Up-to-date: /home/hawrk/Documents/GitHub/hawrk/ros2/dros_common_interfaces/install/dros_common_interfaces/share/ament_index/resource_index/packages/dros_common_interfaces
-- Up-to-date: /home/hawrk/Documents/GitHub/hawrk/ros2/dros_common_interfaces/install/dros_common_interfaces/share/dros_common_interfaces/cmake/export_dros_common_interfaces__rosidl_generator_cExport.cmake
-- Up-to-date: /home/hawrk/Documents/GitHub/hawrk/ros2/dros_common_interfaces/install/dros_common_interfaces/share/dros_common_interfaces/cmake/export_dros_common_interfaces__rosidl_generator_cExport-noconfig.cmake
-- Up-to-date: /home/hawrk/Documents/GitHub/hawrk/ros2/dros_common_interfaces/install/dros_common_interfaces/share/dros_common_interfaces/cmake/export_dros_common_interfaces__rosidl_typesupport_fastrtps_cExport.cmake
-- Up-to-date: /home/hawrk/Documents/GitHub/hawrk/ros2/dros_common_interfaces/install/dros_common_interfaces/share/dros_common_interfaces/cmake/export_dros_common_interfaces__rosidl_typesupport_fastrtps_cExport-noconfig.cmake
-- Up-to-date: /home/hawrk/Documents/GitHub/hawrk/ros2/dros_common_interfaces/install/dros_common_interfaces/share/dros_common_interfaces/cmake/dros_common_interfaces__rosidl_typesupport_introspection_cExport.cmake
-- Up-to-date: /home/hawrk/Documents/GitHub/hawrk/ros2/dros_common_interfaces/install/dros_common_interfaces/share/dros_common_interfaces/cmake/dros_common_interfaces__rosidl_typesupport_introspection_cExport-noconfig.cmake
-- Up-to-date: /home/hawrk/Documents/GitHub/hawrk/ros2/dros_common_interfaces/install/dros_common_interfaces/share/dros_common_interfaces/cmake/dros_common_interfaces__rosidl_typesupport_cExport.cmake
-- Up-to-date: /home/hawrk/Documents/GitHub/hawrk/ros2/dros_common_interfaces/install/dros_common_interfaces/share/dros_common_interfaces/cmake/dros_common_interfaces__rosidl_typesupport_cExport-noconfig.cmake
-- Up-to-date: /home/hawrk/Documents/GitHub/hawrk/ros2/dros_common_interfaces/install/dros_common_interfaces/share/dros_common_interfaces/cmake/export_dros_common_interfaces__rosidl_generator_cppExport.cmake
-- Up-to-date: /home/hawrk/Documents/GitHub/hawrk/ros2/dros_common_interfaces/install/dros_common_interfaces/share/dros_common_interfaces/cmake/export_dros_common_interfaces__rosidl_typesupport_fastrtps_cppExport.cmake
-- Up-to-date: /home/hawrk/Documents/GitHub/hawrk/ros2/dros_common_interfaces/install/dros_common_interfaces/share/dros_common_interfaces/cmake/export_dros_common_interfaces__rosidl_typesupport_fastrtps_cppExport-noconfig.cmake
-- Up-to-date: /home/hawrk/Documents/GitHub/hawrk/ros2/dros_common_interfaces/install/dros_common_interfaces/share/dros_common_interfaces/cmake/dros_common_interfaces__rosidl_typesupport_introspection_cppExport.cmake
-- Up-to-date: /home/hawrk/Documents/GitHub/hawrk/ros2/dros_common_interfaces/install/dros_common_interfaces/share/dros_common_interfaces/cmake/dros_common_interfaces__rosidl_typesupport_introspection_cppExport-noconfig.cmake
-- Up-to-date: /home/hawrk/Documents/GitHub/hawrk/ros2/dros_common_interfaces/install/dros_common_interfaces/share/dros_common_interfaces/cmake/dros_common_interfaces__rosidl_typesupport_cppExport.cmake
-- Up-to-date: /home/hawrk/Documents/GitHub/hawrk/ros2/dros_common_interfaces/install/dros_common_interfaces/share/dros_common_interfaces/cmake/dros_common_interfaces__rosidl_typesupport_cppExport-noconfig.cmake
-- Up-to-date: /home/hawrk/Documents/GitHub/hawrk/ros2/dros_common_interfaces/install/dros_common_interfaces/share/dros_common_interfaces/cmake/export_dros_common_interfaces__rosidl_generator_pyExport.cmake
-- Up-to-date: /home/hawrk/Documents/GitHub/hawrk/ros2/dros_common_interfaces/install/dros_common_interfaces/share/dros_common_interfaces/cmake/export_dros_common_interfaces__rosidl_generator_pyExport-noconfig.cmake
-- Up-to-date: /home/hawrk/Documents/GitHub/hawrk/ros2/dros_common_interfaces/install/dros_common_interfaces/share/dros_common_interfaces/cmake/rosidl_cmake-extras.cmake
-- Up-to-date: /home/hawrk/Documents/GitHub/hawrk/ros2/dros_common_interfaces/install/dros_common_interfaces/share/dros_common_interfaces/cmake/ament_cmake_export_dependencies-extras.cmake
-- Up-to-date: /home/hawrk/Documents/GitHub/hawrk/ros2/dros_common_interfaces/install/dros_common_interfaces/share/dros_common_interfaces/cmake/ament_cmake_export_include_directories-extras.cmake
-- Up-to-date: /home/hawrk/Documents/GitHub/hawrk/ros2/dros_common_interfaces/install/dros_common_interfaces/share/dros_common_interfaces/cmake/ament_cmake_export_libraries-extras.cmake
-- Up-to-date: /home/hawrk/Documents/GitHub/hawrk/ros2/dros_common_interfaces/install/dros_common_interfaces/share/dros_common_interfaces/cmake/ament_cmake_export_targets-extras.cmake
-- Up-to-date: /home/hawrk/Documents/GitHub/hawrk/ros2/dros_common_interfaces/install/dros_common_interfaces/share/dros_common_interfaces/cmake/rosidl_cmake_export_typesupport_targets-extras.cmake
-- Up-to-date: /home/hawrk/Documents/GitHub/hawrk/ros2/dros_common_interfaces/install/dros_common_interfaces/share/dros_common_interfaces/cmake/rosidl_cmake_export_typesupport_libraries-extras.cmake
-- Up-to-date: /home/hawrk/Documents/GitHub/hawrk/ros2/dros_common_interfaces/install/dros_common_interfaces/share/dros_common_interfaces/cmake/dros_common_interfacesConfig.cmake
-- Up-to-date: /home/hawrk/Documents/GitHub/hawrk/ros2/dros_common_interfaces/install/dros_common_interfaces/share/dros_common_interfaces/cmake/dros_common_interfacesConfig-version.cmake
-- Up-to-date: /home/hawrk/Documents/GitHub/hawrk/ros2/dros_common_interfaces/install/dros_common_interfaces/share/dros_common_interfaces/package.xml
