[0.016s] Invoking command in '/home/hawrk/Documents/GitHub/hawrk/ros2/dros_common_interfaces/build/dros_common_interfaces': CMAKE_PREFIX_PATH=${CMAKE_PREFIX_PATH}:/opt/ros/humble /usr/bin/cmake --build /home/hawrk/Documents/GitHub/hawrk/ros2/dros_common_interfaces/build/dros_common_interfaces -- -j16 -l16
[0.051s] -- Found ament_cmake: 1.3.11 (/opt/ros/humble/share/ament_cmake/cmake)
[0.130s] -- Found rosidl_default_generators: 1.2.0 (/opt/ros/humble/share/rosidl_default_generators/cmake)
[0.131s] -- Using all available rosidl_typesupport_c: rosidl_typesupport_fastrtps_c;rosidl_typesupport_introspection_c
[0.132s] -- Found rosidl_adapter: 3.1.6 (/opt/ros/humble/share/rosidl_adapter/cmake)
[0.156s] -- Using all available rosidl_typesupport_cpp: rosidl_typesupport_fastrtps_cpp;rosidl_typesupport_introspection_cpp
[0.172s] -- Found builtin_interfaces: 1.2.1 (/opt/ros/humble/share/builtin_interfaces/cmake)
[0.177s] -- Found std_msgs: 4.2.4 (/opt/ros/humble/share/std_msgs/cmake)
[0.183s] -- Found sensor_msgs: 4.2.4 (/opt/ros/humble/share/sensor_msgs/cmake)
[0.199s] -- Found nav_msgs: 4.8.0 (/opt/ros/humble/share/nav_msgs/cmake)
[0.208s] -- Found geographic_msgs: 1.0.6 (/opt/ros/humble/share/geographic_msgs/cmake)
[0.225s] -- Found action_msgs: 1.2.1 (/opt/ros/humble/share/action_msgs/cmake)
[0.462s] -- Found ament_cmake_cppcheck: 0.12.11 (/opt/ros/humble/share/ament_cmake_cppcheck/cmake)
[0.463s] -- Found ament_cmake_cpplint: 0.12.11 (/opt/ros/humble/share/ament_cmake_cpplint/cmake)
[0.463s] -- Found ament_cmake_uncrustify: 0.12.11 (/opt/ros/humble/share/ament_cmake_uncrustify/cmake)
[0.464s] -- Found ament_cmake_ros: 0.10.0 (/opt/ros/humble/share/ament_cmake_ros/cmake)
[0.677s] -- Using all available rosidl_typesupport_c: rosidl_typesupport_fastrtps_c;rosidl_typesupport_introspection_c
[0.915s] -- Using all available rosidl_typesupport_cpp: rosidl_typesupport_fastrtps_cpp;rosidl_typesupport_introspection_cpp
[0.930s] -- Found python_cmake_module: 0.10.0 (/opt/ros/humble/share/python_cmake_module/cmake)
[0.944s] -- Using PYTHON_EXECUTABLE: /usr/bin/python3
[0.944s] -- Using PYTHON_INCLUDE_DIRS: /usr/include/python3.10
[0.944s] -- Using PYTHON_LIBRARIES: /usr/lib/x86_64-linux-gnu/libpython3.10.so
[0.986s] -- Found ament_cmake_flake8: 0.12.11 (/opt/ros/humble/share/ament_cmake_flake8/cmake)
[0.986s] -- Found ament_cmake_pep257: 0.12.11 (/opt/ros/humble/share/ament_cmake_pep257/cmake)
[0.987s] -- Found ament_lint_auto: 0.12.11 (/opt/ros/humble/share/ament_lint_auto/cmake)
[1.035s] -- Added test 'cppcheck' to perform static code analysis on C / C++ code
[1.035s] -- Configured cppcheck include dirs: $<BUILD_INTERFACE:/home/hawrk/Documents/GitHub/hawrk/ros2/dros_common_interfaces/build/dros_common_interfaces/rosidl_generator_c>;$<BUILD_INTERFACE:/home/hawrk/Documents/GitHub/hawrk/ros2/dros_common_interfaces/build/dros_common_interfaces/rosidl_typesupport_fastrtps_c>;$<BUILD_INTERFACE:/home/hawrk/Documents/GitHub/hawrk/ros2/dros_common_interfaces/build/dros_common_interfaces/rosidl_typesupport_introspection_c>;$<BUILD_INTERFACE:/home/hawrk/Documents/GitHub/hawrk/ros2/dros_common_interfaces/build/dros_common_interfaces/rosidl_generator_cpp>;$<BUILD_INTERFACE:/home/hawrk/Documents/GitHub/hawrk/ros2/dros_common_interfaces/build/dros_common_interfaces/rosidl_typesupport_fastrtps_cpp>;$<BUILD_INTERFACE:/home/hawrk/Documents/GitHub/hawrk/ros2/dros_common_interfaces/build/dros_common_interfaces/rosidl_typesupport_introspection_cpp>;/home/hawrk/Documents/GitHub/hawrk/ros2/dros_common_interfaces/build/dros_common_interfaces/rosidl_generator_c;/home/hawrk/Documents/GitHub/hawrk/ros2/dros_common_interfaces/build/dros_common_interfaces/rosidl_generator_py
[1.036s] -- Configured cppcheck exclude dirs and/or files: 
[1.117s] -- Added test 'cpplint' to check C / C++ code against the Google style
[1.118s] -- Configured cpplint exclude dirs and/or files: 
[1.151s] -- Added test 'uncrustify' to check C / C++ code style
[1.151s] -- Configured uncrustify additional arguments: 
[1.156s] -- Added test 'flake8' to check Python code syntax and style conventions
[1.161s] -- Added test 'pep257' to check Python code against some of the docstring style conventions in PEP 257
[1.169s] -- Added test 'lint_cmake' to check CMake code style
[1.174s] -- Added test 'xmllint' to check XML markup files
[1.177s] -- Configuring done
[1.265s] -- Generating done
[1.279s] -- Build files have been written to: /home/hawrk/Documents/GitHub/hawrk/ros2/dros_common_interfaces/build/dros_common_interfaces
[1.305s] [35m[1mConsolidate compiler generated dependencies of target dros_common_interfaces__rosidl_generator_c[0m
[1.305s] [  1%] Built target dros_common_interfaces__cpp
[1.316s] [ 12%] Built target dros_common_interfaces__rosidl_generator_c
[1.316s] [35m[1mConsolidate compiler generated dependencies of target dros_common_interfaces__rosidl_typesupport_cpp[0m
[1.316s] [ 12%] Built target ament_cmake_python_copy_dros_common_interfaces
[1.319s] [35m[1mConsolidate compiler generated dependencies of target dros_common_interfaces__rosidl_typesupport_fastrtps_cpp[0m
[1.324s] [35m[1mConsolidate compiler generated dependencies of target dros_common_interfaces__rosidl_typesupport_introspection_cpp[0m
[1.326s] [35m[1mConsolidate compiler generated dependencies of target dros_common_interfaces__rosidl_typesupport_c[0m
[1.326s] [35m[1mConsolidate compiler generated dependencies of target dros_common_interfaces__rosidl_typesupport_introspection_c[0m
[1.340s] [35m[1mConsolidate compiler generated dependencies of target dros_common_interfaces__rosidl_typesupport_fastrtps_c[0m
[1.341s] [ 24%] Built target dros_common_interfaces__rosidl_typesupport_cpp
[1.341s] [ 35%] Built target dros_common_interfaces__rosidl_typesupport_c
[1.342s] [ 47%] Built target dros_common_interfaces__rosidl_typesupport_introspection_c
[1.345s] [ 58%] Built target dros_common_interfaces__rosidl_typesupport_fastrtps_cpp
[1.349s] [ 70%] Built target dros_common_interfaces__rosidl_typesupport_introspection_cpp
[1.350s] [ 81%] Built target dros_common_interfaces__rosidl_typesupport_fastrtps_c
[1.362s] [ 81%] Built target dros_common_interfaces
[1.375s] [ 82%] Built target dros_common_interfaces__py
[1.382s] [35m[1mConsolidate compiler generated dependencies of target dros_common_interfaces__rosidl_generator_py[0m
[1.393s] [ 93%] Built target dros_common_interfaces__rosidl_generator_py
[1.401s] [35m[1mConsolidate compiler generated dependencies of target dros_common_interfaces__rosidl_typesupport_fastrtps_c__pyext[0m
[1.401s] [35m[1mConsolidate compiler generated dependencies of target dros_common_interfaces__rosidl_typesupport_introspection_c__pyext[0m
[1.401s] [35m[1mConsolidate compiler generated dependencies of target dros_common_interfaces__rosidl_typesupport_c__pyext[0m
[1.410s] [ 97%] Built target dros_common_interfaces__rosidl_typesupport_introspection_c__pyext
[1.410s] [ 97%] Built target dros_common_interfaces__rosidl_typesupport_c__pyext
[1.410s] [100%] Built target dros_common_interfaces__rosidl_typesupport_fastrtps_c__pyext
[1.457s] running egg_info
[1.458s] writing dros_common_interfaces.egg-info/PKG-INFO
[1.458s] writing dependency_links to dros_common_interfaces.egg-info/dependency_links.txt
[1.459s] writing top-level names to dros_common_interfaces.egg-info/top_level.txt
[1.462s] reading manifest file 'dros_common_interfaces.egg-info/SOURCES.txt'
[1.463s] writing manifest file 'dros_common_interfaces.egg-info/SOURCES.txt'
[1.479s] [100%] Built target ament_cmake_python_build_dros_common_interfaces_egg
[1.488s] Invoked command in '/home/hawrk/Documents/GitHub/hawrk/ros2/dros_common_interfaces/build/dros_common_interfaces' returned '0': CMAKE_PREFIX_PATH=${CMAKE_PREFIX_PATH}:/opt/ros/humble /usr/bin/cmake --build /home/hawrk/Documents/GitHub/hawrk/ros2/dros_common_interfaces/build/dros_common_interfaces -- -j16 -l16
[1.496s] Invoking command in '/home/hawrk/Documents/GitHub/hawrk/ros2/dros_common_interfaces/build/dros_common_interfaces': CMAKE_PREFIX_PATH=${CMAKE_PREFIX_PATH}:/opt/ros/humble /usr/bin/cmake --install /home/hawrk/Documents/GitHub/hawrk/ros2/dros_common_interfaces/build/dros_common_interfaces
[1.500s] -- Install configuration: ""
[1.500s] -- Up-to-date: /home/hawrk/Documents/GitHub/hawrk/ros2/dros_common_interfaces/install/dros_common_interfaces/share/ament_index/resource_index/rosidl_interfaces/dros_common_interfaces
[1.501s] -- Up-to-date: /home/hawrk/Documents/GitHub/hawrk/ros2/dros_common_interfaces/install/dros_common_interfaces/include/dros_common_interfaces/dros_common_interfaces
[1.501s] -- Up-to-date: /home/hawrk/Documents/GitHub/hawrk/ros2/dros_common_interfaces/install/dros_common_interfaces/include/dros_common_interfaces/dros_common_interfaces/srv
[1.501s] -- Up-to-date: /home/hawrk/Documents/GitHub/hawrk/ros2/dros_common_interfaces/install/dros_common_interfaces/include/dros_common_interfaces/dros_common_interfaces/srv/detail
[1.501s] -- Up-to-date: /home/hawrk/Documents/GitHub/hawrk/ros2/dros_common_interfaces/install/dros_common_interfaces/include/dros_common_interfaces/dros_common_interfaces/srv/detail/device_info__functions.c
[1.501s] -- Up-to-date: /home/hawrk/Documents/GitHub/hawrk/ros2/dros_common_interfaces/install/dros_common_interfaces/include/dros_common_interfaces/dros_common_interfaces/srv/detail/device_info__functions.h
[1.501s] -- Up-to-date: /home/hawrk/Documents/GitHub/hawrk/ros2/dros_common_interfaces/install/dros_common_interfaces/include/dros_common_interfaces/dros_common_interfaces/srv/detail/grasp__functions.h
[1.501s] -- Up-to-date: /home/hawrk/Documents/GitHub/hawrk/ros2/dros_common_interfaces/install/dros_common_interfaces/include/dros_common_interfaces/dros_common_interfaces/srv/detail/device_info__struct.h
[1.501s] -- Up-to-date: /home/hawrk/Documents/GitHub/hawrk/ros2/dros_common_interfaces/install/dros_common_interfaces/include/dros_common_interfaces/dros_common_interfaces/srv/detail/grasp__struct.h
[1.501s] -- Up-to-date: /home/hawrk/Documents/GitHub/hawrk/ros2/dros_common_interfaces/install/dros_common_interfaces/include/dros_common_interfaces/dros_common_interfaces/srv/detail/grasp__type_support.h
[1.501s] -- Up-to-date: /home/hawrk/Documents/GitHub/hawrk/ros2/dros_common_interfaces/install/dros_common_interfaces/include/dros_common_interfaces/dros_common_interfaces/srv/detail/grasp__functions.c
[1.501s] -- Up-to-date: /home/hawrk/Documents/GitHub/hawrk/ros2/dros_common_interfaces/install/dros_common_interfaces/include/dros_common_interfaces/dros_common_interfaces/srv/detail/device_info__type_support.h
[1.501s] -- Up-to-date: /home/hawrk/Documents/GitHub/hawrk/ros2/dros_common_interfaces/install/dros_common_interfaces/include/dros_common_interfaces/dros_common_interfaces/srv/device_info.h
[1.501s] -- Up-to-date: /home/hawrk/Documents/GitHub/hawrk/ros2/dros_common_interfaces/install/dros_common_interfaces/include/dros_common_interfaces/dros_common_interfaces/srv/grasp.h
[1.501s] -- Up-to-date: /home/hawrk/Documents/GitHub/hawrk/ros2/dros_common_interfaces/install/dros_common_interfaces/include/dros_common_interfaces/dros_common_interfaces/action
[1.501s] -- Up-to-date: /home/hawrk/Documents/GitHub/hawrk/ros2/dros_common_interfaces/install/dros_common_interfaces/include/dros_common_interfaces/dros_common_interfaces/action/detail
[1.502s] -- Up-to-date: /home/hawrk/Documents/GitHub/hawrk/ros2/dros_common_interfaces/install/dros_common_interfaces/include/dros_common_interfaces/dros_common_interfaces/action/detail/navigate_to_pose__functions.h
[1.502s] -- Up-to-date: /home/hawrk/Documents/GitHub/hawrk/ros2/dros_common_interfaces/install/dros_common_interfaces/include/dros_common_interfaces/dros_common_interfaces/action/detail/navigate_to_pose__type_support.h
[1.502s] -- Up-to-date: /home/hawrk/Documents/GitHub/hawrk/ros2/dros_common_interfaces/install/dros_common_interfaces/include/dros_common_interfaces/dros_common_interfaces/action/detail/dexterous_hand__functions.c
[1.502s] -- Up-to-date: /home/hawrk/Documents/GitHub/hawrk/ros2/dros_common_interfaces/install/dros_common_interfaces/include/dros_common_interfaces/dros_common_interfaces/action/detail/navigate_to_pose__struct.h
[1.502s] -- Up-to-date: /home/hawrk/Documents/GitHub/hawrk/ros2/dros_common_interfaces/install/dros_common_interfaces/include/dros_common_interfaces/dros_common_interfaces/action/detail/navigate_to_pose__functions.c
[1.502s] -- Up-to-date: /home/hawrk/Documents/GitHub/hawrk/ros2/dros_common_interfaces/install/dros_common_interfaces/include/dros_common_interfaces/dros_common_interfaces/action/detail/dexterous_hand__functions.h
[1.502s] -- Up-to-date: /home/hawrk/Documents/GitHub/hawrk/ros2/dros_common_interfaces/install/dros_common_interfaces/include/dros_common_interfaces/dros_common_interfaces/action/detail/dexterous_hand__struct.h
[1.502s] -- Up-to-date: /home/hawrk/Documents/GitHub/hawrk/ros2/dros_common_interfaces/install/dros_common_interfaces/include/dros_common_interfaces/dros_common_interfaces/action/detail/dexterous_hand__type_support.h
[1.502s] -- Up-to-date: /home/hawrk/Documents/GitHub/hawrk/ros2/dros_common_interfaces/install/dros_common_interfaces/include/dros_common_interfaces/dros_common_interfaces/action/dexterous_hand.h
[1.503s] -- Up-to-date: /home/hawrk/Documents/GitHub/hawrk/ros2/dros_common_interfaces/install/dros_common_interfaces/include/dros_common_interfaces/dros_common_interfaces/action/navigate_to_pose.h
[1.503s] -- Up-to-date: /home/hawrk/Documents/GitHub/hawrk/ros2/dros_common_interfaces/install/dros_common_interfaces/include/dros_common_interfaces/dros_common_interfaces/msg
[1.503s] -- Up-to-date: /home/hawrk/Documents/GitHub/hawrk/ros2/dros_common_interfaces/install/dros_common_interfaces/include/dros_common_interfaces/dros_common_interfaces/msg/detail
[1.503s] -- Up-to-date: /home/hawrk/Documents/GitHub/hawrk/ros2/dros_common_interfaces/install/dros_common_interfaces/include/dros_common_interfaces/dros_common_interfaces/msg/detail/rgbd__functions.c
[1.503s] -- Up-to-date: /home/hawrk/Documents/GitHub/hawrk/ros2/dros_common_interfaces/install/dros_common_interfaces/include/dros_common_interfaces/dros_common_interfaces/msg/detail/extrinsics__functions.c
[1.503s] -- Up-to-date: /home/hawrk/Documents/GitHub/hawrk/ros2/dros_common_interfaces/install/dros_common_interfaces/include/dros_common_interfaces/dros_common_interfaces/msg/detail/extrinsics__functions.h
[1.503s] -- Up-to-date: /home/hawrk/Documents/GitHub/hawrk/ros2/dros_common_interfaces/install/dros_common_interfaces/include/dros_common_interfaces/dros_common_interfaces/msg/detail/metadata__type_support.h
[1.503s] -- Up-to-date: /home/hawrk/Documents/GitHub/hawrk/ros2/dros_common_interfaces/install/dros_common_interfaces/include/dros_common_interfaces/dros_common_interfaces/msg/detail/rgbd__struct.h
[1.503s] -- Up-to-date: /home/hawrk/Documents/GitHub/hawrk/ros2/dros_common_interfaces/install/dros_common_interfaces/include/dros_common_interfaces/dros_common_interfaces/msg/detail/imu_info__functions.c
[1.504s] -- Up-to-date: /home/hawrk/Documents/GitHub/hawrk/ros2/dros_common_interfaces/install/dros_common_interfaces/include/dros_common_interfaces/dros_common_interfaces/msg/detail/extrinsics__type_support.h
[1.504s] -- Up-to-date: /home/hawrk/Documents/GitHub/hawrk/ros2/dros_common_interfaces/install/dros_common_interfaces/include/dros_common_interfaces/dros_common_interfaces/msg/detail/metadata__struct.h
[1.504s] -- Up-to-date: /home/hawrk/Documents/GitHub/hawrk/ros2/dros_common_interfaces/install/dros_common_interfaces/include/dros_common_interfaces/dros_common_interfaces/msg/detail/imu_info__functions.h
[1.504s] -- Up-to-date: /home/hawrk/Documents/GitHub/hawrk/ros2/dros_common_interfaces/install/dros_common_interfaces/include/dros_common_interfaces/dros_common_interfaces/msg/detail/rgbd__functions.h
[1.504s] -- Up-to-date: /home/hawrk/Documents/GitHub/hawrk/ros2/dros_common_interfaces/install/dros_common_interfaces/include/dros_common_interfaces/dros_common_interfaces/msg/detail/extrinsics__struct.h
[1.504s] -- Up-to-date: /home/hawrk/Documents/GitHub/hawrk/ros2/dros_common_interfaces/install/dros_common_interfaces/include/dros_common_interfaces/dros_common_interfaces/msg/detail/imu_info__struct.h
[1.504s] -- Up-to-date: /home/hawrk/Documents/GitHub/hawrk/ros2/dros_common_interfaces/install/dros_common_interfaces/include/dros_common_interfaces/dros_common_interfaces/msg/detail/metadata__functions.c
[1.504s] -- Up-to-date: /home/hawrk/Documents/GitHub/hawrk/ros2/dros_common_interfaces/install/dros_common_interfaces/include/dros_common_interfaces/dros_common_interfaces/msg/detail/imu_info__type_support.h
[1.504s] -- Up-to-date: /home/hawrk/Documents/GitHub/hawrk/ros2/dros_common_interfaces/install/dros_common_interfaces/include/dros_common_interfaces/dros_common_interfaces/msg/detail/metadata__functions.h
[1.504s] -- Up-to-date: /home/hawrk/Documents/GitHub/hawrk/ros2/dros_common_interfaces/install/dros_common_interfaces/include/dros_common_interfaces/dros_common_interfaces/msg/detail/rgbd__type_support.h
[1.504s] -- Up-to-date: /home/hawrk/Documents/GitHub/hawrk/ros2/dros_common_interfaces/install/dros_common_interfaces/include/dros_common_interfaces/dros_common_interfaces/msg/rgbd.h
[1.504s] -- Up-to-date: /home/hawrk/Documents/GitHub/hawrk/ros2/dros_common_interfaces/install/dros_common_interfaces/include/dros_common_interfaces/dros_common_interfaces/msg/rosidl_generator_c__visibility_control.h
[1.505s] -- Up-to-date: /home/hawrk/Documents/GitHub/hawrk/ros2/dros_common_interfaces/install/dros_common_interfaces/include/dros_common_interfaces/dros_common_interfaces/msg/imu_info.h
[1.505s] -- Up-to-date: /home/hawrk/Documents/GitHub/hawrk/ros2/dros_common_interfaces/install/dros_common_interfaces/include/dros_common_interfaces/dros_common_interfaces/msg/metadata.h
[1.505s] -- Up-to-date: /home/hawrk/Documents/GitHub/hawrk/ros2/dros_common_interfaces/install/dros_common_interfaces/include/dros_common_interfaces/dros_common_interfaces/msg/extrinsics.h
[1.505s] -- Up-to-date: /home/hawrk/Documents/GitHub/hawrk/ros2/dros_common_interfaces/install/dros_common_interfaces/share/dros_common_interfaces/environment/library_path.sh
[1.505s] -- Installing: /home/hawrk/Documents/GitHub/hawrk/ros2/dros_common_interfaces/install/dros_common_interfaces/share/dros_common_interfaces/environment/library_path.dsv
[1.505s] -- Up-to-date: /home/hawrk/Documents/GitHub/hawrk/ros2/dros_common_interfaces/install/dros_common_interfaces/lib/libdros_common_interfaces__rosidl_generator_c.so
[1.505s] -- Up-to-date: /home/hawrk/Documents/GitHub/hawrk/ros2/dros_common_interfaces/install/dros_common_interfaces/include/dros_common_interfaces/dros_common_interfaces
[1.505s] -- Up-to-date: /home/hawrk/Documents/GitHub/hawrk/ros2/dros_common_interfaces/install/dros_common_interfaces/include/dros_common_interfaces/dros_common_interfaces/srv
[1.505s] -- Up-to-date: /home/hawrk/Documents/GitHub/hawrk/ros2/dros_common_interfaces/install/dros_common_interfaces/include/dros_common_interfaces/dros_common_interfaces/srv/detail
[1.505s] -- Up-to-date: /home/hawrk/Documents/GitHub/hawrk/ros2/dros_common_interfaces/install/dros_common_interfaces/include/dros_common_interfaces/dros_common_interfaces/srv/detail/grasp__rosidl_typesupport_fastrtps_c.h
[1.505s] -- Up-to-date: /home/hawrk/Documents/GitHub/hawrk/ros2/dros_common_interfaces/install/dros_common_interfaces/include/dros_common_interfaces/dros_common_interfaces/srv/detail/device_info__rosidl_typesupport_fastrtps_c.h
[1.505s] -- Up-to-date: /home/hawrk/Documents/GitHub/hawrk/ros2/dros_common_interfaces/install/dros_common_interfaces/include/dros_common_interfaces/dros_common_interfaces/action
[1.506s] -- Up-to-date: /home/hawrk/Documents/GitHub/hawrk/ros2/dros_common_interfaces/install/dros_common_interfaces/include/dros_common_interfaces/dros_common_interfaces/action/detail
[1.506s] -- Up-to-date: /home/hawrk/Documents/GitHub/hawrk/ros2/dros_common_interfaces/install/dros_common_interfaces/include/dros_common_interfaces/dros_common_interfaces/action/detail/navigate_to_pose__rosidl_typesupport_fastrtps_c.h
[1.506s] -- Up-to-date: /home/hawrk/Documents/GitHub/hawrk/ros2/dros_common_interfaces/install/dros_common_interfaces/include/dros_common_interfaces/dros_common_interfaces/action/detail/dexterous_hand__rosidl_typesupport_fastrtps_c.h
[1.506s] -- Up-to-date: /home/hawrk/Documents/GitHub/hawrk/ros2/dros_common_interfaces/install/dros_common_interfaces/include/dros_common_interfaces/dros_common_interfaces/msg
[1.506s] -- Up-to-date: /home/hawrk/Documents/GitHub/hawrk/ros2/dros_common_interfaces/install/dros_common_interfaces/include/dros_common_interfaces/dros_common_interfaces/msg/detail
[1.506s] -- Up-to-date: /home/hawrk/Documents/GitHub/hawrk/ros2/dros_common_interfaces/install/dros_common_interfaces/include/dros_common_interfaces/dros_common_interfaces/msg/detail/rgbd__rosidl_typesupport_fastrtps_c.h
[1.506s] -- Up-to-date: /home/hawrk/Documents/GitHub/hawrk/ros2/dros_common_interfaces/install/dros_common_interfaces/include/dros_common_interfaces/dros_common_interfaces/msg/detail/imu_info__rosidl_typesupport_fastrtps_c.h
[1.507s] -- Up-to-date: /home/hawrk/Documents/GitHub/hawrk/ros2/dros_common_interfaces/install/dros_common_interfaces/include/dros_common_interfaces/dros_common_interfaces/msg/detail/extrinsics__rosidl_typesupport_fastrtps_c.h
[1.507s] -- Up-to-date: /home/hawrk/Documents/GitHub/hawrk/ros2/dros_common_interfaces/install/dros_common_interfaces/include/dros_common_interfaces/dros_common_interfaces/msg/detail/metadata__rosidl_typesupport_fastrtps_c.h
[1.507s] -- Up-to-date: /home/hawrk/Documents/GitHub/hawrk/ros2/dros_common_interfaces/install/dros_common_interfaces/include/dros_common_interfaces/dros_common_interfaces/msg/rosidl_typesupport_fastrtps_c__visibility_control.h
[1.507s] -- Up-to-date: /home/hawrk/Documents/GitHub/hawrk/ros2/dros_common_interfaces/install/dros_common_interfaces/lib/libdros_common_interfaces__rosidl_typesupport_fastrtps_c.so
[1.507s] -- Up-to-date: /home/hawrk/Documents/GitHub/hawrk/ros2/dros_common_interfaces/install/dros_common_interfaces/include/dros_common_interfaces/dros_common_interfaces
[1.507s] -- Up-to-date: /home/hawrk/Documents/GitHub/hawrk/ros2/dros_common_interfaces/install/dros_common_interfaces/include/dros_common_interfaces/dros_common_interfaces/srv
[1.507s] -- Up-to-date: /home/hawrk/Documents/GitHub/hawrk/ros2/dros_common_interfaces/install/dros_common_interfaces/include/dros_common_interfaces/dros_common_interfaces/srv/detail
[1.507s] -- Up-to-date: /home/hawrk/Documents/GitHub/hawrk/ros2/dros_common_interfaces/install/dros_common_interfaces/include/dros_common_interfaces/dros_common_interfaces/srv/detail/grasp__rosidl_typesupport_introspection_c.h
[1.507s] -- Up-to-date: /home/hawrk/Documents/GitHub/hawrk/ros2/dros_common_interfaces/install/dros_common_interfaces/include/dros_common_interfaces/dros_common_interfaces/srv/detail/device_info__rosidl_typesupport_introspection_c.h
[1.507s] -- Up-to-date: /home/hawrk/Documents/GitHub/hawrk/ros2/dros_common_interfaces/install/dros_common_interfaces/include/dros_common_interfaces/dros_common_interfaces/srv/detail/device_info__type_support.c
[1.507s] -- Up-to-date: /home/hawrk/Documents/GitHub/hawrk/ros2/dros_common_interfaces/install/dros_common_interfaces/include/dros_common_interfaces/dros_common_interfaces/srv/detail/grasp__type_support.c
[1.507s] -- Up-to-date: /home/hawrk/Documents/GitHub/hawrk/ros2/dros_common_interfaces/install/dros_common_interfaces/include/dros_common_interfaces/dros_common_interfaces/action
[1.507s] -- Up-to-date: /home/hawrk/Documents/GitHub/hawrk/ros2/dros_common_interfaces/install/dros_common_interfaces/include/dros_common_interfaces/dros_common_interfaces/action/detail
[1.507s] -- Up-to-date: /home/hawrk/Documents/GitHub/hawrk/ros2/dros_common_interfaces/install/dros_common_interfaces/include/dros_common_interfaces/dros_common_interfaces/action/detail/dexterous_hand__rosidl_typesupport_introspection_c.h
[1.507s] -- Up-to-date: /home/hawrk/Documents/GitHub/hawrk/ros2/dros_common_interfaces/install/dros_common_interfaces/include/dros_common_interfaces/dros_common_interfaces/action/detail/navigate_to_pose__type_support.c
[1.507s] -- Up-to-date: /home/hawrk/Documents/GitHub/hawrk/ros2/dros_common_interfaces/install/dros_common_interfaces/include/dros_common_interfaces/dros_common_interfaces/action/detail/navigate_to_pose__rosidl_typesupport_introspection_c.h
[1.507s] -- Up-to-date: /home/hawrk/Documents/GitHub/hawrk/ros2/dros_common_interfaces/install/dros_common_interfaces/include/dros_common_interfaces/dros_common_interfaces/action/detail/dexterous_hand__type_support.c
[1.507s] -- Up-to-date: /home/hawrk/Documents/GitHub/hawrk/ros2/dros_common_interfaces/install/dros_common_interfaces/include/dros_common_interfaces/dros_common_interfaces/msg
[1.507s] -- Up-to-date: /home/hawrk/Documents/GitHub/hawrk/ros2/dros_common_interfaces/install/dros_common_interfaces/include/dros_common_interfaces/dros_common_interfaces/msg/detail
[1.507s] -- Up-to-date: /home/hawrk/Documents/GitHub/hawrk/ros2/dros_common_interfaces/install/dros_common_interfaces/include/dros_common_interfaces/dros_common_interfaces/msg/detail/metadata__rosidl_typesupport_introspection_c.h
[1.507s] -- Up-to-date: /home/hawrk/Documents/GitHub/hawrk/ros2/dros_common_interfaces/install/dros_common_interfaces/include/dros_common_interfaces/dros_common_interfaces/msg/detail/imu_info__rosidl_typesupport_introspection_c.h
[1.507s] -- Up-to-date: /home/hawrk/Documents/GitHub/hawrk/ros2/dros_common_interfaces/install/dros_common_interfaces/include/dros_common_interfaces/dros_common_interfaces/msg/detail/extrinsics__rosidl_typesupport_introspection_c.h
[1.507s] -- Up-to-date: /home/hawrk/Documents/GitHub/hawrk/ros2/dros_common_interfaces/install/dros_common_interfaces/include/dros_common_interfaces/dros_common_interfaces/msg/detail/imu_info__type_support.c
[1.507s] -- Up-to-date: /home/hawrk/Documents/GitHub/hawrk/ros2/dros_common_interfaces/install/dros_common_interfaces/include/dros_common_interfaces/dros_common_interfaces/msg/detail/extrinsics__type_support.c
[1.507s] -- Up-to-date: /home/hawrk/Documents/GitHub/hawrk/ros2/dros_common_interfaces/install/dros_common_interfaces/include/dros_common_interfaces/dros_common_interfaces/msg/detail/rgbd__rosidl_typesupport_introspection_c.h
[1.507s] -- Up-to-date: /home/hawrk/Documents/GitHub/hawrk/ros2/dros_common_interfaces/install/dros_common_interfaces/include/dros_common_interfaces/dros_common_interfaces/msg/detail/rgbd__type_support.c
[1.507s] -- Up-to-date: /home/hawrk/Documents/GitHub/hawrk/ros2/dros_common_interfaces/install/dros_common_interfaces/include/dros_common_interfaces/dros_common_interfaces/msg/detail/metadata__type_support.c
[1.507s] -- Up-to-date: /home/hawrk/Documents/GitHub/hawrk/ros2/dros_common_interfaces/install/dros_common_interfaces/include/dros_common_interfaces/dros_common_interfaces/msg/rosidl_typesupport_introspection_c__visibility_control.h
[1.507s] -- Up-to-date: /home/hawrk/Documents/GitHub/hawrk/ros2/dros_common_interfaces/install/dros_common_interfaces/lib/libdros_common_interfaces__rosidl_typesupport_introspection_c.so
[1.507s] -- Up-to-date: /home/hawrk/Documents/GitHub/hawrk/ros2/dros_common_interfaces/install/dros_common_interfaces/lib/libdros_common_interfaces__rosidl_typesupport_c.so
[1.507s] -- Up-to-date: /home/hawrk/Documents/GitHub/hawrk/ros2/dros_common_interfaces/install/dros_common_interfaces/include/dros_common_interfaces/dros_common_interfaces
[1.507s] -- Up-to-date: /home/hawrk/Documents/GitHub/hawrk/ros2/dros_common_interfaces/install/dros_common_interfaces/include/dros_common_interfaces/dros_common_interfaces/srv
[1.507s] -- Up-to-date: /home/hawrk/Documents/GitHub/hawrk/ros2/dros_common_interfaces/install/dros_common_interfaces/include/dros_common_interfaces/dros_common_interfaces/srv/detail
[1.507s] -- Up-to-date: /home/hawrk/Documents/GitHub/hawrk/ros2/dros_common_interfaces/install/dros_common_interfaces/include/dros_common_interfaces/dros_common_interfaces/srv/detail/grasp__builder.hpp
[1.507s] -- Up-to-date: /home/hawrk/Documents/GitHub/hawrk/ros2/dros_common_interfaces/install/dros_common_interfaces/include/dros_common_interfaces/dros_common_interfaces/srv/detail/device_info__traits.hpp
[1.507s] -- Up-to-date: /home/hawrk/Documents/GitHub/hawrk/ros2/dros_common_interfaces/install/dros_common_interfaces/include/dros_common_interfaces/dros_common_interfaces/srv/detail/grasp__struct.hpp
[1.507s] -- Up-to-date: /home/hawrk/Documents/GitHub/hawrk/ros2/dros_common_interfaces/install/dros_common_interfaces/include/dros_common_interfaces/dros_common_interfaces/srv/detail/device_info__builder.hpp
[1.507s] -- Up-to-date: /home/hawrk/Documents/GitHub/hawrk/ros2/dros_common_interfaces/install/dros_common_interfaces/include/dros_common_interfaces/dros_common_interfaces/srv/detail/device_info__type_support.hpp
[1.507s] -- Up-to-date: /home/hawrk/Documents/GitHub/hawrk/ros2/dros_common_interfaces/install/dros_common_interfaces/include/dros_common_interfaces/dros_common_interfaces/srv/detail/grasp__type_support.hpp
[1.507s] -- Up-to-date: /home/hawrk/Documents/GitHub/hawrk/ros2/dros_common_interfaces/install/dros_common_interfaces/include/dros_common_interfaces/dros_common_interfaces/srv/detail/grasp__traits.hpp
[1.507s] -- Up-to-date: /home/hawrk/Documents/GitHub/hawrk/ros2/dros_common_interfaces/install/dros_common_interfaces/include/dros_common_interfaces/dros_common_interfaces/srv/detail/device_info__struct.hpp
[1.508s] -- Up-to-date: /home/hawrk/Documents/GitHub/hawrk/ros2/dros_common_interfaces/install/dros_common_interfaces/include/dros_common_interfaces/dros_common_interfaces/srv/device_info.hpp
[1.508s] -- Up-to-date: /home/hawrk/Documents/GitHub/hawrk/ros2/dros_common_interfaces/install/dros_common_interfaces/include/dros_common_interfaces/dros_common_interfaces/srv/grasp.hpp
[1.508s] -- Up-to-date: /home/hawrk/Documents/GitHub/hawrk/ros2/dros_common_interfaces/install/dros_common_interfaces/include/dros_common_interfaces/dros_common_interfaces/action
[1.508s] -- Up-to-date: /home/hawrk/Documents/GitHub/hawrk/ros2/dros_common_interfaces/install/dros_common_interfaces/include/dros_common_interfaces/dros_common_interfaces/action/navigate_to_pose.hpp
[1.508s] -- Up-to-date: /home/hawrk/Documents/GitHub/hawrk/ros2/dros_common_interfaces/install/dros_common_interfaces/include/dros_common_interfaces/dros_common_interfaces/action/detail
[1.508s] -- Up-to-date: /home/hawrk/Documents/GitHub/hawrk/ros2/dros_common_interfaces/install/dros_common_interfaces/include/dros_common_interfaces/dros_common_interfaces/action/detail/navigate_to_pose__builder.hpp
[1.508s] -- Up-to-date: /home/hawrk/Documents/GitHub/hawrk/ros2/dros_common_interfaces/install/dros_common_interfaces/include/dros_common_interfaces/dros_common_interfaces/action/detail/dexterous_hand__struct.hpp
[1.508s] -- Up-to-date: /home/hawrk/Documents/GitHub/hawrk/ros2/dros_common_interfaces/install/dros_common_interfaces/include/dros_common_interfaces/dros_common_interfaces/action/detail/navigate_to_pose__struct.hpp
[1.508s] -- Up-to-date: /home/hawrk/Documents/GitHub/hawrk/ros2/dros_common_interfaces/install/dros_common_interfaces/include/dros_common_interfaces/dros_common_interfaces/action/detail/dexterous_hand__builder.hpp
[1.508s] -- Up-to-date: /home/hawrk/Documents/GitHub/hawrk/ros2/dros_common_interfaces/install/dros_common_interfaces/include/dros_common_interfaces/dros_common_interfaces/action/detail/navigate_to_pose__traits.hpp
[1.508s] -- Up-to-date: /home/hawrk/Documents/GitHub/hawrk/ros2/dros_common_interfaces/install/dros_common_interfaces/include/dros_common_interfaces/dros_common_interfaces/action/detail/dexterous_hand__type_support.hpp
[1.508s] -- Up-to-date: /home/hawrk/Documents/GitHub/hawrk/ros2/dros_common_interfaces/install/dros_common_interfaces/include/dros_common_interfaces/dros_common_interfaces/action/detail/navigate_to_pose__type_support.hpp
[1.508s] -- Up-to-date: /home/hawrk/Documents/GitHub/hawrk/ros2/dros_common_interfaces/install/dros_common_interfaces/include/dros_common_interfaces/dros_common_interfaces/action/detail/dexterous_hand__traits.hpp
[1.508s] -- Up-to-date: /home/hawrk/Documents/GitHub/hawrk/ros2/dros_common_interfaces/install/dros_common_interfaces/include/dros_common_interfaces/dros_common_interfaces/action/dexterous_hand.hpp
[1.508s] -- Up-to-date: /home/hawrk/Documents/GitHub/hawrk/ros2/dros_common_interfaces/install/dros_common_interfaces/include/dros_common_interfaces/dros_common_interfaces/msg
[1.508s] -- Up-to-date: /home/hawrk/Documents/GitHub/hawrk/ros2/dros_common_interfaces/install/dros_common_interfaces/include/dros_common_interfaces/dros_common_interfaces/msg/detail
[1.508s] -- Up-to-date: /home/hawrk/Documents/GitHub/hawrk/ros2/dros_common_interfaces/install/dros_common_interfaces/include/dros_common_interfaces/dros_common_interfaces/msg/detail/rgbd__builder.hpp
[1.508s] -- Up-to-date: /home/hawrk/Documents/GitHub/hawrk/ros2/dros_common_interfaces/install/dros_common_interfaces/include/dros_common_interfaces/dros_common_interfaces/msg/detail/extrinsics__traits.hpp
[1.508s] -- Up-to-date: /home/hawrk/Documents/GitHub/hawrk/ros2/dros_common_interfaces/install/dros_common_interfaces/include/dros_common_interfaces/dros_common_interfaces/msg/detail/imu_info__type_support.hpp
[1.508s] -- Up-to-date: /home/hawrk/Documents/GitHub/hawrk/ros2/dros_common_interfaces/install/dros_common_interfaces/include/dros_common_interfaces/dros_common_interfaces/msg/detail/rgbd__traits.hpp
[1.508s] -- Up-to-date: /home/hawrk/Documents/GitHub/hawrk/ros2/dros_common_interfaces/install/dros_common_interfaces/include/dros_common_interfaces/dros_common_interfaces/msg/detail/rgbd__struct.hpp
[1.508s] -- Up-to-date: /home/hawrk/Documents/GitHub/hawrk/ros2/dros_common_interfaces/install/dros_common_interfaces/include/dros_common_interfaces/dros_common_interfaces/msg/detail/extrinsics__builder.hpp
[1.508s] -- Up-to-date: /home/hawrk/Documents/GitHub/hawrk/ros2/dros_common_interfaces/install/dros_common_interfaces/include/dros_common_interfaces/dros_common_interfaces/msg/detail/imu_info__struct.hpp
[1.508s] -- Up-to-date: /home/hawrk/Documents/GitHub/hawrk/ros2/dros_common_interfaces/install/dros_common_interfaces/include/dros_common_interfaces/dros_common_interfaces/msg/detail/extrinsics__type_support.hpp
[1.508s] -- Up-to-date: /home/hawrk/Documents/GitHub/hawrk/ros2/dros_common_interfaces/install/dros_common_interfaces/include/dros_common_interfaces/dros_common_interfaces/msg/detail/imu_info__builder.hpp
[1.508s] -- Up-to-date: /home/hawrk/Documents/GitHub/hawrk/ros2/dros_common_interfaces/install/dros_common_interfaces/include/dros_common_interfaces/dros_common_interfaces/msg/detail/metadata__type_support.hpp
[1.508s] -- Up-to-date: /home/hawrk/Documents/GitHub/hawrk/ros2/dros_common_interfaces/install/dros_common_interfaces/include/dros_common_interfaces/dros_common_interfaces/msg/detail/imu_info__traits.hpp
[1.508s] -- Up-to-date: /home/hawrk/Documents/GitHub/hawrk/ros2/dros_common_interfaces/install/dros_common_interfaces/include/dros_common_interfaces/dros_common_interfaces/msg/detail/metadata__traits.hpp
[1.508s] -- Up-to-date: /home/hawrk/Documents/GitHub/hawrk/ros2/dros_common_interfaces/install/dros_common_interfaces/include/dros_common_interfaces/dros_common_interfaces/msg/detail/rgbd__type_support.hpp
[1.508s] -- Up-to-date: /home/hawrk/Documents/GitHub/hawrk/ros2/dros_common_interfaces/install/dros_common_interfaces/include/dros_common_interfaces/dros_common_interfaces/msg/detail/metadata__builder.hpp
[1.508s] -- Up-to-date: /home/hawrk/Documents/GitHub/hawrk/ros2/dros_common_interfaces/install/dros_common_interfaces/include/dros_common_interfaces/dros_common_interfaces/msg/detail/metadata__struct.hpp
[1.508s] -- Up-to-date: /home/hawrk/Documents/GitHub/hawrk/ros2/dros_common_interfaces/install/dros_common_interfaces/include/dros_common_interfaces/dros_common_interfaces/msg/detail/extrinsics__struct.hpp
[1.508s] -- Up-to-date: /home/hawrk/Documents/GitHub/hawrk/ros2/dros_common_interfaces/install/dros_common_interfaces/include/dros_common_interfaces/dros_common_interfaces/msg/extrinsics.hpp
[1.508s] -- Up-to-date: /home/hawrk/Documents/GitHub/hawrk/ros2/dros_common_interfaces/install/dros_common_interfaces/include/dros_common_interfaces/dros_common_interfaces/msg/imu_info.hpp
[1.508s] -- Up-to-date: /home/hawrk/Documents/GitHub/hawrk/ros2/dros_common_interfaces/install/dros_common_interfaces/include/dros_common_interfaces/dros_common_interfaces/msg/rosidl_generator_cpp__visibility_control.hpp
[1.508s] -- Up-to-date: /home/hawrk/Documents/GitHub/hawrk/ros2/dros_common_interfaces/install/dros_common_interfaces/include/dros_common_interfaces/dros_common_interfaces/msg/metadata.hpp
[1.508s] -- Up-to-date: /home/hawrk/Documents/GitHub/hawrk/ros2/dros_common_interfaces/install/dros_common_interfaces/include/dros_common_interfaces/dros_common_interfaces/msg/rgbd.hpp
[1.508s] -- Up-to-date: /home/hawrk/Documents/GitHub/hawrk/ros2/dros_common_interfaces/install/dros_common_interfaces/include/dros_common_interfaces/dros_common_interfaces
[1.508s] -- Up-to-date: /home/hawrk/Documents/GitHub/hawrk/ros2/dros_common_interfaces/install/dros_common_interfaces/include/dros_common_interfaces/dros_common_interfaces/srv
[1.508s] -- Up-to-date: /home/hawrk/Documents/GitHub/hawrk/ros2/dros_common_interfaces/install/dros_common_interfaces/include/dros_common_interfaces/dros_common_interfaces/srv/detail
[1.508s] -- Up-to-date: /home/hawrk/Documents/GitHub/hawrk/ros2/dros_common_interfaces/install/dros_common_interfaces/include/dros_common_interfaces/dros_common_interfaces/srv/detail/grasp__rosidl_typesupport_fastrtps_cpp.hpp
[1.508s] -- Up-to-date: /home/hawrk/Documents/GitHub/hawrk/ros2/dros_common_interfaces/install/dros_common_interfaces/include/dros_common_interfaces/dros_common_interfaces/srv/detail/dds_fastrtps
[1.508s] -- Up-to-date: /home/hawrk/Documents/GitHub/hawrk/ros2/dros_common_interfaces/install/dros_common_interfaces/include/dros_common_interfaces/dros_common_interfaces/srv/detail/device_info__rosidl_typesupport_fastrtps_cpp.hpp
[1.508s] -- Up-to-date: /home/hawrk/Documents/GitHub/hawrk/ros2/dros_common_interfaces/install/dros_common_interfaces/include/dros_common_interfaces/dros_common_interfaces/action
[1.508s] -- Up-to-date: /home/hawrk/Documents/GitHub/hawrk/ros2/dros_common_interfaces/install/dros_common_interfaces/include/dros_common_interfaces/dros_common_interfaces/action/detail
[1.509s] -- Up-to-date: /home/hawrk/Documents/GitHub/hawrk/ros2/dros_common_interfaces/install/dros_common_interfaces/include/dros_common_interfaces/dros_common_interfaces/action/detail/navigate_to_pose__rosidl_typesupport_fastrtps_cpp.hpp
[1.509s] -- Up-to-date: /home/hawrk/Documents/GitHub/hawrk/ros2/dros_common_interfaces/install/dros_common_interfaces/include/dros_common_interfaces/dros_common_interfaces/action/detail/dds_fastrtps
[1.509s] -- Up-to-date: /home/hawrk/Documents/GitHub/hawrk/ros2/dros_common_interfaces/install/dros_common_interfaces/include/dros_common_interfaces/dros_common_interfaces/action/detail/dexterous_hand__rosidl_typesupport_fastrtps_cpp.hpp
[1.509s] -- Up-to-date: /home/hawrk/Documents/GitHub/hawrk/ros2/dros_common_interfaces/install/dros_common_interfaces/include/dros_common_interfaces/dros_common_interfaces/msg
[1.509s] -- Up-to-date: /home/hawrk/Documents/GitHub/hawrk/ros2/dros_common_interfaces/install/dros_common_interfaces/include/dros_common_interfaces/dros_common_interfaces/msg/detail
[1.509s] -- Up-to-date: /home/hawrk/Documents/GitHub/hawrk/ros2/dros_common_interfaces/install/dros_common_interfaces/include/dros_common_interfaces/dros_common_interfaces/msg/detail/metadata__rosidl_typesupport_fastrtps_cpp.hpp
[1.509s] -- Up-to-date: /home/hawrk/Documents/GitHub/hawrk/ros2/dros_common_interfaces/install/dros_common_interfaces/include/dros_common_interfaces/dros_common_interfaces/msg/detail/dds_fastrtps
[1.509s] -- Up-to-date: /home/hawrk/Documents/GitHub/hawrk/ros2/dros_common_interfaces/install/dros_common_interfaces/include/dros_common_interfaces/dros_common_interfaces/msg/detail/imu_info__rosidl_typesupport_fastrtps_cpp.hpp
[1.509s] -- Up-to-date: /home/hawrk/Documents/GitHub/hawrk/ros2/dros_common_interfaces/install/dros_common_interfaces/include/dros_common_interfaces/dros_common_interfaces/msg/detail/extrinsics__rosidl_typesupport_fastrtps_cpp.hpp
[1.509s] -- Up-to-date: /home/hawrk/Documents/GitHub/hawrk/ros2/dros_common_interfaces/install/dros_common_interfaces/include/dros_common_interfaces/dros_common_interfaces/msg/detail/rgbd__rosidl_typesupport_fastrtps_cpp.hpp
[1.509s] -- Up-to-date: /home/hawrk/Documents/GitHub/hawrk/ros2/dros_common_interfaces/install/dros_common_interfaces/include/dros_common_interfaces/dros_common_interfaces/msg/rosidl_typesupport_fastrtps_cpp__visibility_control.h
[1.509s] -- Up-to-date: /home/hawrk/Documents/GitHub/hawrk/ros2/dros_common_interfaces/install/dros_common_interfaces/lib/libdros_common_interfaces__rosidl_typesupport_fastrtps_cpp.so
[1.509s] -- Up-to-date: /home/hawrk/Documents/GitHub/hawrk/ros2/dros_common_interfaces/install/dros_common_interfaces/include/dros_common_interfaces/dros_common_interfaces
[1.509s] -- Up-to-date: /home/hawrk/Documents/GitHub/hawrk/ros2/dros_common_interfaces/install/dros_common_interfaces/include/dros_common_interfaces/dros_common_interfaces/srv
[1.509s] -- Up-to-date: /home/hawrk/Documents/GitHub/hawrk/ros2/dros_common_interfaces/install/dros_common_interfaces/include/dros_common_interfaces/dros_common_interfaces/srv/detail
[1.509s] -- Up-to-date: /home/hawrk/Documents/GitHub/hawrk/ros2/dros_common_interfaces/install/dros_common_interfaces/include/dros_common_interfaces/dros_common_interfaces/srv/detail/grasp__rosidl_typesupport_introspection_cpp.hpp
[1.509s] -- Up-to-date: /home/hawrk/Documents/GitHub/hawrk/ros2/dros_common_interfaces/install/dros_common_interfaces/include/dros_common_interfaces/dros_common_interfaces/srv/detail/device_info__type_support.cpp
[1.509s] -- Up-to-date: /home/hawrk/Documents/GitHub/hawrk/ros2/dros_common_interfaces/install/dros_common_interfaces/include/dros_common_interfaces/dros_common_interfaces/srv/detail/grasp__type_support.cpp
[1.509s] -- Up-to-date: /home/hawrk/Documents/GitHub/hawrk/ros2/dros_common_interfaces/install/dros_common_interfaces/include/dros_common_interfaces/dros_common_interfaces/srv/detail/device_info__rosidl_typesupport_introspection_cpp.hpp
[1.509s] -- Up-to-date: /home/hawrk/Documents/GitHub/hawrk/ros2/dros_common_interfaces/install/dros_common_interfaces/include/dros_common_interfaces/dros_common_interfaces/action
[1.509s] -- Up-to-date: /home/hawrk/Documents/GitHub/hawrk/ros2/dros_common_interfaces/install/dros_common_interfaces/include/dros_common_interfaces/dros_common_interfaces/action/detail
[1.509s] -- Up-to-date: /home/hawrk/Documents/GitHub/hawrk/ros2/dros_common_interfaces/install/dros_common_interfaces/include/dros_common_interfaces/dros_common_interfaces/action/detail/navigate_to_pose__type_support.cpp
[1.509s] -- Up-to-date: /home/hawrk/Documents/GitHub/hawrk/ros2/dros_common_interfaces/install/dros_common_interfaces/include/dros_common_interfaces/dros_common_interfaces/action/detail/navigate_to_pose__rosidl_typesupport_introspection_cpp.hpp
[1.509s] -- Up-to-date: /home/hawrk/Documents/GitHub/hawrk/ros2/dros_common_interfaces/install/dros_common_interfaces/include/dros_common_interfaces/dros_common_interfaces/action/detail/dexterous_hand__rosidl_typesupport_introspection_cpp.hpp
[1.509s] -- Up-to-date: /home/hawrk/Documents/GitHub/hawrk/ros2/dros_common_interfaces/install/dros_common_interfaces/include/dros_common_interfaces/dros_common_interfaces/action/detail/dexterous_hand__type_support.cpp
[1.509s] -- Up-to-date: /home/hawrk/Documents/GitHub/hawrk/ros2/dros_common_interfaces/install/dros_common_interfaces/include/dros_common_interfaces/dros_common_interfaces/msg
[1.509s] -- Up-to-date: /home/hawrk/Documents/GitHub/hawrk/ros2/dros_common_interfaces/install/dros_common_interfaces/include/dros_common_interfaces/dros_common_interfaces/msg/detail
[1.509s] -- Up-to-date: /home/hawrk/Documents/GitHub/hawrk/ros2/dros_common_interfaces/install/dros_common_interfaces/include/dros_common_interfaces/dros_common_interfaces/msg/detail/extrinsics__rosidl_typesupport_introspection_cpp.hpp
[1.509s] -- Up-to-date: /home/hawrk/Documents/GitHub/hawrk/ros2/dros_common_interfaces/install/dros_common_interfaces/include/dros_common_interfaces/dros_common_interfaces/msg/detail/imu_info__rosidl_typesupport_introspection_cpp.hpp
[1.509s] -- Up-to-date: /home/hawrk/Documents/GitHub/hawrk/ros2/dros_common_interfaces/install/dros_common_interfaces/include/dros_common_interfaces/dros_common_interfaces/msg/detail/rgbd__type_support.cpp
[1.509s] -- Up-to-date: /home/hawrk/Documents/GitHub/hawrk/ros2/dros_common_interfaces/install/dros_common_interfaces/include/dros_common_interfaces/dros_common_interfaces/msg/detail/rgbd__rosidl_typesupport_introspection_cpp.hpp
[1.509s] -- Up-to-date: /home/hawrk/Documents/GitHub/hawrk/ros2/dros_common_interfaces/install/dros_common_interfaces/include/dros_common_interfaces/dros_common_interfaces/msg/detail/extrinsics__type_support.cpp
[1.509s] -- Up-to-date: /home/hawrk/Documents/GitHub/hawrk/ros2/dros_common_interfaces/install/dros_common_interfaces/include/dros_common_interfaces/dros_common_interfaces/msg/detail/metadata__type_support.cpp
[1.509s] -- Up-to-date: /home/hawrk/Documents/GitHub/hawrk/ros2/dros_common_interfaces/install/dros_common_interfaces/include/dros_common_interfaces/dros_common_interfaces/msg/detail/imu_info__type_support.cpp
[1.509s] -- Up-to-date: /home/hawrk/Documents/GitHub/hawrk/ros2/dros_common_interfaces/install/dros_common_interfaces/include/dros_common_interfaces/dros_common_interfaces/msg/detail/metadata__rosidl_typesupport_introspection_cpp.hpp
[1.509s] -- Up-to-date: /home/hawrk/Documents/GitHub/hawrk/ros2/dros_common_interfaces/install/dros_common_interfaces/lib/libdros_common_interfaces__rosidl_typesupport_introspection_cpp.so
[1.509s] -- Up-to-date: /home/hawrk/Documents/GitHub/hawrk/ros2/dros_common_interfaces/install/dros_common_interfaces/lib/libdros_common_interfaces__rosidl_typesupport_cpp.so
[1.509s] -- Up-to-date: /home/hawrk/Documents/GitHub/hawrk/ros2/dros_common_interfaces/install/dros_common_interfaces/share/dros_common_interfaces/environment/pythonpath.sh
[1.509s] -- Installing: /home/hawrk/Documents/GitHub/hawrk/ros2/dros_common_interfaces/install/dros_common_interfaces/share/dros_common_interfaces/environment/pythonpath.dsv
[1.509s] -- Up-to-date: /home/hawrk/Documents/GitHub/hawrk/ros2/dros_common_interfaces/install/dros_common_interfaces/local/lib/python3.10/dist-packages/dros_common_interfaces-0.0.0-py3.10.egg-info
[1.509s] -- Installing: /home/hawrk/Documents/GitHub/hawrk/ros2/dros_common_interfaces/install/dros_common_interfaces/local/lib/python3.10/dist-packages/dros_common_interfaces-0.0.0-py3.10.egg-info/top_level.txt
[1.509s] -- Installing: /home/hawrk/Documents/GitHub/hawrk/ros2/dros_common_interfaces/install/dros_common_interfaces/local/lib/python3.10/dist-packages/dros_common_interfaces-0.0.0-py3.10.egg-info/dependency_links.txt
[1.509s] -- Installing: /home/hawrk/Documents/GitHub/hawrk/ros2/dros_common_interfaces/install/dros_common_interfaces/local/lib/python3.10/dist-packages/dros_common_interfaces-0.0.0-py3.10.egg-info/SOURCES.txt
[1.509s] -- Installing: /home/hawrk/Documents/GitHub/hawrk/ros2/dros_common_interfaces/install/dros_common_interfaces/local/lib/python3.10/dist-packages/dros_common_interfaces-0.0.0-py3.10.egg-info/PKG-INFO
[1.510s] -- Up-to-date: /home/hawrk/Documents/GitHub/hawrk/ros2/dros_common_interfaces/install/dros_common_interfaces/local/lib/python3.10/dist-packages/dros_common_interfaces
[1.510s] -- Up-to-date: /home/hawrk/Documents/GitHub/hawrk/ros2/dros_common_interfaces/install/dros_common_interfaces/local/lib/python3.10/dist-packages/dros_common_interfaces/_dros_common_interfaces_s.ep.rosidl_typesupport_introspection_c.c
[1.510s] -- Up-to-date: /home/hawrk/Documents/GitHub/hawrk/ros2/dros_common_interfaces/install/dros_common_interfaces/local/lib/python3.10/dist-packages/dros_common_interfaces/srv
[1.510s] -- Up-to-date: /home/hawrk/Documents/GitHub/hawrk/ros2/dros_common_interfaces/install/dros_common_interfaces/local/lib/python3.10/dist-packages/dros_common_interfaces/srv/_device_info_s.c
[1.510s] -- Up-to-date: /home/hawrk/Documents/GitHub/hawrk/ros2/dros_common_interfaces/install/dros_common_interfaces/local/lib/python3.10/dist-packages/dros_common_interfaces/srv/_device_info.py
[1.510s] -- Up-to-date: /home/hawrk/Documents/GitHub/hawrk/ros2/dros_common_interfaces/install/dros_common_interfaces/local/lib/python3.10/dist-packages/dros_common_interfaces/srv/_grasp.py
[1.510s] -- Up-to-date: /home/hawrk/Documents/GitHub/hawrk/ros2/dros_common_interfaces/install/dros_common_interfaces/local/lib/python3.10/dist-packages/dros_common_interfaces/srv/__init__.py
[1.510s] -- Up-to-date: /home/hawrk/Documents/GitHub/hawrk/ros2/dros_common_interfaces/install/dros_common_interfaces/local/lib/python3.10/dist-packages/dros_common_interfaces/srv/_grasp_s.c
[1.510s] -- Up-to-date: /home/hawrk/Documents/GitHub/hawrk/ros2/dros_common_interfaces/install/dros_common_interfaces/local/lib/python3.10/dist-packages/dros_common_interfaces/action
[1.510s] -- Up-to-date: /home/hawrk/Documents/GitHub/hawrk/ros2/dros_common_interfaces/install/dros_common_interfaces/local/lib/python3.10/dist-packages/dros_common_interfaces/action/_navigate_to_pose_s.c
[1.510s] -- Up-to-date: /home/hawrk/Documents/GitHub/hawrk/ros2/dros_common_interfaces/install/dros_common_interfaces/local/lib/python3.10/dist-packages/dros_common_interfaces/action/_dexterous_hand_s.c
[1.510s] -- Up-to-date: /home/hawrk/Documents/GitHub/hawrk/ros2/dros_common_interfaces/install/dros_common_interfaces/local/lib/python3.10/dist-packages/dros_common_interfaces/action/__init__.py
[1.510s] -- Up-to-date: /home/hawrk/Documents/GitHub/hawrk/ros2/dros_common_interfaces/install/dros_common_interfaces/local/lib/python3.10/dist-packages/dros_common_interfaces/action/_dexterous_hand.py
[1.510s] -- Up-to-date: /home/hawrk/Documents/GitHub/hawrk/ros2/dros_common_interfaces/install/dros_common_interfaces/local/lib/python3.10/dist-packages/dros_common_interfaces/action/_navigate_to_pose.py
[1.510s] -- Up-to-date: /home/hawrk/Documents/GitHub/hawrk/ros2/dros_common_interfaces/install/dros_common_interfaces/local/lib/python3.10/dist-packages/dros_common_interfaces/libdros_common_interfaces__rosidl_generator_py.so
[1.510s] -- Installing: /home/hawrk/Documents/GitHub/hawrk/ros2/dros_common_interfaces/install/dros_common_interfaces/local/lib/python3.10/dist-packages/dros_common_interfaces/__init__.py
[1.510s] -- Up-to-date: /home/hawrk/Documents/GitHub/hawrk/ros2/dros_common_interfaces/install/dros_common_interfaces/local/lib/python3.10/dist-packages/dros_common_interfaces/msg
[1.510s] -- Up-to-date: /home/hawrk/Documents/GitHub/hawrk/ros2/dros_common_interfaces/install/dros_common_interfaces/local/lib/python3.10/dist-packages/dros_common_interfaces/msg/__init__.py
[1.510s] -- Up-to-date: /home/hawrk/Documents/GitHub/hawrk/ros2/dros_common_interfaces/install/dros_common_interfaces/local/lib/python3.10/dist-packages/dros_common_interfaces/msg/_imu_info.py
[1.510s] -- Up-to-date: /home/hawrk/Documents/GitHub/hawrk/ros2/dros_common_interfaces/install/dros_common_interfaces/local/lib/python3.10/dist-packages/dros_common_interfaces/msg/_extrinsics.py
[1.510s] -- Up-to-date: /home/hawrk/Documents/GitHub/hawrk/ros2/dros_common_interfaces/install/dros_common_interfaces/local/lib/python3.10/dist-packages/dros_common_interfaces/msg/_extrinsics_s.c
[1.510s] -- Up-to-date: /home/hawrk/Documents/GitHub/hawrk/ros2/dros_common_interfaces/install/dros_common_interfaces/local/lib/python3.10/dist-packages/dros_common_interfaces/msg/_metadata.py
[1.510s] -- Up-to-date: /home/hawrk/Documents/GitHub/hawrk/ros2/dros_common_interfaces/install/dros_common_interfaces/local/lib/python3.10/dist-packages/dros_common_interfaces/msg/_metadata_s.c
[1.510s] -- Up-to-date: /home/hawrk/Documents/GitHub/hawrk/ros2/dros_common_interfaces/install/dros_common_interfaces/local/lib/python3.10/dist-packages/dros_common_interfaces/msg/_imu_info_s.c
[1.510s] -- Up-to-date: /home/hawrk/Documents/GitHub/hawrk/ros2/dros_common_interfaces/install/dros_common_interfaces/local/lib/python3.10/dist-packages/dros_common_interfaces/msg/_rgbd_s.c
[1.510s] -- Up-to-date: /home/hawrk/Documents/GitHub/hawrk/ros2/dros_common_interfaces/install/dros_common_interfaces/local/lib/python3.10/dist-packages/dros_common_interfaces/msg/_rgbd.py
[1.510s] -- Up-to-date: /home/hawrk/Documents/GitHub/hawrk/ros2/dros_common_interfaces/install/dros_common_interfaces/local/lib/python3.10/dist-packages/dros_common_interfaces/dros_common_interfaces_s__rosidl_typesupport_fastrtps_c.cpython-310-x86_64-linux-gnu.so
[1.510s] -- Up-to-date: /home/hawrk/Documents/GitHub/hawrk/ros2/dros_common_interfaces/install/dros_common_interfaces/local/lib/python3.10/dist-packages/dros_common_interfaces/_dros_common_interfaces_s.ep.rosidl_typesupport_c.c
[1.510s] -- Up-to-date: /home/hawrk/Documents/GitHub/hawrk/ros2/dros_common_interfaces/install/dros_common_interfaces/local/lib/python3.10/dist-packages/dros_common_interfaces/_dros_common_interfaces_s.ep.rosidl_typesupport_fastrtps_c.c
[1.510s] -- Up-to-date: /home/hawrk/Documents/GitHub/hawrk/ros2/dros_common_interfaces/install/dros_common_interfaces/local/lib/python3.10/dist-packages/dros_common_interfaces/dros_common_interfaces_s__rosidl_typesupport_c.cpython-310-x86_64-linux-gnu.so
[1.510s] -- Up-to-date: /home/hawrk/Documents/GitHub/hawrk/ros2/dros_common_interfaces/install/dros_common_interfaces/local/lib/python3.10/dist-packages/dros_common_interfaces/dros_common_interfaces_s__rosidl_typesupport_introspection_c.cpython-310-x86_64-linux-gnu.so
[1.535s] Listing '/home/hawrk/Documents/GitHub/hawrk/ros2/dros_common_interfaces/install/dros_common_interfaces/local/lib/python3.10/dist-packages/dros_common_interfaces'...
[1.535s] Compiling '/home/hawrk/Documents/GitHub/hawrk/ros2/dros_common_interfaces/install/dros_common_interfaces/local/lib/python3.10/dist-packages/dros_common_interfaces/__init__.py'...
[1.535s] Listing '/home/hawrk/Documents/GitHub/hawrk/ros2/dros_common_interfaces/install/dros_common_interfaces/local/lib/python3.10/dist-packages/dros_common_interfaces/action'...
[1.535s] Listing '/home/hawrk/Documents/GitHub/hawrk/ros2/dros_common_interfaces/install/dros_common_interfaces/local/lib/python3.10/dist-packages/dros_common_interfaces/msg'...
[1.535s] Listing '/home/hawrk/Documents/GitHub/hawrk/ros2/dros_common_interfaces/install/dros_common_interfaces/local/lib/python3.10/dist-packages/dros_common_interfaces/srv'...
[1.549s] -- Up-to-date: /home/hawrk/Documents/GitHub/hawrk/ros2/dros_common_interfaces/install/dros_common_interfaces/local/lib/python3.10/dist-packages/dros_common_interfaces/dros_common_interfaces_s__rosidl_typesupport_fastrtps_c.cpython-310-x86_64-linux-gnu.so
[1.549s] -- Up-to-date: /home/hawrk/Documents/GitHub/hawrk/ros2/dros_common_interfaces/install/dros_common_interfaces/local/lib/python3.10/dist-packages/dros_common_interfaces/dros_common_interfaces_s__rosidl_typesupport_introspection_c.cpython-310-x86_64-linux-gnu.so
[1.549s] -- Up-to-date: /home/hawrk/Documents/GitHub/hawrk/ros2/dros_common_interfaces/install/dros_common_interfaces/local/lib/python3.10/dist-packages/dros_common_interfaces/dros_common_interfaces_s__rosidl_typesupport_c.cpython-310-x86_64-linux-gnu.so
[1.549s] -- Up-to-date: /home/hawrk/Documents/GitHub/hawrk/ros2/dros_common_interfaces/install/dros_common_interfaces/lib/libdros_common_interfaces__rosidl_generator_py.so
[1.549s] -- Up-to-date: /home/hawrk/Documents/GitHub/hawrk/ros2/dros_common_interfaces/install/dros_common_interfaces/share/dros_common_interfaces/msg/IMUInfo.idl
[1.549s] -- Up-to-date: /home/hawrk/Documents/GitHub/hawrk/ros2/dros_common_interfaces/install/dros_common_interfaces/share/dros_common_interfaces/msg/Extrinsics.idl
[1.550s] -- Up-to-date: /home/hawrk/Documents/GitHub/hawrk/ros2/dros_common_interfaces/install/dros_common_interfaces/share/dros_common_interfaces/msg/Metadata.idl
[1.550s] -- Up-to-date: /home/hawrk/Documents/GitHub/hawrk/ros2/dros_common_interfaces/install/dros_common_interfaces/share/dros_common_interfaces/msg/RGBD.idl
[1.550s] -- Up-to-date: /home/hawrk/Documents/GitHub/hawrk/ros2/dros_common_interfaces/install/dros_common_interfaces/share/dros_common_interfaces/srv/DeviceInfo.idl
[1.550s] -- Up-to-date: /home/hawrk/Documents/GitHub/hawrk/ros2/dros_common_interfaces/install/dros_common_interfaces/share/dros_common_interfaces/srv/Grasp.idl
[1.550s] -- Up-to-date: /home/hawrk/Documents/GitHub/hawrk/ros2/dros_common_interfaces/install/dros_common_interfaces/share/dros_common_interfaces/action/NavigateToPose.idl
[1.550s] -- Up-to-date: /home/hawrk/Documents/GitHub/hawrk/ros2/dros_common_interfaces/install/dros_common_interfaces/share/dros_common_interfaces/action/DexterousHand.idl
[1.550s] -- Up-to-date: /home/hawrk/Documents/GitHub/hawrk/ros2/dros_common_interfaces/install/dros_common_interfaces/share/dros_common_interfaces/realsense/IMUInfo.msg
[1.550s] -- Up-to-date: /home/hawrk/Documents/GitHub/hawrk/ros2/dros_common_interfaces/install/dros_common_interfaces/share/dros_common_interfaces/realsense/Extrinsics.msg
[1.550s] -- Up-to-date: /home/hawrk/Documents/GitHub/hawrk/ros2/dros_common_interfaces/install/dros_common_interfaces/share/dros_common_interfaces/realsense/Metadata.msg
[1.550s] -- Up-to-date: /home/hawrk/Documents/GitHub/hawrk/ros2/dros_common_interfaces/install/dros_common_interfaces/share/dros_common_interfaces/realsense/RGBD.msg
[1.550s] -- Up-to-date: /home/hawrk/Documents/GitHub/hawrk/ros2/dros_common_interfaces/install/dros_common_interfaces/share/dros_common_interfaces/realsense/DeviceInfo.srv
[1.550s] -- Up-to-date: /home/hawrk/Documents/GitHub/hawrk/ros2/dros_common_interfaces/install/dros_common_interfaces/share/dros_common_interfaces/realsense/DeviceInfo_Request.msg
[1.550s] -- Up-to-date: /home/hawrk/Documents/GitHub/hawrk/ros2/dros_common_interfaces/install/dros_common_interfaces/share/dros_common_interfaces/realsense/DeviceInfo_Response.msg
[1.550s] -- Up-to-date: /home/hawrk/Documents/GitHub/hawrk/ros2/dros_common_interfaces/install/dros_common_interfaces/share/dros_common_interfaces/srv/Grasp.srv
[1.550s] -- Up-to-date: /home/hawrk/Documents/GitHub/hawrk/ros2/dros_common_interfaces/install/dros_common_interfaces/share/dros_common_interfaces/srv/Grasp_Request.msg
[1.551s] -- Up-to-date: /home/hawrk/Documents/GitHub/hawrk/ros2/dros_common_interfaces/install/dros_common_interfaces/share/dros_common_interfaces/srv/Grasp_Response.msg
[1.551s] -- Up-to-date: /home/hawrk/Documents/GitHub/hawrk/ros2/dros_common_interfaces/install/dros_common_interfaces/share/dros_common_interfaces/nav2/NavigateToPose.action
[1.551s] -- Up-to-date: /home/hawrk/Documents/GitHub/hawrk/ros2/dros_common_interfaces/install/dros_common_interfaces/share/dros_common_interfaces/action/DexterousHand.action
[1.551s] -- Up-to-date: /home/hawrk/Documents/GitHub/hawrk/ros2/dros_common_interfaces/install/dros_common_interfaces/share/ament_index/resource_index/package_run_dependencies/dros_common_interfaces
[1.551s] -- Up-to-date: /home/hawrk/Documents/GitHub/hawrk/ros2/dros_common_interfaces/install/dros_common_interfaces/share/ament_index/resource_index/parent_prefix_path/dros_common_interfaces
[1.551s] -- Up-to-date: /home/hawrk/Documents/GitHub/hawrk/ros2/dros_common_interfaces/install/dros_common_interfaces/share/dros_common_interfaces/environment/ament_prefix_path.sh
[1.551s] -- Installing: /home/hawrk/Documents/GitHub/hawrk/ros2/dros_common_interfaces/install/dros_common_interfaces/share/dros_common_interfaces/environment/ament_prefix_path.dsv
[1.551s] -- Up-to-date: /home/hawrk/Documents/GitHub/hawrk/ros2/dros_common_interfaces/install/dros_common_interfaces/share/dros_common_interfaces/environment/path.sh
[1.551s] -- Installing: /home/hawrk/Documents/GitHub/hawrk/ros2/dros_common_interfaces/install/dros_common_interfaces/share/dros_common_interfaces/environment/path.dsv
[1.551s] -- Up-to-date: /home/hawrk/Documents/GitHub/hawrk/ros2/dros_common_interfaces/install/dros_common_interfaces/share/dros_common_interfaces/local_setup.bash
[1.551s] -- Up-to-date: /home/hawrk/Documents/GitHub/hawrk/ros2/dros_common_interfaces/install/dros_common_interfaces/share/dros_common_interfaces/local_setup.sh
[1.551s] -- Up-to-date: /home/hawrk/Documents/GitHub/hawrk/ros2/dros_common_interfaces/install/dros_common_interfaces/share/dros_common_interfaces/local_setup.zsh
[1.551s] -- Installing: /home/hawrk/Documents/GitHub/hawrk/ros2/dros_common_interfaces/install/dros_common_interfaces/share/dros_common_interfaces/local_setup.dsv
[1.551s] -- Installing: /home/hawrk/Documents/GitHub/hawrk/ros2/dros_common_interfaces/install/dros_common_interfaces/share/dros_common_interfaces/package.dsv
[1.551s] -- Up-to-date: /home/hawrk/Documents/GitHub/hawrk/ros2/dros_common_interfaces/install/dros_common_interfaces/share/ament_index/resource_index/packages/dros_common_interfaces
[1.551s] -- Up-to-date: /home/hawrk/Documents/GitHub/hawrk/ros2/dros_common_interfaces/install/dros_common_interfaces/share/dros_common_interfaces/cmake/export_dros_common_interfaces__rosidl_generator_cExport.cmake
[1.551s] -- Up-to-date: /home/hawrk/Documents/GitHub/hawrk/ros2/dros_common_interfaces/install/dros_common_interfaces/share/dros_common_interfaces/cmake/export_dros_common_interfaces__rosidl_generator_cExport-noconfig.cmake
[1.552s] -- Up-to-date: /home/hawrk/Documents/GitHub/hawrk/ros2/dros_common_interfaces/install/dros_common_interfaces/share/dros_common_interfaces/cmake/export_dros_common_interfaces__rosidl_typesupport_fastrtps_cExport.cmake
[1.552s] -- Up-to-date: /home/hawrk/Documents/GitHub/hawrk/ros2/dros_common_interfaces/install/dros_common_interfaces/share/dros_common_interfaces/cmake/export_dros_common_interfaces__rosidl_typesupport_fastrtps_cExport-noconfig.cmake
[1.552s] -- Up-to-date: /home/hawrk/Documents/GitHub/hawrk/ros2/dros_common_interfaces/install/dros_common_interfaces/share/dros_common_interfaces/cmake/dros_common_interfaces__rosidl_typesupport_introspection_cExport.cmake
[1.552s] -- Up-to-date: /home/hawrk/Documents/GitHub/hawrk/ros2/dros_common_interfaces/install/dros_common_interfaces/share/dros_common_interfaces/cmake/dros_common_interfaces__rosidl_typesupport_introspection_cExport-noconfig.cmake
[1.552s] -- Up-to-date: /home/hawrk/Documents/GitHub/hawrk/ros2/dros_common_interfaces/install/dros_common_interfaces/share/dros_common_interfaces/cmake/dros_common_interfaces__rosidl_typesupport_cExport.cmake
[1.552s] -- Up-to-date: /home/hawrk/Documents/GitHub/hawrk/ros2/dros_common_interfaces/install/dros_common_interfaces/share/dros_common_interfaces/cmake/dros_common_interfaces__rosidl_typesupport_cExport-noconfig.cmake
[1.553s] -- Up-to-date: /home/hawrk/Documents/GitHub/hawrk/ros2/dros_common_interfaces/install/dros_common_interfaces/share/dros_common_interfaces/cmake/export_dros_common_interfaces__rosidl_generator_cppExport.cmake
[1.553s] -- Up-to-date: /home/hawrk/Documents/GitHub/hawrk/ros2/dros_common_interfaces/install/dros_common_interfaces/share/dros_common_interfaces/cmake/export_dros_common_interfaces__rosidl_typesupport_fastrtps_cppExport.cmake
[1.553s] -- Up-to-date: /home/hawrk/Documents/GitHub/hawrk/ros2/dros_common_interfaces/install/dros_common_interfaces/share/dros_common_interfaces/cmake/export_dros_common_interfaces__rosidl_typesupport_fastrtps_cppExport-noconfig.cmake
[1.554s] -- Up-to-date: /home/hawrk/Documents/GitHub/hawrk/ros2/dros_common_interfaces/install/dros_common_interfaces/share/dros_common_interfaces/cmake/dros_common_interfaces__rosidl_typesupport_introspection_cppExport.cmake
[1.554s] -- Up-to-date: /home/hawrk/Documents/GitHub/hawrk/ros2/dros_common_interfaces/install/dros_common_interfaces/share/dros_common_interfaces/cmake/dros_common_interfaces__rosidl_typesupport_introspection_cppExport-noconfig.cmake
[1.554s] -- Up-to-date: /home/hawrk/Documents/GitHub/hawrk/ros2/dros_common_interfaces/install/dros_common_interfaces/share/dros_common_interfaces/cmake/dros_common_interfaces__rosidl_typesupport_cppExport.cmake
[1.554s] -- Up-to-date: /home/hawrk/Documents/GitHub/hawrk/ros2/dros_common_interfaces/install/dros_common_interfaces/share/dros_common_interfaces/cmake/dros_common_interfaces__rosidl_typesupport_cppExport-noconfig.cmake
[1.554s] -- Up-to-date: /home/hawrk/Documents/GitHub/hawrk/ros2/dros_common_interfaces/install/dros_common_interfaces/share/dros_common_interfaces/cmake/export_dros_common_interfaces__rosidl_generator_pyExport.cmake
[1.554s] -- Up-to-date: /home/hawrk/Documents/GitHub/hawrk/ros2/dros_common_interfaces/install/dros_common_interfaces/share/dros_common_interfaces/cmake/export_dros_common_interfaces__rosidl_generator_pyExport-noconfig.cmake
[1.554s] -- Up-to-date: /home/hawrk/Documents/GitHub/hawrk/ros2/dros_common_interfaces/install/dros_common_interfaces/share/dros_common_interfaces/cmake/rosidl_cmake-extras.cmake
[1.554s] -- Up-to-date: /home/hawrk/Documents/GitHub/hawrk/ros2/dros_common_interfaces/install/dros_common_interfaces/share/dros_common_interfaces/cmake/ament_cmake_export_dependencies-extras.cmake
[1.555s] -- Up-to-date: /home/hawrk/Documents/GitHub/hawrk/ros2/dros_common_interfaces/install/dros_common_interfaces/share/dros_common_interfaces/cmake/ament_cmake_export_include_directories-extras.cmake
[1.555s] -- Up-to-date: /home/hawrk/Documents/GitHub/hawrk/ros2/dros_common_interfaces/install/dros_common_interfaces/share/dros_common_interfaces/cmake/ament_cmake_export_libraries-extras.cmake
[1.555s] -- Up-to-date: /home/hawrk/Documents/GitHub/hawrk/ros2/dros_common_interfaces/install/dros_common_interfaces/share/dros_common_interfaces/cmake/ament_cmake_export_targets-extras.cmake
[1.555s] -- Up-to-date: /home/hawrk/Documents/GitHub/hawrk/ros2/dros_common_interfaces/install/dros_common_interfaces/share/dros_common_interfaces/cmake/rosidl_cmake_export_typesupport_targets-extras.cmake
[1.555s] -- Up-to-date: /home/hawrk/Documents/GitHub/hawrk/ros2/dros_common_interfaces/install/dros_common_interfaces/share/dros_common_interfaces/cmake/rosidl_cmake_export_typesupport_libraries-extras.cmake
[1.555s] -- Up-to-date: /home/hawrk/Documents/GitHub/hawrk/ros2/dros_common_interfaces/install/dros_common_interfaces/share/dros_common_interfaces/cmake/dros_common_interfacesConfig.cmake
[1.555s] -- Up-to-date: /home/hawrk/Documents/GitHub/hawrk/ros2/dros_common_interfaces/install/dros_common_interfaces/share/dros_common_interfaces/cmake/dros_common_interfacesConfig-version.cmake
[1.555s] -- Up-to-date: /home/hawrk/Documents/GitHub/hawrk/ros2/dros_common_interfaces/install/dros_common_interfaces/share/dros_common_interfaces/package.xml
[1.557s] Invoked command in '/home/hawrk/Documents/GitHub/hawrk/ros2/dros_common_interfaces/build/dros_common_interfaces' returned '0': CMAKE_PREFIX_PATH=${CMAKE_PREFIX_PATH}:/opt/ros/humble /usr/bin/cmake --install /home/hawrk/Documents/GitHub/hawrk/ros2/dros_common_interfaces/build/dros_common_interfaces
