[0.019s] Invoking command in '/home/hawrk/Documents/GitHub/hawrk/ros2/topic_ws/build/topic_ws': CMAKE_PREFIX_PATH=${CMAKE_PREFIX_PATH}:/opt/ros/humble /usr/bin/cmake /home/hawrk/Documents/GitHub/hawrk/ros2/topic_ws -DCMAKE_INSTALL_PREFIX=/home/hawrk/Documents/GitHub/hawrk/ros2/topic_ws/install/topic_ws
[0.134s] -- The C compiler identification is GNU 11.4.0
[0.175s] -- The CXX compiler identification is GNU 11.4.0
[0.200s] -- Detecting C compiler ABI info
[0.246s] -- Detecting C compiler ABI info - done
[0.250s] -- Check for working C compiler: /usr/bin/cc - skipped
[0.250s] -- Detecting C compile features
[0.251s] -- Detecting C compile features - done
[0.253s] -- Detecting CXX compiler ABI info
[0.301s] -- Detecting CXX compiler ABI info - done
[0.305s] -- Check for working CXX compiler: /usr/bin/c++ - skipped
[0.305s] -- Detecting CXX compile features
[0.306s] -- Detecting CXX compile features - done
[0.317s] -- Found ament_cmake: 1.3.11 (/opt/ros/humble/share/ament_cmake/cmake)
[0.426s] -- Found Python3: /usr/bin/python3 (found version "3.10.12") found components: Interpreter 
[0.498s] -- Found rclcpp: 16.0.11 (/opt/ros/humble/share/rclcpp/cmake)
[0.542s] -- Found rosidl_generator_c: 3.1.6 (/opt/ros/humble/share/rosidl_generator_c/cmake)
[0.547s] -- Found rosidl_adapter: 3.1.6 (/opt/ros/humble/share/rosidl_adapter/cmake)
[0.556s] -- Found rosidl_generator_cpp: 3.1.6 (/opt/ros/humble/share/rosidl_generator_cpp/cmake)
[0.568s] -- Using all available rosidl_typesupport_c: rosidl_typesupport_fastrtps_c;rosidl_typesupport_introspection_c
[0.582s] -- Using all available rosidl_typesupport_cpp: rosidl_typesupport_fastrtps_cpp;rosidl_typesupport_introspection_cpp
[0.623s] -- Found rmw_implementation_cmake: 6.1.2 (/opt/ros/humble/share/rmw_implementation_cmake/cmake)
[0.626s] -- Found rmw_fastrtps_cpp: 6.2.7 (/opt/ros/humble/share/rmw_fastrtps_cpp/cmake)
[0.692s] -- Found OpenSSL: /usr/lib/x86_64-linux-gnu/libcrypto.so (found version "3.0.2")  
[0.710s] -- Found FastRTPS: /opt/ros/humble/include  
[0.733s] -- Using RMW implementation 'rmw_fastrtps_cpp' as default
[0.742s] -- Looking for pthread.h
[0.794s] -- Looking for pthread.h - found
[0.794s] -- Performing Test CMAKE_HAVE_LIBC_PTHREAD
[0.839s] -- Performing Test CMAKE_HAVE_LIBC_PTHREAD - Success
[0.839s] -- Found Threads: TRUE  
[0.889s] -- Found ament_lint_auto: 0.12.11 (/opt/ros/humble/share/ament_lint_auto/cmake)
[0.941s] -- Added test 'cppcheck' to perform static code analysis on C / C++ code
[0.941s] -- Configured cppcheck include dirs: $<BUILD_INTERFACE:/home/hawrk/Documents/GitHub/hawrk/ros2/topic_ws/include>
[0.941s] -- Configured cppcheck exclude dirs and/or files: 
[0.942s] -- Added test 'lint_cmake' to check CMake code style
[0.945s] -- Added test 'uncrustify' to check C / C++ code style
[0.946s] -- Configured uncrustify additional arguments: 
[0.947s] -- Added test 'xmllint' to check XML markup files
[0.968s] -- Configuring done
[0.974s] -- Generating done
[0.977s] -- Build files have been written to: /home/hawrk/Documents/GitHub/hawrk/ros2/topic_ws/build/topic_ws
[0.983s] Invoked command in '/home/hawrk/Documents/GitHub/hawrk/ros2/topic_ws/build/topic_ws' returned '0': CMAKE_PREFIX_PATH=${CMAKE_PREFIX_PATH}:/opt/ros/humble /usr/bin/cmake /home/hawrk/Documents/GitHub/hawrk/ros2/topic_ws -DCMAKE_INSTALL_PREFIX=/home/hawrk/Documents/GitHub/hawrk/ros2/topic_ws/install/topic_ws
[0.984s] Invoking command in '/home/hawrk/Documents/GitHub/hawrk/ros2/topic_ws/build/topic_ws': CMAKE_PREFIX_PATH=${CMAKE_PREFIX_PATH}:/opt/ros/humble /usr/bin/cmake --build /home/hawrk/Documents/GitHub/hawrk/ros2/topic_ws/build/topic_ws -- -j16 -l16
[1.012s] [ 25%] [32mBuilding CXX object CMakeFiles/publisher.dir/src/publisher.cpp.o[0m
[1.012s] [ 50%] [32mBuilding CXX object CMakeFiles/subscriber.dir/src/subscriber.cpp.o[0m
[3.743s] [ 75%] [32m[1mLinking CXX executable publisher[0m
[3.872s] [ 75%] Built target publisher
[6.075s] [100%] [32m[1mLinking CXX executable subscriber[0m
[6.286s] [100%] Built target subscriber
[6.293s] Invoked command in '/home/hawrk/Documents/GitHub/hawrk/ros2/topic_ws/build/topic_ws' returned '0': CMAKE_PREFIX_PATH=${CMAKE_PREFIX_PATH}:/opt/ros/humble /usr/bin/cmake --build /home/hawrk/Documents/GitHub/hawrk/ros2/topic_ws/build/topic_ws -- -j16 -l16
[6.299s] Invoking command in '/home/hawrk/Documents/GitHub/hawrk/ros2/topic_ws/build/topic_ws': CMAKE_PREFIX_PATH=${CMAKE_PREFIX_PATH}:/opt/ros/humble /usr/bin/cmake --install /home/hawrk/Documents/GitHub/hawrk/ros2/topic_ws/build/topic_ws
[6.303s] -- Install configuration: ""
[6.303s] -- Installing: /home/hawrk/Documents/GitHub/hawrk/ros2/topic_ws/install/topic_ws/lib/topic_ws/publisher
[6.303s] -- Set runtime path of "/home/hawrk/Documents/GitHub/hawrk/ros2/topic_ws/install/topic_ws/lib/topic_ws/publisher" to ""
[6.303s] -- Installing: /home/hawrk/Documents/GitHub/hawrk/ros2/topic_ws/install/topic_ws/lib/topic_ws/subscriber
[6.305s] -- Set runtime path of "/home/hawrk/Documents/GitHub/hawrk/ros2/topic_ws/install/topic_ws/lib/topic_ws/subscriber" to ""
[6.305s] -- Installing: /home/hawrk/Documents/GitHub/hawrk/ros2/topic_ws/install/topic_ws/share/ament_index/resource_index/package_run_dependencies/topic_ws
[6.305s] -- Installing: /home/hawrk/Documents/GitHub/hawrk/ros2/topic_ws/install/topic_ws/share/ament_index/resource_index/parent_prefix_path/topic_ws
[6.305s] -- Installing: /home/hawrk/Documents/GitHub/hawrk/ros2/topic_ws/install/topic_ws/share/topic_ws/environment/ament_prefix_path.sh
[6.305s] -- Installing: /home/hawrk/Documents/GitHub/hawrk/ros2/topic_ws/install/topic_ws/share/topic_ws/environment/ament_prefix_path.dsv
[6.305s] -- Installing: /home/hawrk/Documents/GitHub/hawrk/ros2/topic_ws/install/topic_ws/share/topic_ws/environment/path.sh
[6.306s] -- Installing: /home/hawrk/Documents/GitHub/hawrk/ros2/topic_ws/install/topic_ws/share/topic_ws/environment/path.dsv
[6.306s] -- Installing: /home/hawrk/Documents/GitHub/hawrk/ros2/topic_ws/install/topic_ws/share/topic_ws/local_setup.bash
[6.306s] -- Installing: /home/hawrk/Documents/GitHub/hawrk/ros2/topic_ws/install/topic_ws/share/topic_ws/local_setup.sh
[6.306s] -- Installing: /home/hawrk/Documents/GitHub/hawrk/ros2/topic_ws/install/topic_ws/share/topic_ws/local_setup.zsh
[6.306s] -- Installing: /home/hawrk/Documents/GitHub/hawrk/ros2/topic_ws/install/topic_ws/share/topic_ws/local_setup.dsv
[6.306s] -- Installing: /home/hawrk/Documents/GitHub/hawrk/ros2/topic_ws/install/topic_ws/share/topic_ws/package.dsv
[6.306s] -- Installing: /home/hawrk/Documents/GitHub/hawrk/ros2/topic_ws/install/topic_ws/share/ament_index/resource_index/packages/topic_ws
[6.306s] -- Installing: /home/hawrk/Documents/GitHub/hawrk/ros2/topic_ws/install/topic_ws/share/topic_ws/cmake/topic_wsConfig.cmake
[6.306s] -- Installing: /home/hawrk/Documents/GitHub/hawrk/ros2/topic_ws/install/topic_ws/share/topic_ws/cmake/topic_wsConfig-version.cmake
[6.306s] -- Installing: /home/hawrk/Documents/GitHub/hawrk/ros2/topic_ws/install/topic_ws/share/topic_ws/package.xml
[6.307s] Invoked command in '/home/hawrk/Documents/GitHub/hawrk/ros2/topic_ws/build/topic_ws' returned '0': CMAKE_PREFIX_PATH=${CMAKE_PREFIX_PATH}:/opt/ros/humble /usr/bin/cmake --install /home/hawrk/Documents/GitHub/hawrk/ros2/topic_ws/build/topic_ws
