[0.019s] Invoking command in '/home/byd/src/ros2/hk_camera_ws/build/hk_camera_ws': CMAKE_PREFIX_PATH=/opt/ros/humble /usr/bin/cmake --build /home/byd/src/ros2/hk_camera_ws/build/hk_camera_ws -- -j8 -l8
[0.129s] [ 50%] [32mBuilding CXX object CMakeFiles/camera.dir/src/camera.cpp.o[0m
[19.186s] [100%] [32m[1mLinking CXX executable camera[0m
[20.216s] [100%] Built target camera
[20.244s] Invoked command in '/home/byd/src/ros2/hk_camera_ws/build/hk_camera_ws' returned '0': CMAKE_PREFIX_PATH=/opt/ros/humble /usr/bin/cmake --build /home/byd/src/ros2/hk_camera_ws/build/hk_camera_ws -- -j8 -l8
[20.316s] Invoking command in '/home/byd/src/ros2/hk_camera_ws/build/hk_camera_ws': CMAKE_PREFIX_PATH=/opt/ros/humble /usr/bin/cmake --install /home/byd/src/ros2/hk_camera_ws/build/hk_camera_ws
[20.330s] -- Install configuration: ""
[20.331s] -- Installing: /home/byd/src/ros2/hk_camera_ws/install/hk_camera_ws/lib/hk_camera_ws/camera
[20.342s] -- Set runtime path of "/home/byd/src/ros2/hk_camera_ws/install/hk_camera_ws/lib/hk_camera_ws/camera" to ""
[20.342s] -- Up-to-date: /home/byd/src/ros2/hk_camera_ws/install/hk_camera_ws/share/ament_index/resource_index/package_run_dependencies/hk_camera_ws
[20.342s] -- Up-to-date: /home/byd/src/ros2/hk_camera_ws/install/hk_camera_ws/share/ament_index/resource_index/parent_prefix_path/hk_camera_ws
[20.342s] -- Up-to-date: /home/byd/src/ros2/hk_camera_ws/install/hk_camera_ws/share/hk_camera_ws/environment/ament_prefix_path.sh
[20.343s] -- Up-to-date: /home/byd/src/ros2/hk_camera_ws/install/hk_camera_ws/share/hk_camera_ws/environment/ament_prefix_path.dsv
[20.343s] -- Up-to-date: /home/byd/src/ros2/hk_camera_ws/install/hk_camera_ws/share/hk_camera_ws/environment/path.sh
[20.343s] -- Up-to-date: /home/byd/src/ros2/hk_camera_ws/install/hk_camera_ws/share/hk_camera_ws/environment/path.dsv
[20.343s] -- Up-to-date: /home/byd/src/ros2/hk_camera_ws/install/hk_camera_ws/share/hk_camera_ws/local_setup.bash
[20.343s] -- Up-to-date: /home/byd/src/ros2/hk_camera_ws/install/hk_camera_ws/share/hk_camera_ws/local_setup.sh
[20.344s] -- Up-to-date: /home/byd/src/ros2/hk_camera_ws/install/hk_camera_ws/share/hk_camera_ws/local_setup.zsh
[20.344s] -- Up-to-date: /home/byd/src/ros2/hk_camera_ws/install/hk_camera_ws/share/hk_camera_ws/local_setup.dsv
[20.344s] -- Installing: /home/byd/src/ros2/hk_camera_ws/install/hk_camera_ws/share/hk_camera_ws/package.dsv
[20.344s] -- Up-to-date: /home/byd/src/ros2/hk_camera_ws/install/hk_camera_ws/share/ament_index/resource_index/packages/hk_camera_ws
[20.344s] -- Up-to-date: /home/byd/src/ros2/hk_camera_ws/install/hk_camera_ws/share/hk_camera_ws/cmake/hk_camera_wsConfig.cmake
[20.344s] -- Up-to-date: /home/byd/src/ros2/hk_camera_ws/install/hk_camera_ws/share/hk_camera_ws/cmake/hk_camera_wsConfig-version.cmake
[20.345s] -- Up-to-date: /home/byd/src/ros2/hk_camera_ws/install/hk_camera_ws/share/hk_camera_ws/package.xml
[20.347s] Invoked command in '/home/byd/src/ros2/hk_camera_ws/build/hk_camera_ws' returned '0': CMAKE_PREFIX_PATH=/opt/ros/humble /usr/bin/cmake --install /home/byd/src/ros2/hk_camera_ws/build/hk_camera_ws
