[0.021s] Invoking command in '/home/byd/src/ros2/hk_camera_ws/build/hk_camera_ws': CMAKE_PREFIX_PATH=${CMAKE_PREFIX_PATH}:/opt/ros/humble /usr/bin/cmake --build /home/byd/src/ros2/hk_camera_ws/build/hk_camera_ws -- -j8 -l8
[0.103s] [35m[1mConsolidate compiler generated dependencies of target camera[0m
[0.142s] [ 50%] [32mBuilding CXX object CMakeFiles/camera.dir/src/camera.cpp.o[0m
[19.319s] [100%] [32m[1mLinking CXX executable camera[0m
[19.671s] [100%] Built target camera
[19.697s] Invoked command in '/home/byd/src/ros2/hk_camera_ws/build/hk_camera_ws' returned '0': CMAKE_PREFIX_PATH=${CMAKE_PREFIX_PATH}:/opt/ros/humble /usr/bin/cmake --build /home/byd/src/ros2/hk_camera_ws/build/hk_camera_ws -- -j8 -l8
[19.763s] Invoking command in '/home/byd/src/ros2/hk_camera_ws/build/hk_camera_ws': CMAKE_PREFIX_PATH=${CMAKE_PREFIX_PATH}:/opt/ros/humble /usr/bin/cmake --install /home/byd/src/ros2/hk_camera_ws/build/hk_camera_ws
[19.785s] -- Install configuration: ""
[19.785s] -- Installing: /home/byd/src/ros2/hk_camera_ws/install/hk_camera_ws/lib/hk_camera_ws/camera
[19.796s] -- Set runtime path of "/home/byd/src/ros2/hk_camera_ws/install/hk_camera_ws/lib/hk_camera_ws/camera" to ""
[19.796s] -- Up-to-date: /home/byd/src/ros2/hk_camera_ws/install/hk_camera_ws/share/ament_index/resource_index/package_run_dependencies/hk_camera_ws
[19.796s] -- Up-to-date: /home/byd/src/ros2/hk_camera_ws/install/hk_camera_ws/share/ament_index/resource_index/parent_prefix_path/hk_camera_ws
[19.796s] -- Up-to-date: /home/byd/src/ros2/hk_camera_ws/install/hk_camera_ws/share/hk_camera_ws/environment/ament_prefix_path.sh
[19.797s] -- Up-to-date: /home/byd/src/ros2/hk_camera_ws/install/hk_camera_ws/share/hk_camera_ws/environment/ament_prefix_path.dsv
[19.797s] -- Up-to-date: /home/byd/src/ros2/hk_camera_ws/install/hk_camera_ws/share/hk_camera_ws/environment/path.sh
[19.797s] -- Up-to-date: /home/byd/src/ros2/hk_camera_ws/install/hk_camera_ws/share/hk_camera_ws/environment/path.dsv
[19.797s] -- Up-to-date: /home/byd/src/ros2/hk_camera_ws/install/hk_camera_ws/share/hk_camera_ws/local_setup.bash
[19.797s] -- Up-to-date: /home/byd/src/ros2/hk_camera_ws/install/hk_camera_ws/share/hk_camera_ws/local_setup.sh
[19.797s] -- Up-to-date: /home/byd/src/ros2/hk_camera_ws/install/hk_camera_ws/share/hk_camera_ws/local_setup.zsh
[19.797s] -- Up-to-date: /home/byd/src/ros2/hk_camera_ws/install/hk_camera_ws/share/hk_camera_ws/local_setup.dsv
[19.798s] -- Installing: /home/byd/src/ros2/hk_camera_ws/install/hk_camera_ws/share/hk_camera_ws/package.dsv
[19.798s] -- Up-to-date: /home/byd/src/ros2/hk_camera_ws/install/hk_camera_ws/share/ament_index/resource_index/packages/hk_camera_ws
[19.798s] -- Up-to-date: /home/byd/src/ros2/hk_camera_ws/install/hk_camera_ws/share/hk_camera_ws/cmake/hk_camera_wsConfig.cmake
[19.798s] -- Up-to-date: /home/byd/src/ros2/hk_camera_ws/install/hk_camera_ws/share/hk_camera_ws/cmake/hk_camera_wsConfig-version.cmake
[19.798s] -- Up-to-date: /home/byd/src/ros2/hk_camera_ws/install/hk_camera_ws/share/hk_camera_ws/package.xml
[19.801s] Invoked command in '/home/byd/src/ros2/hk_camera_ws/build/hk_camera_ws' returned '0': CMAKE_PREFIX_PATH=${CMAKE_PREFIX_PATH}:/opt/ros/humble /usr/bin/cmake --install /home/byd/src/ros2/hk_camera_ws/build/hk_camera_ws
