[0.021s] Invoking command in '/home/byd/src/ros2/hk_camera_ws/build/hk_camera_ws': CMAKE_PREFIX_PATH=${CMAKE_PREFIX_PATH}:/opt/ros/humble /usr/bin/cmake --build /home/byd/src/ros2/hk_camera_ws/build/hk_camera_ws -- -j8 -l8
[0.070s] -- Found ament_cmake: 1.3.10 (/opt/ros/humble/share/ament_cmake/cmake)
[0.328s] -- Found rclcpp: 16.0.10 (/opt/ros/humble/share/rclcpp/cmake)
[0.394s] -- Found rosidl_generator_c: 3.1.5 (/opt/ros/humble/share/rosidl_generator_c/cmake)
[0.398s] -- Found rosidl_adapter: 3.1.5 (/opt/ros/humble/share/rosidl_adapter/cmake)
[0.408s] -- Found rosidl_generator_cpp: 3.1.5 (/opt/ros/humble/share/rosidl_generator_cpp/cmake)
[0.424s] -- Using all available rosidl_typesupport_c: rosidl_typesupport_fastrtps_c;rosidl_typesupport_introspection_c
[0.445s] -- Using all available rosidl_typesupport_cpp: rosidl_typesupport_fastrtps_cpp;rosidl_typesupport_introspection_cpp
[0.500s] -- Found rmw_implementation_cmake: 6.1.2 (/opt/ros/humble/share/rmw_implementation_cmake/cmake)
[0.502s] -- Found rmw_fastrtps_cpp: 6.2.7 (/opt/ros/humble/share/rmw_fastrtps_cpp/cmake)
[0.685s] -- Using RMW implementation 'rmw_fastrtps_cpp' as default
[0.770s] -- Found sensor_msgs: 4.2.4 (/opt/ros/humble/share/sensor_msgs/cmake)
[0.830s] -- Found ament_lint_auto: 0.12.11 (/opt/ros/humble/share/ament_lint_auto/cmake)
[0.976s] -- Added test 'cppcheck' to perform static code analysis on C / C++ code
[0.977s] -- Configured cppcheck include dirs: $<BUILD_INTERFACE:/home/byd/src/ros2/hk_camera_ws/include>
[0.977s] -- Configured cppcheck exclude dirs and/or files: 
[0.979s] -- Added test 'flake8' to check Python code syntax and style conventions
[0.983s] -- Added test 'lint_cmake' to check CMake code style
[0.986s] -- Added test 'pep257' to check Python code against some of the docstring style conventions in PEP 257
[1.003s] -- Added test 'uncrustify' to check C / C++ code style
[1.003s] -- Configured uncrustify additional arguments: 
[1.005s] -- Added test 'xmllint' to check XML markup files
[1.007s] -- Configuring done
[1.032s] -- Generating done
[1.035s] -- Build files have been written to: /home/byd/src/ros2/hk_camera_ws/build/hk_camera_ws
[1.091s] [35m[1mConsolidate compiler generated dependencies of target camera[0m
[1.128s] [ 50%] [32mBuilding CXX object CMakeFiles/camera.dir/src/camera.cpp.o[0m
[1.503s] [01m[K/home/byd/src/ros2/hk_camera_ws/src/camera.cpp:12:10:[m[K [01;31m[Kfatal error: [m[Ksensor_msgs/msg/image.hpp: 没有那个文件或目录
[1.504s]    12 | #include [01;31m[K"sensor_msgs/msg/image.hpp"[m[K
[1.504s]       |          [01;31m[K^~~~~~~~~~~~~~~~~~~~~~~~~~~[m[K
[1.504s] compilation terminated.
[1.511s] gmake[2]: *** [CMakeFiles/camera.dir/build.make:76：CMakeFiles/camera.dir/src/camera.cpp.o] 错误 1
[1.512s] gmake[1]: *** [CMakeFiles/Makefile2:137：CMakeFiles/camera.dir/all] 错误 2
[1.513s] gmake: *** [Makefile:146：all] 错误 2
[1.518s] Invoked command in '/home/byd/src/ros2/hk_camera_ws/build/hk_camera_ws' returned '2': CMAKE_PREFIX_PATH=${CMAKE_PREFIX_PATH}:/opt/ros/humble /usr/bin/cmake --build /home/byd/src/ros2/hk_camera_ws/build/hk_camera_ws -- -j8 -l8
