-- Found ament_cmake: 1.3.10 (/opt/ros/humble/share/ament_cmake/cmake)
-- Found rclcpp: 16.0.10 (/opt/ros/humble/share/rclcpp/cmake)
-- Found rosidl_generator_c: 3.1.5 (/opt/ros/humble/share/rosidl_generator_c/cmake)
-- Found rosidl_adapter: 3.1.5 (/opt/ros/humble/share/rosidl_adapter/cmake)
-- Found rosidl_generator_cpp: 3.1.5 (/opt/ros/humble/share/rosidl_generator_cpp/cmake)
-- Using all available rosidl_typesupport_c: rosidl_typesupport_fastrtps_c;rosidl_typesupport_introspection_c
-- Using all available rosidl_typesupport_cpp: rosidl_typesupport_fastrtps_cpp;rosidl_typesupport_introspection_cpp
-- Found rmw_implementation_cmake: 6.1.2 (/opt/ros/humble/share/rmw_implementation_cmake/cmake)
-- Found rmw_fastrtps_cpp: 6.2.7 (/opt/ros/humble/share/rmw_fastrtps_cpp/cmake)
-- Using RMW implementation 'rmw_fastrtps_cpp' as default
-- Found ament_lint_auto: 0.12.11 (/opt/ros/humble/share/ament_lint_auto/cmake)
-- Added test 'cppcheck' to perform static code analysis on C / C++ code
-- Configured cppcheck include dirs: $<BUILD_INTERFACE:/home/byd/src/ros2/topic_ws/include>
-- Configured cppcheck exclude dirs and/or files: 
-- Added test 'flake8' to check Python code syntax and style conventions
-- Added test 'lint_cmake' to check CMake code style
-- Added test 'pep257' to check Python code against some of the docstring style conventions in PEP 257
-- Added test 'uncrustify' to check C / C++ code style
-- Configured uncrustify additional arguments: 
-- Added test 'xmllint' to check XML markup files
-- Configuring done
-- Generating done
-- Build files have been written to: /home/byd/src/ros2/topic_ws/build/topic_ws
[35m[1mConsolidate compiler generated dependencies of target publisher[0m
[ 25%] [32mBuilding CXX object CMakeFiles/subscriber.dir/src/subscriber.cpp.o[0m
[ 50%] [32mBuilding CXX object CMakeFiles/publisher.dir/src/publisher.cpp.o[0m
[ 75%] [32m[1mLinking CXX executable publisher[0m
[ 75%] Built target publisher
[100%] [32m[1mLinking CXX executable subscriber[0m
[100%] Built target subscriber
-- Install configuration: ""
-- Installing: /home/byd/src/ros2/topic_ws/install/topic_ws/lib/topic_ws/publisher
-- Set runtime path of "/home/byd/src/ros2/topic_ws/install/topic_ws/lib/topic_ws/publisher" to ""
-- Installing: /home/byd/src/ros2/topic_ws/install/topic_ws/lib/topic_ws/subscriber
-- Set runtime path of "/home/byd/src/ros2/topic_ws/install/topic_ws/lib/topic_ws/subscriber" to ""
-- Up-to-date: /home/byd/src/ros2/topic_ws/install/topic_ws/share/ament_index/resource_index/package_run_dependencies/topic_ws
-- Installing: /home/byd/src/ros2/topic_ws/install/topic_ws/share/ament_index/resource_index/parent_prefix_path/topic_ws
-- Up-to-date: /home/byd/src/ros2/topic_ws/install/topic_ws/share/topic_ws/environment/ament_prefix_path.sh
-- Installing: /home/byd/src/ros2/topic_ws/install/topic_ws/share/topic_ws/environment/ament_prefix_path.dsv
-- Up-to-date: /home/byd/src/ros2/topic_ws/install/topic_ws/share/topic_ws/environment/path.sh
-- Installing: /home/byd/src/ros2/topic_ws/install/topic_ws/share/topic_ws/environment/path.dsv
-- Up-to-date: /home/byd/src/ros2/topic_ws/install/topic_ws/share/topic_ws/local_setup.bash
-- Up-to-date: /home/byd/src/ros2/topic_ws/install/topic_ws/share/topic_ws/local_setup.sh
-- Up-to-date: /home/byd/src/ros2/topic_ws/install/topic_ws/share/topic_ws/local_setup.zsh
-- Installing: /home/byd/src/ros2/topic_ws/install/topic_ws/share/topic_ws/local_setup.dsv
-- Installing: /home/byd/src/ros2/topic_ws/install/topic_ws/share/topic_ws/package.dsv
-- Up-to-date: /home/byd/src/ros2/topic_ws/install/topic_ws/share/ament_index/resource_index/packages/topic_ws
-- Up-to-date: /home/byd/src/ros2/topic_ws/install/topic_ws/share/topic_ws/cmake/topic_wsConfig.cmake
-- Up-to-date: /home/byd/src/ros2/topic_ws/install/topic_ws/share/topic_ws/cmake/topic_wsConfig-version.cmake
-- Up-to-date: /home/byd/src/ros2/topic_ws/install/topic_ws/share/topic_ws/package.xml
