[0.022s] Invoking command in '/home/byd/src/ros2/topic_ws/build/topic_ws': CMAKE_PREFIX_PATH=${CMAKE_PREFIX_PATH}:/opt/ros/humble /usr/bin/cmake --build /home/byd/src/ros2/topic_ws/build/topic_ws -- -j8 -l8
[0.075s] -- Found ament_cmake: 1.3.10 (/opt/ros/humble/share/ament_cmake/cmake)
[0.302s] -- Found rclcpp: 16.0.10 (/opt/ros/humble/share/rclcpp/cmake)
[0.353s] -- Found rosidl_generator_c: 3.1.5 (/opt/ros/humble/share/rosidl_generator_c/cmake)
[0.357s] -- Found rosidl_adapter: 3.1.5 (/opt/ros/humble/share/rosidl_adapter/cmake)
[0.366s] -- Found rosidl_generator_cpp: 3.1.5 (/opt/ros/humble/share/rosidl_generator_cpp/cmake)
[0.381s] -- Using all available rosidl_typesupport_c: rosidl_typesupport_fastrtps_c;rosidl_typesupport_introspection_c
[0.401s] -- Using all available rosidl_typesupport_cpp: rosidl_typesupport_fastrtps_cpp;rosidl_typesupport_introspection_cpp
[0.454s] -- Found rmw_implementation_cmake: 6.1.2 (/opt/ros/humble/share/rmw_implementation_cmake/cmake)
[0.456s] -- Found rmw_fastrtps_cpp: 6.2.7 (/opt/ros/humble/share/rmw_fastrtps_cpp/cmake)
[0.635s] -- Using RMW implementation 'rmw_fastrtps_cpp' as default
[0.719s] -- Found ament_lint_auto: 0.12.11 (/opt/ros/humble/share/ament_lint_auto/cmake)
[0.889s] -- Added test 'cppcheck' to perform static code analysis on C / C++ code
[0.890s] -- Configured cppcheck include dirs: $<BUILD_INTERFACE:/home/byd/src/ros2/topic_ws/include>
[0.890s] -- Configured cppcheck exclude dirs and/or files: 
[0.893s] -- Added test 'flake8' to check Python code syntax and style conventions
[0.900s] -- Added test 'lint_cmake' to check CMake code style
[0.904s] -- Added test 'pep257' to check Python code against some of the docstring style conventions in PEP 257
[0.929s] -- Added test 'uncrustify' to check C / C++ code style
[0.929s] -- Configured uncrustify additional arguments: 
[0.932s] -- Added test 'xmllint' to check XML markup files
[0.934s] -- Configuring done
[0.961s] -- Generating done
[0.965s] -- Build files have been written to: /home/byd/src/ros2/topic_ws/build/topic_ws
[1.031s] [35m[1mConsolidate compiler generated dependencies of target publisher[0m
[1.051s] [ 25%] [32mBuilding CXX object CMakeFiles/subscriber.dir/src/subscriber.cpp.o[0m
[1.070s] [ 50%] [32mBuilding CXX object CMakeFiles/publisher.dir/src/publisher.cpp.o[0m
[10.530s] [ 75%] [32m[1mLinking CXX executable publisher[0m
[10.993s] [ 75%] Built target publisher
[20.317s] [100%] [32m[1mLinking CXX executable subscriber[0m
[21.214s] [100%] Built target subscriber
[21.242s] Invoked command in '/home/byd/src/ros2/topic_ws/build/topic_ws' returned '0': CMAKE_PREFIX_PATH=${CMAKE_PREFIX_PATH}:/opt/ros/humble /usr/bin/cmake --build /home/byd/src/ros2/topic_ws/build/topic_ws -- -j8 -l8
[21.306s] Invoking command in '/home/byd/src/ros2/topic_ws/build/topic_ws': CMAKE_PREFIX_PATH=${CMAKE_PREFIX_PATH}:/opt/ros/humble /usr/bin/cmake --install /home/byd/src/ros2/topic_ws/build/topic_ws
[21.320s] -- Install configuration: ""
[21.320s] -- Installing: /home/byd/src/ros2/topic_ws/install/topic_ws/lib/topic_ws/publisher
[21.323s] -- Set runtime path of "/home/byd/src/ros2/topic_ws/install/topic_ws/lib/topic_ws/publisher" to ""
[21.323s] -- Installing: /home/byd/src/ros2/topic_ws/install/topic_ws/lib/topic_ws/subscriber
[21.332s] -- Set runtime path of "/home/byd/src/ros2/topic_ws/install/topic_ws/lib/topic_ws/subscriber" to ""
[21.332s] -- Up-to-date: /home/byd/src/ros2/topic_ws/install/topic_ws/share/ament_index/resource_index/package_run_dependencies/topic_ws
[21.332s] -- Installing: /home/byd/src/ros2/topic_ws/install/topic_ws/share/ament_index/resource_index/parent_prefix_path/topic_ws
[21.332s] -- Up-to-date: /home/byd/src/ros2/topic_ws/install/topic_ws/share/topic_ws/environment/ament_prefix_path.sh
[21.333s] -- Installing: /home/byd/src/ros2/topic_ws/install/topic_ws/share/topic_ws/environment/ament_prefix_path.dsv
[21.333s] -- Up-to-date: /home/byd/src/ros2/topic_ws/install/topic_ws/share/topic_ws/environment/path.sh
[21.333s] -- Installing: /home/byd/src/ros2/topic_ws/install/topic_ws/share/topic_ws/environment/path.dsv
[21.333s] -- Up-to-date: /home/byd/src/ros2/topic_ws/install/topic_ws/share/topic_ws/local_setup.bash
[21.333s] -- Up-to-date: /home/byd/src/ros2/topic_ws/install/topic_ws/share/topic_ws/local_setup.sh
[21.333s] -- Up-to-date: /home/byd/src/ros2/topic_ws/install/topic_ws/share/topic_ws/local_setup.zsh
[21.334s] -- Installing: /home/byd/src/ros2/topic_ws/install/topic_ws/share/topic_ws/local_setup.dsv
[21.334s] -- Installing: /home/byd/src/ros2/topic_ws/install/topic_ws/share/topic_ws/package.dsv
[21.334s] -- Up-to-date: /home/byd/src/ros2/topic_ws/install/topic_ws/share/ament_index/resource_index/packages/topic_ws
[21.334s] -- Up-to-date: /home/byd/src/ros2/topic_ws/install/topic_ws/share/topic_ws/cmake/topic_wsConfig.cmake
[21.334s] -- Up-to-date: /home/byd/src/ros2/topic_ws/install/topic_ws/share/topic_ws/cmake/topic_wsConfig-version.cmake
[21.334s] -- Up-to-date: /home/byd/src/ros2/topic_ws/install/topic_ws/share/topic_ws/package.xml
[21.346s] Invoked command in '/home/byd/src/ros2/topic_ws/build/topic_ws' returned '0': CMAKE_PREFIX_PATH=${CMAKE_PREFIX_PATH}:/opt/ros/humble /usr/bin/cmake --install /home/byd/src/ros2/topic_ws/build/topic_ws
