[0.005s] Invoking command in '/home/hawrk/Documents/GitHub/hawrk/ros2/dros_common_interfaces/build/dros_common_interfaces': /usr/bin/cmake /home/hawrk/Documents/GitHub/hawrk/ros2/dros_common_interfaces -DCMAKE_INSTALL_PREFIX=/home/hawrk/Documents/GitHub/hawrk/ros2/dros_common_interfaces/install/dros_common_interfaces
[0.052s] -- The C compiler identification is GNU 11.4.0
[0.085s] -- The CXX compiler identification is GNU 11.4.0
[0.090s] -- Detecting C compiler ABI info
[0.129s] -- Detecting C compiler ABI info - done
[0.133s] -- Check for working C compiler: /usr/bin/cc - skipped
[0.133s] -- Detecting C compile features
[0.133s] -- Detecting C compile features - done
[0.135s] -- Detecting CXX compiler ABI info
[0.187s] -- Detecting CXX compiler ABI info - done
[0.191s] -- Check for working CXX compiler: /usr/bin/c++ - skipped
[0.191s] -- Detecting CXX compile features
[0.192s] -- Detecting CXX compile features - done
[0.196s] [31mCMake Error at CMakeLists.txt:11 (find_package):
[0.196s]   By not providing "Findament_cmake.cmake" in CMAKE_MODULE_PATH this project
[0.196s]   has asked CMake to find a package configuration file provided by
[0.197s]   "ament_cmake", but CMake did not find one.
[0.197s] 
[0.197s]   Could not find a package configuration file provided by "ament_cmake" with
[0.197s]   any of the following names:
[0.197s] 
[0.197s]     ament_cmakeConfig.cmake
[0.197s]     ament_cmake-config.cmake
[0.197s] 
[0.197s]   Add the installation prefix of "ament_cmake" to CMAKE_PREFIX_PATH or set
[0.197s]   "ament_cmake_DIR" to a directory containing one of the above files.  If
[0.197s]   "ament_cmake" provides a separate development package or SDK, be sure it
[0.197s]   has been installed.
[0.197s] 
[0.197s] [0m
[0.197s] -- Configuring incomplete, errors occurred!
[0.197s] See also "/home/hawrk/Documents/GitHub/hawrk/ros2/dros_common_interfaces/build/dros_common_interfaces/CMakeFiles/CMakeOutput.log".
[0.199s] Invoked command in '/home/hawrk/Documents/GitHub/hawrk/ros2/dros_common_interfaces/build/dros_common_interfaces' returned '1': /usr/bin/cmake /home/hawrk/Documents/GitHub/hawrk/ros2/dros_common_interfaces -DCMAKE_INSTALL_PREFIX=/home/hawrk/Documents/GitHub/hawrk/ros2/dros_common_interfaces/install/dros_common_interfaces
