[0.016s] Invoking command in '/home/byd/github/ros/hawrk/ros2/param_ws/build/param_ws': /usr/bin/cmake /home/byd/github/ros/hawrk/ros2/param_ws -DCMAKE_INSTALL_PREFIX=/home/byd/github/ros/hawrk/ros2/param_ws/install/param_ws
[0.154s] -- The C compiler identification is GNU 11.4.0
[0.281s] -- The CXX compiler identification is GNU 11.4.0
[0.298s] -- Detecting C compiler ABI info
[0.448s] -- Detecting C compiler ABI info - done
[0.476s] -- Check for working C compiler: /usr/bin/cc - skipped
[0.476s] -- Detecting C compile features
[0.477s] -- Detecting C compile features - done
[0.486s] -- Detecting CXX compiler ABI info
[0.643s] -- Detecting CXX compiler ABI info - done
[0.659s] -- Check for working CXX compiler: /usr/bin/c++ - skipped
[0.659s] -- Detecting CXX compile features
[0.660s] -- Detecting CXX compile features - done
[0.681s] [31mCMake Error at CMakeLists.txt:9 (find_package):
[0.681s]   By not providing "Findament_cmake.cmake" in CMAKE_MODULE_PATH this project
[0.681s]   has asked CMake to find a package configuration file provided by
[0.681s]   "ament_cmake", but CMake did not find one.
[0.681s] 
[0.681s]   Could not find a package configuration file provided by "ament_cmake" with
[0.681s]   any of the following names:
[0.681s] 
[0.682s]     ament_cmakeConfig.cmake
[0.682s]     ament_cmake-config.cmake
[0.682s] 
[0.682s]   Add the installation prefix of "ament_cmake" to CMAKE_PREFIX_PATH or set
[0.682s]   "ament_cmake_DIR" to a directory containing one of the above files.  If
[0.682s]   "ament_cmake" provides a separate development package or SDK, be sure it
[0.682s]   has been installed.
[0.682s] 
[0.682s] [0m
[0.682s] -- Configuring incomplete, errors occurred!
[0.683s] See also "/home/byd/github/ros/hawrk/ros2/param_ws/build/param_ws/CMakeFiles/CMakeOutput.log".
[0.691s] Invoked command in '/home/byd/github/ros/hawrk/ros2/param_ws/build/param_ws' returned '1': /usr/bin/cmake /home/byd/github/ros/hawrk/ros2/param_ws -DCMAKE_INSTALL_PREFIX=/home/byd/github/ros/hawrk/ros2/param_ws/install/param_ws
